======================================================================
  HMOA EXPERIMENT — pop=200, iter=500, kmax=5, drones=3, wbl=0.2
  Workers: 20  |  Pending: 20
  Started: 2026-07-07 13:30:55
======================================================================
  [n40w80_001] n40w80_001 HMOA 1/15: PF=500, cost=[6192,6683], sat=[1.0,8.0], 54s
  [n40w80_003] n40w80_003 HMOA 1/15: PF=500, cost=[4694,5594], sat=[0.0,1.0], 55s
  [n20w80_003] n20w80_003 HMOA 1/15: PF=500, cost=[3838,6994], sat=[1.1,8.0], 63s
  [n20w80_001] n20w80_001 HMOA 1/15: PF=500, cost=[3948,6308], sat=[2.0,12.2], 63s
  [n20w80_002] n20w80_002 HMOA 1/15: PF=500, cost=[3393,8734], sat=[5.0,9.4], 80s
  [n40w80_003] n40w80_003 HMOA 2/15: PF=303, cost=[4793,4793], sat=[1.0,1.0], 26s
  [n40w80_005] n40w80_005 HMOA 1/15: PF=500, cost=[5423,8036], sat=[12.0,25.0], 85s
  [n40w80_004] n40w80_004 HMOA 1/15: PF=500, cost=[4853,7708], sat=[2.0,6.8], 89s
  [n20w80_005] n20w80_005 HMOA 1/15: PF=500, cost=[3931,6313], sat=[1.0,16.0], 90s
  [n60w80_001] n60w80_001 HMOA 1/15: PF=500, cost=[6336,7741], sat=[8.0,15.0], 101s
  [n20w80_004] n20w80_004 HMOA 1/15: PF=500, cost=[3719,9145], sat=[6.9,13.6], 102s
  [n60w80_002] n60w80_002 HMOA 1/15: PF=500, cost=[6108,8255], sat=[2.6,7.8], 107s
  [n40w80_002] n40w80_002 HMOA 1/15: PF=500, cost=[5477,10168], sat=[1.0,16.0], 110s
  [n20w80_001] n20w80_001 HMOA 2/15: PF=500, cost=[4139,6875], sat=[6.0,13.0], 48s
  [n20w80_003] n20w80_003 HMOA 2/15: PF=500, cost=[4247,7062], sat=[6.0,9.0], 54s
  [n40w80_003] n40w80_003 HMOA 3/15: PF=500, cost=[5057,5670], sat=[0.0,1.0], 43s
  [n20w80_002] n20w80_002 HMOA 2/15: PF=500, cost=[3465,6025], sat=[4.3,9.0], 69s
  [n60w80_003] n60w80_003 HMOA 1/15: PF=500, cost=[6604,11962], sat=[2.0,17.0], 152s
  [n40w80_001] n40w80_001 HMOA 2/15: PF=500, cost=[6673,10351], sat=[1.0,9.0], 102s
  [n40w80_003] n40w80_003 HMOA 4/15: PF=311, cost=[5106,5106], sat=[0.0,0.0], 39s
  [n60w80_004] n60w80_004 HMOA 1/15: PF=500, cost=[6715,11375], sat=[6.9,18.0], 177s
  [n20w80_003] n20w80_003 HMOA 3/15: PF=500, cost=[4258,7930], sat=[2.0,11.0], 62s
  [n20w80_004] n20w80_004 HMOA 2/15: PF=500, cost=[3729,8259], sat=[7.3,13.2], 87s
  [n40w80_005] n40w80_005 HMOA 2/15: PF=500, cost=[5482,8851], sat=[10.9,18.3], 104s
  [n80w80_002] n80w80_002 HMOA 1/15: PF=500, cost=[8106,11542], sat=[10.1,21.9], 190s
  [n40w80_004] n40w80_004 HMOA 2/15: PF=500, cost=[4896,7059], sat=[0.8,5.0], 103s
  [n20w80_001] n20w80_001 HMOA 3/15: PF=500, cost=[3948,7296], sat=[2.0,13.0], 83s
  [n40w80_002] n40w80_002 HMOA 2/15: PF=500, cost=[4142,8858], sat=[10.0,14.3], 92s
  [n40w80_003] n40w80_003 HMOA 5/15: PF=500, cost=[4682,4771], sat=[0.0,1.0], 43s
  [n60w80_001] n60w80_001 HMOA 2/15: PF=500, cost=[6267,10245], sat=[11.1,16.0], 129s
  [n20w80_005] n20w80_005 HMOA 2/15: PF=500, cost=[3885,8118], sat=[1.0,15.7], 140s
  [n20w80_002] n20w80_002 HMOA 3/15: PF=500, cost=[3441,5381], sat=[4.3,8.6], 85s
  [n40w80_001] n40w80_001 HMOA 3/15: PF=500, cost=[6647,8729], sat=[7.0,10.0], 80s
  [n80w80_004] n80w80_004 HMOA 1/15: PF=500, cost=[5376,9397], sat=[10.0,40.8], 236s
  [n60w80_002] n60w80_002 HMOA 2/15: PF=500, cost=[6134,7722], sat=[2.6,6.9], 145s
  [n80w80_001] n80w80_001 HMOA 1/15: PF=500, cost=[7208,14001], sat=[4.0,12.6], 256s
  [n40w80_004] n40w80_004 HMOA 3/15: PF=500, cost=[4877,6669], sat=[2.0,6.0], 65s
  [n40w80_003] n40w80_003 HMOA 6/15: PF=500, cost=[4944,5848], sat=[0.0,1.0], 55s
  [n20w80_003] n20w80_003 HMOA 4/15: PF=500, cost=[4239,8825], sat=[2.0,11.0], 87s
  [n20w80_001] n20w80_001 HMOA 4/15: PF=500, cost=[4131,7815], sat=[6.0,14.9], 74s
  [n80w80_005] n80w80_005 HMOA 1/15: PF=500, cost=[7722,12779], sat=[11.0,25.7], 268s
  [n60w80_005] n60w80_005 HMOA 1/15: PF=500, cost=[6486,15526], sat=[3.2,20.8], 269s
  [n20w80_004] n20w80_004 HMOA 3/15: PF=500, cost=[3798,7893], sat=[7.1,13.0], 96s
  [n40w80_001] n40w80_001 HMOA 4/15: PF=500, cost=[6444,6519], sat=[6.0,8.0], 52s
  [n40w80_005] n40w80_005 HMOA 3/15: PF=500, cost=[5422,6677], sat=[7.4,18.0], 103s
  [n20w80_005] n20w80_005 HMOA 3/15: PF=500, cost=[3940,6122], sat=[1.0,15.0], 79s
  [n20w80_002] n20w80_002 HMOA 4/15: PF=500, cost=[3441,7240], sat=[5.3,10.9], 76s
  [n80w80_003] n80w80_003 HMOA 1/15: PF=500, cost=[7447,14699], sat=[10.0,24.6], 313s
  [n40w80_003] n40w80_003 HMOA 7/15: PF=500, cost=[4742,6006], sat=[0.0,1.0], 56s
  [n40w80_004] n40w80_004 HMOA 4/15: PF=500, cost=[4684,6897], sat=[0.0,5.0], 71s
  [n20w80_001] n20w80_001 HMOA 5/15: PF=500, cost=[4150,5519], sat=[6.0,14.1], 63s
  [n60w80_004] n60w80_004 HMOA 2/15: PF=500, cost=[7146,13173], sat=[2.0,13.7], 157s
  [n20w80_003] n20w80_003 HMOA 5/15: PF=500, cost=[4079,7081], sat=[6.0,7.0], 77s
  [n40w80_003] n40w80_003 HMOA 8/15: PF=339, cost=[4670,4670], sat=[0.0,0.0], 28s
  [n80w80_002] n80w80_002 HMOA 2/15: PF=500, cost=[8014,12513], sat=[1.0,22.6], 157s
  [n60w80_002] n60w80_002 HMOA 3/15: PF=500, cost=[6293,7907], sat=[4.6,8.0], 96s
  [n60w80_003] n60w80_003 HMOA 2/15: PF=500, cost=[6402,11090], sat=[1.0,22.4], 197s
  [n60w80_001] n60w80_001 HMOA 3/15: PF=500, cost=[6427,9947], sat=[12.4,18.0], 121s
  [n40w80_001] n40w80_001 HMOA 5/15: PF=500, cost=[6643,7105], sat=[7.0,7.8], 66s
  [n40w80_002] n40w80_002 HMOA 3/15: PF=500, cost=[5421,7293], sat=[7.0,13.9], 151s
  [n80w80_004] n80w80_004 HMOA 2/15: PF=500, cost=[6287,12067], sat=[30.6,33.9], 117s
  [n20w80_004] n20w80_004 HMOA 4/15: PF=500, cost=[3798,5998], sat=[7.1,12.2], 84s
  [n40w80_004] n40w80_004 HMOA 5/15: PF=500, cost=[4765,5176], sat=[2.0,9.0], 52s
  [n40w80_003] n40w80_003 HMOA 9/15: PF=500, cost=[4627,5205], sat=[0.0,1.0], 39s
  [n20w80_002] n20w80_002 HMOA 5/15: PF=500, cost=[3484,8783], sat=[4.0,8.9], 85s
  [n20w80_005] n20w80_005 HMOA 4/15: PF=500, cost=[3887,7095], sat=[1.0,15.0], 94s
  [n40w80_003] n40w80_003 HMOA 10/15: PF=359, cost=[4663,4663], sat=[0.0,0.0], 26s
  [n20w80_003] n20w80_003 HMOA 6/15: PF=500, cost=[4239,5616], sat=[2.0,8.0], 73s
  [n20w80_001] n20w80_001 HMOA 6/15: PF=500, cost=[4143,7423], sat=[6.0,13.0], 87s
  [n40w80_005] n40w80_005 HMOA 4/15: PF=500, cost=[5391,7389], sat=[8.4,18.0], 142s
  [n80w80_001] n80w80_001 HMOA 2/15: PF=500, cost=[7625,12600], sat=[4.0,13.3], 182s
  [n40w80_003] n40w80_003 HMOA 11/15: PF=263, cost=[4685,4828], sat=[0.0,1.0], 29s
  [n80w80_003] n80w80_003 HMOA 2/15: PF=500, cost=[7070,9300], sat=[10.0,17.7], 130s
  [n40w80_001] n40w80_001 HMOA 6/15: PF=500, cost=[5981,8007], sat=[2.0,9.0], 91s
  [n40w80_002] n40w80_002 HMOA 4/15: PF=500, cost=[4364,8706], sat=[9.0,15.0], 95s
  [n60w80_004] n60w80_004 HMOA 3/15: PF=500, cost=[6946,7737], sat=[1.6,16.9], 117s
  [n60w80_005] n60w80_005 HMOA 2/15: PF=500, cost=[6133,10673], sat=[6.0,18.0], 184s
  [n40w80_004] n40w80_004 HMOA 6/15: PF=500, cost=[5036,5909], sat=[1.0,4.0], 75s
  [n60w80_002] n60w80_002 HMOA 4/15: PF=500, cost=[6366,8601], sat=[2.6,7.0], 118s
  [n40w80_003] n40w80_003 HMOA 12/15: PF=284, cost=[4740,4740], sat=[0.0,0.0], 27s
  [n80w80_005] n80w80_005 HMOA 2/15: PF=500, cost=[7555,9145], sat=[6.3,26.5], 201s
  [n20w80_004] n20w80_004 HMOA 5/15: PF=500, cost=[3734,7963], sat=[7.3,13.4], 106s
  [n20w80_002] n20w80_002 HMOA 6/15: PF=500, cost=[3468,10109], sat=[4.0,8.6], 80s
  [n20w80_003] n20w80_003 HMOA 7/15: PF=500, cost=[4266,7117], sat=[6.0,9.0], 70s
  [n20w80_005] n20w80_005 HMOA 5/15: PF=500, cost=[3909,6276], sat=[1.0,12.6], 86s
  [n20w80_001] n20w80_001 HMOA 7/15: PF=500, cost=[4143,10381], sat=[6.0,10.9], 82s
  [n40w80_001] n40w80_001 HMOA 7/15: PF=500, cost=[6601,8869], sat=[7.0,9.0], 65s
  [n80w80_002] n80w80_002 HMOA 3/15: PF=500, cost=[8492,17039], sat=[12.0,25.3], 164s
  [n40w80_005] n40w80_005 HMOA 5/15: PF=500, cost=[5503,8495], sat=[15.0,18.4], 92s
  [n60w80_001] n60w80_001 HMOA 4/15: PF=500, cost=[6164,10055], sat=[6.0,17.4], 175s
  [n40w80_003] n40w80_003 HMOA 13/15: PF=500, cost=[4722,6831], sat=[0.0,1.0], 64s
  [n40w80_004] n40w80_004 HMOA 7/15: PF=500, cost=[5164,6938], sat=[1.0,5.0], 84s
  [n40w80_002] n40w80_002 HMOA 5/15: PF=500, cost=[4333,8457], sat=[8.0,13.0], 105s
  [n60w80_003] n60w80_003 HMOA 3/15: PF=500, cost=[6514,10394], sat=[0.0,18.1], 214s
  [n20w80_005] n20w80_005 HMOA 6/15: PF=500, cost=[3909,6912], sat=[1.0,16.5], 74s
  [n20w80_003] n20w80_003 HMOA 8/15: PF=500, cost=[4556,7029], sat=[4.0,9.0], 87s
  [n20w80_002] n20w80_002 HMOA 7/15: PF=500, cost=[3407,7531], sat=[2.3,9.8], 97s
  [n40w80_001] n40w80_001 HMOA 8/15: PF=500, cost=[6790,8990], sat=[8.0,11.0], 71s
  [n20w80_004] n20w80_004 HMOA 6/15: PF=500, cost=[3798,8409], sat=[7.1,14.0], 109s
  [n60w80_004] n60w80_004 HMOA 4/15: PF=500, cost=[7123,8764], sat=[9.5,20.8], 136s
  [n80w80_004] n80w80_004 HMOA 3/15: PF=500, cost=[7194,12256], sat=[8.0,34.2], 234s
  [n20w80_001] n20w80_001 HMOA 8/15: PF=500, cost=[4131,7938], sat=[6.0,14.4], 89s
  [n80w80_005] n80w80_005 HMOA 3/15: PF=500, cost=[7283,8161], sat=[6.0,29.5], 132s
  [n40w80_003] n40w80_003 HMOA 14/15: PF=500, cost=[4714,6549], sat=[0.0,1.0], 75s
  [n40w80_004] n40w80_004 HMOA 8/15: PF=500, cost=[5179,7019], sat=[2.0,6.0], 78s
  [n40w80_001] n40w80_001 HMOA 9/15: PF=500, cost=[6391,7974], sat=[7.0,9.0], 40s
  [n40w80_005] n40w80_005 HMOA 6/15: PF=500, cost=[5365,5619], sat=[10.5,19.1], 97s
  [n60w80_002] n60w80_002 HMOA 5/15: PF=500, cost=[6237,7034], sat=[1.6,5.8], 168s
  [n40w80_002] n40w80_002 HMOA 6/15: PF=500, cost=[4388,8061], sat=[10.0,15.0], 82s
  [n80w80_001] n80w80_001 HMOA 3/15: PF=500, cost=[7326,10922], sat=[5.0,18.0], 200s
  [n20w80_003] n20w80_003 HMOA 9/15: PF=500, cost=[3838,8436], sat=[1.1,10.8], 71s
  [n20w80_001] n20w80_001 HMOA 9/15: PF=500, cost=[4150,6415], sat=[6.0,13.0], 66s
  [n40w80_003] n40w80_003 HMOA 15/15: PF=500, cost=[4842,6458], sat=[0.0,1.0], 51s
  [n80w80_003] n80w80_003 HMOA 3/15: PF=500, cost=[7696,14874], sat=[6.9,20.3], 213s
  [n20w80_002] n20w80_002 HMOA 8/15: PF=500, cost=[3511,10826], sat=[4.0,8.4], 85s
  [n40w80_001] n40w80_001 HMOA 10/15: PF=500, cost=[6466,8892], sat=[7.0,9.0], 53s
  [n60w80_005] n60w80_005 HMOA 3/15: PF=500, cost=[5984,12197], sat=[5.0,19.9], 224s
  [n20w80_004] n20w80_004 HMOA 7/15: PF=500, cost=[3707,5761], sat=[7.3,12.0], 96s
  [n20w80_003] n20w80_003 HMOA 10/15: PF=500, cost=[3838,4079], sat=[1.1,6.0], 40s
  [n40w80_003] n40w80_003 noLS 1/15: PF=429, cost=[5021,5021], sat=[0.0,0.0], 28s
  [n60w80_001] n60w80_001 HMOA 5/15: PF=500, cost=[6138,10298], sat=[8.0,15.6], 163s
  [n20w80_005] n20w80_005 HMOA 7/15: PF=500, cost=[3908,6888], sat=[1.0,16.5], 130s
  [n60w80_003] n60w80_003 HMOA 4/15: PF=500, cost=[6497,9997], sat=[0.0,15.0], 138s
  [n80w80_002] n80w80_002 HMOA 4/15: PF=500, cost=[7847,12102], sat=[8.5,27.5], 206s
  [n40w80_005] n40w80_005 HMOA 7/15: PF=500, cost=[5417,5883], sat=[16.8,19.0], 96s
  [n20w80_003] n20w80_003 HMOA 11/15: PF=500, cost=[4041,4049], sat=[5.1,7.0], 36s
  [n40w80_001] n40w80_001 HMOA 11/15: PF=500, cost=[6187,7764], sat=[8.0,11.2], 48s
  [n40w80_004] n40w80_004 HMOA 9/15: PF=500, cost=[4965,7322], sat=[1.0,4.6], 124s
  [n20w80_001] n20w80_001 HMOA 10/15: PF=500, cost=[3962,8248], sat=[2.0,12.0], 91s
  [n20w80_004] n20w80_004 HMOA 8/15: PF=500, cost=[3764,8358], sat=[7.1,16.0], 67s
  [n40w80_003] n40w80_003 noLS 2/15: PF=500, cost=[5068,5985], sat=[0.0,1.0], 63s
  [n20w80_002] n20w80_002 HMOA 9/15: PF=500, cost=[3471,9295], sat=[5.3,9.4], 93s
  [n60w80_004] n60w80_004 HMOA 5/15: PF=500, cost=[6849,8157], sat=[8.5,14.0], 171s
  [n40w80_001] n40w80_001 HMOA 12/15: PF=500, cost=[6605,7964], sat=[7.0,8.3], 40s
  [n80w80_004] n80w80_004 HMOA 4/15: PF=500, cost=[5240,9464], sat=[14.0,28.1], 188s
  [n80w80_005] n80w80_005 HMOA 4/15: PF=500, cost=[7581,14695], sat=[9.6,18.9], 177s
  [n40w80_002] n40w80_002 HMOA 7/15: PF=500, cost=[4638,9070], sat=[6.1,14.6], 144s
  [n20w80_003] n20w80_003 HMOA 12/15: PF=500, cost=[3838,6994], sat=[1.1,8.0], 62s
  [n80w80_001] n80w80_001 HMOA 4/15: PF=500, cost=[7649,10161], sat=[4.0,12.0], 147s
  [n20w80_005] n20w80_005 HMOA 8/15: PF=500, cost=[3908,7095], sat=[1.0,15.0], 96s
  [n40w80_003] n40w80_003 noLS 3/15: PF=500, cost=[5071,5649], sat=[0.0,1.0], 64s
  [n20w80_002] n20w80_002 HMOA 10/15: PF=500, cost=[3394,6072], sat=[5.3,10.0], 72s
  [n40w80_001] n40w80_001 HMOA 13/15: PF=500, cost=[6318,7899], sat=[7.0,9.0], 68s
  [n20w80_001] n20w80_001 HMOA 11/15: PF=500, cost=[4047,10355], sat=[2.5,16.0], 90s
  [n20w80_004] n20w80_004 HMOA 9/15: PF=500, cost=[3756,7543], sat=[7.3,12.8], 92s
  [n60w80_002] n60w80_002 HMOA 6/15: PF=500, cost=[6465,9234], sat=[4.6,7.7], 205s
  [n40w80_004] n40w80_004 HMOA 10/15: PF=500, cost=[5097,8053], sat=[1.6,4.6], 103s
  [n60w80_005] n60w80_005 HMOA 4/15: PF=500, cost=[6035,16533], sat=[5.0,17.8], 175s
  [n20w80_003] n20w80_003 HMOA 13/15: PF=500, cost=[4252,6137], sat=[3.0,7.0], 73s
  [n60w80_003] n60w80_003 HMOA 5/15: PF=500, cost=[7024,14480], sat=[10.0,19.0], 155s
  [n40w80_003] n40w80_003 noLS 4/15: PF=500, cost=[5097,5810], sat=[0.0,1.0], 52s
  [n40w80_002] n40w80_002 HMOA 8/15: PF=500, cost=[4468,7975], sat=[10.0,14.3], 85s
  [n40w80_005] n40w80_005 HMOA 8/15: PF=500, cost=[5447,9826], sat=[16.6,22.0], 157s
  [n60w80_001] n60w80_001 HMOA 6/15: PF=500, cost=[6267,14412], sat=[10.0,16.0], 192s
  [n20w80_002] n20w80_002 HMOA 11/15: PF=500, cost=[3482,6284], sat=[6.3,9.8], 66s
  [n20w80_005] n20w80_005 HMOA 9/15: PF=500, cost=[3931,6379], sat=[1.0,13.0], 101s
  [n80w80_003] n80w80_003 HMOA 4/15: PF=500, cost=[7240,15157], sat=[5.0,26.3], 249s
  [n20w80_003] n20w80_003 HMOA 14/15: PF=500, cost=[3838,4079], sat=[1.1,7.0], 59s
  [n20w80_004] n20w80_004 HMOA 10/15: PF=500, cost=[4281,5708], sat=[7.1,11.8], 82s
  [n40w80_003] n40w80_003 noLS 5/15: PF=500, cost=[5121,7762], sat=[0.0,1.0], 58s
  [n40w80_004] n40w80_004 HMOA 11/15: PF=500, cost=[5120,5582], sat=[1.0,6.0], 84s
  [n80w80_005] n80w80_005 HMOA 5/15: PF=500, cost=[7374,8774], sat=[8.0,24.4], 157s
  [n40w80_001] n40w80_001 HMOA 14/15: PF=500, cost=[6285,9196], sat=[2.0,8.6], 106s
  [n60w80_004] n60w80_004 HMOA 6/15: PF=500, cost=[7050,10856], sat=[1.6,18.1], 180s
  [n20w80_001] n20w80_001 HMOA 12/15: PF=500, cost=[3922,8726], sat=[1.0,14.4], 103s
  [n40w80_002] n40w80_002 HMOA 9/15: PF=500, cost=[5366,7907], sat=[9.1,15.3], 93s
  [n40w80_005] n40w80_005 HMOA 9/15: PF=500, cost=[5539,10926], sat=[15.0,20.0], 82s
  [n20w80_005] n20w80_005 HMOA 10/15: PF=500, cost=[3909,6162], sat=[1.0,17.0], 79s
  [n20w80_002] n20w80_002 HMOA 12/15: PF=500, cost=[3465,7927], sat=[4.3,8.8], 81s
  [n20w80_003] n20w80_003 HMOA 15/15: PF=500, cost=[3838,5827], sat=[1.1,8.0], 61s
  [n80w80_004] n80w80_004 HMOA 5/15: PF=500, cost=[7296,13288], sat=[15.0,28.0], 200s
  [n40w80_004] n40w80_004 HMOA 12/15: PF=500, cost=[4869,6899], sat=[4.0,5.0], 59s
  [n40w80_003] n40w80_003 noLS 6/15: PF=500, cost=[5090,6154], sat=[0.0,1.0], 70s
  [n40w80_001] n40w80_001 HMOA 15/15: PF=500, cost=[6293,7972], sat=[2.0,8.3], 64s
  [n20w80_004] n20w80_004 HMOA 11/15: PF=500, cost=[3717,5182], sat=[7.3,11.8], 83s
  [n60w80_002] n60w80_002 HMOA 7/15: PF=500, cost=[6428,7893], sat=[2.6,7.6], 171s
  [n60w80_001] n60w80_001 HMOA 7/15: PF=500, cost=[6200,10137], sat=[11.5,14.0], 133s
  [n60w80_003] n60w80_003 HMOA 6/15: PF=500, cost=[6958,8819], sat=[8.2,18.0], 159s
  [n20w80_001] n20w80_001 HMOA 13/15: PF=500, cost=[4150,8119], sat=[6.0,10.0], 83s
  [n80w80_001] n80w80_001 HMOA 5/15: PF=500, cost=[7640,13991], sat=[2.0,12.0], 240s
  [n40w80_003] n40w80_003 noLS 7/15: PF=500, cost=[5016,6260], sat=[0.0,1.0], 50s
  [n20w80_003] n20w80_003 noLS 1/15: PF=500, cost=[4239,7029], sat=[2.0,9.0], 69s
  [n20w80_002] n20w80_002 HMOA 13/15: PF=500, cost=[3412,5686], sat=[2.7,8.6], 85s
  [n40w80_005] n40w80_005 HMOA 10/15: PF=500, cost=[5458,12725], sat=[11.4,20.9], 97s
  [n80w80_004] n80w80_004 HMOA 6/15: PF=484, cost=[6338,6423], sat=[24.7,25.8], 80s
  [n20w80_005] n20w80_005 HMOA 11/15: PF=500, cost=[3908,7019], sat=[1.0,14.3], 90s
  [n60w80_004] n60w80_004 HMOA 7/15: PF=500, cost=[6711,9406], sat=[6.9,15.6], 125s
  [n80w80_002] n80w80_002 HMOA 5/15: PF=500, cost=[8565,12163], sat=[4.0,24.9], 354s
  [n20w80_004] n20w80_004 HMOA 12/15: PF=500, cost=[3779,5184], sat=[7.1,12.9], 70s
  [n60w80_005] n60w80_005 HMOA 5/15: PF=500, cost=[6025,13160], sat=[5.0,29.0], 232s
  [n20w80_001] n20w80_001 HMOA 14/15: PF=500, cost=[4131,7669], sat=[6.0,13.4], 67s
  [n40w80_002] n40w80_002 HMOA 10/15: PF=500, cost=[5364,7204], sat=[4.4,13.0], 136s
  [n40w80_001] n40w80_001 noLS 1/15: PF=500, cost=[6459,10912], sat=[1.0,7.0], 94s
  [n20w80_003] n20w80_003 noLS 2/15: PF=500, cost=[4247,7804], sat=[6.0,9.0], 57s
  [n40w80_004] n40w80_004 HMOA 13/15: PF=500, cost=[5051,8590], sat=[1.0,8.0], 116s
  [n40w80_003] n40w80_003 noLS 8/15: PF=500, cost=[5086,7838], sat=[0.0,1.0], 69s
  [n20w80_002] n20w80_002 HMOA 14/15: PF=500, cost=[3384,6640], sat=[4.0,8.8], 70s
  [n20w80_005] n20w80_005 HMOA 12/15: PF=500, cost=[3909,6076], sat=[1.0,11.5], 66s
  [n80w80_005] n80w80_005 HMOA 6/15: PF=500, cost=[6996,8865], sat=[26.3,32.8], 192s
  [n80w80_001] n80w80_001 HMOA 6/15: PF=500, cost=[7394,8953], sat=[9.0,11.0], 107s
  [n80w80_003] n80w80_003 HMOA 5/15: PF=500, cost=[7073,19455], sat=[7.0,18.0], 238s
  [n20w80_001] n20w80_001 HMOA 15/15: PF=500, cost=[4137,7342], sat=[6.0,14.0], 69s
  [n20w80_003] n20w80_003 noLS 3/15: PF=500, cost=[4572,7124], sat=[1.0,8.0], 66s
  [n60w80_001] n60w80_001 HMOA 8/15: PF=500, cost=[6210,12525], sat=[10.4,15.9], 154s
  [n40w80_003] n40w80_003 noLS 9/15: PF=500, cost=[5166,6564], sat=[0.0,1.0], 59s
  [n20w80_004] n20w80_004 HMOA 13/15: PF=500, cost=[3705,7468], sat=[7.3,13.8], 112s
  [n40w80_004] n40w80_004 HMOA 14/15: PF=500, cost=[4728,6960], sat=[1.0,5.0], 83s
  [n40w80_005] n40w80_005 HMOA 11/15: PF=500, cost=[5404,9945], sat=[12.0,20.1], 131s
  [n40w80_001] n40w80_001 noLS 2/15: PF=500, cost=[6769,10439], sat=[1.0,6.0], 100s
  [n60w80_003] n60w80_003 HMOA 7/15: PF=500, cost=[6609,9044], sat=[0.0,16.0], 182s
  [n20w80_003] n20w80_003 noLS 4/15: PF=500, cost=[4239,7058], sat=[2.0,9.0], 40s
  [n40w80_003] n40w80_003 noLS 10/15: PF=500, cost=[5099,6186], sat=[0.0,1.0], 41s
  [n20w80_005] n20w80_005 HMOA 13/15: PF=500, cost=[3931,5498], sat=[1.0,12.4], 87s
  [n40w80_002] n40w80_002 HMOA 11/15: PF=500, cost=[4279,6849], sat=[7.9,15.4], 121s
  [n80w80_004] n80w80_004 HMOA 7/15: PF=500, cost=[6026,11908], sat=[10.0,26.7], 166s
  [n60w80_002] n60w80_002 HMOA 8/15: PF=500, cost=[6347,8747], sat=[4.6,9.2], 217s
  [n20w80_001] n20w80_001 noLS 1/15: PF=500, cost=[4353,7532], sat=[2.0,13.0], 79s
  [n20w80_002] n20w80_002 HMOA 15/15: PF=500, cost=[3474,9935], sat=[5.3,10.8], 114s
  [n20w80_003] n20w80_003 noLS 5/15: PF=500, cost=[4363,6021], sat=[4.0,9.0], 42s
  [n40w80_003] n40w80_003 noLS 11/15: PF=500, cost=[5086,7348], sat=[0.0,1.0], 43s
  [n40w80_004] n40w80_004 HMOA 15/15: PF=500, cost=[5001,8172], sat=[4.0,9.0], 72s
  [n40w80_001] n40w80_001 noLS 3/15: PF=500, cost=[7032,9171], sat=[5.0,8.0], 79s
  [n20w80_002] n20w80_002 noLS 1/15: PF=500, cost=[4413,7243], sat=[2.0,7.5], 48s
  [n80w80_005] n80w80_005 HMOA 7/15: PF=500, cost=[7136,9348], sat=[23.9,27.6], 160s
  [n40w80_003] n40w80_003 noLS 12/15: PF=500, cost=[5118,6068], sat=[0.0,1.0], 42s
  [n20w80_003] n20w80_003 noLS 6/15: PF=500, cost=[4400,6771], sat=[1.0,7.0], 48s
  [n60w80_004] n60w80_004 HMOA 8/15: PF=500, cost=[7051,9602], sat=[0.0,16.2], 238s
  [n80w80_002] n80w80_002 HMOA 6/15: PF=500, cost=[7237,13762], sat=[6.0,26.0], 233s
  [n20w80_001] n20w80_001 noLS 2/15: PF=500, cost=[4161,7582], sat=[1.0,12.7], 69s
  [n80w80_003] n80w80_003 HMOA 6/15: PF=500, cost=[7003,8605], sat=[7.0,25.1], 163s
  [n20w80_004] n20w80_004 HMOA 14/15: PF=500, cost=[3705,8284], sat=[7.3,11.9], 122s
  [n40w80_004] n40w80_004 noLS 1/15: PF=500, cost=[5144,9043], sat=[1.0,4.8], 55s
  [n20w80_005] n20w80_005 HMOA 14/15: PF=500, cost=[3904,7617], sat=[6.0,13.1], 103s
  [n40w80_005] n40w80_005 HMOA 12/15: PF=500, cost=[5373,8334], sat=[10.4,19.0], 139s
  [n40w80_003] n40w80_003 noLS 13/15: PF=500, cost=[5009,6187], sat=[0.0,1.0], 44s
  [n20w80_003] n20w80_003 noLS 7/15: PF=500, cost=[4239,8170], sat=[2.0,9.0], 43s
  [n20w80_002] n20w80_002 noLS 2/15: PF=500, cost=[4524,8151], sat=[3.0,8.0], 68s
  [n60w80_001] n60w80_001 HMOA 9/15: PF=500, cost=[6195,9686], sat=[9.2,20.6], 187s
  [n40w80_001] n40w80_001 noLS 4/15: PF=500, cost=[7143,11430], sat=[4.0,6.5], 84s
  [n40w80_002] n40w80_002 HMOA 12/15: PF=500, cost=[5088,8306], sat=[5.4,13.6], 161s
  [n20w80_001] n20w80_001 noLS 3/15: PF=500, cost=[4161,7976], sat=[1.0,14.0], 72s
  [n40w80_003] n40w80_003 noLS 14/15: PF=500, cost=[4994,6288], sat=[0.0,1.0], 42s
  [n40w80_004] n40w80_004 noLS 2/15: PF=500, cost=[5053,7123], sat=[1.6,6.0], 69s
  [n80w80_001] n80w80_001 HMOA 7/15: PF=500, cost=[7511,15353], sat=[4.0,12.0], 253s
  [n20w80_005] n20w80_005 HMOA 15/15: PF=500, cost=[3908,7095], sat=[1.0,15.0], 74s
  [n20w80_004] n20w80_004 HMOA 15/15: PF=500, cost=[3672,5400], sat=[7.3,10.9], 88s
  [n20w80_003] n20w80_003 noLS 8/15: PF=500, cost=[4400,5973], sat=[1.0,8.0], 58s
  [n60w80_005] n60w80_005 HMOA 6/15: PF=500, cost=[6349,17116], sat=[1.8,23.5], 319s
  [n80w80_005] n80w80_005 HMOA 8/15: PF=500, cost=[8018,10819], sat=[15.8,23.0], 119s
  [n40w80_005] n40w80_005 HMOA 13/15: PF=500, cost=[4869,6024], sat=[16.6,19.1], 101s
  [n40w80_003] n40w80_003 noLS 15/15: PF=500, cost=[5069,6364], sat=[0.0,1.0], 47s
  [n40w80_003] DONE n40w80_003: C(H,N)=0.8613, C(N,H)=0.1104
[13:54:45] DONE n40w80_003 (1/20): C(H,N)=0.8613, C(N,H)=0.1104, T(H)=44s, T(N)=51s, elapsed=1430s
  [n80w80_003] n80w80_003 HMOA 7/15: PF=500, cost=[7572,9745], sat=[10.3,20.3], 126s
  [n40w80_001] n40w80_001 noLS 5/15: PF=500, cost=[6230,7652], sat=[1.0,6.0], 85s
  [n20w80_005] n20w80_005 noLS 1/15: PF=500, cost=[3931,6184], sat=[1.0,17.0], 54s
  [n40w80_004] n40w80_004 noLS 3/15: PF=500, cost=[5196,7352], sat=[1.0,6.0], 62s
  [n20w80_003] n20w80_003 noLS 9/15: PF=500, cost=[4408,6970], sat=[4.0,8.7], 47s
  [n20w80_002] n20w80_002 noLS 3/15: PF=500, cost=[4407,7716], sat=[3.0,8.3], 89s
  [n20w80_004] n20w80_004 noLS 1/15: PF=500, cost=[4114,7053], sat=[7.1,11.8], 51s
  [n60w80_004] n60w80_004 HMOA 9/15: PF=500, cost=[6873,8971], sat=[9.9,18.3], 146s
  [n20w80_001] n20w80_001 noLS 4/15: PF=500, cost=[4385,8470], sat=[2.0,14.0], 71s
  [n60w80_002] n60w80_002 HMOA 9/15: PF=500, cost=[6534,12586], sat=[3.6,8.6], 223s
  [n80w80_001] n80w80_001 HMOA 8/15: PF=334, cost=[7518,9332], sat=[4.0,16.3], 98s
  [n40w80_002] n40w80_002 HMOA 13/15: PF=500, cost=[4398,8470], sat=[10.8,14.9], 113s
  [n80w80_002] n80w80_002 HMOA 7/15: PF=500, cost=[7931,10198], sat=[4.0,17.5], 190s
  [n20w80_005] n20w80_005 noLS 2/15: PF=500, cost=[3961,6961], sat=[1.0,16.5], 57s
  [n20w80_004] n20w80_004 noLS 2/15: PF=500, cost=[4114,6152], sat=[7.1,11.0], 54s
  [n20w80_003] n20w80_003 noLS 10/15: PF=500, cost=[4285,7183], sat=[6.0,9.0], 58s
  [n60w80_003] n60w80_003 HMOA 8/15: PF=500, cost=[6658,16663], sat=[2.0,20.4], 311s
  [n40w80_004] n40w80_004 noLS 4/15: PF=500, cost=[5122,10532], sat=[0.8,6.0], 69s
  [n20w80_002] n20w80_002 noLS 4/15: PF=500, cost=[4289,8593], sat=[3.0,9.4], 76s
  [n20w80_001] n20w80_001 noLS 5/15: PF=500, cost=[4191,8193], sat=[1.0,13.7], 72s
  [n40w80_001] n40w80_001 noLS 6/15: PF=500, cost=[6908,9504], sat=[1.0,7.0], 82s
  [n40w80_005] n40w80_005 HMOA 14/15: PF=295, cost=[5428,7132], sat=[18.7,20.7], 104s
  [n80w80_005] n80w80_005 HMOA 9/15: PF=500, cost=[7025,8580], sat=[12.0,24.6], 125s
  [n20w80_004] n20w80_004 noLS 3/15: PF=500, cost=[4014,5457], sat=[7.1,10.9], 52s
  [n20w80_005] n20w80_005 noLS 3/15: PF=500, cost=[3909,6033], sat=[1.0,12.9], 52s
  [n20w80_003] n20w80_003 noLS 11/15: PF=500, cost=[4371,6958], sat=[4.0,9.0], 63s
  [n60w80_004] n60w80_004 HMOA 10/15: PF=500, cost=[6890,12213], sat=[9.6,15.3], 121s
  [n40w80_004] n40w80_004 noLS 5/15: PF=500, cost=[5037,7695], sat=[1.0,5.0], 60s
  [n40w80_001] n40w80_001 noLS 7/15: PF=500, cost=[6959,9135], sat=[4.9,9.0], 65s
  [n20w80_001] n20w80_001 noLS 6/15: PF=500, cost=[4161,6727], sat=[1.0,13.0], 69s
  [n80w80_001] n80w80_001 HMOA 9/15: PF=500, cost=[7239,12636], sat=[9.0,13.4], 109s
  [n80w80_002] n80w80_002 HMOA 8/15: PF=500, cost=[7788,8278], sat=[19.0,25.0], 99s
  [n40w80_002] n40w80_002 HMOA 14/15: PF=500, cost=[4703,6990], sat=[6.4,14.0], 110s
  [n20w80_002] n20w80_002 noLS 5/15: PF=500, cost=[4368,8014], sat=[3.0,8.0], 82s
  [n20w80_004] n20w80_004 noLS 4/15: PF=500, cost=[4014,6983], sat=[7.1,11.8], 52s
  [n20w80_005] n20w80_005 noLS 4/15: PF=500, cost=[3909,5307], sat=[1.0,12.0], 53s
  [n60w80_002] n60w80_002 HMOA 10/15: PF=500, cost=[6520,8104], sat=[2.6,7.7], 156s
  [n20w80_003] n20w80_003 noLS 12/15: PF=500, cost=[4567,7091], sat=[1.0,9.0], 51s
  [n80w80_003] n80w80_003 HMOA 8/15: PF=500, cost=[7657,13863], sat=[14.8,27.6], 189s
  [n40w80_004] n40w80_004 noLS 6/15: PF=500, cost=[5126,9369], sat=[1.6,4.6], 68s
  [n40w80_005] n40w80_005 HMOA 15/15: PF=500, cost=[5497,8356], sat=[11.6,18.2], 114s
  [n60w80_001] n60w80_001 HMOA 10/15: PF=500, cost=[6111,14039], sat=[8.1,19.4], 293s
  [n20w80_004] n20w80_004 noLS 5/15: PF=500, cost=[4014,6952], sat=[7.1,11.8], 53s
  [n20w80_001] n20w80_001 noLS 7/15: PF=500, cost=[4174,7242], sat=[1.0,9.0], 68s
  [n40w80_001] n40w80_001 noLS 8/15: PF=500, cost=[7180,11508], sat=[0.8,9.0], 70s
  [n20w80_003] n20w80_003 noLS 13/15: PF=500, cost=[4408,7023], sat=[4.0,8.0], 49s
  [n20w80_005] n20w80_005 noLS 5/15: PF=500, cost=[3908,6828], sat=[1.0,16.0], 71s
  [n20w80_002] n20w80_002 noLS 6/15: PF=500, cost=[4289,8117], sat=[3.0,8.0], 78s
  [n40w80_002] n40w80_002 HMOA 15/15: PF=500, cost=[5267,8082], sat=[9.0,14.5], 96s
  [n60w80_004] n60w80_004 HMOA 11/15: PF=500, cost=[7015,8171], sat=[2.0,16.5], 131s
  [n60w80_003] n60w80_003 HMOA 9/15: PF=500, cost=[6698,13202], sat=[1.0,16.0], 193s
  [n20w80_004] n20w80_004 noLS 6/15: PF=500, cost=[4014,8263], sat=[7.1,12.9], 50s
  [n20w80_003] n20w80_003 noLS 14/15: PF=500, cost=[4408,7158], sat=[4.0,8.0], 43s
  [n40w80_004] n40w80_004 noLS 7/15: PF=500, cost=[5151,7099], sat=[1.0,5.0], 71s
  [n80w80_004] n80w80_004 HMOA 8/15: PF=500, cost=[5730,14969], sat=[13.7,29.4], 495s
  [n40w80_001] n40w80_001 noLS 9/15: PF=500, cost=[6710,11108], sat=[2.0,5.0], 62s
  [n40w80_005] n40w80_005 noLS 1/15: PF=500, cost=[5544,8551], sat=[10.4,18.2], 88s
  [n20w80_001] n20w80_001 noLS 8/15: PF=500, cost=[4194,8744], sat=[1.0,12.0], 74s
  [n20w80_005] n20w80_005 noLS 6/15: PF=500, cost=[3896,7442], sat=[1.0,14.0], 65s
  [n20w80_002] n20w80_002 noLS 7/15: PF=500, cost=[4469,8935], sat=[2.0,8.5], 71s
  [n20w80_003] n20w80_003 noLS 15/15: PF=500, cost=[4363,6260], sat=[1.0,8.7], 44s
  [n20w80_003] DONE n20w80_003: C(H,N)=0.6873, C(N,H)=0.1001
[14:00:08] DONE n20w80_003 (2/20): C(H,N)=0.6873, C(N,H)=0.1001, T(H)=65s, T(N)=52s, elapsed=1754s
  [n80w80_001] n80w80_001 HMOA 10/15: PF=477, cost=[7172,13494], sat=[7.0,14.6], 161s
  [n60w80_002] n60w80_002 HMOA 11/15: PF=500, cost=[6112,12295], sat=[3.6,10.0], 164s
  [n60w80_005] n60w80_005 HMOA 7/15: PF=500, cost=[6166,12203], sat=[3.1,25.0], 370s
  [n20w80_004] n20w80_004 noLS 7/15: PF=500, cost=[4014,5457], sat=[7.1,10.9], 70s
  [n60w80_001] n60w80_001 HMOA 11/15: PF=500, cost=[6154,6756], sat=[7.6,16.9], 129s
  [n80w80_003] n80w80_003 HMOA 9/15: PF=500, cost=[7553,13516], sat=[2.0,23.4], 161s
  [n40w80_002] n40w80_002 noLS 1/15: PF=500, cost=[5228,13326], sat=[6.1,16.1], 88s
  [n40w80_001] n40w80_001 noLS 10/15: PF=500, cost=[7037,11302], sat=[1.0,8.0], 65s
  [n40w80_004] n40w80_004 noLS 8/15: PF=500, cost=[4917,6331], sat=[2.0,4.0], 74s
  [n40w80_005] n40w80_005 noLS 2/15: PF=500, cost=[5488,7781], sat=[10.4,17.7], 70s
  [n20w80_001] n20w80_001 noLS 9/15: PF=500, cost=[4393,6729], sat=[5.9,10.4], 71s
  [n20w80_005] n20w80_005 noLS 7/15: PF=500, cost=[3885,7005], sat=[1.0,14.5], 62s
  [n80w80_002] n80w80_002 HMOA 9/15: PF=500, cost=[7846,12240], sat=[4.0,22.0], 215s
  [n20w80_002] n20w80_002 noLS 8/15: PF=500, cost=[4424,7708], sat=[2.0,8.5], 68s
  [n80w80_005] n80w80_005 HMOA 10/15: PF=500, cost=[6210,9294], sat=[14.2,33.1], 289s
  [n80w80_004] n80w80_004 HMOA 9/15: PF=500, cost=[7099,8535], sat=[23.3,36.5], 112s
  [n60w80_003] n60w80_003 HMOA 10/15: PF=500, cost=[6558,10322], sat=[0.0,15.0], 133s
  [n20w80_004] n20w80_004 noLS 8/15: PF=500, cost=[4014,7288], sat=[7.1,11.4], 59s
  [n40w80_002] n40w80_002 noLS 2/15: PF=500, cost=[5383,7934], sat=[3.1,15.0], 73s
  [n40w80_004] n40w80_004 noLS 9/15: PF=500, cost=[5049,6977], sat=[0.0,5.0], 71s
  [n60w80_004] n60w80_004 HMOA 12/15: PF=500, cost=[6965,10955], sat=[4.0,15.0], 165s
  [n20w80_001] n20w80_001 noLS 10/15: PF=500, cost=[4361,6897], sat=[2.0,13.0], 63s
  [n40w80_001] n40w80_001 noLS 11/15: PF=500, cost=[7297,9172], sat=[2.0,6.3], 82s
  [n20w80_005] n20w80_005 noLS 8/15: PF=500, cost=[3885,6255], sat=[1.0,14.6], 64s
  [n40w80_005] n40w80_005 noLS 3/15: PF=500, cost=[5517,8079], sat=[8.9,17.0], 80s
  [n20w80_002] n20w80_002 noLS 9/15: PF=500, cost=[4365,7181], sat=[3.0,9.0], 63s
  [n20w80_004] n20w80_004 noLS 9/15: PF=500, cost=[4114,5558], sat=[7.1,10.9], 51s
  [n60w80_001] n60w80_001 HMOA 12/15: PF=500, cost=[6148,11229], sat=[4.0,13.9], 127s
  [n20w80_005] n20w80_005 noLS 9/15: PF=500, cost=[3958,6188], sat=[1.0,17.0], 56s
  [n60w80_005] n60w80_005 HMOA 8/15: PF=500, cost=[6395,12475], sat=[3.0,18.7], 160s
  [n60w80_003] n60w80_003 HMOA 11/15: PF=500, cost=[6628,9617], sat=[0.0,18.6], 100s
  [n20w80_002] n20w80_002 noLS 10/15: PF=500, cost=[4469,9362], sat=[2.0,7.6], 52s
  [n20w80_001] n20w80_001 noLS 11/15: PF=500, cost=[4209,7305], sat=[1.0,13.0], 69s
  [n40w80_002] n40w80_002 noLS 3/15: PF=500, cost=[5357,8770], sat=[5.4,13.1], 87s
  [n20w80_004] n20w80_004 noLS 10/15: PF=500, cost=[4047,6983], sat=[7.1,11.8], 57s
  [n40w80_004] n40w80_004 noLS 10/15: PF=500, cost=[5123,8379], sat=[0.8,7.0], 88s
  [n80w80_001] n80w80_001 HMOA 11/15: PF=500, cost=[7857,13373], sat=[8.1,13.0], 192s
  [n40w80_001] n40w80_001 noLS 12/15: PF=500, cost=[6763,11553], sat=[1.0,7.0], 84s
  [n80w80_004] n80w80_004 HMOA 10/15: PF=500, cost=[6887,7585], sat=[8.0,30.6], 128s
  [n60w80_002] n60w80_002 HMOA 12/15: PF=500, cost=[6656,9002], sat=[2.6,8.4], 190s
  [n40w80_005] n40w80_005 noLS 4/15: PF=500, cost=[5506,6936], sat=[11.4,18.0], 89s
  [n20w80_005] n20w80_005 noLS 10/15: PF=500, cost=[3887,6802], sat=[1.0,15.0], 52s
  [n20w80_001] n20w80_001 noLS 12/15: PF=500, cost=[4319,10811], sat=[2.0,14.3], 67s
  [n20w80_004] n20w80_004 noLS 11/15: PF=500, cost=[4114,7259], sat=[7.1,11.9], 61s
  [n20w80_002] n20w80_002 noLS 11/15: PF=500, cost=[4326,7148], sat=[3.0,9.6], 76s
  [n40w80_004] n40w80_004 noLS 11/15: PF=500, cost=[5224,6232], sat=[1.0,4.0], 67s
  [n60w80_004] n60w80_004 HMOA 13/15: PF=500, cost=[6916,9547], sat=[7.0,13.9], 160s
  [n40w80_001] n40w80_001 noLS 13/15: PF=500, cost=[6728,8484], sat=[1.0,5.0], 75s
  [n20w80_005] n20w80_005 noLS 11/15: PF=500, cost=[3885,6834], sat=[1.0,15.6], 52s
  [n40w80_002] n40w80_002 noLS 4/15: PF=500, cost=[5249,8539], sat=[6.0,12.3], 87s
  [n40w80_005] n40w80_005 noLS 5/15: PF=500, cost=[5457,6624], sat=[8.4,18.0], 76s
  [n80w80_005] n80w80_005 HMOA 11/15: PF=500, cost=[7151,11650], sat=[7.5,25.3], 226s
  [n60w80_002] n60w80_002 HMOA 13/15: PF=500, cost=[6064,7581], sat=[3.6,6.6], 90s
  [n60w80_003] n60w80_003 HMOA 12/15: PF=500, cost=[6520,8485], sat=[0.0,16.1], 116s
  [n60w80_001] n60w80_001 HMOA 13/15: PF=500, cost=[6146,9827], sat=[8.0,16.0], 155s
  [n20w80_001] n20w80_001 noLS 13/15: PF=500, cost=[4385,7723], sat=[2.0,13.0], 70s
  [n40w80_004] n40w80_004 noLS 12/15: PF=500, cost=[5082,5979], sat=[1.0,4.0], 63s
  [n20w80_004] n20w80_004 noLS 12/15: PF=500, cost=[4014,5936], sat=[7.1,11.5], 71s
  [n20w80_005] n20w80_005 noLS 12/15: PF=500, cost=[3908,6157], sat=[1.0,13.6], 54s
  [n20w80_002] n20w80_002 noLS 12/15: PF=500, cost=[4328,8529], sat=[3.0,9.1], 74s
  [n40w80_001] n40w80_001 noLS 14/15: PF=500, cost=[6743,8176], sat=[1.0,6.0], 63s
  [n80w80_003] n80w80_003 HMOA 10/15: PF=500, cost=[7573,14920], sat=[8.0,23.5], 315s
  [n80w80_001] n80w80_001 HMOA 12/15: PF=500, cost=[7768,14503], sat=[4.0,13.4], 154s
  [n40w80_005] n40w80_005 noLS 6/15: PF=500, cost=[5492,9064], sat=[8.6,19.2], 68s
  [n40w80_002] n40w80_002 noLS 5/15: PF=500, cost=[5326,7824], sat=[6.1,12.1], 87s
  [n20w80_004] n20w80_004 noLS 13/15: PF=500, cost=[4114,7568], sat=[7.1,11.8], 52s
  [n20w80_005] n20w80_005 noLS 13/15: PF=500, cost=[3940,5598], sat=[1.0,11.6], 53s
  [n20w80_001] n20w80_001 noLS 14/15: PF=500, cost=[4361,8070], sat=[2.0,13.0], 67s
  [n20w80_002] n20w80_002 noLS 13/15: PF=500, cost=[4326,5549], sat=[3.0,6.6], 56s
  [n40w80_004] n40w80_004 noLS 13/15: PF=500, cost=[4997,8064], sat=[1.0,6.0], 75s
  [n60w80_002] n60w80_002 HMOA 14/15: PF=500, cost=[6092,7340], sat=[2.6,7.0], 121s
  [n40w80_001] n40w80_001 noLS 15/15: PF=500, cost=[6391,10270], sat=[1.0,7.0], 83s
  [n40w80_001] DONE n40w80_001: C(H,N)=0.9336, C(N,H)=0.0000
[14:07:09] DONE n40w80_001 (3/20): C(H,N)=0.9336, C(N,H)=0.0000, T(H)=67s, T(N)=78s, elapsed=2174s
  [n40w80_002] n40w80_002 noLS 6/15: PF=500, cost=[5404,8352], sat=[5.1,14.0], 70s
  [n20w80_004] n20w80_004 noLS 14/15: PF=500, cost=[4014,5457], sat=[7.1,10.9], 60s
  [n20w80_005] n20w80_005 noLS 14/15: PF=500, cost=[3909,5752], sat=[1.0,13.0], 55s
  [n40w80_005] n40w80_005 noLS 7/15: PF=500, cost=[5479,14309], sat=[6.4,22.1], 79s
  [n20w80_002] n20w80_002 noLS 14/15: PF=500, cost=[4365,7967], sat=[3.0,8.8], 56s
  [n20w80_001] n20w80_001 noLS 15/15: PF=500, cost=[4161,8099], sat=[1.0,13.0], 61s
  [n20w80_001] DONE n20w80_001: C(H,N)=0.9904, C(N,H)=0.0043
[14:07:37] DONE n20w80_001 (4/20): C(H,N)=0.9904, C(N,H)=0.0043, T(H)=77s, T(N)=69s, elapsed=2202s
  [n80w80_004] n80w80_004 HMOA 11/15: PF=68, cost=[6907,12164], sat=[20.9,21.9], 243s
  [n60w80_004] n60w80_004 HMOA 14/15: PF=500, cost=[6992,9021], sat=[1.0,14.0], 178s
  [n80w80_002] n80w80_002 HMOA 10/15: PF=500, cost=[7537,14149], sat=[2.8,28.6], 398s
  [n60w80_005] n60w80_005 HMOA 9/15: PF=500, cost=[6566,16170], sat=[1.0,20.6], 277s
  [n40w80_004] n40w80_004 noLS 14/15: PF=500, cost=[5167,6050], sat=[1.0,4.0], 69s
  [n80w80_003] n80w80_003 HMOA 11/15: PF=500, cost=[6745,7975], sat=[13.9,25.8], 122s
  [n80w80_005] n80w80_005 HMOA 12/15: PF=500, cost=[8813,12789], sat=[6.0,16.0], 184s
  [n20w80_004] n20w80_004 noLS 15/15: PF=500, cost=[4014,5457], sat=[7.1,10.9], 52s
  [n20w80_004] DONE n20w80_004: C(H,N)=0.9328, C(N,H)=0.0664
[14:08:17] DONE n20w80_004 (5/20): C(H,N)=0.9328, C(N,H)=0.0664, T(H)=93s, T(N)=56s, elapsed=2242s
  [n20w80_005] n20w80_005 noLS 15/15: PF=500, cost=[3913,6406], sat=[0.3,14.0], 59s
  [n60w80_003] n60w80_003 HMOA 13/15: PF=500, cost=[6820,12903], sat=[0.0,19.0], 198s
  [n20w80_005] DONE n20w80_005: C(H,N)=0.4636, C(N,H)=0.5257
[14:08:24] DONE n20w80_005 (6/20): C(H,N)=0.4636, C(N,H)=0.5257, T(H)=93s, T(N)=57s, elapsed=2250s
  [n20w80_002] n20w80_002 noLS 15/15: PF=500, cost=[4326,7397], sat=[3.0,7.6], 54s
  [n40w80_002] n40w80_002 noLS 7/15: PF=500, cost=[5590,6669], sat=[9.1,15.0], 63s
  [n20w80_002] DONE n20w80_002: C(H,N)=0.9976, C(N,H)=0.0021
[14:08:26] DONE n20w80_002 (7/20): C(H,N)=0.9976, C(N,H)=0.0021, T(H)=83s, T(N)=67s, elapsed=2252s
  [n40w80_005] n40w80_005 noLS 8/15: PF=500, cost=[5562,7065], sat=[5.2,18.5], 73s
  [n40w80_004] n40w80_004 noLS 15/15: PF=500, cost=[4947,6582], sat=[1.0,4.0], 57s
  [n40w80_004] DONE n40w80_004: C(H,N)=0.7293, C(N,H)=0.1961
[14:08:54] DONE n40w80_004 (8/20): C(H,N)=0.7293, C(N,H)=0.1961, T(H)=84s, T(N)=68s, elapsed=2279s
  [n60w80_004] n60w80_004 HMOA 15/15: PF=500, cost=[7065,8403], sat=[15.2,20.2], 90s
  [n80w80_001] n80w80_001 HMOA 13/15: PF=500, cost=[7657,13442], sat=[5.0,16.0], 194s
  [n60w80_001] n60w80_001 HMOA 14/15: PF=500, cost=[6262,12830], sat=[11.0,22.0], 236s
  [n60w80_002] n60w80_002 HMOA 15/15: PF=500, cost=[6411,15414], sat=[3.6,10.0], 136s
  [n40w80_002] n40w80_002 noLS 8/15: PF=500, cost=[5369,7236], sat=[5.2,14.0], 61s
  [n40w80_005] n40w80_005 noLS 9/15: PF=500, cost=[5505,7073], sat=[11.4,18.0], 62s
  [n80w80_004] n80w80_004 HMOA 12/15: PF=500, cost=[6707,12594], sat=[18.0,48.3], 132s
  [n80w80_005] n80w80_005 HMOA 13/15: PF=500, cost=[8076,9547], sat=[15.0,20.5], 114s
  [n60w80_003] n60w80_003 HMOA 14/15: PF=500, cost=[6418,8485], sat=[0.0,17.0], 106s
  [n80w80_002] n80w80_002 HMOA 11/15: PF=500, cost=[7645,11071], sat=[4.0,22.2], 152s
  [n60w80_004] n60w80_004 noLS 1/15: PF=500, cost=[6978,12658], sat=[1.6,12.0], 71s
  [n40w80_002] n40w80_002 noLS 9/15: PF=500, cost=[5251,8429], sat=[7.0,13.1], 57s
  [n60w80_002] n60w80_002 noLS 1/15: PF=500, cost=[6455,11823], sat=[3.6,7.9], 70s
  [n60w80_005] n60w80_005 HMOA 10/15: PF=500, cost=[6374,13542], sat=[1.5,22.6], 175s
  [n80w80_003] n80w80_003 HMOA 12/15: PF=500, cost=[6895,8799], sat=[2.0,16.9], 169s
  [n40w80_005] n40w80_005 noLS 10/15: PF=500, cost=[5513,14324], sat=[9.6,17.8], 64s
  [n80w80_005] n80w80_005 HMOA 14/15: PF=500, cost=[8536,9916], sat=[17.0,19.0], 76s
  [n40w80_002] n40w80_002 noLS 10/15: PF=500, cost=[5572,7527], sat=[1.0,12.1], 60s
  [n60w80_004] n60w80_004 noLS 2/15: PF=500, cost=[6872,11926], sat=[1.6,13.0], 71s
  [n80w80_004] n80w80_004 HMOA 13/15: PF=500, cost=[6119,12265], sat=[17.0,44.3], 102s
  [n60w80_002] n60w80_002 noLS 2/15: PF=500, cost=[6386,7257], sat=[3.6,6.7], 71s
  [n40w80_005] n40w80_005 noLS 11/15: PF=500, cost=[5491,8375], sat=[6.5,19.0], 61s
  [n60w80_003] n60w80_003 HMOA 15/15: PF=500, cost=[6687,8753], sat=[1.0,15.6], 127s
  [n40w80_002] n40w80_002 noLS 11/15: PF=500, cost=[5469,10254], sat=[6.1,16.0], 58s
  [n60w80_001] n60w80_001 HMOA 15/15: PF=500, cost=[6054,12129], sat=[5.0,18.0], 196s
  [n60w80_004] n60w80_004 noLS 3/15: PF=500, cost=[7116,14636], sat=[2.0,16.0], 75s
  [n40w80_005] n40w80_005 noLS 12/15: PF=500, cost=[5544,10310], sat=[7.5,18.9], 66s
  [n80w80_004] n80w80_004 HMOA 14/15: PF=500, cost=[5481,7433], sat=[17.0,27.0], 87s
  [n60w80_002] n60w80_002 noLS 3/15: PF=500, cost=[6347,7214], sat=[2.6,5.0], 76s
  [n80w80_005] n80w80_005 HMOA 15/15: PF=500, cost=[7595,10931], sat=[9.7,31.7], 116s
  [n80w80_001] n80w80_001 HMOA 14/15: PF=500, cost=[7135,14759], sat=[4.0,13.3], 251s
  [n60w80_003] n60w80_003 noLS 1/15: PF=500, cost=[7045,10129], sat=[0.0,16.0], 71s
  [n40w80_002] n40w80_002 noLS 12/15: PF=500, cost=[5411,7803], sat=[4.2,12.1], 67s
  [n60w80_001] n60w80_001 noLS 1/15: PF=500, cost=[6601,8691], sat=[3.0,14.0], 72s
  [n40w80_005] n40w80_005 noLS 13/15: PF=500, cost=[5514,8478], sat=[6.8,18.0], 60s
  [n60w80_004] n60w80_004 noLS 4/15: PF=500, cost=[7016,10440], sat=[1.0,13.3], 71s
  [n60w80_002] n60w80_002 noLS 4/15: PF=500, cost=[6424,10517], sat=[1.6,8.0], 73s
  [n40w80_002] n40w80_002 noLS 13/15: PF=500, cost=[5298,8790], sat=[9.0,12.3], 53s
  [n60w80_005] n60w80_005 HMOA 11/15: PF=500, cost=[6252,13268], sat=[2.1,16.0], 227s
  [n80w80_002] n80w80_002 HMOA 12/15: PF=500, cost=[7399,13040], sat=[7.0,32.6], 259s
  [n80w80_004] n80w80_004 HMOA 15/15: PF=500, cost=[6657,7388], sat=[24.6,28.2], 99s
  [n60w80_003] n60w80_003 noLS 2/15: PF=500, cost=[7154,11288], sat=[0.0,17.6], 73s
  [n80w80_005] n80w80_005 noLS 1/15: PF=500, cost=[8744,14330], sat=[3.3,27.0], 95s
  [n80w80_003] n80w80_003 HMOA 13/15: PF=500, cost=[6798,14811], sat=[5.0,25.0], 252s
  [n40w80_005] n40w80_005 noLS 14/15: PF=500, cost=[5615,7878], sat=[10.1,17.9], 62s
  [n60w80_001] n60w80_001 noLS 2/15: PF=500, cost=[6567,12258], sat=[6.8,17.0], 79s
  [n60w80_004] n60w80_004 noLS 5/15: PF=500, cost=[6936,10567], sat=[1.0,14.0], 75s
  [n40w80_002] n40w80_002 noLS 14/15: PF=500, cost=[5454,9253], sat=[7.1,14.9], 55s
  [n60w80_002] n60w80_002 noLS 5/15: PF=500, cost=[6480,9052], sat=[2.6,8.9], 73s
  [n80w80_004] n80w80_004 noLS 1/15: PF=500, cost=[7309,10553], sat=[20.4,24.0], 68s
  [n60w80_003] n60w80_003 noLS 3/15: PF=500, cost=[6742,8758], sat=[0.0,15.0], 72s
  [n40w80_005] n40w80_005 noLS 15/15: PF=500, cost=[5490,7235], sat=[6.4,19.0], 64s
  [n40w80_005] DONE n40w80_005: C(H,N)=0.8100, C(N,H)=0.0032
[14:16:02] DONE n40w80_005 (9/20): C(H,N)=0.8100, C(N,H)=0.0032, T(H)=110s, T(N)=71s, elapsed=2707s
  [n40w80_002] n40w80_002 noLS 15/15: PF=500, cost=[5270,6550], sat=[1.0,12.0], 52s
  [n40w80_002] DONE n40w80_002: C(H,N)=0.8024, C(N,H)=0.0728
[14:16:09] DONE n40w80_002 (10/20): C(H,N)=0.8024, C(N,H)=0.0728, T(H)=113s, T(N)=68s, elapsed=2714s
  [n80w80_001] n80w80_001 HMOA 15/15: PF=500, cost=[7339,14154], sat=[4.0,13.0], 171s
  [n80w80_005] n80w80_005 noLS 2/15: PF=500, cost=[8222,12364], sat=[3.9,25.8], 90s
  [n60w80_001] n60w80_001 noLS 3/15: PF=500, cost=[6515,10988], sat=[5.5,13.8], 79s
  [n60w80_004] n60w80_004 noLS 6/15: PF=500, cost=[7069,12942], sat=[2.7,14.0], 75s
  [n80w80_002] n80w80_002 HMOA 13/15: PF=500, cost=[7733,9303], sat=[4.0,27.8], 114s
  [n60w80_002] n60w80_002 noLS 6/15: PF=500, cost=[6504,7713], sat=[3.6,7.7], 65s
  [n60w80_003] n60w80_003 noLS 4/15: PF=500, cost=[6836,11119], sat=[0.0,18.0], 62s
  [n80w80_004] n80w80_004 noLS 2/15: PF=500, cost=[7960,10115], sat=[5.0,22.9], 80s
  [n80w80_001] n80w80_001 noLS 1/15: PF=500, cost=[7355,14251], sat=[5.0,10.5], 70s
  [n60w80_001] n60w80_001 noLS 4/15: PF=500, cost=[6708,12460], sat=[5.0,13.5], 66s
  [n60w80_005] n60w80_005 HMOA 12/15: PF=500, cost=[6329,14155], sat=[2.0,23.9], 177s
  [n60w80_004] n60w80_004 noLS 7/15: PF=500, cost=[7140,9604], sat=[1.0,13.0], 68s
  [n60w80_002] n60w80_002 noLS 7/15: PF=500, cost=[6453,9687], sat=[3.6,7.6], 67s
  [n80w80_005] n80w80_005 noLS 3/15: PF=500, cost=[8689,11894], sat=[5.2,23.0], 86s
  [n80w80_003] n80w80_003 HMOA 14/15: PF=500, cost=[7215,13868], sat=[13.0,27.7], 178s
  [n60w80_003] n60w80_003 noLS 5/15: PF=500, cost=[6578,10265], sat=[0.0,18.0], 61s
  [n80w80_004] n80w80_004 noLS 3/15: PF=500, cost=[7700,14619], sat=[17.0,30.1], 72s
  [n60w80_002] n60w80_002 noLS 8/15: PF=500, cost=[6414,8123], sat=[4.6,6.6], 51s
  [n60w80_001] n60w80_001 noLS 5/15: PF=500, cost=[6663,12417], sat=[3.8,14.0], 71s
  [n80w80_001] n80w80_001 noLS 2/15: PF=500, cost=[7759,20571], sat=[3.0,13.0], 75s
  [n60w80_004] n60w80_004 noLS 8/15: PF=500, cost=[7053,13663], sat=[0.6,18.2], 70s
  [n80w80_002] n80w80_002 HMOA 14/15: PF=500, cost=[7596,12067], sat=[8.3,21.6], 145s
  [n60w80_003] n60w80_003 noLS 6/15: PF=500, cost=[6785,9890], sat=[0.0,14.0], 59s
  [n80w80_005] n80w80_005 noLS 4/15: PF=500, cost=[8648,15158], sat=[2.7,21.0], 80s
  [n60w80_002] n60w80_002 noLS 9/15: PF=500, cost=[6391,11592], sat=[0.6,8.4], 68s
  [n60w80_001] n60w80_001 noLS 6/15: PF=500, cost=[6527,11331], sat=[5.5,14.0], 66s
  [n80w80_004] n80w80_004 noLS 4/15: PF=500, cost=[7174,14745], sat=[10.6,32.5], 83s
  [n60w80_004] n60w80_004 noLS 9/15: PF=500, cost=[7260,8765], sat=[3.0,13.0], 65s
  [n80w80_001] n80w80_001 noLS 3/15: PF=500, cost=[7212,12651], sat=[3.0,11.2], 72s
  [n60w80_003] n60w80_003 noLS 7/15: PF=500, cost=[7361,10771], sat=[0.0,14.0], 62s
  [n80w80_005] n80w80_005 noLS 5/15: PF=500, cost=[8304,13964], sat=[5.1,21.1], 80s
  [n80w80_003] n80w80_003 HMOA 15/15: PF=500, cost=[7505,13123], sat=[6.0,24.0], 153s
  [n60w80_002] n60w80_002 noLS 10/15: PF=500, cost=[6458,8386], sat=[3.7,6.7], 65s
  [n60w80_001] n60w80_001 noLS 7/15: PF=500, cost=[6455,10870], sat=[7.8,18.9], 64s
  [n60w80_005] n60w80_005 HMOA 13/15: PF=500, cost=[6271,15312], sat=[3.0,20.0], 200s
  [n60w80_004] n60w80_004 noLS 10/15: PF=500, cost=[7100,8925], sat=[2.0,14.0], 63s
  [n80w80_004] n80w80_004 noLS 5/15: PF=500, cost=[7863,12354], sat=[10.0,27.0], 71s
  [n60w80_003] n60w80_003 noLS 8/15: PF=500, cost=[7148,12014], sat=[0.0,20.3], 59s
  [n80w80_001] n80w80_001 noLS 4/15: PF=500, cost=[7752,14094], sat=[3.0,11.1], 71s
  [n80w80_002] n80w80_002 HMOA 15/15: PF=500, cost=[7777,11128], sat=[5.0,19.2], 136s
  [n60w80_002] n60w80_002 noLS 11/15: PF=500, cost=[6431,9197], sat=[1.6,8.2], 65s
  [n80w80_005] n80w80_005 noLS 6/15: PF=500, cost=[8523,12287], sat=[5.1,29.3], 87s
  [n60w80_001] n60w80_001 noLS 8/15: PF=500, cost=[6730,10725], sat=[3.0,18.0], 67s
  [n80w80_003] n80w80_003 noLS 1/15: PF=500, cost=[7595,12172], sat=[5.6,18.0], 85s
  [n60w80_003] n60w80_003 noLS 9/15: PF=500, cost=[6743,9103], sat=[1.0,14.0], 59s
  [n60w80_004] n60w80_004 noLS 11/15: PF=500, cost=[7153,11035], sat=[2.0,16.7], 70s
  [n80w80_004] n80w80_004 noLS 6/15: PF=500, cost=[7228,10468], sat=[4.0,25.0], 74s
  [n80w80_001] n80w80_001 noLS 5/15: PF=500, cost=[7445,13861], sat=[5.0,11.0], 70s
  [n80w80_002] n80w80_002 noLS 1/15: PF=500, cost=[8253,17031], sat=[3.7,20.0], 84s
  [n60w80_002] n60w80_002 noLS 12/15: PF=500, cost=[6422,8198], sat=[3.7,7.6], 65s
  [n60w80_003] n60w80_003 noLS 10/15: PF=500, cost=[7119,8517], sat=[0.0,13.0], 61s
  [n80w80_004] n80w80_004 noLS 7/15: PF=500, cost=[7185,7814], sat=[13.0,22.0], 58s
  [n60w80_001] n60w80_001 noLS 9/15: PF=500, cost=[6566,15380], sat=[5.0,20.6], 75s
  [n60w80_004] n60w80_004 noLS 12/15: PF=500, cost=[7086,10823], sat=[1.0,14.0], 67s
  [n80w80_003] n80w80_003 noLS 2/15: PF=500, cost=[7243,13513], sat=[5.0,23.0], 76s
  [n80w80_005] n80w80_005 noLS 7/15: PF=500, cost=[8150,13036], sat=[2.4,25.0], 87s
  [n80w80_001] n80w80_001 noLS 6/15: PF=500, cost=[7759,13106], sat=[3.0,13.0], 69s
  [n60w80_005] n60w80_005 HMOA 14/15: PF=500, cost=[6382,13340], sat=[3.3,22.8], 154s
  [n80w80_002] n80w80_002 noLS 2/15: PF=500, cost=[8247,13775], sat=[6.0,24.0], 72s
  [n60w80_002] n60w80_002 noLS 13/15: PF=500, cost=[6519,7347], sat=[3.6,6.9], 66s
  [n60w80_003] n60w80_003 noLS 11/15: PF=500, cost=[6866,10250], sat=[0.0,18.0], 69s
  [n60w80_001] n60w80_001 noLS 10/15: PF=500, cost=[6805,10726], sat=[2.0,14.0], 63s
  [n60w80_004] n60w80_004 noLS 13/15: PF=500, cost=[6997,12220], sat=[6.4,13.6], 65s
  [n80w80_004] n80w80_004 noLS 8/15: PF=500, cost=[7417,10590], sat=[5.0,40.7], 78s
  [n80w80_003] n80w80_003 noLS 3/15: PF=500, cost=[6961,12345], sat=[8.0,23.1], 76s
  [n80w80_001] n80w80_001 noLS 7/15: PF=500, cost=[7940,22016], sat=[2.0,12.4], 71s
  [n80w80_005] n80w80_005 noLS 8/15: PF=500, cost=[7716,13776], sat=[5.5,25.9], 79s
  [n60w80_002] n60w80_002 noLS 14/15: PF=500, cost=[6398,8089], sat=[2.6,7.7], 62s
  [n80w80_002] n80w80_002 noLS 3/15: PF=500, cost=[8451,15738], sat=[2.0,30.5], 81s
  [n60w80_003] n60w80_003 noLS 12/15: PF=500, cost=[7003,11044], sat=[1.0,20.8], 64s
  [n60w80_001] n60w80_001 noLS 11/15: PF=500, cost=[6379,12254], sat=[4.8,16.5], 66s
  [n60w80_004] n60w80_004 noLS 14/15: PF=500, cost=[6830,9941], sat=[1.7,13.9], 69s
  [n80w80_001] n80w80_001 noLS 8/15: PF=500, cost=[7613,13441], sat=[4.0,12.3], 71s
  [n80w80_003] n80w80_003 noLS 4/15: PF=500, cost=[7250,11994], sat=[2.0,20.7], 77s
  [n80w80_004] n80w80_004 noLS 9/15: PF=500, cost=[7243,15185], sat=[5.0,36.8], 84s
  [n80w80_005] n80w80_005 noLS 9/15: PF=500, cost=[8067,14089], sat=[4.0,21.4], 81s
  [n60w80_002] n60w80_002 noLS 15/15: PF=500, cost=[6588,12358], sat=[1.6,7.7], 67s
  [n60w80_002] DONE n60w80_002: C(H,N)=0.7321, C(N,H)=0.1355
[14:26:07] DONE n60w80_002 (11/20): C(H,N)=0.7321, C(N,H)=0.1355, T(H)=154s, T(N)=67s, elapsed=3313s
  [n60w80_003] n60w80_003 noLS 13/15: PF=500, cost=[6880,12402], sat=[1.0,19.2], 66s
  [n60w80_005] n60w80_005 HMOA 15/15: PF=500, cost=[6223,15697], sat=[2.6,22.4], 182s
  [n60w80_001] n60w80_001 noLS 12/15: PF=500, cost=[6277,17381], sat=[4.9,14.0], 67s
  [n80w80_002] n80w80_002 noLS 4/15: PF=500, cost=[8563,12495], sat=[2.0,23.0], 77s
  [n60w80_004] n60w80_004 noLS 15/15: PF=500, cost=[7070,10553], sat=[2.4,13.0], 67s
  [n60w80_004] DONE n60w80_004: C(H,N)=0.6896, C(N,H)=0.1191
[14:26:30] DONE n60w80_004 (12/20): C(H,N)=0.6896, C(N,H)=0.1191, T(H)=153s, T(N)=69s, elapsed=3335s
  [n80w80_001] n80w80_001 noLS 9/15: PF=500, cost=[7405,19076], sat=[4.0,11.2], 66s
  [n80w80_004] n80w80_004 noLS 10/15: PF=500, cost=[7400,10533], sat=[9.0,25.8], 63s
  [n80w80_003] n80w80_003 noLS 5/15: PF=500, cost=[7512,12858], sat=[7.7,22.7], 76s
  [n80w80_005] n80w80_005 noLS 10/15: PF=500, cost=[8251,12258], sat=[2.0,21.0], 67s
  [n60w80_003] n60w80_003 noLS 14/15: PF=500, cost=[6820,10292], sat=[1.0,17.0], 53s
  [n60w80_005] n60w80_005 noLS 1/15: PF=500, cost=[6303,12495], sat=[2.0,17.4], 61s
  [n60w80_001] n60w80_001 noLS 13/15: PF=500, cost=[6710,17554], sat=[3.0,20.7], 62s
  [n80w80_002] n80w80_002 noLS 5/15: PF=500, cost=[8577,17085], sat=[3.0,29.6], 82s
  [n80w80_001] n80w80_001 noLS 10/15: PF=500, cost=[7919,15645], sat=[0.0,10.6], 66s
  [n80w80_004] n80w80_004 noLS 11/15: PF=500, cost=[7263,10546], sat=[3.0,22.6], 68s
  [n60w80_003] n60w80_003 noLS 15/15: PF=500, cost=[7212,13368], sat=[0.0,18.4], 56s
  [n60w80_003] DONE n60w80_003: C(H,N)=0.7973, C(N,H)=0.0349
[14:28:04] DONE n60w80_003 (13/20): C(H,N)=0.7973, C(N,H)=0.0349, T(H)=165s, T(N)=63s, elapsed=3430s
  [n80w80_003] n80w80_003 noLS 6/15: PF=500, cost=[7529,12727], sat=[5.0,19.0], 68s
  [n80w80_005] n80w80_005 noLS 11/15: PF=500, cost=[8349,11901], sat=[5.9,22.4], 73s
  [n60w80_001] n60w80_001 noLS 14/15: PF=500, cost=[6945,11899], sat=[3.0,14.0], 59s
  [n60w80_005] n60w80_005 noLS 2/15: PF=500, cost=[6212,11368], sat=[4.2,16.7], 62s
  [n80w80_001] n80w80_001 noLS 11/15: PF=500, cost=[7318,11682], sat=[4.0,13.0], 57s
  [n80w80_004] n80w80_004 noLS 12/15: PF=500, cost=[7049,12731], sat=[5.0,29.0], 59s
  [n80w80_002] n80w80_002 noLS 6/15: PF=500, cost=[8394,15612], sat=[1.0,20.0], 71s
  [n80w80_003] n80w80_003 noLS 7/15: PF=500, cost=[7505,11770], sat=[4.0,19.2], 62s
  [n60w80_005] n60w80_005 noLS 3/15: PF=500, cost=[6480,14872], sat=[3.0,26.4], 57s
  [n60w80_001] n60w80_001 noLS 15/15: PF=500, cost=[6934,11313], sat=[4.0,18.0], 58s
  [n60w80_001] DONE n60w80_001: C(H,N)=0.9909, C(N,H)=0.0013
[14:29:22] DONE n60w80_001 (14/20): C(H,N)=0.9909, C(N,H)=0.0013, T(H)=166s, T(N)=68s, elapsed=3508s
  [n80w80_005] n80w80_005 noLS 12/15: PF=500, cost=[8272,13031], sat=[3.4,17.0], 71s
  [n80w80_001] n80w80_001 noLS 12/15: PF=500, cost=[7577,14206], sat=[5.0,13.3], 60s
  [n80w80_002] n80w80_002 noLS 7/15: PF=500, cost=[8533,11809], sat=[8.0,25.7], 60s
  [n80w80_004] n80w80_004 noLS 13/15: PF=500, cost=[7870,10296], sat=[6.0,24.0], 67s
  [n60w80_005] n60w80_005 noLS 4/15: PF=500, cost=[6376,16120], sat=[2.0,26.9], 50s
  [n80w80_003] n80w80_003 noLS 8/15: PF=500, cost=[7191,14451], sat=[7.2,28.6], 71s
  [n80w80_005] n80w80_005 noLS 13/15: PF=500, cost=[8499,13480], sat=[4.0,17.0], 70s
  [n80w80_001] n80w80_001 noLS 13/15: PF=500, cost=[7526,14306], sat=[3.0,11.0], 53s
  [n80w80_002] n80w80_002 noLS 8/15: PF=500, cost=[8940,13880], sat=[2.0,19.7], 62s
  [n60w80_005] n60w80_005 noLS 5/15: PF=500, cost=[6226,15126], sat=[2.0,20.2], 50s
  [n80w80_004] n80w80_004 noLS 14/15: PF=500, cost=[7288,15205], sat=[5.0,37.0], 63s
  [n80w80_003] n80w80_003 noLS 9/15: PF=500, cost=[7374,15544], sat=[6.0,22.0], 59s
  [n80w80_001] n80w80_001 noLS 14/15: PF=500, cost=[7457,17202], sat=[4.0,14.1], 58s
  [n80w80_005] n80w80_005 noLS 14/15: PF=500, cost=[8134,11916], sat=[4.4,16.4], 66s
  [n60w80_005] n60w80_005 noLS 6/15: PF=500, cost=[6282,17326], sat=[1.5,23.0], 57s
  [n80w80_002] n80w80_002 noLS 9/15: PF=500, cost=[8340,18996], sat=[3.0,22.0], 62s
  [n80w80_004] n80w80_004 noLS 15/15: PF=500, cost=[7501,9833], sat=[2.0,23.8], 57s
  [n80w80_004] DONE n80w80_004: C(H,N)=0.9843, C(N,H)=0.0828
[14:32:03] DONE n80w80_004 (15/20): C(H,N)=0.9843, C(N,H)=0.0828, T(H)=175s, T(N)=70s, elapsed=3669s
  [n80w80_003] n80w80_003 noLS 10/15: PF=500, cost=[7525,14612], sat=[8.6,27.0], 63s
  [n80w80_001] n80w80_001 noLS 15/15: PF=500, cost=[7553,17428], sat=[0.0,14.0], 57s
  [n80w80_001] DONE n80w80_001: C(H,N)=0.6677, C(N,H)=0.1413
[14:32:37] DONE n80w80_001 (16/20): C(H,N)=0.6677, C(N,H)=0.1413, T(H)=181s, T(N)=66s, elapsed=3702s
  [n60w80_005] n60w80_005 noLS 7/15: PF=500, cost=[6270,13915], sat=[2.0,29.0], 42s
  [n80w80_005] n80w80_005 noLS 15/15: PF=500, cost=[8100,13494], sat=[5.0,25.5], 60s
  [n80w80_005] DONE n80w80_005: C(H,N)=0.8117, C(N,H)=0.0656
[14:32:42] DONE n80w80_005 (17/20): C(H,N)=0.8117, C(N,H)=0.0656, T(H)=169s, T(N)=78s, elapsed=3708s
  [n80w80_002] n80w80_002 noLS 10/15: PF=500, cost=[8786,15516], sat=[2.0,20.4], 56s
  [n80w80_003] n80w80_003 noLS 11/15: PF=500, cost=[6996,11284], sat=[7.0,23.4], 50s
  [n60w80_005] n60w80_005 noLS 8/15: PF=500, cost=[6433,13879], sat=[3.0,25.3], 45s
  [n80w80_002] n80w80_002 noLS 11/15: PF=500, cost=[8082,16556], sat=[2.0,23.1], 52s
  [n80w80_003] n80w80_003 noLS 12/15: PF=500, cost=[7378,14616], sat=[2.0,25.6], 51s
  [n60w80_005] n60w80_005 noLS 9/15: PF=500, cost=[6635,15468], sat=[3.6,17.2], 41s
  [n80w80_002] n80w80_002 noLS 12/15: PF=500, cost=[8774,18158], sat=[2.0,21.1], 50s
  [n60w80_005] n60w80_005 noLS 10/15: PF=500, cost=[6345,14552], sat=[3.7,22.0], 44s
  [n80w80_003] n80w80_003 noLS 13/15: PF=500, cost=[7295,12845], sat=[4.7,24.9], 50s
  [n60w80_005] n60w80_005 noLS 11/15: PF=500, cost=[6381,18407], sat=[4.0,28.0], 40s
  [n80w80_002] n80w80_002 noLS 13/15: PF=500, cost=[8348,14226], sat=[3.0,23.0], 53s
  [n80w80_003] n80w80_003 noLS 14/15: PF=500, cost=[7623,16603], sat=[5.0,23.7], 50s
  [n60w80_005] n60w80_005 noLS 12/15: PF=500, cost=[6574,13541], sat=[1.0,19.0], 41s
  [n80w80_002] n80w80_002 noLS 14/15: PF=500, cost=[8199,11110], sat=[1.0,20.0], 50s
  [n80w80_003] n80w80_003 noLS 15/15: PF=500, cost=[7568,12111], sat=[6.6,23.6], 51s
  [n80w80_003] DONE n80w80_003: C(H,N)=0.6051, C(N,H)=0.2099
[14:36:31] DONE n80w80_003 (18/20): C(H,N)=0.6051, C(N,H)=0.2099, T(H)=198s, T(N)=64s, elapsed=3937s
  [n60w80_005] n60w80_005 noLS 13/15: PF=500, cost=[6326,13275], sat=[1.0,19.0], 39s
  [n80w80_002] n80w80_002 noLS 15/15: PF=500, cost=[8949,16455], sat=[3.0,19.0], 48s
  [n80w80_002] DONE n80w80_002: C(H,N)=0.8813, C(N,H)=0.0029
[14:37:09] DONE n80w80_002 (19/20): C(H,N)=0.8813, C(N,H)=0.0029, T(H)=201s, T(N)=64s, elapsed=3975s
  [n60w80_005] n60w80_005 noLS 14/15: PF=500, cost=[6582,15229], sat=[5.6,19.3], 37s
  [n60w80_005] n60w80_005 noLS 15/15: PF=500, cost=[6210,12353], sat=[4.0,18.2], 37s
  [n60w80_005] DONE n60w80_005: C(H,N)=0.5344, C(N,H)=0.2567
[14:38:04] DONE n60w80_005 (20/20): C(H,N)=0.5344, C(N,H)=0.2567, T(H)=222s, T(N)=47s, elapsed=4030s

==========================================================================================
  FINAL RESULTS
  Completed: 20  Failed: 0  Time: 4030s (1.1h)
==========================================================================================
Instance       C(H,N)         C(N,H)         W      HV(H)        HV(N)        T(H)     T(N)    
------------------------------------------------------------------------------------------
n20w80_001     0.9904±0.010 0.0043±0.008 HMOA   3.5±2  2.4±1  77s     69s
n20w80_002     0.9976±0.004 0.0021±0.005 HMOA   3.4±2  2.6±1  83s     67s
n20w80_003     0.6873±0.416 0.1001±0.252 HMOA   154.3±553  2.9±1  65s     52s
n20w80_004     0.9328±0.246 0.0664±0.246 HMOA   2.5±1  3.0±1  93s     56s
n20w80_005     0.4636±0.468 0.5257±0.465 noLS   1.8±1  2.0±1  93s     57s
n40w80_001     0.9336±0.247 0.0000±0.000 HMOA   37.4±77  2.6±2  67s     78s
n40w80_002     0.8024±0.374 0.0728±0.236 HMOA   6.5±2  6.1±4  113s     68s
n40w80_003     0.8613±0.245 0.1104±0.252 HMOA   235.8±858  2.6±1  44s     51s
n40w80_004     0.7293±0.421 0.1961±0.384 HMOA   6.8±6  4.4±3  84s     68s
n40w80_005     0.8100±0.363 0.0032±0.007 HMOA   26.0±38  6.3±4  110s     71s
n60w80_001     0.9909±0.011 0.0013±0.002 HMOA   8.6±8  2.9±1  166s     68s
n60w80_002     0.7321±0.421 0.1355±0.327 HMOA   8.6±4  10.5±8  154s     67s
n60w80_003     0.7973±0.377 0.0349±0.098 HMOA   3.8±2  3.3±1  165s     63s
n60w80_004     0.6896±0.437 0.1191±0.303 HMOA   8.0±7  2.8±2  153s     69s
n60w80_005     0.5344±0.447 0.2567±0.376 HMOA   1.9±1  1.7±1  222s     47s
n80w80_001     0.6677±0.449 0.1413±0.327 HMOA   9.0±14  3.0±1  181s     66s
n80w80_002     0.8813±0.291 0.0029±0.006 HMOA   11.0±26  2.1±1  201s     64s
n80w80_003     0.6051±0.431 0.2099±0.387 HMOA   6.1±6  2.7±1  198s     64s
n80w80_004     0.9843±0.026 0.0828±0.246 HMOA   195.4±671  5.8±8  175s     70s
n80w80_005     0.8117±0.371 0.0656±0.241 HMOA   12.8±13  1.7±0  169s     78s
  n=20: C(H,N)=0.8143  C(N,H)=0.1397  → HMOA wins
  n=40: C(H,N)=0.8273  C(N,H)=0.0765  → HMOA wins
  n=60: C(H,N)=0.7489  C(N,H)=0.1095  → HMOA wins
  n=80: C(H,N)=0.7900  C(N,H)=0.1005  → HMOA wins

Completed: 2026-07-07 14:38:04
