======================================================================
  HMOA EXPERIMENT — pop=200, iter=500, kmax=5, drones=3, wbl=0.2
  Workers: 12  |  Pending: 20
  Started: 2026-06-26 17:13:31
======================================================================
  [n40w80_003] n40w80_003 HMOA 1/15: PF=500, cost=[4757,6611], sat=[0.0,1.0], 41s
  [n40w80_004] n40w80_004 HMOA 1/15: PF=500, cost=[4718,7430], sat=[3.0,5.0], 53s
  [n20w80_003] n20w80_003 HMOA 1/15: PF=500, cost=[3915,10350], sat=[2.0,12.6], 58s
  [n20w80_004] n20w80_004 HMOA 1/15: PF=500, cost=[3792,5786], sat=[7.1,13.9], 68s
  [n20w80_001] n20w80_001 HMOA 1/15: PF=500, cost=[4150,9075], sat=[6.0,15.0], 69s
  [n20w80_002] n20w80_002 HMOA 1/15: PF=500, cost=[3445,6622], sat=[6.0,9.4], 69s
  [n40w80_003] n40w80_003 HMOA 2/15: PF=354, cost=[4804,4804], sat=[0.0,0.0], 31s
  [n40w80_001] n40w80_001 HMOA 1/15: PF=500, cost=[6555,9791], sat=[2.0,10.0], 76s
  [n20w80_005] n20w80_005 HMOA 1/15: PF=500, cost=[3929,6933], sat=[1.0,16.5], 89s
  [n40w80_002] n40w80_002 HMOA 1/15: PF=500, cost=[4343,8080], sat=[7.0,15.0], 89s
  [n60w80_002] n60w80_002 HMOA 1/15: PF=500, cost=[6211,10130], sat=[4.6,8.0], 93s
  [n40w80_005] n40w80_005 HMOA 1/15: PF=500, cost=[5486,11161], sat=[14.0,18.4], 101s
  [n40w80_004] n40w80_004 HMOA 2/15: PF=500, cost=[4662,5064], sat=[1.0,10.0], 55s
  [n40w80_003] n40w80_003 HMOA 3/15: PF=240, cost=[4943,4943], sat=[1.0,1.0], 44s
  [n20w80_003] n20w80_003 HMOA 2/15: PF=500, cost=[4544,7105], sat=[1.0,8.0], 71s
  [n60w80_001] n60w80_001 HMOA 1/15: PF=500, cost=[6330,14976], sat=[8.0,13.6], 139s
  [n20w80_004] n20w80_004 HMOA 2/15: PF=500, cost=[3717,7733], sat=[7.3,13.8], 93s
  [n20w80_001] n20w80_001 HMOA 2/15: PF=500, cost=[4047,6957], sat=[2.5,13.4], 95s
  [n40w80_001] n40w80_001 HMOA 2/15: PF=500, cost=[6615,11124], sat=[7.0,8.6], 91s
  [n20w80_002] n20w80_002 HMOA 2/15: PF=500, cost=[3394,8364], sat=[4.0,9.7], 101s
  [n40w80_003] n40w80_003 HMOA 4/15: PF=500, cost=[4690,6666], sat=[0.0,1.0], 66s
  [n20w80_003] n20w80_003 HMOA 3/15: PF=500, cost=[3838,5814], sat=[1.1,8.0], 62s
  [n20w80_005] n20w80_005 HMOA 2/15: PF=500, cost=[3909,6062], sat=[1.0,16.0], 107s
  [n40w80_002] n40w80_002 HMOA 2/15: PF=500, cost=[4517,7124], sat=[11.0,16.3], 109s
  [n40w80_005] n40w80_005 HMOA 2/15: PF=500, cost=[5369,6764], sat=[8.4,19.0], 99s
  [n40w80_004] n40w80_004 HMOA 3/15: PF=500, cost=[5008,7105], sat=[0.0,5.0], 105s
  [n40w80_001] n40w80_001 HMOA 3/15: PF=500, cost=[6778,7047], sat=[7.0,8.0], 56s
  [n20w80_003] n20w80_003 HMOA 4/15: PF=500, cost=[3838,5285], sat=[1.1,8.0], 59s
  [n40w80_003] n40w80_003 HMOA 5/15: PF=500, cost=[4632,6325], sat=[0.0,1.0], 69s
  [n20w80_001] n20w80_001 HMOA 3/15: PF=500, cost=[4131,8686], sat=[6.0,14.0], 92s
  [n60w80_002] n60w80_002 HMOA 2/15: PF=500, cost=[6122,7510], sat=[2.6,6.9], 166s
  [n20w80_002] n20w80_002 HMOA 3/15: PF=500, cost=[3539,8964], sat=[4.4,8.6], 94s
  [n20w80_004] n20w80_004 HMOA 3/15: PF=500, cost=[4257,8301], sat=[6.3,13.7], 104s
  [n40w80_002] n40w80_002 HMOA 3/15: PF=500, cost=[4337,6914], sat=[7.0,11.1], 83s
  [n20w80_005] n20w80_005 HMOA 3/15: PF=500, cost=[3909,6977], sat=[1.0,13.1], 97s
  [n40w80_001] n40w80_001 HMOA 4/15: PF=500, cost=[6659,8909], sat=[2.0,8.1], 78s
  [n40w80_005] n40w80_005 HMOA 3/15: PF=500, cost=[5456,8302], sat=[14.0,22.0], 108s
  [n40w80_003] n40w80_003 HMOA 6/15: PF=500, cost=[4624,5719], sat=[0.0,1.0], 57s
  [n40w80_004] n40w80_004 HMOA 4/15: PF=500, cost=[5076,5909], sat=[1.0,4.0], 97s
  [n20w80_003] n20w80_003 HMOA 5/15: PF=500, cost=[4079,6994], sat=[6.0,8.0], 68s
  [n20w80_004] n20w80_004 HMOA 4/15: PF=500, cost=[3623,6679], sat=[7.2,12.4], 65s
  [n20w80_001] n20w80_001 HMOA 4/15: PF=500, cost=[3948,8644], sat=[2.0,14.0], 86s
  [n20w80_002] n20w80_002 HMOA 4/15: PF=500, cost=[3604,8191], sat=[5.7,10.0], 86s
  [n40w80_003] n40w80_003 HMOA 7/15: PF=434, cost=[4699,4836], sat=[0.0,1.0], 44s
  [n40w80_001] n40w80_001 HMOA 5/15: PF=500, cost=[6221,9044], sat=[8.0,9.6], 62s
  [n20w80_005] n20w80_005 HMOA 4/15: PF=500, cost=[3885,7295], sat=[1.0,13.0], 82s
  [n60w80_001] n60w80_001 HMOA 2/15: PF=500, cost=[6093,11305], sat=[8.0,20.0], 236s
  [n20w80_003] n20w80_003 HMOA 6/15: PF=500, cost=[4239,7208], sat=[2.0,9.0], 68s
  [n60w80_002] n60w80_002 HMOA 3/15: PF=500, cost=[6291,8647], sat=[3.6,8.0], 147s
  [n40w80_004] n40w80_004 HMOA 5/15: PF=500, cost=[4984,6558], sat=[1.0,6.0], 99s
  [n40w80_005] n40w80_005 HMOA 4/15: PF=500, cost=[5451,7760], sat=[8.4,18.7], 106s
  [n40w80_003] n40w80_003 HMOA 8/15: PF=500, cost=[5090,6623], sat=[0.0,1.0], 63s
  [n40w80_002] n40w80_002 HMOA 4/15: PF=500, cost=[5304,7793], sat=[5.4,13.0], 134s
  [n20w80_004] n20w80_004 HMOA 5/15: PF=500, cost=[3756,8010], sat=[7.3,12.8], 88s
  [n20w80_002] n20w80_002 HMOA 5/15: PF=500, cost=[3336,5350], sat=[4.3,12.0], 77s
  [n20w80_001] n20w80_001 HMOA 5/15: PF=500, cost=[4131,9690], sat=[6.0,16.0], 101s
  [n40w80_001] n40w80_001 HMOA 6/15: PF=500, cost=[6579,8873], sat=[7.0,8.0], 95s
  [n20w80_003] n20w80_003 HMOA 7/15: PF=500, cost=[3838,7821], sat=[1.1,7.4], 72s
  [n40w80_003] n40w80_003 HMOA 9/15: PF=471, cost=[4726,4862], sat=[0.0,1.0], 50s
  [n40w80_004] n40w80_004 HMOA 6/15: PF=500, cost=[4768,4845], sat=[1.0,7.0], 62s
  [n20w80_005] n20w80_005 HMOA 5/15: PF=500, cost=[3885,7108], sat=[1.0,15.6], 110s
  [n60w80_001] n60w80_001 HMOA 3/15: PF=500, cost=[6360,8318], sat=[10.4,15.0], 123s
  [n20w80_004] n20w80_004 HMOA 6/15: PF=500, cost=[3779,8179], sat=[7.1,13.0], 89s
  [n20w80_001] n20w80_001 HMOA 6/15: PF=500, cost=[4131,8141], sat=[6.0,12.5], 79s
  [n20w80_003] n20w80_003 HMOA 8/15: PF=500, cost=[4079,7310], sat=[6.0,7.0], 65s
  [n40w80_002] n40w80_002 HMOA 5/15: PF=500, cost=[4448,7596], sat=[6.0,15.6], 108s
  [n40w80_003] n40w80_003 HMOA 10/15: PF=500, cost=[4645,5666], sat=[0.0,1.0], 64s
  [n20w80_002] n20w80_002 HMOA 6/15: PF=500, cost=[4407,7877], sat=[3.0,9.6], 111s
  [n60w80_002] n60w80_002 HMOA 4/15: PF=500, cost=[6422,8483], sat=[3.6,6.7], 141s
  [n40w80_001] n40w80_001 HMOA 7/15: PF=500, cost=[6060,7033], sat=[2.0,8.0], 92s
  [n40w80_004] n40w80_004 HMOA 7/15: PF=500, cost=[4954,5610], sat=[1.0,5.0], 101s
  [n40w80_005] n40w80_005 HMOA 5/15: PF=500, cost=[5582,9463], sat=[11.8,21.9], 165s
  [n40w80_003] n40w80_003 HMOA 11/15: PF=500, cost=[4719,4898], sat=[0.0,1.0], 56s
  [n20w80_005] n20w80_005 HMOA 6/15: PF=500, cost=[3887,6666], sat=[1.0,17.2], 106s
  [n20w80_003] n20w80_003 HMOA 9/15: PF=500, cost=[3902,6074], sat=[2.0,8.8], 73s
  [n20w80_004] n20w80_004 HMOA 7/15: PF=500, cost=[3798,8056], sat=[7.1,13.9], 96s
  [n20w80_001] n20w80_001 HMOA 7/15: PF=500, cost=[4137,6412], sat=[6.0,15.0], 87s
  [n20w80_002] n20w80_002 HMOA 7/15: PF=500, cost=[3434,8679], sat=[6.0,9.1], 78s
  [n40w80_002] n40w80_002 HMOA 6/15: PF=500, cost=[4446,7754], sat=[12.0,18.8], 113s
  [n40w80_003] n40w80_003 HMOA 12/15: PF=500, cost=[4691,5680], sat=[0.0,1.0], 51s
  [n60w80_001] n60w80_001 HMOA 4/15: PF=500, cost=[6344,12568], sat=[9.9,15.0], 150s
  [n40w80_001] n40w80_001 HMOA 8/15: PF=500, cost=[6435,9042], sat=[4.0,8.6], 101s
  [n20w80_003] n20w80_003 HMOA 10/15: PF=500, cost=[4049,9300], sat=[7.0,9.7], 56s
  [n40w80_004] n40w80_004 HMOA 8/15: PF=500, cost=[5019,5930], sat=[1.0,4.0], 91s
  [n20w80_005] n20w80_005 HMOA 7/15: PF=500, cost=[3940,5679], sat=[1.0,12.0], 73s
  [n40w80_003] n40w80_003 HMOA 13/15: PF=333, cost=[4715,4715], sat=[0.0,0.0], 36s
  [n20w80_001] n20w80_001 HMOA 8/15: PF=500, cost=[4131,8710], sat=[6.0,14.0], 67s
  [n40w80_005] n40w80_005 HMOA 6/15: PF=500, cost=[5523,8329], sat=[15.3,22.9], 99s
  [n20w80_004] n20w80_004 HMOA 8/15: PF=500, cost=[3763,7666], sat=[7.3,13.7], 78s
  [n20w80_002] n20w80_002 HMOA 8/15: PF=500, cost=[3421,6710], sat=[4.0,8.3], 72s
  [n40w80_002] n40w80_002 HMOA 7/15: PF=500, cost=[4848,5691], sat=[11.2,15.0], 69s
  [n20w80_003] n20w80_003 HMOA 11/15: PF=500, cost=[4247,6999], sat=[6.0,9.0], 55s
  [n40w80_001] n40w80_001 HMOA 9/15: PF=395, cost=[6449,7714], sat=[7.0,9.0], 61s
  [n60w80_002] n60w80_002 HMOA 5/15: PF=500, cost=[6047,8056], sat=[2.6,7.8], 180s
  [n40w80_003] n40w80_003 HMOA 14/15: PF=500, cost=[4741,6610], sat=[0.0,1.0], 59s
  [n40w80_004] n40w80_004 HMOA 9/15: PF=500, cost=[4736,6947], sat=[1.0,5.0], 74s
  [n20w80_001] n20w80_001 HMOA 9/15: PF=500, cost=[3914,6281], sat=[1.0,13.2], 68s
  [n20w80_005] n20w80_005 HMOA 8/15: PF=500, cost=[3887,6140], sat=[1.0,17.0], 86s
  [n20w80_004] n20w80_004 HMOA 9/15: PF=500, cost=[3705,7786], sat=[7.3,13.9], 77s
  [n40w80_003] n40w80_003 HMOA 15/15: PF=223, cost=[4710,4710], sat=[0.0,0.0], 43s
  [n20w80_003] n20w80_003 HMOA 12/15: PF=500, cost=[3838,5099], sat=[1.1,7.0], 68s
  [n20w80_002] n20w80_002 HMOA 9/15: PF=500, cost=[3432,8585], sat=[6.3,9.6], 88s
  [n40w80_002] n40w80_002 HMOA 8/15: PF=500, cost=[4957,7096], sat=[11.0,13.0], 77s
  [n40w80_005] n40w80_005 HMOA 7/15: PF=500, cost=[5488,7597], sat=[10.4,19.8], 112s
  [n40w80_001] n40w80_001 HMOA 10/15: PF=500, cost=[6353,8052], sat=[6.0,8.3], 79s
  [n40w80_004] n40w80_004 HMOA 10/15: PF=500, cost=[4770,6081], sat=[2.0,9.0], 70s
  [n20w80_001] n20w80_001 HMOA 10/15: PF=500, cost=[4150,6864], sat=[6.0,13.0], 64s
  [n60w80_001] n60w80_001 HMOA 5/15: PF=500, cost=[6291,12869], sat=[8.9,18.0], 169s
  [n20w80_005] n20w80_005 HMOA 9/15: PF=500, cost=[3887,6992], sat=[1.0,14.0], 73s
  [n40w80_003] n40w80_003 noLS 1/15: PF=500, cost=[5151,6264], sat=[0.0,1.0], 54s
  [n20w80_004] n20w80_004 HMOA 10/15: PF=500, cost=[3700,7707], sat=[7.3,11.8], 74s
  [n20w80_003] n20w80_003 HMOA 13/15: PF=500, cost=[3838,7136], sat=[1.1,8.0], 62s
  [n40w80_002] n40w80_002 HMOA 9/15: PF=500, cost=[4188,5194], sat=[9.0,14.8], 64s
  [n20w80_002] n20w80_002 HMOA 10/15: PF=500, cost=[3446,6820], sat=[5.3,9.9], 74s
  [n40w80_001] n40w80_001 HMOA 11/15: PF=500, cost=[6086,8781], sat=[2.0,8.7], 75s
  [n60w80_002] n60w80_002 HMOA 6/15: PF=500, cost=[6144,10044], sat=[2.6,7.4], 147s
  [n40w80_005] n40w80_005 HMOA 8/15: PF=500, cost=[5450,5843], sat=[9.9,18.3], 85s
  [n20w80_001] n20w80_001 HMOA 11/15: PF=500, cost=[4131,8352], sat=[6.0,14.0], 77s
  [n40w80_003] n40w80_003 noLS 2/15: PF=500, cost=[5037,5984], sat=[0.0,1.0], 56s
  [n20w80_004] n20w80_004 HMOA 11/15: PF=500, cost=[3621,7824], sat=[8.2,13.9], 58s
  [n20w80_005] n20w80_005 HMOA 10/15: PF=500, cost=[3909,5829], sat=[1.0,12.0], 75s
  [n40w80_004] n40w80_004 HMOA 11/15: PF=500, cost=[5141,7670], sat=[1.6,5.6], 100s
  [n20w80_003] n20w80_003 HMOA 14/15: PF=500, cost=[3838,8512], sat=[1.1,10.0], 68s
  [n20w80_002] n20w80_002 HMOA 11/15: PF=500, cost=[4490,7861], sat=[3.0,7.8], 68s
  [n40w80_003] n40w80_003 noLS 3/15: PF=500, cost=[5109,7834], sat=[0.0,1.0], 47s
  [n40w80_005] n40w80_005 HMOA 9/15: PF=500, cost=[5421,5471], sat=[8.4,21.2], 57s
  [n40w80_002] n40w80_002 HMOA 10/15: PF=500, cost=[4803,7815], sat=[4.0,14.0], 87s
  [n40w80_001] n40w80_001 HMOA 12/15: PF=500, cost=[6004,10500], sat=[2.0,9.0], 76s
  [n20w80_004] n20w80_004 HMOA 12/15: PF=500, cost=[3729,5173], sat=[7.3,11.8], 66s
  [n20w80_003] n20w80_003 HMOA 15/15: PF=500, cost=[3838,5928], sat=[1.1,8.0], 57s
  [n20w80_001] n20w80_001 HMOA 12/15: PF=500, cost=[4131,8248], sat=[5.0,12.0], 80s
  [n20w80_005] n20w80_005 HMOA 11/15: PF=500, cost=[3929,5678], sat=[1.0,11.0], 75s
  [n60w80_001] n60w80_001 HMOA 6/15: PF=500, cost=[6415,9857], sat=[10.2,18.0], 159s
  [n40w80_003] n40w80_003 noLS 4/15: PF=500, cost=[5119,6536], sat=[0.0,1.0], 52s
  [n20w80_002] n20w80_002 HMOA 12/15: PF=500, cost=[3359,6395], sat=[3.0,8.3], 67s
  [n40w80_004] n40w80_004 HMOA 12/15: PF=500, cost=[5039,6008], sat=[0.0,4.8], 80s
  [n60w80_002] n60w80_002 HMOA 7/15: PF=500, cost=[6030,6786], sat=[3.6,7.9], 132s
  [n20w80_003] n20w80_003 noLS 1/15: PF=500, cost=[4194,9585], sat=[2.0,13.0], 44s
  [n40w80_001] n40w80_001 HMOA 13/15: PF=500, cost=[5994,8414], sat=[6.0,9.6], 67s
  [n40w80_002] n40w80_002 HMOA 11/15: PF=500, cost=[4371,7691], sat=[8.0,15.0], 84s
  [n40w80_005] n40w80_005 HMOA 10/15: PF=500, cost=[5004,10186], sat=[19.1,20.6], 87s
  [n20w80_004] n20w80_004 HMOA 13/15: PF=500, cost=[3741,5173], sat=[7.3,11.8], 68s
  [n40w80_003] n40w80_003 noLS 5/15: PF=500, cost=[5008,6107], sat=[0.0,1.0], 55s
  [n20w80_001] n20w80_001 HMOA 13/15: PF=500, cost=[4131,8087], sat=[6.0,15.6], 82s
  [n20w80_005] n20w80_005 HMOA 12/15: PF=500, cost=[3908,6181], sat=[1.0,15.3], 72s
  [n20w80_002] n20w80_002 HMOA 13/15: PF=500, cost=[4407,8225], sat=[3.0,9.0], 65s
  [n20w80_003] n20w80_003 noLS 2/15: PF=500, cost=[4239,6621], sat=[2.0,10.0], 48s
  [n40w80_004] n40w80_004 HMOA 13/15: PF=500, cost=[4902,7182], sat=[2.0,5.0], 72s
  [n40w80_003] n40w80_003 noLS 6/15: PF=408, cost=[5093,5093], sat=[0.0,0.0], 40s
  [n20w80_004] n20w80_004 HMOA 14/15: PF=500, cost=[3729,5173], sat=[7.3,11.8], 72s
  [n40w80_001] n40w80_001 HMOA 14/15: PF=500, cost=[6605,8707], sat=[7.0,10.0], 90s
  [n60w80_002] n60w80_002 HMOA 8/15: PF=500, cost=[6148,7747], sat=[3.6,6.7], 109s
  [n40w80_002] n40w80_002 HMOA 12/15: PF=500, cost=[4964,9644], sat=[11.0,16.0], 98s
  [n20w80_003] n20w80_003 noLS 3/15: PF=500, cost=[4408,6987], sat=[4.0,9.0], 72s
  [n20w80_001] n20w80_001 HMOA 14/15: PF=500, cost=[4131,7901], sat=[6.0,14.0], 83s
  [n40w80_005] n40w80_005 HMOA 11/15: PF=500, cost=[5532,10582], sat=[16.6,19.9], 110s
  [n20w80_005] n20w80_005 HMOA 13/15: PF=500, cost=[3931,6163], sat=[1.0,17.0], 92s
  [n40w80_003] n40w80_003 noLS 7/15: PF=500, cost=[5103,6661], sat=[0.0,1.0], 69s
  [n60w80_001] n60w80_001 HMOA 7/15: PF=500, cost=[6112,18868], sat=[11.2,18.5], 172s
  [n20w80_002] n20w80_002 HMOA 14/15: PF=500, cost=[3522,7843], sat=[5.4,10.9], 105s
  [n40w80_004] n40w80_004 HMOA 14/15: PF=500, cost=[5108,6327], sat=[1.0,5.0], 109s
  [n20w80_003] n20w80_003 noLS 4/15: PF=500, cost=[4247,6999], sat=[6.0,9.0], 54s
  [n20w80_004] n20w80_004 HMOA 15/15: PF=500, cost=[3764,7770], sat=[7.1,15.9], 87s
  [n20w80_001] n20w80_001 HMOA 15/15: PF=500, cost=[4150,8099], sat=[6.0,13.0], 77s
  [n40w80_003] n40w80_003 noLS 8/15: PF=500, cost=[5048,5504], sat=[0.0,1.0], 60s
  [n40w80_001] n40w80_001 HMOA 15/15: PF=500, cost=[5991,9084], sat=[2.0,8.8], 110s
  [n20w80_005] n20w80_005 HMOA 14/15: PF=500, cost=[3909,7057], sat=[1.0,11.6], 81s
  [n40w80_002] n40w80_002 HMOA 13/15: PF=500, cost=[4328,7269], sat=[8.0,15.0], 109s
  [n20w80_002] n20w80_002 HMOA 15/15: PF=500, cost=[3568,8433], sat=[4.4,10.0], 82s
  [n20w80_003] n20w80_003 noLS 5/15: PF=500, cost=[4408,7117], sat=[4.0,9.0], 58s
  [n20w80_004] n20w80_004 noLS 1/15: PF=500, cost=[4014,6046], sat=[7.1,11.0], 60s
  [n60w80_002] n60w80_002 HMOA 9/15: PF=500, cost=[6094,7525], sat=[3.6,7.1], 131s
  [n40w80_005] n40w80_005 HMOA 12/15: PF=500, cost=[5375,8526], sat=[8.4,17.2], 132s
  [n40w80_004] n40w80_004 HMOA 15/15: PF=500, cost=[5068,6008], sat=[1.0,4.0], 99s
  [n20w80_001] n20w80_001 noLS 1/15: PF=500, cost=[4161,7333], sat=[1.0,14.0], 63s
  [n40w80_003] n40w80_003 noLS 9/15: PF=500, cost=[5093,6867], sat=[0.0,1.0], 61s
  [n60w80_001] n60w80_001 HMOA 8/15: PF=500, cost=[6110,9205], sat=[11.2,16.0], 124s
  [n40w80_001] n40w80_001 noLS 1/15: PF=500, cost=[6835,9840], sat=[1.0,6.0], 89s
  [n20w80_005] n20w80_005 HMOA 15/15: PF=500, cost=[3909,6383], sat=[1.0,11.0], 82s
  [n20w80_003] n20w80_003 noLS 6/15: PF=500, cost=[4552,7029], sat=[4.0,9.0], 64s
  [n20w80_002] n20w80_002 noLS 1/15: PF=500, cost=[4328,8278], sat=[3.0,10.0], 78s
  [n20w80_004] n20w80_004 noLS 2/15: PF=500, cost=[4114,5558], sat=[7.1,10.9], 74s
  [n40w80_003] n40w80_003 noLS 10/15: PF=500, cost=[5117,6125], sat=[0.0,1.0], 66s
  [n20w80_001] n20w80_001 noLS 2/15: PF=500, cost=[4393,8107], sat=[2.0,14.6], 77s
  [n40w80_002] n40w80_002 HMOA 14/15: PF=500, cost=[4875,8563], sat=[5.1,15.0], 128s
  [n40w80_004] n40w80_004 noLS 1/15: PF=500, cost=[5122,5866], sat=[1.0,4.0], 93s
  [n40w80_005] n40w80_005 HMOA 13/15: PF=500, cost=[5414,7008], sat=[17.6,19.4], 102s
  [n20w80_003] n20w80_003 noLS 7/15: PF=500, cost=[4371,5660], sat=[4.0,8.0], 71s
  [n20w80_005] n20w80_005 noLS 1/15: PF=500, cost=[3940,6298], sat=[1.0,12.6], 77s
  [n40w80_003] n40w80_003 noLS 11/15: PF=445, cost=[5014,5014], sat=[0.0,0.0], 47s
  [n20w80_002] n20w80_002 noLS 2/15: PF=500, cost=[4289,8367], sat=[3.0,10.0], 80s
  [n20w80_004] n20w80_004 noLS 3/15: PF=500, cost=[3990,8850], sat=[6.1,15.3], 78s
  [n40w80_001] n40w80_001 noLS 2/15: PF=500, cost=[6247,12461], sat=[1.0,7.0], 100s
  [n60w80_002] n60w80_002 HMOA 10/15: PF=500, cost=[6298,7083], sat=[1.6,7.0], 177s
  [n20w80_001] n20w80_001 noLS 3/15: PF=500, cost=[4375,6857], sat=[2.0,12.0], 77s
  [n40w80_003] n40w80_003 noLS 12/15: PF=424, cost=[5189,5189], sat=[0.0,0.0], 47s
  [n20w80_003] n20w80_003 noLS 8/15: PF=500, cost=[4486,7577], sat=[2.0,10.0], 65s
  [n20w80_005] n20w80_005 noLS 2/15: PF=500, cost=[3919,6707], sat=[1.0,13.0], 74s
  [n40w80_004] n40w80_004 noLS 2/15: PF=500, cost=[4996,6040], sat=[0.0,4.0], 95s
  [n20w80_004] n20w80_004 noLS 4/15: PF=500, cost=[4014,6238], sat=[7.1,9.9], 71s
  [n40w80_002] n40w80_002 HMOA 15/15: PF=500, cost=[4689,5752], sat=[6.1,12.0], 116s
  [n20w80_002] n20w80_002 noLS 3/15: PF=500, cost=[4326,8362], sat=[3.0,7.5], 77s
  [n40w80_005] n40w80_005 HMOA 14/15: PF=500, cost=[5501,8392], sat=[12.3,17.2], 111s
  [n20w80_001] n20w80_001 noLS 4/15: PF=500, cost=[4174,6888], sat=[1.0,12.0], 71s
  [n40w80_001] n40w80_001 noLS 3/15: PF=500, cost=[7332,8418], sat=[2.0,6.0], 96s
  [n40w80_003] n40w80_003 noLS 13/15: PF=500, cost=[5035,6570], sat=[0.0,1.0], 67s
  [n20w80_003] n20w80_003 noLS 9/15: PF=500, cost=[4239,6927], sat=[2.0,11.0], 63s
  [n60w80_001] n60w80_001 HMOA 9/15: PF=500, cost=[6216,15983], sat=[6.5,17.3], 253s
  [n20w80_005] n20w80_005 noLS 3/15: PF=500, cost=[3917,6916], sat=[1.0,16.5], 76s
  [n40w80_004] n40w80_004 noLS 3/15: PF=500, cost=[4993,7275], sat=[1.0,7.0], 86s
  [n20w80_004] n20w80_004 noLS 5/15: PF=500, cost=[3990,8640], sat=[6.1,11.6], 76s
  [n20w80_002] n20w80_002 noLS 4/15: PF=500, cost=[4328,10919], sat=[3.0,8.3], 78s
  [n20w80_003] n20w80_003 noLS 10/15: PF=500, cost=[4248,6582], sat=[2.0,8.0], 57s
  [n40w80_002] n40w80_002 noLS 1/15: PF=500, cost=[5140,7939], sat=[2.0,15.0], 96s
  [n40w80_003] n40w80_003 noLS 14/15: PF=500, cost=[5035,6141], sat=[0.0,1.0], 72s
  [n20w80_001] n20w80_001 noLS 5/15: PF=500, cost=[4161,7645], sat=[1.0,12.6], 77s
  [n60w80_002] n60w80_002 HMOA 11/15: PF=500, cost=[6383,6621], sat=[3.6,7.0], 153s
  [n40w80_005] n40w80_005 HMOA 15/15: PF=500, cost=[5412,5913], sat=[10.4,21.0], 104s
  [n40w80_001] n40w80_001 noLS 4/15: PF=500, cost=[7550,8985], sat=[4.9,7.0], 94s
  [n20w80_005] n20w80_005 noLS 4/15: PF=500, cost=[3885,5916], sat=[1.0,16.1], 75s
  [n20w80_004] n20w80_004 noLS 6/15: PF=500, cost=[4014,5457], sat=[7.1,10.9], 75s
  [n20w80_003] n20w80_003 noLS 11/15: PF=500, cost=[4245,7165], sat=[2.0,12.0], 64s
  [n20w80_002] n20w80_002 noLS 5/15: PF=500, cost=[4289,9727], sat=[3.0,9.4], 78s
  [n40w80_004] n40w80_004 noLS 4/15: PF=500, cost=[4995,5878], sat=[1.0,4.0], 92s
  [n40w80_003] n40w80_003 noLS 15/15: PF=500, cost=[5010,7729], sat=[0.0,1.0], 73s
  [n40w80_003] DONE n40w80_003: C(H,N)=0.8885, C(N,H)=0.1599
[17:40:55] DONE n40w80_003 (1/20): C(H,N)=0.8885, C(N,H)=0.1599, T(H)=52s, T(N)=58s, elapsed=1644s
  [n20w80_001] n20w80_001 noLS 6/15: PF=500, cost=[4174,7430], sat=[1.0,11.0], 73s
  [n60w80_001] n60w80_001 HMOA 10/15: PF=500, cost=[6168,11911], sat=[11.4,19.6], 131s
  [n40w80_001] n40w80_001 noLS 5/15: PF=500, cost=[6766,6857], sat=[4.9,6.0], 75s
  [n40w80_002] n40w80_002 noLS 2/15: PF=500, cost=[5570,8559], sat=[6.2,13.9], 102s
  [n20w80_005] n20w80_005 noLS 5/15: PF=500, cost=[3909,6889], sat=[1.0,16.5], 76s
  [n40w80_005] n40w80_005 noLS 1/15: PF=500, cost=[5435,11062], sat=[6.4,22.9], 107s
  [n20w80_003] n20w80_003 noLS 12/15: PF=500, cost=[4400,4951], sat=[1.0,6.4], 69s
  [n20w80_004] n20w80_004 noLS 7/15: PF=500, cost=[4114,10395], sat=[7.1,16.0], 79s
  [n20w80_002] n20w80_002 noLS 6/15: PF=500, cost=[4328,7886], sat=[3.0,8.8], 78s
  [n20w80_001] n20w80_001 noLS 7/15: PF=500, cost=[4161,8446], sat=[1.0,11.0], 75s
  [n40w80_004] n40w80_004 noLS 5/15: PF=500, cost=[4831,5987], sat=[1.0,4.0], 90s
  [n20w80_005] n20w80_005 noLS 6/15: PF=500, cost=[3885,6816], sat=[1.0,16.4], 75s
  [n20w80_003] n20w80_003 noLS 13/15: PF=500, cost=[4363,7043], sat=[1.0,8.7], 66s
  [n60w80_002] n60w80_002 HMOA 12/15: PF=500, cost=[6069,10658], sat=[2.6,7.8], 186s
  [n40w80_001] n40w80_001 noLS 6/15: PF=500, cost=[6401,12366], sat=[2.0,8.0], 102s
  [n20w80_004] n20w80_004 noLS 8/15: PF=500, cost=[4014,8324], sat=[7.1,11.0], 73s
  [n40w80_002] n40w80_002 noLS 3/15: PF=500, cost=[5256,8232], sat=[5.1,16.4], 101s
  [n20w80_002] n20w80_002 noLS 7/15: PF=500, cost=[4541,8107], sat=[3.0,8.0], 72s
  [n40w80_005] n40w80_005 noLS 2/15: PF=500, cost=[5495,7642], sat=[7.5,17.7], 103s
  [n20w80_001] n20w80_001 noLS 8/15: PF=500, cost=[4161,8234], sat=[1.0,14.0], 75s
  [n60w80_003] n60w80_003 HMOA 1/15: PF=500, cost=[6490,9171], sat=[0.0,16.0], 157s
  [n60w80_001] n60w80_001 HMOA 11/15: PF=500, cost=[6793,11724], sat=[5.0,13.9], 157s
  [n40w80_004] n40w80_004 noLS 6/15: PF=500, cost=[4992,6529], sat=[1.0,5.0], 94s
  [n20w80_003] n20w80_003 noLS 14/15: PF=500, cost=[4224,8642], sat=[2.0,11.0], 62s
  [n20w80_005] n20w80_005 noLS 7/15: PF=500, cost=[3931,6213], sat=[1.0,17.0], 77s
  [n20w80_004] n20w80_004 noLS 9/15: PF=500, cost=[4114,8213], sat=[7.1,13.7], 79s
  [n20w80_002] n20w80_002 noLS 8/15: PF=500, cost=[4289,8787], sat=[3.0,9.2], 79s
  [n40w80_001] n40w80_001 noLS 7/15: PF=500, cost=[6444,7747], sat=[1.0,6.0], 95s
  [n20w80_001] n20w80_001 noLS 9/15: PF=500, cost=[4161,8065], sat=[1.0,12.0], 74s
  [n40w80_002] n40w80_002 noLS 4/15: PF=500, cost=[5359,8861], sat=[6.1,14.1], 100s
  [n20w80_003] n20w80_003 noLS 15/15: PF=500, cost=[4408,7261], sat=[4.0,7.0], 70s
  [n20w80_003] DONE n20w80_003: C(H,N)=0.8671, C(N,H)=0.0837
[17:45:02] DONE n20w80_003 (2/20): C(H,N)=0.8671, C(N,H)=0.0837, T(H)=64s, T(N)=62s, elapsed=1891s
  [n40w80_005] n40w80_005 noLS 3/15: PF=500, cost=[5551,7565], sat=[10.2,18.5], 106s
  [n20w80_005] n20w80_005 noLS 8/15: PF=500, cost=[3908,6150], sat=[1.0,15.6], 79s
  [n40w80_004] n40w80_004 noLS 7/15: PF=500, cost=[5298,7322], sat=[1.0,8.0], 102s
  [n20w80_004] n20w80_004 noLS 10/15: PF=500, cost=[4047,5457], sat=[7.1,10.9], 77s
  [n20w80_002] n20w80_002 noLS 9/15: PF=500, cost=[4541,8361], sat=[3.0,8.0], 76s
  [n60w80_002] n60w80_002 HMOA 13/15: PF=500, cost=[6068,8366], sat=[2.6,6.8], 170s
  [n20w80_001] n20w80_001 noLS 10/15: PF=500, cost=[4361,7895], sat=[2.0,12.0], 78s
  [n60w80_003] n60w80_003 HMOA 2/15: PF=500, cost=[6947,11746], sat=[13.4,18.0], 147s
  [n60w80_001] n60w80_001 HMOA 12/15: PF=500, cost=[6427,12360], sat=[7.0,15.0], 145s
  [n40w80_001] n40w80_001 noLS 8/15: PF=500, cost=[7279,8687], sat=[0.8,7.0], 105s
  [n40w80_002] n40w80_002 noLS 5/15: PF=500, cost=[5159,8943], sat=[6.4,13.9], 99s
  [n20w80_005] n20w80_005 noLS 9/15: PF=500, cost=[3931,6888], sat=[1.0,16.5], 70s
  [n20w80_004] n20w80_004 noLS 11/15: PF=500, cost=[4114,8150], sat=[7.1,15.0], 64s
  [n40w80_004] n40w80_004 noLS 8/15: PF=500, cost=[4938,7431], sat=[1.0,5.0], 76s
  [n40w80_005] n40w80_005 noLS 4/15: PF=500, cost=[5496,9713], sat=[7.4,18.0], 102s
  [n20w80_002] n20w80_002 noLS 10/15: PF=500, cost=[4412,8885], sat=[3.0,9.0], 69s
  [n20w80_001] n20w80_001 noLS 11/15: PF=500, cost=[4385,6345], sat=[2.0,11.4], 62s
  [n40w80_001] n40w80_001 noLS 9/15: PF=500, cost=[7117,9992], sat=[1.0,8.0], 73s
  [n20w80_005] n20w80_005 noLS 10/15: PF=500, cost=[3919,6838], sat=[1.0,16.4], 60s
  [n40w80_002] n40w80_002 noLS 6/15: PF=500, cost=[5360,7725], sat=[7.0,14.0], 75s
  [n60w80_002] n60w80_002 HMOA 14/15: PF=500, cost=[6245,7153], sat=[3.6,6.7], 112s
  [n20w80_004] n20w80_004 noLS 12/15: PF=500, cost=[4014,6548], sat=[7.1,11.1], 61s
  [n20w80_002] n20w80_002 noLS 11/15: PF=500, cost=[4328,8084], sat=[3.0,8.7], 62s
  [n20w80_001] n20w80_001 noLS 12/15: PF=500, cost=[4393,7582], sat=[2.0,12.7], 57s
  [n60w80_004] n60w80_004 HMOA 1/15: PF=500, cost=[7084,15208], sat=[2.4,16.0], 177s
  [n40w80_004] n40w80_004 noLS 9/15: PF=500, cost=[5148,6710], sat=[1.0,6.0], 78s
  [n40w80_005] n40w80_005 noLS 5/15: PF=500, cost=[5522,6586], sat=[8.6,17.1], 84s
  [n60w80_001] n60w80_001 HMOA 13/15: PF=500, cost=[6711,11582], sat=[10.0,14.0], 129s
  [n20w80_005] n20w80_005 noLS 11/15: PF=500, cost=[3929,6582], sat=[1.0,12.0], 54s
  [n40w80_001] n40w80_001 noLS 10/15: PF=500, cost=[6860,9080], sat=[2.0,6.3], 63s
  [n20w80_004] n20w80_004 noLS 13/15: PF=500, cost=[4014,8570], sat=[7.1,11.8], 57s
  [n20w80_002] n20w80_002 noLS 12/15: PF=500, cost=[4424,8213], sat=[2.0,7.4], 53s
  [n60w80_003] n60w80_003 HMOA 3/15: PF=500, cost=[6617,11255], sat=[1.0,18.2], 168s
  [n20w80_001] n20w80_001 noLS 13/15: PF=500, cost=[4161,8099], sat=[1.0,13.0], 53s
  [n40w80_002] n40w80_002 noLS 7/15: PF=500, cost=[5195,8745], sat=[7.0,15.6], 78s
  [n40w80_004] n40w80_004 noLS 10/15: PF=500, cost=[5128,7407], sat=[1.0,5.0], 73s
  [n20w80_005] n20w80_005 noLS 12/15: PF=500, cost=[3917,6058], sat=[1.0,13.5], 57s
  [n40w80_005] n40w80_005 noLS 6/15: PF=500, cost=[5533,7047], sat=[8.9,15.8], 80s
  [n60w80_002] n60w80_002 HMOA 15/15: PF=500, cost=[6213,6661], sat=[3.7,7.0], 120s
  [n20w80_004] n20w80_004 noLS 14/15: PF=500, cost=[4114,9449], sat=[7.1,16.0], 62s
  [n20w80_002] n20w80_002 noLS 13/15: PF=500, cost=[4367,8169], sat=[3.0,8.7], 62s
  [n20w80_001] n20w80_001 noLS 14/15: PF=500, cost=[4161,9201], sat=[1.0,13.9], 59s
  [n40w80_001] n40w80_001 noLS 11/15: PF=500, cost=[6945,10260], sat=[3.0,8.0], 78s
  [n40w80_002] n40w80_002 noLS 8/15: PF=500, cost=[5224,7182], sat=[7.0,14.0], 80s
  [n60w80_004] n60w80_004 HMOA 2/15: PF=500, cost=[6853,9234], sat=[1.0,16.4], 132s
  [n20w80_005] n20w80_005 noLS 13/15: PF=500, cost=[3887,6339], sat=[1.0,13.6], 58s
  [n60w80_003] n60w80_003 HMOA 4/15: PF=500, cost=[6902,8052], sat=[9.0,16.0], 105s
  [n60w80_001] n60w80_001 HMOA 14/15: PF=500, cost=[6316,8486], sat=[6.0,15.9], 135s
  [n40w80_004] n40w80_004 noLS 11/15: PF=500, cost=[5075,7751], sat=[1.0,6.0], 79s
  [n20w80_004] n20w80_004 noLS 15/15: PF=500, cost=[4114,7253], sat=[7.1,12.9], 61s
  [n20w80_004] DONE n20w80_004: C(H,N)=0.9277, C(N,H)=0.0572
[17:50:43] DONE n20w80_004 (3/20): C(H,N)=0.9277, C(N,H)=0.0572, T(H)=79s, T(N)=70s, elapsed=2232s
  [n20w80_001] n20w80_001 noLS 15/15: PF=500, cost=[4393,9220], sat=[2.0,14.0], 58s
  [n20w80_001] DONE n20w80_001: C(H,N)=0.9923, C(N,H)=0.0056
[17:50:48] DONE n20w80_001 (4/20): C(H,N)=0.9923, C(N,H)=0.0056, T(H)=80s, T(N)=69s, elapsed=2237s
  [n20w80_002] n20w80_002 noLS 14/15: PF=500, cost=[4368,8277], sat=[3.0,7.5], 64s
  [n40w80_005] n40w80_005 noLS 7/15: PF=500, cost=[5504,8822], sat=[6.6,17.1], 82s
  [n40w80_001] n40w80_001 noLS 12/15: PF=500, cost=[6762,13142], sat=[1.0,8.0], 76s
  [n60w80_002] n60w80_002 noLS 1/15: PF=500, cost=[6446,7776], sat=[3.6,6.3], 96s
  [n20w80_005] n20w80_005 noLS 14/15: PF=500, cost=[3915,7295], sat=[0.3,15.0], 66s
  [n40w80_002] n40w80_002 noLS 9/15: PF=500, cost=[5193,8330], sat=[5.4,12.7], 87s
  [n40w80_004] n40w80_004 noLS 12/15: PF=500, cost=[5048,5827], sat=[1.6,4.0], 78s
  [n20w80_002] n20w80_002 noLS 15/15: PF=500, cost=[4289,7882], sat=[3.0,9.6], 64s
  [n20w80_002] DONE n20w80_002: C(H,N)=0.7965, C(N,H)=0.1916
[17:51:57] DONE n20w80_002 (5/20): C(H,N)=0.7965, C(N,H)=0.1916, T(H)=82s, T(N)=71s, elapsed=2306s
  [n40w80_005] n40w80_005 noLS 8/15: PF=500, cost=[5421,8125], sat=[6.4,16.9], 84s
  [n40w80_001] n40w80_001 noLS 13/15: PF=500, cost=[7138,10759], sat=[1.0,6.2], 71s
  [n20w80_005] n20w80_005 noLS 15/15: PF=500, cost=[3909,7395], sat=[1.0,12.2], 58s
  [n20w80_005] DONE n20w80_005: C(H,N)=0.5875, C(N,H)=0.2771
[17:52:26] DONE n20w80_005 (6/20): C(H,N)=0.5875, C(N,H)=0.2771, T(H)=87s, T(N)=69s, elapsed=2335s
  [n60w80_004] n60w80_004 HMOA 3/15: PF=500, cost=[6955,9620], sat=[6.6,15.8], 139s
  [n60w80_003] n60w80_003 HMOA 5/15: PF=500, cost=[6739,12970], sat=[1.0,20.6], 124s
  [n60w80_002] n60w80_002 noLS 2/15: PF=500, cost=[6374,6890], sat=[4.6,6.9], 96s
  [n40w80_002] n40w80_002 noLS 10/15: PF=500, cost=[5051,7866], sat=[5.4,14.0], 83s
  [n40w80_004] n40w80_004 noLS 13/15: PF=500, cost=[5128,6848], sat=[1.0,5.0], 76s
  [n60w80_001] n60w80_001 HMOA 15/15: PF=500, cost=[6263,11584], sat=[8.6,17.9], 168s
  [n60w80_005] n60w80_005 HMOA 1/15: PF=500, cost=[6026,14583], sat=[5.0,23.9], 169s
  [n40w80_001] n40w80_001 noLS 14/15: PF=500, cost=[6736,9240], sat=[1.0,5.0], 75s
  [n40w80_005] n40w80_005 noLS 9/15: PF=500, cost=[5501,7810], sat=[8.6,18.7], 87s
  [n40w80_002] n40w80_002 noLS 11/15: PF=500, cost=[5333,7631], sat=[2.0,13.0], 84s
  [n40w80_004] n40w80_004 noLS 14/15: PF=500, cost=[4920,9508], sat=[1.0,6.0], 75s
  [n60w80_002] n60w80_002 noLS 3/15: PF=500, cost=[6541,9443], sat=[1.6,7.0], 105s
  [n40w80_001] n40w80_001 noLS 15/15: PF=500, cost=[6662,10547], sat=[2.0,7.0], 78s
  [n40w80_001] DONE n40w80_001: C(H,N)=0.8077, C(N,H)=0.0272
[17:54:54] DONE n40w80_001 (7/20): C(H,N)=0.8077, C(N,H)=0.0272, T(H)=81s, T(N)=85s, elapsed=2483s
  [n60w80_004] n60w80_004 HMOA 4/15: PF=500, cost=[6889,11182], sat=[6.5,20.7], 162s
  [n60w80_001] n60w80_001 noLS 1/15: PF=500, cost=[6399,10777], sat=[6.8,13.2], 112s
  [n60w80_003] n60w80_003 HMOA 6/15: PF=500, cost=[6777,11002], sat=[0.0,20.0], 170s
  [n40w80_005] n40w80_005 noLS 10/15: PF=500, cost=[5525,12543], sat=[9.9,21.1], 106s
  [n40w80_002] n40w80_002 noLS 12/15: PF=500, cost=[5366,7877], sat=[4.2,14.6], 98s
  [n40w80_004] n40w80_004 noLS 15/15: PF=500, cost=[5195,7514], sat=[1.0,9.0], 99s
  [n40w80_004] DONE n40w80_004: C(H,N)=0.5363, C(N,H)=0.3535
[17:56:06] DONE n40w80_004 (8/20): C(H,N)=0.5363, C(N,H)=0.3535, T(H)=84s, T(N)=86s, elapsed=2555s
  [n80w80_001] n80w80_001 HMOA 1/15: PF=500, cost=[7777,12524], sat=[4.0,16.2], 322s
  [n60w80_005] n60w80_005 HMOA 2/15: PF=500, cost=[5958,11368], sat=[5.0,21.8], 171s
  [n60w80_002] n60w80_002 noLS 4/15: PF=500, cost=[6483,9779], sat=[1.6,7.0], 129s
  [n80w80_004] n80w80_004 HMOA 1/15: PF=500, cost=[5433,9380], sat=[18.0,25.6], 121s
  [n40w80_005] n40w80_005 noLS 11/15: PF=500, cost=[5489,7042], sat=[8.6,18.0], 93s
  [n60w80_001] n60w80_001 noLS 2/15: PF=500, cost=[6478,10988], sat=[3.0,14.0], 118s
  [n80w80_003] n80w80_003 HMOA 1/15: PF=500, cost=[7576,10259], sat=[10.6,23.6], 297s
  [n40w80_002] n40w80_002 noLS 13/15: PF=500, cost=[5414,6434], sat=[6.8,13.0], 86s
  [n60w80_003] n60w80_003 HMOA 7/15: PF=500, cost=[6624,11895], sat=[0.0,19.0], 158s
  [n80w80_005] n80w80_005 HMOA 1/15: PF=500, cost=[7463,9887], sat=[11.3,21.8], 122s
  [n80w80_001] n80w80_001 HMOA 2/15: PF=500, cost=[7443,8960], sat=[5.0,13.3], 124s
  [n60w80_004] n60w80_004 HMOA 5/15: PF=500, cost=[6936,9827], sat=[2.0,12.0], 184s
  [n60w80_002] n60w80_002 noLS 5/15: PF=500, cost=[6301,8172], sat=[3.6,7.9], 97s
  [n40w80_005] n40w80_005 noLS 12/15: PF=500, cost=[5495,7144], sat=[8.6,18.0], 83s
  [n40w80_002] n40w80_002 noLS 14/15: PF=500, cost=[5152,8034], sat=[5.0,15.0], 77s
  [n60w80_001] n60w80_001 noLS 3/15: PF=500, cost=[6644,13029], sat=[2.0,15.0], 101s
  [n80w80_004] n80w80_004 HMOA 2/15: PF=500, cost=[5584,8272], sat=[21.1,31.0], 119s
  [n60w80_005] n60w80_005 HMOA 3/15: PF=500, cost=[5967,14751], sat=[5.0,19.1], 194s
  [n40w80_005] n40w80_005 noLS 13/15: PF=500, cost=[5461,7874], sat=[7.5,18.1], 80s
  [n60w80_002] n60w80_002 noLS 6/15: PF=500, cost=[6447,11606], sat=[2.7,7.7], 96s
  [n40w80_002] n40w80_002 noLS 15/15: PF=500, cost=[5188,6976], sat=[5.1,13.0], 78s
  [n40w80_002] DONE n40w80_002: C(H,N)=0.8643, C(N,H)=0.0332
[18:00:05] DONE n40w80_002 (9/20): C(H,N)=0.8643, C(N,H)=0.0332, T(H)=98s, T(N)=88s, elapsed=2794s
  [n60w80_001] n60w80_001 noLS 4/15: PF=500, cost=[6877,13202], sat=[2.0,15.0], 99s
  [n60w80_003] n60w80_003 HMOA 8/15: PF=500, cost=[6545,11032], sat=[0.0,20.7], 162s
  [n80w80_001] n80w80_001 HMOA 3/15: PF=500, cost=[7231,10645], sat=[7.0,17.3], 154s
  [n80w80_004] n80w80_004 HMOA 3/15: PF=500, cost=[7038,7596], sat=[10.0,25.0], 123s
  [n40w80_005] n40w80_005 noLS 14/15: PF=500, cost=[5434,6714], sat=[8.6,16.4], 76s
  [n80w80_005] n80w80_005 HMOA 2/15: PF=500, cost=[6543,12690], sat=[8.9,15.9], 175s
  [n60w80_002] n60w80_002 noLS 7/15: PF=500, cost=[6582,8770], sat=[1.6,7.7], 95s
  [n60w80_001] n60w80_001 noLS 5/15: PF=500, cost=[6244,11589], sat=[6.7,15.6], 95s
  [n80w80_002] n80w80_002 HMOA 1/15: PF=500, cost=[8510,15870], sat=[5.6,26.3], 610s
  [n40w80_005] n40w80_005 noLS 15/15: PF=500, cost=[5566,7941], sat=[8.9,17.6], 78s
  [n40w80_005] DONE n40w80_005: C(H,N)=0.6847, C(N,H)=0.0045
[18:02:23] DONE n40w80_005 (10/20): C(H,N)=0.6847, C(N,H)=0.0045, T(H)=105s, T(N)=90s, elapsed=2932s
  [n80w80_003] n80w80_003 HMOA 2/15: PF=500, cost=[7625,14880], sat=[6.0,33.7], 304s
  [n60w80_003] n60w80_003 HMOA 9/15: PF=500, cost=[6539,10929], sat=[2.0,19.3], 105s
  [n80w80_004] n80w80_004 HMOA 4/15: PF=500, cost=[6797,9998], sat=[11.0,37.7], 108s
  [n80w80_001] n80w80_001 HMOA 4/15: PF=500, cost=[7145,10272], sat=[4.0,15.0], 122s
  [n60w80_002] n60w80_002 noLS 8/15: PF=500, cost=[6327,10209], sat=[0.6,7.0], 93s
  [n60w80_004] n60w80_004 HMOA 6/15: PF=500, cost=[6994,13049], sat=[3.7,15.0], 287s
  [n80w80_005] n80w80_005 HMOA 3/15: PF=500, cost=[7415,11709], sat=[10.9,20.7], 123s
  [n60w80_001] n60w80_001 noLS 6/15: PF=500, cost=[6532,16038], sat=[4.0,15.0], 99s
  [n60w80_005] n60w80_005 HMOA 4/15: PF=500, cost=[6305,14909], sat=[3.0,21.0], 269s
  [n80w80_004] n80w80_004 HMOA 5/15: PF=500, cost=[6875,10622], sat=[20.0,25.0], 113s
  [n80w80_003] n80w80_003 HMOA 3/15: PF=500, cost=[6932,7890], sat=[13.9,22.9], 141s
  [n60w80_002] n60w80_002 noLS 9/15: PF=500, cost=[6517,16549], sat=[1.6,9.0], 107s
  [n80w80_002] n80w80_002 HMOA 2/15: PF=500, cost=[7919,16220], sat=[6.0,20.2], 196s
  [n60w80_001] n60w80_001 noLS 7/15: PF=500, cost=[6701,9802], sat=[7.5,14.0], 104s
  [n60w80_004] n60w80_004 HMOA 7/15: PF=500, cost=[6832,8501], sat=[4.7,21.2], 147s
  [n60w80_003] n60w80_003 HMOA 10/15: PF=500, cost=[6805,16016], sat=[9.0,22.7], 196s
  [n60w80_002] n60w80_002 noLS 10/15: PF=500, cost=[6498,8398], sat=[1.6,8.0], 93s
  [n80w80_004] n80w80_004 HMOA 6/15: PF=500, cost=[5266,8886], sat=[14.0,27.0], 107s
  [n80w80_001] n80w80_001 HMOA 5/15: PF=500, cost=[7322,15828], sat=[4.0,10.1], 225s
  [n80w80_005] n80w80_005 HMOA 4/15: PF=500, cost=[6973,13507], sat=[12.0,26.4], 212s
  [n60w80_001] n60w80_001 noLS 8/15: PF=500, cost=[6835,9614], sat=[2.0,11.0], 89s
  [n60w80_005] n60w80_005 HMOA 5/15: PF=500, cost=[5993,15804], sat=[5.0,18.7], 183s
  [n80w80_003] n80w80_003 HMOA 4/15: PF=500, cost=[7615,12242], sat=[13.9,24.0], 154s
  [n60w80_003] n60w80_003 HMOA 11/15: PF=500, cost=[6468,7268], sat=[0.0,16.9], 106s
  [n60w80_002] n60w80_002 noLS 11/15: PF=500, cost=[6493,9648], sat=[2.6,8.0], 82s
  [n80w80_004] n80w80_004 HMOA 7/15: PF=500, cost=[5371,7657], sat=[16.0,26.4], 83s
  [n60w80_004] n60w80_004 HMOA 8/15: PF=500, cost=[7061,10458], sat=[3.4,15.0], 140s
  [n60w80_001] n60w80_001 noLS 9/15: PF=500, cost=[6560,10919], sat=[5.0,14.0], 87s
  [n80w80_001] n80w80_001 HMOA 6/15: PF=500, cost=[7634,10428], sat=[4.0,13.7], 129s
  [n80w80_002] n80w80_002 HMOA 3/15: PF=500, cost=[8475,13094], sat=[6.8,23.0], 204s
  [n60w80_005] n60w80_005 HMOA 6/15: PF=500, cost=[6312,8152], sat=[4.6,12.0], 101s
  [n60w80_002] n60w80_002 noLS 12/15: PF=500, cost=[6241,13507], sat=[0.6,9.0], 89s
  [n60w80_003] n60w80_003 HMOA 12/15: PF=500, cost=[6579,7515], sat=[0.0,18.4], 111s
  [n60w80_001] n60w80_001 noLS 10/15: PF=500, cost=[6704,13074], sat=[5.5,16.9], 91s
  [n80w80_004] n80w80_004 HMOA 8/15: PF=500, cost=[5307,14327], sat=[13.0,29.0], 165s
  [n80w80_005] n80w80_005 HMOA 5/15: PF=500, cost=[7596,13617], sat=[7.2,28.1], 243s
  [n60w80_002] n60w80_002 noLS 13/15: PF=500, cost=[6479,8595], sat=[2.6,8.0], 87s
  [n80w80_003] n80w80_003 HMOA 5/15: PF=500, cost=[6954,14983], sat=[7.0,22.8], 205s
  [n60w80_004] n60w80_004 HMOA 9/15: PF=500, cost=[7023,10746], sat=[3.0,12.0], 176s
  [n60w80_003] n60w80_003 HMOA 13/15: PF=500, cost=[6501,8138], sat=[2.0,17.9], 100s
  [n80w80_001] n80w80_001 HMOA 7/15: PF=500, cost=[7333,15858], sat=[5.0,13.0], 149s
  [n60w80_001] n60w80_001 noLS 11/15: PF=500, cost=[6689,11689], sat=[3.0,19.0], 88s
  [n80w80_002] n80w80_002 HMOA 4/15: PF=500, cost=[8327,11102], sat=[8.1,18.9], 158s
  [n60w80_005] n60w80_005 HMOA 7/15: PF=500, cost=[6088,14442], sat=[5.0,19.0], 187s
  [n60w80_002] n60w80_002 noLS 14/15: PF=500, cost=[6465,9254], sat=[3.6,8.0], 83s
  [n60w80_004] n60w80_004 HMOA 10/15: PF=500, cost=[6809,9152], sat=[10.7,17.0], 98s
  [n60w80_001] n60w80_001 noLS 12/15: PF=500, cost=[6470,10534], sat=[8.4,16.8], 83s
  [n80w80_001] n80w80_001 HMOA 8/15: PF=500, cost=[7290,9058], sat=[5.0,14.1], 105s
  [n80w80_005] n80w80_005 HMOA 6/15: PF=500, cost=[6684,8733], sat=[5.0,22.5], 150s
  [n60w80_003] n60w80_003 HMOA 14/15: PF=500, cost=[6511,12834], sat=[0.0,19.0], 126s
  [n60w80_002] n60w80_002 noLS 15/15: PF=500, cost=[6584,8701], sat=[2.6,8.1], 83s
  [n60w80_002] DONE n60w80_002: C(H,N)=0.9833, C(N,H)=0.0093
[18:13:28] DONE n60w80_002 (11/20): C(H,N)=0.9833, C(N,H)=0.0093, T(H)=144s, T(N)=96s, elapsed=3597s
  [n60w80_004] n60w80_004 HMOA 11/15: PF=500, cost=[6957,8765], sat=[7.9,14.2], 97s
  [n60w80_001] n60w80_001 noLS 13/15: PF=500, cost=[6800,11052], sat=[5.0,16.0], 78s
  [n80w80_004] n80w80_004 HMOA 9/15: PF=500, cost=[7125,13713], sat=[14.0,43.4], 215s
  [n60w80_005] n60w80_005 HMOA 8/15: PF=500, cost=[6333,14470], sat=[3.1,21.4], 150s
  [n80w80_002] n80w80_002 HMOA 5/15: PF=500, cost=[7624,15736], sat=[2.8,29.4], 182s
  [n80w80_001] n80w80_001 HMOA 9/15: PF=500, cost=[7130,8743], sat=[5.0,14.2], 100s
  [n60w80_003] n60w80_003 HMOA 15/15: PF=500, cost=[6577,7132], sat=[0.0,16.0], 89s
  [n80w80_005] n80w80_005 HMOA 7/15: PF=500, cost=[7713,9223], sat=[8.3,18.3], 130s
  [n60w80_001] n60w80_001 noLS 14/15: PF=500, cost=[6538,11436], sat=[2.0,16.5], 77s
  [n60w80_005] n60w80_005 HMOA 9/15: PF=500, cost=[5987,6574], sat=[5.0,10.0], 80s
  [n80w80_003] n80w80_003 HMOA 6/15: PF=500, cost=[7035,11601], sat=[9.7,24.0], 301s
  [n80w80_004] n80w80_004 HMOA 10/15: PF=500, cost=[6866,8954], sat=[11.8,25.0], 108s
  [n60w80_003] n60w80_003 noLS 1/15: PF=500, cost=[7007,11083], sat=[0.0,15.0], 77s
  [n60w80_004] n60w80_004 HMOA 12/15: PF=500, cost=[6888,16345], sat=[1.0,14.0], 158s
  [n60w80_001] n60w80_001 noLS 15/15: PF=500, cost=[6525,13217], sat=[3.0,15.0], 87s
  [n60w80_001] DONE n60w80_001: C(H,N)=0.8057, C(N,H)=0.0064
[18:16:49] DONE n60w80_001 (12/20): C(H,N)=0.8057, C(N,H)=0.0064, T(H)=159s, T(N)=94s, elapsed=3798s
  [n60w80_003] n60w80_003 noLS 2/15: PF=500, cost=[7019,10305], sat=[0.0,14.0], 77s
  [n80w80_005] n80w80_005 HMOA 8/15: PF=500, cost=[7335,13481], sat=[17.6,25.9], 124s
  [n80w80_001] n80w80_001 HMOA 10/15: PF=500, cost=[7444,16503], sat=[4.0,13.7], 181s
  [n80w80_002] n80w80_002 HMOA 6/15: PF=500, cost=[8476,14156], sat=[6.0,22.2], 192s
  [n80w80_004] n80w80_004 HMOA 11/15: PF=500, cost=[7143,15955], sat=[20.0,23.5], 130s
  [n60w80_003] n60w80_003 noLS 3/15: PF=500, cost=[7119,10260], sat=[0.0,17.0], 69s
  [n80w80_003] n80w80_003 HMOA 7/15: PF=500, cost=[7108,13649], sat=[9.0,22.4], 184s
  [n60w80_004] n60w80_004 HMOA 13/15: PF=437, cost=[6836,10457], sat=[5.8,14.3], 142s
  [n60w80_005] n60w80_005 HMOA 10/15: PF=500, cost=[6165,13565], sat=[4.0,31.0], 198s
  [n80w80_001] n80w80_001 HMOA 11/15: PF=500, cost=[7198,9218], sat=[8.0,10.9], 97s
  [n60w80_003] n60w80_003 noLS 4/15: PF=500, cost=[7128,12508], sat=[5.0,18.9], 69s
  [n80w80_005] n80w80_005 HMOA 9/15: PF=500, cost=[7496,15799], sat=[11.3,21.2], 164s
  [n80w80_002] n80w80_002 HMOA 7/15: PF=500, cost=[8744,10967], sat=[6.0,17.0], 161s
  [n60w80_003] n60w80_003 noLS 5/15: PF=500, cost=[6714,10646], sat=[0.0,18.1], 73s
  [n80w80_004] n80w80_004 HMOA 12/15: PF=500, cost=[6191,10983], sat=[12.0,40.1], 166s
  [n80w80_001] n80w80_001 HMOA 12/15: PF=500, cost=[7360,13237], sat=[4.0,14.0], 102s
  [n60w80_004] n60w80_004 HMOA 14/15: PF=500, cost=[6911,12354], sat=[10.9,21.0], 118s
  [n80w80_003] n80w80_003 HMOA 8/15: PF=500, cost=[6977,14034], sat=[15.0,25.4], 145s
  [n60w80_005] n60w80_005 HMOA 11/15: PF=500, cost=[6404,13674], sat=[2.4,19.1], 155s
  [n60w80_003] n60w80_003 noLS 6/15: PF=500, cost=[7049,14402], sat=[0.0,19.8], 71s
  [n60w80_004] n60w80_004 HMOA 15/15: PF=500, cost=[7002,7726], sat=[4.6,14.0], 95s
  [n80w80_001] n80w80_001 HMOA 13/15: PF=500, cost=[7412,10665], sat=[4.0,12.2], 100s
  [n80w80_005] n80w80_005 HMOA 10/15: PF=500, cost=[7773,9889], sat=[14.0,28.0], 169s
  [n60w80_003] n60w80_003 noLS 7/15: PF=500, cost=[6984,11639], sat=[0.0,19.0], 74s
  [n80w80_002] n80w80_002 HMOA 8/15: PF=500, cost=[8189,13506], sat=[5.9,19.8], 198s
  [n60w80_004] n60w80_004 noLS 1/15: PF=500, cost=[7219,12148], sat=[2.5,14.0], 76s
  [n60w80_005] n60w80_005 HMOA 12/15: PF=500, cost=[6282,14484], sat=[4.0,21.0], 147s
  [n80w80_003] n80w80_003 HMOA 9/15: PF=500, cost=[6813,16354], sat=[8.4,20.0], 171s
  [n80w80_004] n80w80_004 HMOA 13/15: PF=500, cost=[6898,13175], sat=[23.0,40.3], 195s
  [n60w80_003] n60w80_003 noLS 8/15: PF=500, cost=[6902,10846], sat=[0.0,17.0], 68s
  [n80w80_001] n80w80_001 HMOA 14/15: PF=500, cost=[7323,7821], sat=[1.0,13.0], 105s
  [n80w80_005] n80w80_005 HMOA 11/15: PF=500, cost=[6479,8369], sat=[18.0,27.0], 98s
  [n60w80_004] n60w80_004 noLS 2/15: PF=500, cost=[7068,11351], sat=[1.7,15.1], 76s
  [n60w80_003] n60w80_003 noLS 9/15: PF=500, cost=[7038,10039], sat=[1.0,16.3], 72s
  [n60w80_004] n60w80_004 noLS 3/15: PF=500, cost=[6962,10788], sat=[2.0,14.0], 69s
  [n80w80_005] n80w80_005 HMOA 12/15: PF=500, cost=[6453,9505], sat=[12.4,23.0], 105s
  [n80w80_001] n80w80_001 HMOA 15/15: PF=500, cost=[7055,12153], sat=[4.0,12.4], 117s
  [n60w80_003] n60w80_003 noLS 10/15: PF=500, cost=[6817,11284], sat=[0.0,17.0], 68s
  [n80w80_003] n80w80_003 HMOA 10/15: PF=500, cost=[7290,16789], sat=[13.8,23.1], 157s
  [n60w80_005] n60w80_005 HMOA 13/15: PF=500, cost=[6554,13748], sat=[2.3,19.0], 167s
  [n80w80_002] n80w80_002 HMOA 9/15: PF=500, cost=[8293,11503], sat=[6.3,23.0], 195s
  [n80w80_004] n80w80_004 HMOA 14/15: PF=500, cost=[5723,13008], sat=[13.8,31.1], 189s
  [n60w80_004] n60w80_004 noLS 4/15: PF=500, cost=[7003,11707], sat=[2.0,16.4], 76s
  [n80w80_001] n80w80_001 noLS 1/15: PF=500, cost=[7516,16211], sat=[5.0,12.7], 84s
  [n60w80_003] n60w80_003 noLS 11/15: PF=500, cost=[6829,13463], sat=[0.0,21.0], 68s
  [n80w80_005] n80w80_005 HMOA 13/15: PF=500, cost=[6696,10663], sat=[19.0,22.8], 91s
  [n80w80_003] n80w80_003 HMOA 11/15: PF=500, cost=[7403,7884], sat=[3.6,19.0], 96s
  [n60w80_004] n60w80_004 noLS 5/15: PF=500, cost=[7058,9562], sat=[2.0,15.0], 74s
  [n60w80_005] n60w80_005 HMOA 14/15: PF=500, cost=[5964,10229], sat=[5.0,19.6], 125s
  [n60w80_003] n60w80_003 noLS 12/15: PF=500, cost=[7127,9233], sat=[2.0,16.0], 75s
  [n80w80_001] n80w80_001 noLS 2/15: PF=500, cost=[7514,13709], sat=[3.0,12.5], 82s
  [n80w80_004] n80w80_004 HMOA 15/15: PF=500, cost=[6777,9079], sat=[28.9,31.5], 120s
  [n80w80_002] n80w80_002 HMOA 10/15: PF=500, cost=[7514,14032], sat=[6.6,21.2], 168s
  [n80w80_005] n80w80_005 HMOA 14/15: PF=500, cost=[6976,9749], sat=[20.0,28.7], 113s
  [n60w80_004] n60w80_004 noLS 6/15: PF=500, cost=[6962,10692], sat=[3.0,17.0], 74s
  [n60w80_003] n60w80_003 noLS 13/15: PF=500, cost=[6998,9081], sat=[0.0,15.6], 70s
  [n80w80_001] n80w80_001 noLS 3/15: PF=500, cost=[7653,14668], sat=[3.0,10.1], 85s
  [n80w80_004] n80w80_004 noLS 1/15: PF=500, cost=[7383,16542], sat=[8.0,30.0], 102s
  [n80w80_002] n80w80_002 HMOA 11/15: PF=500, cost=[8361,9517], sat=[18.3,22.0], 82s
  [n60w80_004] n60w80_004 noLS 7/15: PF=500, cost=[7050,12220], sat=[2.0,17.4], 74s
  [n60w80_003] n60w80_003 noLS 14/15: PF=500, cost=[6742,8647], sat=[1.0,14.0], 68s
  [n80w80_005] n80w80_005 HMOA 15/15: PF=500, cost=[7073,9078], sat=[22.2,30.5], 118s
  [n80w80_001] n80w80_001 noLS 4/15: PF=500, cost=[7301,19074], sat=[5.0,12.0], 83s
  [n60w80_005] n60w80_005 HMOA 15/15: PF=500, cost=[6358,14917], sat=[1.9,31.3], 187s
  [n80w80_003] n80w80_003 HMOA 12/15: PF=500, cost=[7124,13830], sat=[8.0,27.2], 233s
  [n60w80_004] n60w80_004 noLS 8/15: PF=500, cost=[7103,11263], sat=[2.0,12.0], 68s
  [n80w80_004] n80w80_004 noLS 2/15: PF=500, cost=[7131,10191], sat=[9.6,23.0], 87s
  [n60w80_003] n60w80_003 noLS 15/15: PF=500, cost=[6928,10640], sat=[0.0,15.4], 66s
  [n60w80_003] DONE n60w80_003: C(H,N)=0.9373, C(N,H)=0.0011
[18:32:27] DONE n60w80_003 (13/20): C(H,N)=0.9373, C(N,H)=0.0011, T(H)=135s, T(N)=71s, elapsed=4736s
  [n80w80_001] n80w80_001 noLS 5/15: PF=500, cost=[7359,20066], sat=[2.0,10.7], 74s
  [n80w80_005] n80w80_005 noLS 1/15: PF=500, cost=[8418,11428], sat=[2.7,26.7], 89s
  [n60w80_005] n60w80_005 noLS 1/15: PF=500, cost=[6355,15003], sat=[2.1,20.0], 70s
  [n60w80_004] n60w80_004 noLS 9/15: PF=500, cost=[7042,11501], sat=[2.7,13.0], 68s
  [n80w80_004] n80w80_004 noLS 3/15: PF=500, cost=[7695,10783], sat=[24.8,31.8], 80s
  [n80w80_002] n80w80_002 HMOA 12/15: PF=500, cost=[7815,24209], sat=[4.0,23.7], 171s
  [n80w80_001] n80w80_001 noLS 6/15: PF=500, cost=[7561,13186], sat=[5.0,13.0], 74s
  [n60w80_005] n60w80_005 noLS 2/15: PF=500, cost=[6209,12728], sat=[2.1,21.4], 69s
  [n80w80_003] n80w80_003 HMOA 13/15: PF=500, cost=[7361,16939], sat=[10.0,18.2], 138s
  [n60w80_004] n60w80_004 noLS 10/15: PF=500, cost=[7065,14657], sat=[1.0,16.8], 67s
  [n80w80_005] n80w80_005 noLS 2/15: PF=500, cost=[8616,13714], sat=[4.0,25.3], 87s
  [n80w80_004] n80w80_004 noLS 4/15: PF=500, cost=[7309,8477], sat=[8.0,22.0], 76s
  [n60w80_005] n60w80_005 noLS 3/15: PF=500, cost=[6483,12084], sat=[3.0,18.5], 64s
  [n80w80_001] n80w80_001 noLS 7/15: PF=500, cost=[7668,17316], sat=[3.0,11.4], 74s
  [n60w80_004] n60w80_004 noLS 11/15: PF=500, cost=[7100,12391], sat=[3.0,17.0], 66s
  [n80w80_003] n80w80_003 HMOA 14/15: PF=500, cost=[7840,11105], sat=[11.0,17.0], 93s
  [n80w80_005] n80w80_005 noLS 3/15: PF=500, cost=[7865,14217], sat=[0.7,30.8], 89s
  [n80w80_004] n80w80_004 noLS 5/15: PF=500, cost=[7025,13381], sat=[8.0,30.1], 84s
  [n60w80_005] n60w80_005 noLS 4/15: PF=500, cost=[6285,15172], sat=[1.0,18.5], 60s
  [n60w80_004] n60w80_004 noLS 12/15: PF=500, cost=[7052,11780], sat=[2.7,12.4], 69s
  [n80w80_001] n80w80_001 noLS 8/15: PF=500, cost=[7916,13624], sat=[4.0,13.0], 79s
  [n80w80_002] n80w80_002 HMOA 13/15: PF=500, cost=[8775,14233], sat=[7.2,21.6], 200s
  [n80w80_005] n80w80_005 noLS 4/15: PF=500, cost=[8510,14335], sat=[2.0,17.8], 84s
  [n60w80_005] n60w80_005 noLS 5/15: PF=500, cost=[6482,13970], sat=[2.1,23.5], 71s
  [n80w80_004] n80w80_004 noLS 6/15: PF=500, cost=[7343,15695], sat=[3.0,28.0], 83s
  [n60w80_004] n60w80_004 noLS 13/15: PF=500, cost=[7079,8636], sat=[2.0,14.8], 64s
  [n80w80_001] n80w80_001 noLS 9/15: PF=500, cost=[7856,14135], sat=[4.0,12.3], 77s
  [n60w80_005] n60w80_005 noLS 6/15: PF=500, cost=[6333,15331], sat=[1.0,14.7], 66s
  [n80w80_005] n80w80_005 noLS 5/15: PF=500, cost=[8484,13425], sat=[7.4,20.3], 78s
  [n60w80_004] n60w80_004 noLS 14/15: PF=500, cost=[6934,11779], sat=[1.7,11.1], 66s
  [n80w80_004] n80w80_004 noLS 7/15: PF=500, cost=[7620,13183], sat=[8.0,31.0], 90s
  [n80w80_002] n80w80_002 HMOA 14/15: PF=500, cost=[7716,16311], sat=[3.3,25.4], 132s
  [n80w80_001] n80w80_001 noLS 10/15: PF=500, cost=[7877,17084], sat=[2.0,12.8], 74s
  [n60w80_005] n60w80_005 noLS 7/15: PF=500, cost=[6298,15672], sat=[0.0,26.0], 67s
  [n60w80_004] n60w80_004 noLS 15/15: PF=500, cost=[7120,10941], sat=[4.4,17.9], 70s
  [n60w80_004] DONE n60w80_004: C(H,N)=0.9208, C(N,H)=0.1130
[18:40:12] DONE n60w80_004 (14/20): C(H,N)=0.9208, C(N,H)=0.1130, T(H)=150s, T(N)=70s, elapsed=5201s
  [n80w80_005] n80w80_005 noLS 6/15: PF=500, cost=[8462,12517], sat=[5.0,22.2], 86s
  [n80w80_003] n80w80_003 HMOA 15/15: PF=500, cost=[6969,13708], sat=[8.4,23.1], 267s
  [n80w80_004] n80w80_004 noLS 8/15: PF=500, cost=[7841,12897], sat=[9.0,29.0], 78s
  [n80w80_001] n80w80_001 noLS 11/15: PF=500, cost=[7771,13912], sat=[3.0,14.0], 70s
  [n60w80_005] n60w80_005 noLS 8/15: PF=500, cost=[6491,16017], sat=[2.1,23.2], 68s
  [n80w80_005] n80w80_005 noLS 7/15: PF=500, cost=[8276,15114], sat=[1.0,18.1], 81s
  [n80w80_001] n80w80_001 noLS 12/15: PF=500, cost=[7791,15186], sat=[4.0,13.0], 67s
  [n80w80_003] n80w80_003 noLS 1/15: PF=500, cost=[7730,15864], sat=[6.0,22.6], 74s
  [n80w80_004] n80w80_004 noLS 9/15: PF=500, cost=[6752,12768], sat=[4.0,32.4], 75s
  [n60w80_005] n60w80_005 noLS 9/15: PF=500, cost=[6406,16051], sat=[0.2,26.7], 71s
  [n80w80_002] n80w80_002 HMOA 15/15: PF=500, cost=[7471,12293], sat=[3.0,23.3], 212s
  [n80w80_005] n80w80_005 noLS 8/15: PF=500, cost=[7584,14139], sat=[2.9,17.5], 86s
  [n80w80_001] n80w80_001 noLS 13/15: PF=500, cost=[7651,14378], sat=[1.0,11.0], 82s
  [n80w80_004] n80w80_004 noLS 10/15: PF=500, cost=[7217,12600], sat=[9.0,23.0], 79s
  [n80w80_003] n80w80_003 noLS 2/15: PF=500, cost=[7201,14905], sat=[3.0,27.3], 89s
  [n60w80_005] n60w80_005 noLS 10/15: PF=500, cost=[6199,15297], sat=[0.0,21.8], 67s
  [n80w80_002] n80w80_002 noLS 1/15: PF=500, cost=[8007,13831], sat=[5.0,18.8], 85s
  [n60w80_005] n60w80_005 noLS 11/15: PF=500, cost=[6348,12845], sat=[0.0,21.4], 65s
  [n80w80_005] n80w80_005 noLS 9/15: PF=500, cost=[7709,12598], sat=[6.0,28.5], 87s
  [n80w80_001] n80w80_001 noLS 14/15: PF=500, cost=[7780,13958], sat=[3.0,12.9], 83s
  [n80w80_003] n80w80_003 noLS 3/15: PF=500, cost=[7323,13964], sat=[7.0,26.5], 83s
  [n80w80_004] n80w80_004 noLS 11/15: PF=500, cost=[7216,15573], sat=[5.0,27.0], 93s
  [n60w80_005] n60w80_005 noLS 12/15: PF=500, cost=[6204,14372], sat=[1.0,19.0], 77s
  [n80w80_001] n80w80_001 noLS 15/15: PF=500, cost=[7474,17334], sat=[3.0,15.4], 96s
  [n80w80_001] DONE n80w80_001: C(H,N)=0.7987, C(N,H)=0.1484
[18:46:06] DONE n80w80_001 (15/20): C(H,N)=0.7987, C(N,H)=0.1484, T(H)=142s, T(N)=79s, elapsed=5555s
  [n80w80_005] n80w80_005 noLS 10/15: PF=500, cost=[8400,11327], sat=[1.3,22.0], 102s
  [n80w80_002] n80w80_002 noLS 2/15: PF=500, cost=[8595,14431], sat=[6.3,29.1], 107s
  [n80w80_003] n80w80_003 noLS 4/15: PF=500, cost=[7093,16795], sat=[10.0,24.6], 96s
  [n80w80_004] n80w80_004 noLS 12/15: PF=500, cost=[7559,15280], sat=[5.0,31.8], 102s
  [n60w80_005] n60w80_005 noLS 13/15: PF=500, cost=[6421,10403], sat=[2.3,18.3], 78s
  [n80w80_002] n80w80_002 noLS 3/15: PF=500, cost=[8593,10999], sat=[4.9,17.0], 94s
  [n80w80_005] n80w80_005 noLS 11/15: PF=500, cost=[8271,12707], sat=[1.0,23.1], 102s
  [n80w80_003] n80w80_003 noLS 5/15: PF=500, cost=[7553,14731], sat=[3.0,22.7], 98s
  [n80w80_004] n80w80_004 noLS 13/15: PF=500, cost=[7604,15412], sat=[4.0,24.0], 98s
  [n60w80_005] n60w80_005 noLS 14/15: PF=500, cost=[6556,14726], sat=[0.0,23.0], 86s
  [n80w80_002] n80w80_002 noLS 4/15: PF=500, cost=[8675,15725], sat=[10.0,28.0], 96s
  [n80w80_005] n80w80_005 noLS 12/15: PF=500, cost=[7754,12300], sat=[4.0,24.0], 96s
  [n80w80_004] n80w80_004 noLS 14/15: PF=500, cost=[7467,10708], sat=[5.0,23.4], 87s
  [n80w80_003] n80w80_003 noLS 6/15: PF=500, cost=[7962,12236], sat=[6.3,22.0], 97s
  [n60w80_005] n60w80_005 noLS 15/15: PF=500, cost=[6269,15018], sat=[3.4,24.3], 74s
  [n60w80_005] DONE n60w80_005: C(H,N)=0.6523, C(N,H)=0.1484
[18:49:40] DONE n60w80_005 (16/20): C(H,N)=0.6523, C(N,H)=0.1484, T(H)=166s, T(N)=70s, elapsed=5769s
  [n80w80_004] n80w80_004 noLS 15/15: PF=500, cost=[7261,7717], sat=[22.3,25.0], 76s
  [n80w80_004] DONE n80w80_004: C(H,N)=0.9093, C(N,H)=0.0019
[18:50:46] DONE n80w80_004 (17/20): C(H,N)=0.9093, C(N,H)=0.0019, T(H)=137s, T(N)=86s, elapsed=5835s
  [n80w80_002] n80w80_002 noLS 5/15: PF=500, cost=[7781,13779], sat=[1.0,28.8], 87s
  [n80w80_003] n80w80_003 noLS 7/15: PF=500, cost=[7019,12236], sat=[7.0,22.6], 83s
  [n80w80_005] n80w80_005 noLS 13/15: PF=500, cost=[8490,15009], sat=[6.0,21.3], 92s
  [n80w80_003] n80w80_003 noLS 8/15: PF=500, cost=[7613,13755], sat=[7.0,21.8], 93s
  [n80w80_002] n80w80_002 noLS 6/15: PF=500, cost=[8119,18894], sat=[3.6,20.0], 101s
  [n80w80_005] n80w80_005 noLS 14/15: PF=500, cost=[8431,12501], sat=[6.0,16.5], 95s
  [n80w80_003] n80w80_003 noLS 9/15: PF=500, cost=[7637,17068], sat=[2.0,23.4], 100s
  [n80w80_002] n80w80_002 noLS 7/15: PF=500, cost=[8468,11966], sat=[3.0,20.5], 99s
  [n80w80_005] n80w80_005 noLS 15/15: PF=500, cost=[8331,12638], sat=[3.7,24.9], 99s
  [n80w80_005] DONE n80w80_005: C(H,N)=0.9811, C(N,H)=0.0053
[18:54:15] DONE n80w80_005 (18/20): C(H,N)=0.9811, C(N,H)=0.0053, T(H)=142s, T(N)=90s, elapsed=6044s
  [n80w80_003] n80w80_003 noLS 10/15: PF=500, cost=[7627,10534], sat=[5.0,16.8], 85s
  [n80w80_002] n80w80_002 noLS 8/15: PF=500, cost=[8155,13459], sat=[1.0,25.0], 99s
  [n80w80_003] n80w80_003 noLS 11/15: PF=500, cost=[7582,11721], sat=[3.0,17.7], 95s
  [n80w80_002] n80w80_002 noLS 9/15: PF=500, cost=[8655,18292], sat=[4.6,23.0], 91s
  [n80w80_003] n80w80_003 noLS 12/15: PF=500, cost=[7685,17441], sat=[8.0,20.8], 60s
  [n80w80_002] n80w80_002 noLS 10/15: PF=500, cost=[8682,10212], sat=[3.0,16.0], 60s
  [n80w80_003] n80w80_003 noLS 13/15: PF=500, cost=[7748,13325], sat=[8.3,23.0], 63s
  [n80w80_002] n80w80_002 noLS 11/15: PF=500, cost=[9102,11515], sat=[9.8,20.4], 57s
  [n80w80_003] n80w80_003 noLS 14/15: PF=500, cost=[7805,14255], sat=[3.4,20.0], 81s
  [n80w80_002] n80w80_002 noLS 12/15: PF=500, cost=[7913,16696], sat=[5.3,19.0], 82s
  [n80w80_003] n80w80_003 noLS 15/15: PF=500, cost=[7371,13375], sat=[7.0,18.2], 63s
  [n80w80_003] DONE n80w80_003: C(H,N)=0.7837, C(N,H)=0.0659
[19:01:32] DONE n80w80_003 (19/20): C(H,N)=0.7837, C(N,H)=0.0659, T(H)=192s, T(N)=84s, elapsed=6481s
  [n80w80_002] n80w80_002 noLS 13/15: PF=500, cost=[7737,14525], sat=[3.0,25.3], 60s
  [n80w80_002] n80w80_002 noLS 14/15: PF=500, cost=[8779,14433], sat=[6.3,18.9], 67s
  [n80w80_002] n80w80_002 noLS 15/15: PF=500, cost=[8544,12123], sat=[1.0,23.6], 64s
  [n80w80_002] DONE n80w80_002: C(H,N)=0.5257, C(N,H)=0.1917
[19:03:50] DONE n80w80_002 (20/20): C(H,N)=0.5257, C(N,H)=0.1917, T(H)=204s, T(N)=83s, elapsed=6619s

==========================================================================================
  FINAL RESULTS
  Completed: 20  Failed: 0  Time: 6619s (1.8h)
==========================================================================================
Instance       C(H,N)         C(N,H)         W      HV(H)        HV(N)        T(H)     T(N)    
------------------------------------------------------------------------------------------
n20w80_001     0.9923±0.007 0.0056±0.011 HMOA   2.4±1  1.8±1  80s     69s
n20w80_002     0.7965±0.390 0.1916±0.376 HMOA   3.3±1  2.0±0  82s     71s
n20w80_003     0.8671±0.258 0.0837±0.246 HMOA   4.5±3  4.3±3  64s     62s
n20w80_004     0.9277±0.242 0.0572±0.203 HMOA   3.3±2  3.3±2  79s     70s
n20w80_005     0.5875±0.463 0.2771±0.416 HMOA   1.6±0  1.4±0  87s     69s
n40w80_001     0.8077±0.383 0.0272±0.102 HMOA   23.2±50  30.9±101  81s     85s
n40w80_002     0.8643±0.330 0.0332±0.107 HMOA   6.6±6  3.0±2  98s     88s
n40w80_003     0.8885±0.243 0.1599±0.276 HMOA   226.5±823  2.2±2  52s     58s
n40w80_004     0.5363±0.485 0.3535±0.457 HMOA   11.3±20  4.3±3  84s     86s
n40w80_005     0.6847±0.439 0.0045±0.011 HMOA   24.4±49  4.8±3  105s     90s
n60w80_001     0.8057±0.372 0.0064±0.009 HMOA   6.5±5  3.7±2  159s     94s
n60w80_002     0.9833±0.012 0.0093±0.014 HMOA   20.5±23  9.8±14  144s     96s
n60w80_003     0.9373±0.222 0.0011±0.003 HMOA   6.8±6  3.0±1  135s     71s
n60w80_004     0.9208±0.243 0.1130±0.288 HMOA   6.1±5  2.9±1  150s     70s
n60w80_005     0.6523±0.436 0.1484±0.313 HMOA   4.7±9  1.3±1  166s     70s
n80w80_001     0.7987±0.378 0.1484±0.314 HMOA   8.9±8  2.1±1  142s     79s
n80w80_002     0.5257±0.429 0.1917±0.326 HMOA   10.4±21  5.1±4  204s     83s
n80w80_003     0.7837±0.366 0.0659±0.225 HMOA   6.8±9  2.2±1  192s     84s
n80w80_004     0.9093±0.220 0.0019±0.003 HMOA   11.5±14  16.4±48  137s     86s
n80w80_005     0.9811±0.035 0.0053±0.015 HMOA   8.1±5  1.9±1  142s     90s
  n=20: C(H,N)=0.8342  C(N,H)=0.1230  → HMOA wins
  n=40: C(H,N)=0.7563  C(N,H)=0.1157  → HMOA wins
  n=60: C(H,N)=0.8599  C(N,H)=0.0556  → HMOA wins
  n=80: C(H,N)=0.7997  C(N,H)=0.0826  → HMOA wins

Completed: 2026-06-26 19:03:50
