======================================================================
  HMOA EXPERIMENT — pop=200, iter=2000, kmax=5, drones=3, wbl=0.2
  Workers: 10  |  Pending: 20
  Started: 2026-06-26 12:24:50
======================================================================
  [n40w80_003] n40w80_003 HMOA 1/15: PF=500, cost=[4650,5627], sat=[1.0,1.0], 185s
  [n20w80_001] n20w80_001 HMOA 1/15: PF=500, cost=[4131,8354], sat=[6.0,14.0], 201s
  [n20w80_003] n20w80_003 HMOA 1/15: PF=500, cost=[3838,6994], sat=[1.1,8.0], 208s
  [n40w80_002] n40w80_002 HMOA 1/15: PF=500, cost=[4153,8423], sat=[11.0,14.8], 222s
  [n40w80_005] n40w80_005 HMOA 1/15: PF=500, cost=[5412,6119], sat=[17.0,20.0], 222s
  [n20w80_005] n20w80_005 HMOA 1/15: PF=500, cost=[3907,7140], sat=[1.0,14.0], 234s
  [n40w80_001] n40w80_001 HMOA 1/15: PF=500, cost=[6406,11187], sat=[5.0,7.5], 237s
  [n20w80_002] n20w80_002 HMOA 1/15: PF=500, cost=[3404,9727], sat=[4.0,9.4], 239s
  [n20w80_004] n20w80_004 HMOA 1/15: PF=500, cost=[3706,7866], sat=[7.3,12.9], 246s
  [n40w80_004] n40w80_004 HMOA 1/15: PF=500, cost=[5039,6169], sat=[1.0,4.0], 253s
  [n40w80_003] n40w80_003 HMOA 2/15: PF=500, cost=[4723,4872], sat=[1.0,1.0], 163s
  [n20w80_003] n20w80_003 HMOA 2/15: PF=500, cost=[4239,7007], sat=[2.0,10.0], 175s
  [n20w80_001] n20w80_001 HMOA 2/15: PF=500, cost=[3961,8079], sat=[2.0,10.0], 196s
  [n40w80_004] n40w80_004 HMOA 2/15: PF=500, cost=[4814,4814], sat=[8.0,8.0], 146s
  [n20w80_002] n20w80_002 HMOA 2/15: PF=500, cost=[3501,8808], sat=[5.0,8.6], 200s
  [n40w80_001] n40w80_001 HMOA 2/15: PF=500, cost=[6386,8217], sat=[6.0,8.1], 219s
  [n20w80_004] n20w80_004 HMOA 2/15: PF=500, cost=[3735,7116], sat=[7.3,12.8], 218s
  [n40w80_002] n40w80_002 HMOA 2/15: PF=500, cost=[4786,9371], sat=[4.0,14.0], 257s
  [n20w80_005] n20w80_005 HMOA 2/15: PF=500, cost=[3931,6938], sat=[1.0,16.5], 246s
  [n40w80_005] n40w80_005 HMOA 2/15: PF=500, cost=[5458,7657], sat=[15.4,23.0], 274s
  [n40w80_003] n40w80_003 HMOA 3/15: PF=500, cost=[4852,5888], sat=[1.0,1.0], 172s
  [n20w80_003] n20w80_003 HMOA 3/15: PF=500, cost=[4049,7587], sat=[7.0,9.0], 160s
  [n20w80_001] n20w80_001 HMOA 3/15: PF=500, cost=[4150,8099], sat=[6.0,13.0], 194s
  [n20w80_002] n20w80_002 HMOA 3/15: PF=500, cost=[3455,9361], sat=[3.3,8.0], 219s
  [n40w80_001] n40w80_001 HMOA 3/15: PF=500, cost=[6621,9318], sat=[7.0,10.0], 224s
  [n40w80_004] n40w80_004 HMOA 3/15: PF=500, cost=[4911,6040], sat=[0.8,4.0], 282s
  [n20w80_004] n20w80_004 HMOA 3/15: PF=500, cost=[3756,5497], sat=[7.3,13.4], 218s
  [n40w80_003] n40w80_003 HMOA 4/15: PF=500, cost=[4739,5675], sat=[1.0,1.0], 166s
  [n20w80_005] n20w80_005 HMOA 3/15: PF=500, cost=[3908,6239], sat=[1.0,14.6], 219s
  [n20w80_003] n20w80_003 HMOA 4/15: PF=500, cost=[4049,6987], sat=[7.0,9.0], 165s
  [n40w80_005] n40w80_005 HMOA 3/15: PF=500, cost=[5431,8454], sat=[14.9,20.0], 282s
  [n40w80_002] n40w80_002 HMOA 3/15: PF=500, cost=[4324,7534], sat=[8.0,15.0], 302s
  [n20w80_001] n20w80_001 HMOA 4/15: PF=500, cost=[4131,8187], sat=[6.0,15.0], 226s
  [n20w80_003] n20w80_003 HMOA 5/15: PF=500, cost=[4049,7037], sat=[7.0,9.0], 156s
  [n40w80_003] n40w80_003 HMOA 5/15: PF=500, cost=[4673,6575], sat=[1.0,1.0], 178s
  [n40w80_001] n40w80_001 HMOA 4/15: PF=500, cost=[6542,6689], sat=[2.0,8.0], 188s
  [n20w80_004] n20w80_004 HMOA 4/15: PF=500, cost=[3729,8624], sat=[7.3,14.2], 216s
  [n20w80_005] n20w80_005 HMOA 4/15: PF=500, cost=[3908,6163], sat=[1.0,17.0], 224s
  [n20w80_002] n20w80_002 HMOA 4/15: PF=500, cost=[3413,8014], sat=[3.3,10.0], 270s
  [n40w80_004] n40w80_004 HMOA 4/15: PF=392, cost=[5007,9918], sat=[1.0,10.0], 329s
  [n40w80_001] n40w80_001 HMOA 5/15: PF=500, cost=[6431,6431], sat=[7.0,7.0], 166s
  [n40w80_003] n40w80_003 HMOA 6/15: PF=500, cost=[4722,4864], sat=[1.0,1.0], 174s
  [n20w80_003] n20w80_003 HMOA 6/15: PF=500, cost=[4239,7495], sat=[2.0,11.0], 195s
  [n20w80_001] n20w80_001 HMOA 5/15: PF=500, cost=[4047,8710], sat=[2.5,14.0], 255s
  [n40w80_005] n40w80_005 HMOA 4/15: PF=500, cost=[5441,7555], sat=[18.5,21.0], 313s
  [n40w80_002] n40w80_002 HMOA 4/15: PF=500, cost=[4343,9327], sat=[10.0,17.0], 316s
  [n20w80_004] n20w80_004 HMOA 5/15: PF=500, cost=[3696,5230], sat=[7.3,12.8], 214s
  [n20w80_005] n20w80_005 HMOA 5/15: PF=500, cost=[3917,7677], sat=[1.0,17.1], 228s
  [n20w80_002] n20w80_002 HMOA 5/15: PF=500, cost=[3459,8568], sat=[4.3,9.1], 228s
  [n40w80_003] n40w80_003 HMOA 7/15: PF=500, cost=[4682,4682], sat=[1.0,1.0], 136s
  [n20w80_003] n20w80_003 HMOA 7/15: PF=500, cost=[3837,7474], sat=[5.0,12.0], 208s
  [n40w80_001] n40w80_001 HMOA 6/15: PF=500, cost=[6363,9594], sat=[2.0,8.3], 240s
  [n40w80_004] n40w80_004 HMOA 5/15: PF=500, cost=[5040,11486], sat=[0.8,7.5], 284s
  [n20w80_001] n20w80_001 HMOA 6/15: PF=500, cost=[4075,8515], sat=[2.5,14.0], 241s
  [n40w80_003] Traceback (most recent call last):
  [n40w80_003]   File "C:\Users\LENOVO\Desktop\hmoa_impl.v4\worker.py", line 45, in <module>
  [n40w80_003]     print(f'{name} HMOA {r+1}/{NRUNS}: PF={len(pf)}, cost=[{min(c):.0f},{max(c):.0f}], sat=[{min(s):.1f},{max(s):.1f}], {e:.0f}s')
  [n40w80_003]                                                                                              ^^^^^^
  [n40w80_003] ValueError: min() iterable argument is empty
[12:47:09] FAIL n40w80_003: Traceback (most recent call last):
  File "C:\Users\LENOVO\Desktop\hmoa_impl.v4\worker.py", line 45, in <module>
    print(f'{name} HMOA {r+1}/{NRUNS}: PF={len(pf)}, cost=[{min(c):.0f},{max(c):.0f}], 
  [n20w80_004] n20w80_004 HMOA 6/15: PF=500, cost=[3756,6778], sat=[7.3,12.7], 231s
  [n20w80_002] n20w80_002 HMOA 6/15: PF=500, cost=[3729,7169], sat=[5.8,9.7], 214s
  [n40w80_005] n40w80_005 HMOA 5/15: PF=500, cost=[5448,6607], sat=[17.6,21.0], 300s
  [n20w80_005] n20w80_005 HMOA 6/15: PF=500, cost=[3937,7678], sat=[0.3,13.0], 261s
  [n40w80_002] n40w80_002 HMOA 5/15: PF=500, cost=[5423,6856], sat=[6.1,13.0], 347s
  [n40w80_001] n40w80_001 HMOA 7/15: PF=500, cost=[6659,8215], sat=[7.0,9.0], 195s
  [n20w80_003] n20w80_003 HMOA 8/15: PF=500, cost=[4239,9674], sat=[2.0,12.0], 205s
  [n20w80_001] n20w80_001 HMOA 7/15: PF=500, cost=[4137,9137], sat=[6.0,14.1], 209s
  [n40w80_004] n40w80_004 HMOA 6/15: PF=500, cost=[5018,6539], sat=[1.0,5.0], 259s
  [n20w80_004] n20w80_004 HMOA 7/15: PF=500, cost=[3798,7647], sat=[7.1,14.3], 232s
  [n20w80_002] n20w80_002 HMOA 7/15: PF=500, cost=[3394,7769], sat=[4.0,9.1], 234s
  [n60w80_001] n60w80_001 HMOA 1/15: PF=500, cost=[6103,12845], sat=[9.0,13.6], 293s
  [n20w80_003] n20w80_003 HMOA 9/15: PF=500, cost=[4239,7715], sat=[2.0,10.0], 173s
  [n20w80_005] n20w80_005 HMOA 7/15: PF=500, cost=[3885,7687], sat=[1.0,17.2], 255s
  [n40w80_005] n40w80_005 HMOA 6/15: PF=500, cost=[5487,7563], sat=[15.0,21.0], 286s
  [n40w80_001] n40w80_001 HMOA 8/15: PF=500, cost=[5941,8104], sat=[2.0,8.0], 216s
  [n20w80_001] n20w80_001 HMOA 8/15: PF=500, cost=[4131,6281], sat=[6.0,13.2], 171s
  [n40w80_002] n40w80_002 HMOA 6/15: PF=500, cost=[4736,6323], sat=[5.1,13.0], 264s
  [n20w80_004] n20w80_004 HMOA 8/15: PF=500, cost=[3795,8220], sat=[7.1,14.5], 219s
  [n40w80_004] n40w80_004 HMOA 7/15: PF=500, cost=[5009,7514], sat=[1.0,4.7], 251s
  [n20w80_003] n20w80_003 HMOA 10/15: PF=500, cost=[4249,6958], sat=[2.0,9.0], 184s
  [n20w80_002] n20w80_002 HMOA 8/15: PF=500, cost=[3569,7619], sat=[4.7,10.4], 235s
  [n20w80_001] n20w80_001 HMOA 9/15: PF=500, cost=[3948,7848], sat=[2.0,12.0], 197s
  [n20w80_005] n20w80_005 HMOA 8/15: PF=500, cost=[3885,6133], sat=[1.0,14.0], 231s
  [n40w80_001] n40w80_001 HMOA 9/15: PF=500, cost=[6202,7704], sat=[6.9,8.9], 227s
  [n40w80_002] n40w80_002 HMOA 7/15: PF=500, cost=[4361,6594], sat=[6.0,12.0], 226s
  [n60w80_001] n60w80_001 HMOA 2/15: PF=500, cost=[6271,13807], sat=[10.0,16.9], 355s
  [n40w80_005] n40w80_005 HMOA 7/15: PF=500, cost=[5429,6139], sat=[10.4,20.9], 313s
  [n20w80_004] n20w80_004 HMOA 9/15: PF=500, cost=[3795,7701], sat=[7.1,13.5], 216s
  [n20w80_003] n20w80_003 HMOA 11/15: PF=500, cost=[3838,7179], sat=[1.1,9.0], 202s
  [n40w80_004] n40w80_004 HMOA 8/15: PF=500, cost=[5102,8175], sat=[1.0,5.0], 264s
  [n20w80_005] n20w80_005 HMOA 9/15: PF=500, cost=[3896,6181], sat=[6.0,17.0], 187s
  [n20w80_001] n20w80_001 HMOA 10/15: PF=500, cost=[3949,7887], sat=[1.0,15.8], 245s
  [n40w80_001] n40w80_001 HMOA 10/15: PF=500, cost=[6755,9796], sat=[2.0,10.0], 226s
  [n20w80_002] n20w80_002 HMOA 9/15: PF=500, cost=[3593,8841], sat=[4.7,12.8], 308s
  [n20w80_003] n20w80_003 HMOA 12/15: PF=500, cost=[3829,5329], sat=[6.0,7.8], 153s
  [n40w80_002] n40w80_002 HMOA 8/15: PF=500, cost=[4879,7857], sat=[12.2,18.3], 284s
  [n20w80_004] n20w80_004 HMOA 10/15: PF=500, cost=[3600,8456], sat=[7.2,13.8], 221s
  [n40w80_005] n40w80_005 HMOA 8/15: PF=500, cost=[5369,6356], sat=[10.4,20.9], 299s
  [n20w80_005] n20w80_005 HMOA 10/15: PF=500, cost=[3908,6043], sat=[1.0,16.0], 229s
  [n40w80_001] n40w80_001 HMOA 11/15: PF=500, cost=[6665,8819], sat=[6.0,7.0], 183s
  [n40w80_004] n40w80_004 HMOA 9/15: PF=500, cost=[5002,7955], sat=[0.8,5.0], 254s
  [n20w80_001] n20w80_001 HMOA 11/15: PF=500, cost=[4075,8099], sat=[2.5,13.0], 234s
  [n20w80_003] n20w80_003 HMOA 13/15: PF=500, cost=[3838,7615], sat=[1.1,10.0], 188s
  [n20w80_002] n20w80_002 HMOA 10/15: PF=500, cost=[3420,8876], sat=[4.0,9.4], 241s
  [n20w80_004] n20w80_004 HMOA 11/15: PF=500, cost=[3792,7632], sat=[7.1,13.9], 205s
  [n40w80_001] n40w80_001 HMOA 12/15: PF=500, cost=[6305,6305], sat=[7.0,7.0], 165s
  [n20w80_005] n20w80_005 HMOA 11/15: PF=500, cost=[3940,6321], sat=[1.0,14.6], 209s
  [n20w80_003] n20w80_003 HMOA 14/15: PF=500, cost=[4247,6983], sat=[6.0,9.0], 153s
  [n60w80_001] n60w80_001 HMOA 3/15: PF=500, cost=[6309,15885], sat=[8.2,21.7], 554s
  [n40w80_002] n40w80_002 HMOA 9/15: PF=500, cost=[5102,6643], sat=[5.4,12.0], 325s
  [n20w80_001] n20w80_001 HMOA 12/15: PF=500, cost=[3961,7582], sat=[2.0,12.7], 173s
  [n40w80_005] n40w80_005 HMOA 9/15: PF=500, cost=[5443,6164], sat=[15.2,20.0], 282s
  [n20w80_002] n20w80_002 HMOA 11/15: PF=500, cost=[3518,7922], sat=[5.0,7.0], 193s
  [n40w80_004] n40w80_004 HMOA 10/15: PF=500, cost=[5045,6045], sat=[0.8,6.0], 282s
  [n20w80_004] n20w80_004 HMOA 12/15: PF=500, cost=[3798,5208], sat=[7.1,11.9], 213s
  [n20w80_003] n20w80_003 HMOA 15/15: PF=500, cost=[4239,9504], sat=[2.0,9.0], 164s
  [n40w80_001] n40w80_001 HMOA 13/15: PF=500, cost=[6820,9159], sat=[5.0,10.0], 226s
  [n20w80_001] n20w80_001 HMOA 13/15: PF=500, cost=[4131,6726], sat=[6.0,13.0], 196s
  [n20w80_005] n20w80_005 HMOA 12/15: PF=500, cost=[3908,6356], sat=[1.0,15.0], 253s
  [n20w80_002] n20w80_002 HMOA 12/15: PF=500, cost=[3478,8135], sat=[4.4,8.6], 228s
  [n20w80_003] n20w80_003 noLS 1/15: PF=500, cost=[4194,9596], sat=[2.0,12.0], 137s
  [n20w80_004] n20w80_004 HMOA 13/15: PF=500, cost=[3791,5177], sat=[7.1,11.9], 220s
  [n40w80_002] n40w80_002 HMOA 10/15: PF=500, cost=[4624,8121], sat=[5.4,14.6], 351s
  [n40w80_004] n40w80_004 HMOA 11/15: PF=500, cost=[5046,6967], sat=[1.0,6.6], 291s
  [n40w80_005] n40w80_005 HMOA 10/15: PF=500, cost=[5380,6756], sat=[8.4,19.0], 329s
  [n20w80_001] n20w80_001 HMOA 14/15: PF=500, cost=[3901,5488], sat=[1.0,11.2], 168s
  [n40w80_001] n40w80_001 HMOA 14/15: PF=500, cost=[6581,7744], sat=[2.0,7.0], 219s
  [n20w80_003] n20w80_003 noLS 2/15: PF=500, cost=[4247,6920], sat=[6.0,9.0], 152s
  [n20w80_005] n20w80_005 HMOA 13/15: PF=500, cost=[3908,6221], sat=[1.0,13.0], 202s
  [n60w80_001] n60w80_001 HMOA 4/15: PF=500, cost=[6105,12397], sat=[7.2,17.7], 499s
  [n20w80_002] n20w80_002 HMOA 13/15: PF=500, cost=[3513,8355], sat=[5.3,9.8], 260s
  [n20w80_004] n20w80_004 HMOA 14/15: PF=500, cost=[3729,5142], sat=[7.3,11.8], 240s
  [n20w80_001] n20w80_001 HMOA 15/15: PF=500, cost=[4131,7708], sat=[6.0,13.0], 207s
  [n20w80_003] n20w80_003 noLS 3/15: PF=500, cost=[4363,7037], sat=[1.0,9.0], 158s
  [n40w80_001] n40w80_001 HMOA 15/15: PF=500, cost=[6457,6857], sat=[7.0,8.0], 203s
  [n40w80_005] n40w80_005 HMOA 11/15: PF=500, cost=[5508,6435], sat=[14.5,18.9], 270s
  [n40w80_002] n40w80_002 HMOA 11/15: PF=500, cost=[4369,8314], sat=[10.0,15.0], 288s
  [n40w80_004] n40w80_004 HMOA 12/15: PF=500, cost=[5042,9220], sat=[1.6,5.0], 292s
  [n20w80_005] n20w80_005 HMOA 14/15: PF=500, cost=[3917,6945], sat=[1.0,15.0], 228s
  [n20w80_001] n20w80_001 noLS 1/15: PF=500, cost=[4385,8371], sat=[2.0,10.6], 153s
  [n20w80_003] n20w80_003 noLS 4/15: PF=500, cost=[4276,6959], sat=[2.0,11.0], 145s
  [n20w80_002] n20w80_002 HMOA 14/15: PF=500, cost=[3486,8618], sat=[3.0,8.0], 236s
  [n40w80_001] n40w80_001 noLS 1/15: PF=500, cost=[6275,9113], sat=[2.0,8.0], 220s
  [n20w80_004] n20w80_004 HMOA 15/15: PF=500, cost=[3770,7940], sat=[7.9,14.6], 304s
  [n20w80_001] n20w80_001 noLS 2/15: PF=500, cost=[4393,8099], sat=[2.0,13.0], 154s
  [n60w80_001] n60w80_001 HMOA 5/15: PF=500, cost=[6225,8635], sat=[10.0,13.3], 390s
  [n20w80_005] n20w80_005 HMOA 15/15: PF=500, cost=[3915,6220], sat=[1.0,14.0], 227s
  [n20w80_003] n20w80_003 noLS 5/15: PF=500, cost=[4239,7948], sat=[2.0,10.8], 156s
  [n40w80_002] n40w80_002 HMOA 12/15: PF=500, cost=[4924,6206], sat=[9.8,12.0], 263s
  [n40w80_005] n40w80_005 HMOA 12/15: PF=500, cost=[5385,9801], sat=[10.4,19.6], 320s
  [n40w80_004] n40w80_004 HMOA 13/15: PF=500, cost=[4939,8311], sat=[1.0,5.0], 306s
  [n20w80_002] n20w80_002 HMOA 15/15: PF=500, cost=[3445,8568], sat=[4.0,9.1], 226s
  [n40w80_001] n40w80_001 noLS 2/15: PF=500, cost=[7074,11016], sat=[2.0,7.0], 222s
  [n20w80_001] n20w80_001 noLS 3/15: PF=500, cost=[4385,8099], sat=[2.0,13.0], 158s
  [n20w80_003] n20w80_003 noLS 6/15: PF=500, cost=[4239,9685], sat=[2.0,12.0], 142s
  [n20w80_005] n20w80_005 noLS 1/15: PF=500, cost=[3885,7245], sat=[1.0,15.0], 155s
  [n20w80_004] n20w80_004 noLS 1/15: PF=500, cost=[4047,5457], sat=[7.1,10.9], 193s
  [n40w80_002] n40w80_002 HMOA 13/15: PF=500, cost=[4314,9420], sat=[10.0,16.1], 272s
  [n40w80_004] n40w80_004 HMOA 14/15: PF=500, cost=[4685,4819], sat=[0.6,8.0], 224s
  [n20w80_002] n20w80_002 noLS 1/15: PF=500, cost=[4328,7267], sat=[3.0,8.4], 196s
  [n20w80_003] n20w80_003 noLS 7/15: PF=500, cost=[4363,7058], sat=[1.0,9.0], 156s
  [n20w80_001] n20w80_001 noLS 4/15: PF=500, cost=[4361,7092], sat=[2.0,13.0], 164s
  [n20w80_005] n20w80_005 noLS 2/15: PF=500, cost=[3909,6204], sat=[1.0,13.0], 161s
  [n20w80_004] n20w80_004 noLS 2/15: PF=500, cost=[4014,5400], sat=[7.1,10.9], 191s
  [n40w80_001] n40w80_001 noLS 3/15: PF=500, cost=[6416,11011], sat=[1.0,8.0], 234s
  [n40w80_005] n40w80_005 HMOA 13/15: PF=500, cost=[5455,7164], sat=[10.4,16.9], 358s
  [n20w80_003] n20w80_003 noLS 8/15: PF=500, cost=[4249,7920], sat=[2.0,10.0], 147s
  [n20w80_001] n20w80_001 noLS 5/15: PF=500, cost=[4161,6853], sat=[1.0,13.0], 154s
  [n60w80_001] n60w80_001 HMOA 6/15: PF=500, cost=[6319,8928], sat=[11.6,17.0], 469s
  [n20w80_005] n20w80_005 noLS 3/15: PF=500, cost=[3930,6409], sat=[1.0,14.0], 165s
  [n20w80_002] n20w80_002 noLS 2/15: PF=500, cost=[4328,5531], sat=[3.0,7.0], 195s
  [n20w80_004] n20w80_004 noLS 3/15: PF=500, cost=[4014,6046], sat=[7.1,11.0], 193s
  [n40w80_004] n40w80_004 HMOA 15/15: PF=500, cost=[4958,6622], sat=[1.0,6.0], 295s
  [n40w80_002] n40w80_002 HMOA 14/15: PF=500, cost=[4482,7584], sat=[11.0,16.2], 308s
  [n20w80_003] n20w80_003 noLS 9/15: PF=500, cost=[4239,9329], sat=[2.0,10.0], 146s
  [n40w80_001] n40w80_001 noLS 4/15: PF=500, cost=[7079,8922], sat=[1.0,7.0], 217s
  [n20w80_001] n20w80_001 noLS 6/15: PF=500, cost=[4161,8234], sat=[1.0,14.0], 151s
  [n20w80_005] n20w80_005 noLS 4/15: PF=500, cost=[3917,6890], sat=[1.0,16.5], 161s
  [n20w80_002] n20w80_002 noLS 3/15: PF=500, cost=[4328,8755], sat=[3.0,8.0], 196s
  [n40w80_005] n40w80_005 HMOA 14/15: PF=500, cost=[5441,6097], sat=[12.3,18.3], 280s
  [n20w80_003] n20w80_003 noLS 10/15: PF=500, cost=[4207,6539], sat=[2.0,10.0], 147s
  [n20w80_004] n20w80_004 noLS 4/15: PF=500, cost=[4014,8352], sat=[7.1,13.9], 196s
  [n20w80_001] n20w80_001 noLS 7/15: PF=500, cost=[4161,6731], sat=[1.0,13.0], 154s
  [n40w80_004] n40w80_004 noLS 1/15: PF=500, cost=[5114,7949], sat=[1.0,6.0], 217s
  [n40w80_001] n40w80_001 noLS 5/15: PF=500, cost=[7013,8684], sat=[2.0,7.0], 219s
  [n60w80_001] n60w80_001 HMOA 7/15: PF=500, cost=[6483,12330], sat=[11.0,16.0], 356s
  [n20w80_005] n20w80_005 noLS 5/15: PF=500, cost=[3937,7042], sat=[0.3,14.0], 209s
  [n20w80_003] n20w80_003 noLS 11/15: PF=500, cost=[4239,9237], sat=[2.0,11.0], 136s
  [n40w80_002] n40w80_002 HMOA 15/15: PF=500, cost=[5068,5989], sat=[6.4,13.0], 289s
  [n20w80_002] n20w80_002 noLS 4/15: PF=500, cost=[4365,10006], sat=[3.0,9.8], 201s
  [n20w80_001] n20w80_001 noLS 8/15: PF=500, cost=[4161,6482], sat=[1.0,10.9], 154s
  [n20w80_004] n20w80_004 noLS 5/15: PF=500, cost=[4114,8168], sat=[7.1,11.8], 199s
  [n20w80_005] n20w80_005 noLS 6/15: PF=500, cost=[3917,6980], sat=[1.0,14.0], 165s
  [n40w80_004] n40w80_004 noLS 2/15: PF=500, cost=[5170,8599], sat=[1.0,6.0], 217s
  [n40w80_005] n40w80_005 HMOA 15/15: PF=500, cost=[5499,7891], sat=[9.4,18.1], 324s
  [n20w80_003] n20w80_003 noLS 12/15: PF=500, cost=[4247,6129], sat=[6.0,9.0], 151s
  [n40w80_001] n40w80_001 noLS 6/15: PF=500, cost=[6715,8610], sat=[2.0,6.0], 215s
  [n20w80_002] n20w80_002 noLS 5/15: PF=500, cost=[4368,6949], sat=[3.0,6.5], 195s
  [n20w80_001] n20w80_001 noLS 9/15: PF=500, cost=[4393,7581], sat=[5.9,13.0], 203s
  [n40w80_002] n40w80_002 noLS 1/15: PF=500, cost=[5340,8486], sat=[6.1,14.0], 260s
  [n20w80_004] n20w80_004 noLS 6/15: PF=500, cost=[4014,6046], sat=[7.1,11.0], 199s
  [n20w80_003] n20w80_003 noLS 13/15: PF=500, cost=[4239,9817], sat=[2.0,12.0], 151s
  [n20w80_005] n20w80_005 noLS 7/15: PF=500, cost=[3909,6163], sat=[1.0,17.0], 171s
  [n40w80_004] n40w80_004 noLS 3/15: PF=500, cost=[5170,7061], sat=[1.0,6.0], 214s
  [n40w80_001] n40w80_001 noLS 7/15: PF=500, cost=[6990,9291], sat=[2.0,9.0], 226s
  [n40w80_005] n40w80_005 noLS 1/15: PF=500, cost=[5681,9411], sat=[11.0,20.0], 268s
  [n20w80_002] n20w80_002 noLS 6/15: PF=500, cost=[4328,7626], sat=[3.0,9.4], 206s
  [n20w80_001] n20w80_001 noLS 10/15: PF=500, cost=[4393,6575], sat=[2.0,12.7], 172s
  [n20w80_003] n20w80_003 noLS 14/15: PF=500, cost=[4400,7077], sat=[1.0,8.0], 160s
  [n20w80_004] n20w80_004 noLS 7/15: PF=500, cost=[4114,6152], sat=[7.1,11.0], 200s
  [n60w80_001] n60w80_001 HMOA 8/15: PF=500, cost=[6289,11733], sat=[5.9,15.5], 555s
  [n20w80_005] n20w80_005 noLS 8/15: PF=500, cost=[3957,7086], sat=[1.0,15.7], 195s
  [n40w80_002] n40w80_002 noLS 2/15: PF=500, cost=[5366,8064], sat=[3.4,16.0], 280s
  [n40w80_004] n40w80_004 noLS 4/15: PF=500, cost=[5091,7660], sat=[1.0,5.0], 227s
  [n20w80_001] n20w80_001 noLS 11/15: PF=500, cost=[4161,7586], sat=[1.0,11.0], 170s
  [n40w80_001] n40w80_001 noLS 8/15: PF=500, cost=[6652,9647], sat=[1.0,7.0], 228s
  [n20w80_002] n20w80_002 noLS 7/15: PF=500, cost=[4405,5595], sat=[3.0,7.0], 201s
  [n20w80_003] n20w80_003 noLS 15/15: PF=500, cost=[4194,10250], sat=[2.0,13.6], 162s
  [n20w80_003] DONE n20w80_003: C(H,N)=0.7256, C(N,H)=0.1376
[13:47:06] DONE n20w80_003 (1/20): C(H,N)=0.7256, C(N,H)=0.1376, T(H)=179s, T(N)=150s, elapsed=4936s
  [n20w80_005] n20w80_005 noLS 9/15: PF=500, cost=[3909,6163], sat=[1.0,17.0], 172s
  [n20w80_004] n20w80_004 noLS 8/15: PF=500, cost=[4047,6416], sat=[7.1,10.9], 203s
  [n40w80_005] n40w80_005 noLS 2/15: PF=500, cost=[5536,7092], sat=[9.9,17.7], 280s
  [n20w80_001] n20w80_001 noLS 12/15: PF=500, cost=[4194,7582], sat=[1.0,12.7], 160s
  [n40w80_002] n40w80_002 noLS 3/15: PF=500, cost=[5315,6498], sat=[6.1,13.0], 259s
  [n40w80_004] n40w80_004 noLS 5/15: PF=500, cost=[5060,7545], sat=[1.0,4.6], 226s
  [n20w80_002] n20w80_002 noLS 8/15: PF=500, cost=[4365,7967], sat=[3.0,9.0], 198s
  [n40w80_001] n40w80_001 noLS 9/15: PF=500, cost=[7282,8945], sat=[5.0,7.0], 218s
  [n20w80_005] n20w80_005 noLS 10/15: PF=500, cost=[3896,6906], sat=[1.0,15.0], 163s
  [n20w80_004] n20w80_004 noLS 9/15: PF=500, cost=[4014,6015], sat=[7.1,11.0], 195s
  [n20w80_001] n20w80_001 noLS 13/15: PF=500, cost=[4194,6481], sat=[1.0,12.0], 158s
  [n40w80_005] n40w80_005 noLS 3/15: PF=500, cost=[5476,8598], sat=[8.6,20.6], 273s
  [n60w80_002] n60w80_002 HMOA 1/15: PF=500, cost=[6016,7068], sat=[2.6,7.0], 356s
  [n20w80_005] n20w80_005 noLS 11/15: PF=500, cost=[3909,4860], sat=[1.0,11.0], 163s
  [n20w80_002] n20w80_002 noLS 9/15: PF=500, cost=[4289,5551], sat=[3.0,7.0], 193s
  [n40w80_004] n40w80_004 noLS 6/15: PF=500, cost=[5080,6970], sat=[1.0,5.0], 230s
  [n40w80_001] n40w80_001 noLS 10/15: PF=500, cost=[7022,10104], sat=[1.0,7.0], 234s
  [n20w80_004] n20w80_004 noLS 10/15: PF=500, cost=[4014,6234], sat=[7.1,11.8], 196s
  [n40w80_002] n40w80_002 noLS 4/15: PF=500, cost=[5335,12352], sat=[7.3,16.0], 271s
  [n20w80_001] n20w80_001 noLS 14/15: PF=500, cost=[4194,7717], sat=[1.0,12.0], 172s
  [n20w80_005] n20w80_005 noLS 12/15: PF=500, cost=[3917,5320], sat=[1.0,16.0], 175s
  [n20w80_002] n20w80_002 noLS 10/15: PF=500, cost=[4404,9749], sat=[3.0,7.0], 184s
  [n40w80_005] n40w80_005 noLS 4/15: PF=500, cost=[5425,7595], sat=[8.6,17.9], 254s
  [n20w80_001] n20w80_001 noLS 15/15: PF=500, cost=[4353,6627], sat=[2.0,10.4], 183s
  [n20w80_001] DONE n20w80_001: C(H,N)=0.9877, C(N,H)=0.0053
  [n20w80_004] n20w80_004 noLS 11/15: PF=500, cost=[4047,5400], sat=[7.1,10.9], 191s
[13:57:41] DONE n20w80_001 (2/20): C(H,N)=0.9877, C(N,H)=0.0053, T(H)=208s, T(N)=164s, elapsed=5572s
  [n60w80_001] n60w80_001 HMOA 9/15: PF=500, cost=[6291,10667], sat=[8.9,14.0], 772s
  [n40w80_004] n40w80_004 noLS 7/15: PF=500, cost=[5038,7455], sat=[1.0,5.0], 239s
  [n40w80_001] n40w80_001 noLS 11/15: PF=500, cost=[6736,9339], sat=[1.0,7.0], 235s
  [n40w80_002] n40w80_002 noLS 5/15: PF=500, cost=[5076,9129], sat=[5.4,14.0], 271s
  [n20w80_005] n20w80_005 noLS 13/15: PF=500, cost=[3931,5214], sat=[1.0,12.0], 184s
  [n20w80_002] n20w80_002 noLS 11/15: PF=500, cost=[4424,5548], sat=[2.0,6.0], 180s
  [n60w80_002] n60w80_002 HMOA 2/15: PF=500, cost=[6433,10133], sat=[4.6,9.0], 419s
  [n20w80_004] n20w80_004 noLS 12/15: PF=500, cost=[4014,5400], sat=[7.1,10.9], 190s
  [n40w80_005] n40w80_005 noLS 5/15: PF=500, cost=[5467,7182], sat=[8.6,18.0], 271s
  [n40w80_004] n40w80_004 noLS 8/15: PF=500, cost=[5043,6700], sat=[1.0,5.0], 237s
  [n40w80_001] n40w80_001 noLS 12/15: PF=500, cost=[6736,10225], sat=[2.0,6.3], 239s
  [n20w80_005] n20w80_005 noLS 14/15: PF=500, cost=[3908,6888], sat=[1.0,16.5], 184s
  [n20w80_002] n20w80_002 noLS 12/15: PF=500, cost=[4326,8485], sat=[3.0,10.0], 200s
  [n40w80_002] n40w80_002 noLS 6/15: PF=500, cost=[5260,9544], sat=[6.0,14.1], 238s
  [n60w80_001] n60w80_001 HMOA 10/15: PF=500, cost=[6142,7075], sat=[10.0,13.1], 353s
  [n20w80_004] n20w80_004 noLS 13/15: PF=500, cost=[4114,5501], sat=[7.1,10.9], 199s
  [n60w80_002] n60w80_002 HMOA 3/15: PF=500, cost=[6257,6959], sat=[3.6,7.0], 308s
  [n20w80_005] n20w80_005 noLS 15/15: PF=500, cost=[3909,7281], sat=[1.0,14.0], 167s
  [n20w80_005] DONE n20w80_005: C(H,N)=0.5240, C(N,H)=0.4635
[14:05:13] DONE n20w80_005 (3/20): C(H,N)=0.5240, C(N,H)=0.4635, T(H)=229s, T(N)=173s, elapsed=6023s
  [n40w80_004] n40w80_004 noLS 9/15: PF=500, cost=[5083,8715], sat=[1.0,6.0], 229s
  [n60w80_003] n60w80_003 HMOA 1/15: PF=500, cost=[6843,11840], sat=[2.0,21.0], 484s
  [n40w80_005] n40w80_005 noLS 6/15: PF=500, cost=[5607,6381], sat=[10.2,16.0], 267s
  [n40w80_001] n40w80_001 noLS 13/15: PF=500, cost=[6781,9505], sat=[2.0,8.0], 226s
  [n20w80_002] n20w80_002 noLS 13/15: PF=500, cost=[4326,9506], sat=[3.0,8.2], 197s
  [n40w80_002] n40w80_002 noLS 7/15: PF=500, cost=[5518,7368], sat=[7.1,14.0], 253s
  [n20w80_004] n20w80_004 noLS 14/15: PF=500, cost=[4014,8460], sat=[7.1,11.8], 195s
  [n20w80_002] n20w80_002 noLS 14/15: PF=500, cost=[4469,8049], sat=[2.0,8.0], 159s
  [n40w80_004] n40w80_004 noLS 10/15: PF=500, cost=[4931,7000], sat=[1.0,4.0], 217s
  [n40w80_001] n40w80_001 noLS 14/15: PF=500, cost=[6384,9926], sat=[1.0,6.2], 219s
  [n60w80_001] n60w80_001 HMOA 11/15: PF=500, cost=[6181,9335], sat=[7.0,12.0], 363s
  [n40w80_005] n40w80_005 noLS 7/15: PF=500, cost=[5562,7087], sat=[10.2,17.2], 254s
  [n60w80_003] n60w80_003 HMOA 2/15: PF=500, cost=[6468,7179], sat=[1.0,16.0], 287s
  [n20w80_004] n20w80_004 noLS 15/15: PF=500, cost=[4468,5911], sat=[7.1,10.8], 190s
  [n20w80_004] DONE n20w80_004: C(H,N)=0.9984, C(N,H)=0.0000
[14:10:37] DONE n20w80_004 (4/20): C(H,N)=0.9984, C(N,H)=0.0000, T(H)=228s, T(N)=195s, elapsed=6347s
  [n60w80_004] n60w80_004 HMOA 1/15: PF=500, cost=[6951,7574], sat=[8.4,19.0], 338s
  [n40w80_002] n40w80_002 noLS 8/15: PF=500, cost=[5086,10072], sat=[2.0,14.5], 241s
  [n20w80_002] n20w80_002 noLS 15/15: PF=500, cost=[4586,8372], sat=[3.0,7.6], 160s
  [n20w80_002] DONE n20w80_002: C(H,N)=0.9963, C(N,H)=0.0027
[14:11:24] DONE n20w80_002 (5/20): C(H,N)=0.9963, C(N,H)=0.0027, T(H)=235s, T(N)=191s, elapsed=6394s
  [n40w80_004] n40w80_004 noLS 11/15: PF=500, cost=[5154,6330], sat=[1.6,4.0], 213s
  [n60w80_002] n60w80_002 HMOA 4/15: PF=500, cost=[6380,11409], sat=[3.6,8.5], 490s
  [n40w80_001] n40w80_001 noLS 15/15: PF=500, cost=[6678,9368], sat=[1.0,7.0], 223s
  [n40w80_001] DONE n40w80_001: C(H,N)=0.7400, C(N,H)=0.0669
[14:13:22] DONE n40w80_001 (6/20): C(H,N)=0.7400, C(N,H)=0.0669, T(H)=209s, T(N)=225s, elapsed=6512s
  [n40w80_005] n40w80_005 noLS 8/15: PF=500, cost=[5440,11363], sat=[6.5,18.6], 259s
  [n40w80_002] n40w80_002 noLS 9/15: PF=500, cost=[5147,8390], sat=[5.1,12.0], 252s
  [n40w80_004] n40w80_004 noLS 12/15: PF=500, cost=[5096,6515], sat=[1.0,5.0], 215s
  [n60w80_001] n60w80_001 HMOA 12/15: PF=500, cost=[6338,14602], sat=[11.0,17.7], 397s
  [n60w80_004] n60w80_004 HMOA 2/15: PF=500, cost=[7122,7653], sat=[4.7,15.0], 347s
  [n60w80_003] n60w80_003 HMOA 3/15: PF=500, cost=[6860,14110], sat=[8.0,19.0], 379s
  [n80w80_001] n80w80_001 HMOA 1/15: PF=500, cost=[7463,13995], sat=[4.0,13.0], 426s
  [n40w80_005] n40w80_005 noLS 9/15: PF=500, cost=[5526,12831], sat=[9.9,20.9], 261s
  [n60w80_002] n60w80_002 HMOA 5/15: PF=500, cost=[6193,7699], sat=[3.6,8.0], 344s
  [n40w80_002] n40w80_002 noLS 10/15: PF=500, cost=[5311,7290], sat=[6.5,13.0], 248s
  [n40w80_004] n40w80_004 noLS 13/15: PF=500, cost=[5156,8152], sat=[1.0,5.0], 209s
  [n60w80_005] n60w80_005 HMOA 1/15: PF=500, cost=[5996,14321], sat=[5.0,20.5], 574s
  [n60w80_003] n60w80_003 HMOA 4/15: PF=500, cost=[6477,12661], sat=[1.0,17.9], 356s
  [n40w80_005] n40w80_005 noLS 10/15: PF=500, cost=[5531,7139], sat=[9.2,19.0], 249s
  [n40w80_004] n40w80_004 noLS 14/15: PF=500, cost=[5195,7426], sat=[1.0,7.0], 206s
  [n40w80_002] n40w80_002 noLS 11/15: PF=500, cost=[5451,9314], sat=[7.1,15.1], 235s
  [n80w80_002] n80w80_002 HMOA 1/15: PF=500, cost=[7608,13714], sat=[7.0,20.0], 620s
  [n60w80_004] n60w80_004 HMOA 3/15: PF=500, cost=[7000,10511], sat=[1.0,17.0], 454s
  [n80w80_001] n80w80_001 HMOA 2/15: PF=500, cost=[7317,10966], sat=[4.0,14.0], 345s
  [n60w80_002] n60w80_002 HMOA 6/15: PF=500, cost=[6319,10199], sat=[4.6,7.6], 382s
  [n60w80_001] n60w80_001 HMOA 13/15: PF=500, cost=[6246,13951], sat=[7.7,17.0], 549s
  [n40w80_004] n40w80_004 noLS 15/15: PF=500, cost=[5156,9974], sat=[1.0,6.0], 198s
  [n40w80_004] DONE n40w80_004: C(H,N)=0.7971, C(N,H)=0.1379
[14:26:38] DONE n40w80_004 (7/20): C(H,N)=0.7971, C(N,H)=0.1379, T(H)=268s, T(N)=220s, elapsed=7308s
  [n40w80_002] n40w80_002 noLS 12/15: PF=500, cost=[5317,7442], sat=[2.0,13.0], 197s
  [n60w80_005] n60w80_005 HMOA 2/15: PF=500, cost=[6048,9533], sat=[5.0,17.0], 400s
  [n40w80_005] n40w80_005 noLS 11/15: PF=500, cost=[5533,7331], sat=[6.5,19.0], 247s
  [n60w80_004] n60w80_004 HMOA 4/15: PF=500, cost=[6858,7286], sat=[8.7,13.7], 279s
  [n60w80_003] n60w80_003 HMOA 5/15: PF=500, cost=[6715,14036], sat=[2.8,20.0], 396s
  [n40w80_002] n40w80_002 noLS 13/15: PF=500, cost=[5368,7515], sat=[5.1,12.0], 231s
  [n40w80_005] n40w80_005 noLS 12/15: PF=500, cost=[5427,12013], sat=[6.4,20.2], 243s
  [n60w80_002] n60w80_002 HMOA 7/15: PF=500, cost=[6304,7400], sat=[3.6,6.7], 395s
  [n80w80_001] n80w80_001 HMOA 3/15: PF=500, cost=[7329,15500], sat=[4.0,9.2], 477s
  [n80w80_003] n80w80_003 HMOA 1/15: PF=500, cost=[7369,11751], sat=[5.0,22.4], 367s
  [n60w80_001] n60w80_001 HMOA 14/15: PF=500, cost=[6140,11463], sat=[8.2,15.6], 485s
  [n60w80_004] n60w80_004 HMOA 5/15: PF=500, cost=[6949,10339], sat=[2.0,13.0], 328s
  [n40w80_002] n40w80_002 noLS 14/15: PF=500, cost=[5475,6596], sat=[5.5,12.0], 233s
  [n40w80_005] n40w80_005 noLS 13/15: PF=500, cost=[5567,9607], sat=[10.6,20.4], 243s
  [n60w80_005] n60w80_005 HMOA 3/15: PF=500, cost=[6089,13331], sat=[5.0,24.0], 503s
  [n80w80_002] n80w80_002 HMOA 2/15: PF=500, cost=[8054,12108], sat=[6.6,23.0], 708s
  [n60w80_003] n60w80_003 HMOA 6/15: PF=500, cost=[6577,11681], sat=[1.0,18.0], 409s
  [n60w80_002] n60w80_002 HMOA 8/15: PF=500, cost=[6327,7204], sat=[4.8,6.9], 349s
  [n40w80_002] n40w80_002 noLS 15/15: PF=500, cost=[5519,7229], sat=[4.2,13.4], 229s
  [n40w80_002] DONE n40w80_002: C(H,N)=0.9272, C(N,H)=0.0685
[14:38:21] DONE n40w80_002 (8/20): C(H,N)=0.9272, C(N,H)=0.0685, T(H)=287s, T(N)=247s, elapsed=8011s
  [n40w80_005] n40w80_005 noLS 14/15: PF=500, cost=[5527,6986], sat=[9.9,18.5], 2455s
  [n80w80_003] n80w80_003 HMOA 2/15: PF=500, cost=[6776,8442], sat=[8.0,19.7], 2610s
  [n80w80_001] n80w80_001 HMOA 4/15: PF=500, cost=[7563,15584], sat=[3.0,10.5], 2677s
  [n60w80_001] n60w80_001 HMOA 15/15: PF=500, cost=[6540,12909], sat=[7.7,17.0], 2667s
  [n60w80_004] n60w80_004 HMOA 6/15: PF=500, cost=[6997,10380], sat=[5.0,14.0], 2682s
  [n60w80_003] n60w80_003 HMOA 7/15: PF=500, cost=[6495,9990], sat=[1.0,18.4], 2576s
  [n40w80_005] n40w80_005 noLS 15/15: PF=500, cost=[5580,8429], sat=[9.5,18.6], 248s
  [n40w80_005] DONE n40w80_005: C(H,N)=0.9304, C(N,H)=0.0027
[15:20:17] DONE n40w80_005 (9/20): C(H,N)=0.9304, C(N,H)=0.0027, T(H)=297s, T(N)=405s, elapsed=10527s
  [n60w80_002] n60w80_002 HMOA 9/15: PF=500, cost=[6306,7538], sat=[3.6,8.0], 2558s
  [n80w80_004] n80w80_004 HMOA 1/15: PF=500, cost=[5504,9296], sat=[19.0,28.6], 2539s
  [n80w80_002] n80w80_002 HMOA 3/15: PF=500, cost=[7256,11933], sat=[5.0,20.0], 2783s
  [n60w80_001] n60w80_001 noLS 1/15: PF=500, cost=[6613,14694], sat=[5.7,14.0], 303s
  [n60w80_005] n60w80_005 HMOA 4/15: PF=500, cost=[6397,12796], sat=[1.0,26.7], 2920s
  [n80w80_003] n80w80_003 HMOA 3/15: PF=500, cost=[7288,14539], sat=[10.0,22.2], 491s
  [n80w80_005] n80w80_005 HMOA 1/15: PF=500, cost=[8441,8441], sat=[18.0,18.0], 266s
  [n60w80_004] n60w80_004 HMOA 7/15: PF=500, cost=[6999,8633], sat=[1.6,12.7], 441s
  [n60w80_003] n60w80_003 HMOA 8/15: PF=500, cost=[6555,9755], sat=[2.0,18.7], 462s
  [n60w80_002] n60w80_002 HMOA 10/15: PF=500, cost=[6164,8942], sat=[3.6,7.4], 428s
  [n60w80_001] n60w80_001 noLS 2/15: PF=500, cost=[6454,11118], sat=[6.5,15.2], 302s
  [n80w80_001] n80w80_001 HMOA 5/15: PF=500, cost=[7291,16868], sat=[4.0,12.4], 804s
  [n80w80_003] n80w80_003 HMOA 4/15: PF=500, cost=[7420,13403], sat=[7.0,24.5], 491s
  [n60w80_003] n60w80_003 HMOA 9/15: PF=500, cost=[6547,9513], sat=[0.8,22.0], 360s
  [n60w80_001] n60w80_001 noLS 3/15: PF=500, cost=[6567,11782], sat=[3.0,17.1], 306s
  [n80w80_002] n80w80_002 HMOA 4/15: PF=500, cost=[7456,15106], sat=[7.6,20.0], 685s
  [n80w80_005] n80w80_005 HMOA 2/15: PF=500, cost=[6491,11425], sat=[11.9,24.8], 540s
  [n60w80_002] n60w80_002 HMOA 11/15: PF=500, cost=[6386,8408], sat=[4.6,9.0], 386s
  [n60w80_004] n60w80_004 HMOA 8/15: PF=500, cost=[7091,11109], sat=[7.0,15.5], 489s
  [n80w80_004] n80w80_004 HMOA 2/15: PF=500, cost=[6908,11560], sat=[21.3,39.6], 843s
  [n80w80_001] n80w80_001 HMOA 6/15: PF=500, cost=[7438,9782], sat=[5.0,14.9], 393s
  [n60w80_001] n60w80_001 noLS 4/15: PF=500, cost=[6549,9678], sat=[5.0,12.9], 301s
  [n60w80_005] n60w80_005 HMOA 5/15: PF=500, cost=[6200,16403], sat=[1.0,22.9], 872s
  [n60w80_003] n60w80_003 HMOA 10/15: PF=500, cost=[6565,10701], sat=[0.8,18.0], 418s
  [n60w80_002] n60w80_002 HMOA 12/15: PF=500, cost=[6304,7146], sat=[3.6,6.8], 370s
  [n80w80_004] n80w80_004 HMOA 3/15: PF=500, cost=[5710,10394], sat=[16.0,45.8], 457s
  [n60w80_001] n60w80_001 noLS 5/15: PF=500, cost=[6524,11306], sat=[2.0,14.0], 296s
  [n80w80_002] n80w80_002 HMOA 5/15: PF=500, cost=[7391,16972], sat=[6.0,19.1], 607s
  [n80w80_001] n80w80_001 HMOA 7/15: PF=500, cost=[7040,11360], sat=[2.0,12.7], 416s
  [n80w80_003] n80w80_003 HMOA 5/15: PF=500, cost=[6764,15522], sat=[15.1,27.3], 672s
  [n60w80_004] n60w80_004 HMOA 9/15: PF=500, cost=[7037,11403], sat=[2.0,15.0], 614s
  [n80w80_005] n80w80_005 HMOA 3/15: PF=500, cost=[6310,11609], sat=[10.9,26.0], 685s
  [n60w80_003] n60w80_003 HMOA 11/15: PF=500, cost=[6978,9189], sat=[10.0,19.9], 383s
  [n60w80_002] n60w80_002 HMOA 13/15: PF=500, cost=[6147,7768], sat=[2.6,7.8], 458s
  [n60w80_001] n60w80_001 noLS 6/15: PF=500, cost=[6638,17387], sat=[4.0,20.9], 300s
  [n60w80_005] n60w80_005 HMOA 6/15: PF=500, cost=[5988,13112], sat=[5.0,21.5], 604s
  [n80w80_004] n80w80_004 HMOA 4/15: PF=500, cost=[5677,7613], sat=[10.0,22.8], 485s
  [n80w80_005] n80w80_005 HMOA 4/15: PF=500, cost=[6804,7551], sat=[23.3,30.6], 321s
  [n60w80_004] n60w80_004 HMOA 10/15: PF=500, cost=[6897,10791], sat=[7.5,13.7], 372s
  [n80w80_001] n80w80_001 HMOA 8/15: PF=500, cost=[7198,11025], sat=[4.0,17.9], 437s
  [n80w80_002] n80w80_002 HMOA 6/15: PF=500, cost=[8153,9686], sat=[10.9,22.0], 461s
  [n80w80_003] n80w80_003 HMOA 6/15: PF=500, cost=[7502,11750], sat=[6.7,17.2], 487s
  [n60w80_003] n60w80_003 HMOA 12/15: PF=500, cost=[6518,8469], sat=[0.8,18.2], 396s
  [n60w80_001] n60w80_001 noLS 7/15: PF=500, cost=[6872,11120], sat=[7.0,15.0], 291s
  [n60w80_002] n60w80_002 HMOA 14/15: PF=500, cost=[6007,9545], sat=[2.6,8.6], 369s
  [n60w80_001] n60w80_001 noLS 8/15: PF=500, cost=[6590,10801], sat=[3.8,16.8], 312s
  [n60w80_004] n60w80_004 HMOA 11/15: PF=500, cost=[6840,10007], sat=[7.7,15.0], 456s
  [n80w80_001] n80w80_001 HMOA 9/15: PF=500, cost=[7670,11425], sat=[3.0,15.0], 494s
  [n60w80_003] n60w80_003 HMOA 13/15: PF=500, cost=[6771,10205], sat=[2.0,19.0], 385s
  [n80w80_003] n80w80_003 HMOA 7/15: PF=500, cost=[7020,13401], sat=[2.0,21.8], 512s
  [n60w80_002] n60w80_002 HMOA 15/15: PF=500, cost=[6468,8541], sat=[3.7,6.6], 400s
  [n80w80_004] n80w80_004 HMOA 5/15: PF=500, cost=[5522,10587], sat=[16.6,27.0], 617s
  [n60w80_005] n60w80_005 HMOA 7/15: PF=500, cost=[6395,16963], sat=[2.1,26.0], 820s
