======================================================================
  HMOA DUMAS EXPERIMENT - PAPER PARAMETERS
  pop=100, iter=500
  kmax=5, pc=0.9, pm=0.3
  runs=15, instances=5
  Started: 2026-06-25 18:35:18
======================================================================

============================================================
  n20w60_001: n=20, LTL=6, eps=43.7
============================================================
  HMOA  run  1/15... PF=500, cost=[3948,4394], sat=[4.1,10.9], 26s
  HMOA  run  2/15... PF=499, cost=[3941,10850], sat=[4.1,17.4], 35s
  HMOA  run  3/15... PF=500, cost=[4135,5126], sat=[2.0,11.6], 23s
  HMOA  run  4/15... PF=500, cost=[4197,4909], sat=[7.1,9.8], 24s
  HMOA  run  5/15... PF=500, cost=[3948,4408], sat=[4.1,10.9], 25s
  HMOA  run  6/15... PF=500, cost=[4181,8961], sat=[8.1,16.3], 30s
  HMOA  run  7/15... PF=500, cost=[4169,11100], sat=[8.1,16.8], 38s
  HMOA  run  8/15... PF=500, cost=[4176,4294], sat=[8.1,10.8], 24s
  HMOA  run  9/15... PF=500, cost=[4135,4396], sat=[2.0,10.9], 23s
  HMOA  run 10/15... PF=500, cost=[4135,4299], sat=[2.0,10.8], 20s
  HMOA  run 11/15... PF=500, cost=[4195,5420], sat=[6.1,10.9], 25s
  HMOA  run 12/15... PF=500, cost=[3948,4523], sat=[4.1,10.9], 27s
  HMOA  run 13/15... PF=500, cost=[4185,9102], sat=[8.3,16.0], 34s
  HMOA  run 14/15... PF=500, cost=[3948,4394], sat=[4.1,10.9], 28s
  HMOA  run 15/15... PF=500, cost=[4200,4397], sat=[6.5,10.9], 24s
  noLS  run  1/15... PF=500, cost=[4220,4399], sat=[7.5,10.9], 22s
  noLS  run  2/15... PF=500, cost=[3948,4379], sat=[4.1,9.7], 26s
  noLS  run  3/15... PF=500, cost=[4185,4397], sat=[8.3,10.9], 23s
  noLS  run  4/15... PF=500, cost=[4177,4267], sat=[2.0,10.8], 21s
  noLS  run  5/15... PF=500, cost=[4163,4408], sat=[2.0,10.9], 23s
  noLS  run  6/15... PF=500, cost=[4181,8654], sat=[8.1,13.8], 23s
  noLS  run  7/15... PF=500, cost=[4183,5097], sat=[7.2,10.7], 24s
  noLS  run  8/15... PF=500, cost=[4200,4399], sat=[6.5,10.9], 24s
  noLS  run  9/15... PF=500, cost=[4135,4299], sat=[2.0,10.8], 23s
  noLS  run 10/15... PF=500, cost=[4176,4394], sat=[8.1,10.9], 23s
  noLS  run 11/15... PF=500, cost=[4183,4957], sat=[7.2,11.9], 25s
  noLS  run 12/15... PF=500, cost=[4176,4399], sat=[8.1,10.9], 24s
  noLS  run 13/15... PF=500, cost=[4200,4399], sat=[6.5,10.9], 25s
  noLS  run 14/15... PF=500, cost=[3948,4397], sat=[4.1,10.9], 26s
  noLS  run 15/15... PF=500, cost=[3941,7371], sat=[4.1,13.1], 27s
  => C(H,N)=0.3983+/-0.4797, C(N,H)=0.1381+/-0.3310 [HMOA]

============================================================
  n20w60_002: n=20, LTL=6, eps=45.2
============================================================
  HMOA  run  1/15... PF=500, cost=[4098,8045], sat=[1.0,7.8], 21s
  HMOA  run  2/15... PF=500, cost=[4146,8200], sat=[2.0,8.4], 22s
  HMOA  run  3/15... PF=500, cost=[4146,6154], sat=[2.0,10.4], 22s
  HMOA  run  4/15... PF=500, cost=[4146,6115], sat=[2.0,10.9], 22s
  HMOA  run  5/15... PF=500, cost=[4180,9952], sat=[2.0,15.4], 24s
  HMOA  run  6/15... PF=500, cost=[4167,6839], sat=[2.0,10.3], 20s
  HMOA  run  7/15... PF=500, cost=[4227,6210], sat=[2.0,10.3], 23s
  HMOA  run  8/15... PF=500, cost=[4125,10213], sat=[2.0,6.7], 21s
  HMOA  run  9/15... PF=500, cost=[4124,5614], sat=[1.0,8.5], 22s
  HMOA  run 10/15... PF=500, cost=[4199,6210], sat=[1.2,10.3], 27s
  HMOA  run 11/15... PF=500, cost=[4189,6155], sat=[2.0,9.0], 21s
  HMOA  run 12/15... PF=500, cost=[4250,7704], sat=[1.2,8.2], 24s
  HMOA  run 13/15... PF=500, cost=[4146,6554], sat=[2.0,8.2], 22s
  HMOA  run 14/15... PF=500, cost=[4189,6146], sat=[2.0,10.0], 22s
  HMOA  run 15/15... PF=500, cost=[4146,6206], sat=[2.0,9.5], 22s
  noLS  run  1/15... PF=500, cost=[4080,7965], sat=[1.0,8.9], 20s
  noLS  run  2/15... PF=500, cost=[4235,9615], sat=[1.2,7.5], 24s
  noLS  run  3/15... PF=500, cost=[4245,8204], sat=[1.2,8.0], 26s
  noLS  run  4/15... PF=500, cost=[4205,6104], sat=[2.0,10.1], 21s
  noLS  run  5/15... PF=500, cost=[4130,9101], sat=[1.0,7.7], 22s
  noLS  run  6/15... PF=500, cost=[4158,6107], sat=[2.0,8.4], 22s
  noLS  run  7/15... PF=500, cost=[4081,10614], sat=[1.0,13.9], 21s
  noLS  run  8/15... PF=500, cost=[4128,7386], sat=[1.0,9.0], 22s
  noLS  run  9/15... PF=500, cost=[4198,8364], sat=[1.0,7.8], 21s
  noLS  run 10/15... PF=500, cost=[4243,6597], sat=[1.0,12.2], 20s
  noLS  run 11/15... PF=500, cost=[4217,5044], sat=[2.0,8.2], 22s
  noLS  run 12/15... PF=500, cost=[4259,4800], sat=[2.0,8.9], 21s
  noLS  run 13/15... PF=500, cost=[4225,5671], sat=[1.0,10.9], 24s
  noLS  run 14/15... PF=500, cost=[4235,10060], sat=[1.0,6.7], 27s
  noLS  run 15/15... PF=500, cost=[4198,7623], sat=[1.2,7.8], 29s
  => C(H,N)=0.6624+/-0.4449, C(N,H)=0.2701+/-0.4128 [HMOA]

============================================================
  n20w60_003: n=20, LTL=6, eps=46.8
============================================================
  HMOA  run  1/15... PF=500, cost=[4552,8372], sat=[3.0,12.0], 25s
  HMOA  run  2/15... 