SKIP n20w80_001 (already done)
SKIP n20w80_002 (already done)
SKIP n20w80_003 (already done)
SKIP n20w80_004 (already done)
SKIP n20w80_005 (already done)
SKIP n40w80_001 (already done)
SKIP n40w80_002 (already done)
SKIP n40w80_004 (already done)
SKIP n40w80_005 (already done)
======================================================================
  HMOA EXPERIMENT — pop=200, iter=2000, kmax=5, drones=3, wbl=0.2
  Workers: 5  |  Pending: 11
  Started: 2026-06-27 00:17:46
======================================================================
  [n40w80_003] n40w80_003 HMOA 1/15: PF=500, cost=[4682,5254], sat=[0.0,1.0], 229s
  [n60w80_002] n60w80_002 HMOA 1/15: PF=500, cost=[6059,7289], sat=[3.6,5.8], 415s
  [n60w80_001] n60w80_001 HMOA 1/15: PF=500, cost=[6339,10450], sat=[7.8,11.6], 456s
  [n40w80_003] n40w80_003 HMOA 2/15: PF=500, cost=[4866,4908], sat=[0.0,1.0], 234s
  [n60w80_003] n60w80_003 HMOA 1/15: PF=500, cost=[6603,11864], sat=[1.0,20.0], 537s
  [n40w80_003] n40w80_003 HMOA 3/15: PF=500, cost=[4789,4880], sat=[0.0,1.0], 194s
  [n60w80_004] n60w80_004 HMOA 1/15: PF=500, cost=[7009,11651], sat=[1.0,15.4], 687s
  [n40w80_003] n40w80_003 HMOA 4/15: PF=500, cost=[4805,4805], sat=[1.0,1.0], 194s
  [n60w80_002] n60w80_002 HMOA 2/15: PF=500, cost=[6412,7688], sat=[4.7,6.9], 445s
  [n40w80_003] n40w80_003 HMOA 5/15: PF=500, cost=[4704,6896], sat=[0.0,1.0], 231s
  [n60w80_003] n60w80_003 HMOA 2/15: PF=500, cost=[6584,13990], sat=[1.8,18.0], 553s
  [n60w80_004] n60w80_004 HMOA 2/15: PF=500, cost=[7022,7568], sat=[2.0,15.9], 482s
  [n60w80_001] n60w80_001 HMOA 2/15: PF=500, cost=[6420,12255], sat=[10.4,16.0], 720s
  [n40w80_003] n40w80_003 HMOA 6/15: PF=500, cost=[5100,5100], sat=[0.0,0.0], 210s
  [n60w80_002] n60w80_002 HMOA 3/15: PF=500, cost=[6285,10045], sat=[3.7,7.6], 516s
  [n60w80_003] n60w80_003 HMOA 3/15: PF=500, cost=[6769,9005], sat=[2.0,17.9], 417s
  [n40w80_003] n40w80_003 HMOA 7/15: PF=500, cost=[4650,4713], sat=[0.0,1.0], 226s
  [n40w80_003] n40w80_003 HMOA 8/15: PF=500, cost=[4670,5693], sat=[0.0,1.0], 223s
  [n60w80_001] n60w80_001 HMOA 3/15: PF=500, cost=[6182,12825], sat=[11.4,17.0], 593s
  [n60w80_004] n60w80_004 HMOA 3/15: PF=500, cost=[6991,11393], sat=[6.0,13.8], 601s
  [n60w80_002] n60w80_002 HMOA 4/15: PF=500, cost=[6336,9165], sat=[3.6,7.9], 496s
  [n40w80_003] n40w80_003 HMOA 9/15: PF=500, cost=[4712,5737], sat=[0.0,1.0], 218s
  [n60w80_003] n60w80_003 HMOA 4/15: PF=500, cost=[6750,8085], sat=[0.8,16.6], 482s
  [n40w80_003] n40w80_003 HMOA 10/15: PF=500, cost=[4774,5642], sat=[0.0,1.0], 240s
  [n60w80_004] n60w80_004 HMOA 4/15: PF=500, cost=[6928,13312], sat=[7.0,15.7], 614s
  [n60w80_001] n60w80_001 HMOA 4/15: PF=500, cost=[6142,10056], sat=[4.0,16.0], 652s
  [n40w80_003] n40w80_003 HMOA 11/15: PF=500, cost=[4773,6911], sat=[0.0,1.0], 246s
  [n60w80_003] n60w80_003 HMOA 5/15: PF=500, cost=[6472,11250], sat=[0.0,16.0], 490s
  [n60w80_002] n60w80_002 HMOA 5/15: PF=500, cost=[6270,8819], sat=[3.6,7.9], 697s
  [n40w80_003] n40w80_003 HMOA 12/15: PF=500, cost=[4700,4789], sat=[0.0,1.0], 213s
  [n40w80_003] n40w80_003 HMOA 13/15: PF=500, cost=[4695,5534], sat=[0.0,1.0], 239s
  [n60w80_001] n60w80_001 HMOA 5/15: PF=500, cost=[6302,8989], sat=[9.9,15.9], 485s
  [n60w80_003] n60w80_003 HMOA 6/15: PF=500, cost=[6486,10463], sat=[0.0,19.2], 451s
  [n60w80_002] n60w80_002 HMOA 6/15: PF=500, cost=[6294,6623], sat=[0.6,5.7], 425s
  [n60w80_004] n60w80_004 HMOA 5/15: PF=500, cost=[6722,11423], sat=[6.9,17.8], 714s
  [n40w80_003] n40w80_003 HMOA 14/15: PF=500, cost=[4701,4936], sat=[0.0,1.0], 236s
  [n60w80_001] n60w80_001 HMOA 6/15: PF=500, cost=[6293,8811], sat=[8.4,16.5], 437s
  [n40w80_003] n40w80_003 HMOA 15/15: PF=500, cost=[4684,4822], sat=[0.0,1.0], 237s
  [n60w80_002] n60w80_002 HMOA 7/15: PF=500, cost=[6414,7054], sat=[4.8,6.6], 419s
  [n60w80_003] n60w80_003 HMOA 7/15: PF=500, cost=[6737,13764], sat=[0.0,18.0], 491s
  [n60w80_004] n60w80_004 HMOA 6/15: PF=500, cost=[7030,10418], sat=[1.0,15.0], 400s
  [n40w80_003] n40w80_003 noLS 1/15: PF=500, cost=[5074,6673], sat=[0.0,1.0], 240s
  [n60w80_001] n60w80_001 HMOA 7/15: PF=500, cost=[6497,12569], sat=[12.5,17.0], 470s
  [n40w80_003] n40w80_003 noLS 2/15: PF=500, cost=[5068,6946], sat=[0.0,1.0], 248s
  [n60w80_003] n60w80_003 HMOA 8/15: PF=500, cost=[6679,10286], sat=[0.0,17.0], 493s
  [n60w80_002] n60w80_002 HMOA 8/15: PF=500, cost=[6122,7096], sat=[2.6,7.8], 541s
  [n40w80_003] n40w80_003 noLS 3/15: PF=500, cost=[5106,7827], sat=[0.0,1.0], 246s
  [n60w80_004] n60w80_004 HMOA 7/15: PF=500, cost=[7138,11692], sat=[3.8,15.1], 725s
  [n60w80_001] n60w80_001 HMOA 8/15: PF=500, cost=[6219,11531], sat=[4.8,13.6], 423s
  [n40w80_003] n40w80_003 noLS 4/15: PF=500, cost=[5085,5085], sat=[0.0,0.0], 223s
  [n60w80_002] n60w80_002 HMOA 9/15: PF=500, cost=[6239,11088], sat=[3.6,9.1], 484s
  [n60w80_003] n60w80_003 HMOA 9/15: PF=500, cost=[6818,10378], sat=[2.0,21.0], 619s
  [n40w80_003] n40w80_003 noLS 5/15: PF=500, cost=[5077,5077], sat=[0.0,0.0], 228s
  [n60w80_001] n60w80_001 HMOA 9/15: PF=500, cost=[6110,9298], sat=[10.0,14.9], 489s
  [n60w80_004] n60w80_004 HMOA 8/15: PF=500, cost=[7168,8930], sat=[2.0,12.5], 562s
  [n40w80_003] n40w80_003 noLS 6/15: PF=500, cost=[5077,5977], sat=[0.0,1.0], 242s
  [n60w80_003] n60w80_003 HMOA 10/15: PF=500, cost=[6412,9487], sat=[0.0,20.2], 474s
  [n40w80_003] n40w80_003 noLS 7/15: PF=500, cost=[5173,6405], sat=[0.0,1.0], 250s
  [n60w80_002] n60w80_002 HMOA 10/15: PF=500, cost=[6186,10050], sat=[1.6,7.7], 628s
  [n60w80_001] n60w80_001 HMOA 10/15: PF=500, cost=[6297,7616], sat=[5.5,12.4], 472s
  [n60w80_004] n60w80_004 HMOA 9/15: PF=500, cost=[6901,10878], sat=[8.0,12.7], 457s
  [n40w80_003] n40w80_003 noLS 8/15: PF=500, cost=[5084,8267], sat=[0.0,1.0], 252s
  [n60w80_003] n60w80_003 HMOA 11/15: PF=500, cost=[6658,9535], sat=[0.0,18.0], 502s
  [n40w80_003] n40w80_003 noLS 9/15: PF=500, cost=[5170,5829], sat=[0.0,1.0], 253s
  [n60w80_002] n60w80_002 HMOA 11/15: PF=500, cost=[6201,8924], sat=[3.6,9.0], 503s
  [n60w80_001] n60w80_001 HMOA 11/15: PF=500, cost=[6255,8016], sat=[6.0,11.0], 415s
  [n60w80_004] n60w80_004 HMOA 10/15: PF=500, cost=[6876,12240], sat=[1.0,14.9], 511s
  [n40w80_003] n40w80_003 noLS 10/15: PF=500, cost=[5003,6063], sat=[0.0,1.0], 254s
  [n60w80_002] n60w80_002 HMOA 12/15: PF=500, cost=[6581,10331], sat=[4.6,8.0], 457s
  [n60w80_003] n60w80_003 HMOA 12/15: PF=500, cost=[6411,9869], sat=[1.0,15.5], 536s
  [n40w80_003] n40w80_003 noLS 11/15: PF=500, cost=[5040,6609], sat=[0.0,1.0], 243s
  [n60w80_001] n60w80_001 HMOA 12/15: PF=500, cost=[6186,12659], sat=[10.0,16.0], 595s
  [n40w80_003] n40w80_003 noLS 12/15: PF=500, cost=[5081,6399], sat=[0.0,1.0], 251s
  [n60w80_004] n60w80_004 HMOA 11/15: PF=500, cost=[6861,8858], sat=[2.7,16.4], 583s
  [n40w80_003] n40w80_003 noLS 13/15: PF=500, cost=[5050,6206], sat=[0.0,1.0], 250s
  [n60w80_002] n60w80_002 HMOA 13/15: PF=500, cost=[6025,8353], sat=[3.6,7.8], 539s
  [n60w80_003] n60w80_003 HMOA 13/15: PF=500, cost=[6524,11939], sat=[1.0,20.5], 576s
  [n60w80_001] n60w80_001 HMOA 13/15: PF=500, cost=[6197,14138], sat=[10.0,18.0], 498s
  [n40w80_003] n40w80_003 noLS 14/15: PF=500, cost=[5164,5164], sat=[0.0,0.0], 232s
  [n60w80_004] n60w80_004 HMOA 12/15: PF=500, cost=[6878,8326], sat=[9.0,14.4], 479s
  [n40w80_003] n40w80_003 noLS 15/15: PF=500, cost=[5163,7534], sat=[0.0,1.0], 252s
  [n40w80_003] DONE n40w80_003: C(H,N)=0.9331, C(N,H)=0.0669
[02:15:01] DONE n40w80_003 (1/11): C(H,N)=0.9331, C(N,H)=0.0669, T(H)=225s, T(N)=244s, elapsed=7035s
  [n60w80_002] n60w80_002 HMOA 14/15: PF=500, cost=[6294,8624], sat=[3.6,7.5], 498s
  [n60w80_003] n60w80_003 HMOA 14/15: PF=500, cost=[6551,10766], sat=[0.0,18.6], 465s
  [n60w80_001] n60w80_001 HMOA 14/15: PF=500, cost=[6258,9957], sat=[10.0,12.0], 504s
  [n60w80_002] n60w80_002 HMOA 15/15: PF=500, cost=[6408,9328], sat=[3.6,6.9], 483s
  [n60w80_004] n60w80_004 HMOA 13/15: PF=500, cost=[6984,18615], sat=[2.0,17.8], 752s
  [n60w80_003] n60w80_003 HMOA 15/15: PF=500, cost=[6951,13415], sat=[0.0,18.0], 551s
  [n60w80_001] n60w80_001 HMOA 15/15: PF=500, cost=[6365,9057], sat=[10.0,14.6], 480s
  [n60w80_002] n60w80_002 noLS 1/15: PF=500, cost=[6449,9736], sat=[4.6,8.0], 376s
  [n60w80_003] n60w80_003 noLS 1/15: PF=500, cost=[7396,13750], sat=[4.0,18.0], 355s
  [n60w80_004] n60w80_004 HMOA 14/15: PF=500, cost=[6972,7701], sat=[10.2,14.4], 438s
  [n60w80_005] n60w80_005 HMOA 1/15: PF=500, cost=[6045,15890], sat=[5.0,23.0], 990s
  [n60w80_001] n60w80_001 noLS 1/15: PF=500, cost=[6576,10771], sat=[6.7,16.9], 407s
  [n60w80_002] n60w80_002 noLS 2/15: PF=500, cost=[6389,8311], sat=[1.6,6.8], 382s
  [n60w80_003] n60w80_003 noLS 2/15: PF=500, cost=[6938,9034], sat=[2.0,14.0], 356s
  [n60w80_001] n60w80_001 noLS 2/15: PF=500, cost=[6668,8944], sat=[7.9,14.2], 390s
  [n60w80_002] n60w80_002 noLS 3/15: PF=500, cost=[6456,7898], sat=[1.6,6.6], 383s
  [n60w80_003] n60w80_003 noLS 3/15: PF=500, cost=[7054,11827], sat=[0.0,19.3], 364s
  [n60w80_004] n60w80_004 HMOA 15/15: PF=500, cost=[6958,8788], sat=[2.4,19.2], 712s
  [n60w80_005] n60w80_005 HMOA 2/15: PF=500, cost=[6124,13779], sat=[4.0,24.0], 763s
  [n60w80_001] n60w80_001 noLS 3/15: PF=500, cost=[6574,10567], sat=[3.0,13.0], 366s
  [n60w80_003] n60w80_003 noLS 4/15: PF=500, cost=[6834,8622], sat=[1.0,15.0], 361s
  [n60w80_002] n60w80_002 noLS 4/15: PF=500, cost=[6647,12405], sat=[1.6,10.0], 401s
  [n60w80_004] n60w80_004 noLS 1/15: PF=500, cost=[7073,11850], sat=[3.6,15.0], 399s
  [n60w80_001] n60w80_001 noLS 4/15: PF=500, cost=[6585,10205], sat=[5.9,14.0], 379s
  [n60w80_003] n60w80_003 noLS 5/15: PF=500, cost=[6933,9948], sat=[0.0,16.0], 357s
  [n60w80_002] n60w80_002 noLS 5/15: PF=500, cost=[6339,8847], sat=[2.6,7.0], 377s
  [n60w80_004] n60w80_004 noLS 2/15: PF=500, cost=[7087,9303], sat=[2.0,14.0], 364s
  [n60w80_001] n60w80_001 noLS 5/15: PF=500, cost=[6611,9470], sat=[7.7,13.0], 377s
  [n60w80_005] n60w80_005 HMOA 3/15: PF=500, cost=[6158,14268], sat=[1.0,21.9], 898s
  [n60w80_003] n60w80_003 noLS 6/15: PF=500, cost=[6756,9364], sat=[0.0,16.0], 364s
  [n60w80_002] n60w80_002 noLS 6/15: PF=500, cost=[6629,7227], sat=[0.6,6.8], 376s
  [n60w80_004] n60w80_004 noLS 3/15: PF=500, cost=[7141,11618], sat=[2.0,14.9], 390s
  [n60w80_001] n60w80_001 noLS 6/15: PF=500, cost=[6738,9802], sat=[7.8,13.8], 387s
  [n60w80_003] n60w80_003 noLS 7/15: PF=500, cost=[6929,11007], sat=[0.0,18.0], 364s
  [n60w80_002] n60w80_002 noLS 7/15: PF=500, cost=[6462,8419], sat=[2.6,7.9], 384s
  [n60w80_004] n60w80_004 noLS 4/15: PF=500, cost=[7153,8127], sat=[3.0,12.0], 385s
  [n60w80_005] n60w80_005 HMOA 4/15: PF=500, cost=[6447,10643], sat=[3.2,25.9], 655s
  [n60w80_001] n60w80_001 noLS 7/15: PF=500, cost=[6574,12444], sat=[3.0,12.0], 366s
  [n60w80_003] n60w80_003 noLS 8/15: PF=500, cost=[7030,8978], sat=[0.0,17.0], 372s
  [n60w80_002] n60w80_002 noLS 8/15: PF=500, cost=[6384,9475], sat=[3.6,7.6], 377s
  [n60w80_004] n60w80_004 noLS 5/15: PF=500, cost=[7040,11194], sat=[3.4,14.0], 395s
  [n60w80_001] n60w80_001 noLS 8/15: PF=500, cost=[7097,11796], sat=[3.0,15.0], 367s
  [n60w80_003] n60w80_003 noLS 9/15: PF=500, cost=[6897,9129], sat=[0.0,16.0], 367s
  [n60w80_002] n60w80_002 noLS 9/15: PF=500, cost=[6639,11938], sat=[2.6,8.5], 388s
  [n60w80_004] n60w80_004 noLS 6/15: PF=500, cost=[7132,10829], sat=[2.7,12.1], 391s
  [n60w80_005] n60w80_005 HMOA 5/15: PF=500, cost=[6094,13242], sat=[5.0,21.4], 750s
  [n60w80_001] n60w80_001 noLS 9/15: PF=500, cost=[6596,17442], sat=[4.0,24.7], 372s
  [n60w80_003] n60w80_003 noLS 10/15: PF=500, cost=[7275,8569], sat=[0.0,14.0], 366s
  [n60w80_002] n60w80_002 noLS 10/15: PF=500, cost=[6378,11317], sat=[0.6,8.5], 420s
  [n60w80_004] n60w80_004 noLS 7/15: PF=500, cost=[7141,12905], sat=[4.4,14.0], 392s
  [n60w80_001] n60w80_001 noLS 10/15: PF=500, cost=[6725,12567], sat=[6.7,16.9], 422s
  [n60w80_003] n60w80_003 noLS 11/15: PF=500, cost=[7174,10533], sat=[0.0,15.0], 352s
  [n60w80_005] n60w80_005 HMOA 6/15: PF=500, cost=[5978,14635], sat=[5.0,17.3], 610s
  [n60w80_002] n60w80_002 noLS 11/15: PF=500, cost=[6565,9932], sat=[1.6,9.6], 381s
  [n60w80_004] n60w80_004 noLS 8/15: PF=500, cost=[7073,9974], sat=[2.0,14.0], 375s
  [n60w80_001] n60w80_001 noLS 11/15: PF=500, cost=[6723,13105], sat=[9.0,14.0], 354s
  [n60w80_003] n60w80_003 noLS 12/15: PF=500, cost=[7007,13032], sat=[0.0,20.0], 369s
  [n60w80_002] n60w80_002 noLS 12/15: PF=500, cost=[6458,8838], sat=[3.6,8.0], 395s
  [n60w80_004] n60w80_004 noLS 9/15: PF=500, cost=[7100,12588], sat=[4.7,17.9], 394s
  [n60w80_001] n60w80_001 noLS 12/15: PF=500, cost=[6706,10167], sat=[5.0,13.0], 351s
  [n60w80_003] n60w80_003 noLS 13/15: PF=500, cost=[7023,12930], sat=[0.0,18.0], 365s
  [n60w80_005] n60w80_005 HMOA 7/15: PF=500, cost=[6305,12569], sat=[3.2,26.0], 767s
  [n60w80_002] n60w80_002 noLS 13/15: PF=500, cost=[6337,7055], sat=[3.6,6.9], 380s
  [n60w80_004] n60w80_004 noLS 10/15: PF=500, cost=[7075,9255], sat=[2.6,13.4], 386s
  [n60w80_001] n60w80_001 noLS 13/15: PF=500, cost=[6864,10409], sat=[3.0,16.0], 367s
  [n60w80_003] n60w80_003 noLS 14/15: PF=500, cost=[6794,9856], sat=[0.0,14.4], 360s
  [n60w80_002] n60w80_002 noLS 14/15: PF=500, cost=[6545,8518], sat=[2.6,7.0], 380s
  [n60w80_001] n60w80_001 noLS 14/15: PF=500, cost=[6220,9077], sat=[3.0,11.9], 358s
  [n60w80_004] n60w80_004 noLS 11/15: PF=500, cost=[7107,10719], sat=[1.0,14.0], 379s
  [n60w80_003] n60w80_003 noLS 15/15: PF=500, cost=[6814,8263], sat=[0.0,13.3], 363s
  [n60w80_003] DONE n60w80_003: C(H,N)=0.8613, C(N,H)=0.0683
[03:55:39] DONE n60w80_003 (2/11): C(H,N)=0.8613, C(N,H)=0.0683, T(H)=509s, T(N)=362s, elapsed=13073s
  [n60w80_005] n60w80_005 HMOA 8/15: PF=500, cost=[5901,14791], sat=[5.0,18.2], 634s
  [n60w80_001] n60w80_001 noLS 15/15: PF=500, cost=[6433,9940], sat=[3.0,12.0], 363s
  [n60w80_001] DONE n60w80_001: C(H,N)=0.8528, C(N,H)=0.0107
[03:59:40] DONE n60w80_001 (3/11): C(H,N)=0.8528, C(N,H)=0.0107, T(H)=513s, T(N)=375s, elapsed=13314s
  [n60w80_002] n60w80_002 noLS 15/15: PF=500, cost=[6570,8096], sat=[1.6,6.0], 392s
  [n60w80_002] DONE n60w80_002: C(H,N)=0.8544, C(N,H)=0.0072
[04:00:04] DONE n60w80_002 (4/11): C(H,N)=0.8544, C(N,H)=0.0072, T(H)=503s, T(N)=386s, elapsed=13338s
  [n60w80_004] n60w80_004 noLS 12/15: PF=500, cost=[7017,10830], sat=[2.4,15.9], 399s
  [n60w80_004] n60w80_004 noLS 13/15: PF=500, cost=[7054,14592], sat=[3.0,14.7], 397s
  [n80w80_001] n80w80_001 HMOA 1/15: PF=500, cost=[7295,15908], sat=[4.0,11.1], 707s
  [n60w80_005] n60w80_005 HMOA 9/15: PF=500, cost=[6273,17136], sat=[1.0,24.0], 742s
  [n80w80_003] n80w80_003 HMOA 1/15: PF=500, cost=[7120,12582], sat=[11.0,21.0], 514s
  [n60w80_004] n60w80_004 noLS 14/15: PF=500, cost=[7180,11776], sat=[1.0,15.9], 390s
  [n80w80_002] n80w80_002 HMOA 1/15: PF=500, cost=[8558,14995], sat=[6.0,20.6], 1006s
  [n60w80_005] n60w80_005 HMOA 10/15: PF=500, cost=[6396,9505], sat=[1.0,16.9], 571s
  [n80w80_003] n80w80_003 HMOA 2/15: PF=500, cost=[6876,11908], sat=[10.3,21.7], 626s
  [n60w80_004] n60w80_004 noLS 15/15: PF=500, cost=[6831,19800], sat=[1.0,17.0], 372s
  [n60w80_004] DONE n60w80_004: C(H,N)=0.7936, C(N,H)=0.1208
[04:19:50] DONE n60w80_004 (5/11): C(H,N)=0.7936, C(N,H)=0.1208, T(H)=581s, T(N)=387s, elapsed=14525s
  [n80w80_001] n80w80_001 HMOA 2/15: PF=500, cost=[7095,16775], sat=[4.0,13.4], 1069s
  [n60w80_005] n60w80_005 HMOA 11/15: PF=500, cost=[5950,9242], sat=[5.2,17.2], 602s
  [n80w80_002] n80w80_002 HMOA 2/15: PF=500, cost=[7432,11656], sat=[6.0,28.0], 813s
  [n80w80_003] n80w80_003 HMOA 3/15: PF=500, cost=[7417,10415], sat=[9.0,24.9], 676s
  [n80w80_004] n80w80_004 HMOA 1/15: PF=500, cost=[6888,9125], sat=[22.3,33.0], 727s
  [n80w80_001] n80w80_001 HMOA 3/15: PF=500, cost=[7567,14118], sat=[3.0,12.5], 570s
  [n80w80_002] n80w80_002 HMOA 3/15: PF=500, cost=[8460,10204], sat=[20.0,27.0], 403s
  [n60w80_005] n60w80_005 HMOA 12/15: PF=500, cost=[6480,14672], sat=[1.0,20.3], 780s
  [n80w80_003] n80w80_003 HMOA 4/15: PF=500, cost=[7002,12423], sat=[6.5,16.9], 738s
  [n80w80_001] n80w80_001 HMOA 4/15: PF=500, cost=[7138,16246], sat=[4.0,11.4], 582s
  [n80w80_004] n80w80_004 HMOA 2/15: PF=500, cost=[7164,15365], sat=[19.0,40.5], 867s
  [n80w80_002] n80w80_002 HMOA 4/15: PF=500, cost=[8082,13616], sat=[3.0,22.0], 867s
  [n60w80_005] n60w80_005 HMOA 13/15: PF=500, cost=[6270,10659], sat=[5.0,21.5], 679s
  [n80w80_003] n80w80_003 HMOA 5/15: PF=500, cost=[6999,10926], sat=[6.0,18.9], 636s
  [n80w80_001] n80w80_001 HMOA 5/15: PF=500, cost=[7370,14423], sat=[4.0,14.0], 675s
  [n80w80_002] n80w80_002 HMOA 5/15: PF=500, cost=[8440,9886], sat=[19.3,24.0], 452s
  [n80w80_004] n80w80_004 HMOA 3/15: PF=500, cost=[5327,12443], sat=[16.0,25.0], 753s
  [n80w80_003] n80w80_003 HMOA 6/15: PF=500, cost=[7104,14717], sat=[12.9,21.1], 643s
  [n80w80_001] n80w80_001 HMOA 6/15: PF=500, cost=[7240,14353], sat=[4.0,13.0], 582s
  [n80w80_004] n80w80_004 HMOA 4/15: PF=500, cost=[5411,11318], sat=[10.0,34.2], 426s
  [n60w80_005] n60w80_005 HMOA 14/15: PF=500, cost=[6155,15550], sat=[5.0,20.6], 888s
  [n80w80_002] n80w80_002 HMOA 6/15: PF=500, cost=[7482,9973], sat=[3.0,27.0], 598s
  [n80w80_001] n80w80_001 HMOA 7/15: PF=500, cost=[7236,11781], sat=[4.0,11.7], 555s
  [n80w80_004] n80w80_004 HMOA 5/15: PF=500, cost=[6213,8539], sat=[12.0,28.3], 532s
  [n80w80_002] n80w80_002 HMOA 7/15: PF=500, cost=[7732,9679], sat=[11.0,21.0], 524s
  [n80w80_001] n80w80_001 HMOA 8/15: PF=500, cost=[7653,7688], sat=[3.0,7.0], 456s
  [n80w80_004] n80w80_004 HMOA 6/15: PF=500, cost=[6931,10050], sat=[17.9,26.0], 471s
  [n80w80_003] n80w80_003 HMOA 7/15: PF=500, cost=[7297,12278], sat=[6.8,20.9], 1168s
  [n60w80_005] n60w80_005 HMOA 15/15: PF=500, cost=[6133,16073], sat=[2.1,22.0], 1078s
  [n80w80_004] n80w80_004 HMOA 7/15: PF=500, cost=[6862,10342], sat=[13.0,23.0], 474s
  [n80w80_001] n80w80_001 HMOA 9/15: PF=500, cost=[7553,10737], sat=[4.0,12.9], 508s
  [n60w80_005] n60w80_005 noLS 1/15: PF=500, cost=[6455,15305], sat=[0.2,24.4], 416s
  [n80w80_003] n80w80_003 HMOA 8/15: PF=500, cost=[7173,10158], sat=[8.5,26.1], 796s
  [n80w80_002] n80w80_002 HMOA 8/15: PF=500, cost=[8489,18704], sat=[11.0,24.1], 1171s
  [n80w80_004] n80w80_004 HMOA 8/15: PF=500, cost=[7126,7537], sat=[23.9,26.6], 469s
  [n60w80_005] n60w80_005 noLS 2/15: PF=500, cost=[6243,15173], sat=[0.0,24.0], 397s
  [n80w80_001] n80w80_001 HMOA 10/15: PF=500, cost=[7617,11240], sat=[4.0,15.8], 536s
  [n60w80_005] n60w80_005 noLS 3/15: PF=500, cost=[6337,12970], sat=[1.0,20.0], 368s
  [n80w80_004] n80w80_004 HMOA 9/15: PF=500, cost=[6402,7480], sat=[19.9,25.7], 479s
  [n80w80_002] n80w80_002 HMOA 9/15: PF=500, cost=[8003,11547], sat=[9.3,20.7], 617s
  [n80w80_003] n80w80_003 HMOA 9/15: PF=500, cost=[7071,13740], sat=[9.0,23.9], 859s
  [n60w80_005] n60w80_005 noLS 4/15: PF=500, cost=[6494,14699], sat=[3.0,23.0], 377s
  [n80w80_001] n80w80_001 HMOA 11/15: PF=500, cost=[7131,12285], sat=[2.0,20.0], 727s
  [n60w80_005] n60w80_005 noLS 5/15: PF=500, cost=[6209,14533], sat=[4.3,21.0], 409s
  [n80w80_004] n80w80_004 HMOA 10/15: PF=500, cost=[6417,12878], sat=[13.0,29.0], 730s
  [n80w80_002] n80w80_002 HMOA 10/15: PF=500, cost=[8062,11599], sat=[3.0,29.2], 832s
  [n60w80_005] n60w80_005 noLS 6/15: PF=500, cost=[6393,14922], sat=[4.6,20.6], 399s
  [n80w80_001] n80w80_001 HMOA 12/15: PF=500, cost=[7602,15010], sat=[4.0,15.0], 961s
  [n80w80_004] n80w80_004 HMOA 11/15: PF=500, cost=[6860,14035], sat=[15.0,31.7], 656s
  [n60w80_005] n60w80_005 noLS 7/15: PF=500, cost=[6124,13085], sat=[4.0,23.2], 375s
  [n80w80_002] n80w80_002 HMOA 11/15: PF=500, cost=[7353,10908], sat=[14.1,19.9], 819s
  [n80w80_003] n80w80_003 HMOA 10/15: PF=500, cost=[7382,14817], sat=[7.1,22.0], 1527s
  [n60w80_005] n60w80_005 noLS 8/15: PF=500, cost=[6385,14148], sat=[2.0,23.3], 394s
  [n80w80_001] n80w80_001 HMOA 13/15: PF=500, cost=[7790,12985], sat=[1.0,10.8], 669s
  [n80w80_004] n80w80_004 HMOA 12/15: PF=500, cost=[5503,9466], sat=[17.0,42.8], 611s
  [n60w80_005] n60w80_005 noLS 9/15: PF=500, cost=[6287,13349], sat=[2.0,21.4], 361s
  [n80w80_002] n80w80_002 HMOA 12/15: PF=500, cost=[7787,12424], sat=[13.0,20.1], 685s
  [n80w80_004] n80w80_004 HMOA 13/15: PF=500, cost=[7257,8881], sat=[15.0,28.8], 436s
  [n80w80_003] n80w80_003 HMOA 11/15: PF=500, cost=[7015,15192], sat=[1.0,18.7], 671s
  [n80w80_001] n80w80_001 HMOA 14/15: PF=500, cost=[7150,13417], sat=[3.0,12.0], 545s
  [n60w80_005] n60w80_005 noLS 10/15: PF=500, cost=[6309,14753], sat=[4.0,20.5], 360s
  [n60w80_005] n60w80_005 noLS 11/15: PF=500, cost=[6344,15180], sat=[1.0,20.6], 366s
  [n80w80_001] n80w80_001 HMOA 15/15: PF=500, cost=[7293,11277], sat=[3.0,17.0], 543s
  [n80w80_003] n80w80_003 HMOA 12/15: PF=500, cost=[7626,10570], sat=[8.0,17.0], 769s
  [n60w80_005] n60w80_005 noLS 12/15: PF=500, cost=[6316,15067], sat=[2.1,21.3], 394s
  [n80w80_001] n80w80_001 noLS 1/15: PF=500, cost=[7842,10695], sat=[3.0,10.9], 420s
  [n80w80_004] n80w80_004 HMOA 14/15: PF=500, cost=[7012,12674], sat=[13.1,41.1], 1090s
  [n80w80_002] n80w80_002 HMOA 13/15: PF=500, cost=[8210,18180], sat=[3.0,25.0], 1201s
  [n60w80_005] n60w80_005 noLS 13/15: PF=500, cost=[6329,15983], sat=[0.0,20.0], 353s
  [n80w80_003] n80w80_003 HMOA 13/15: PF=500, cost=[7515,12800], sat=[8.0,19.0], 604s
  [n80w80_001] n80w80_001 noLS 2/15: PF=500, cost=[7691,12856], sat=[1.0,13.5], 409s
  [n60w80_005] n60w80_005 noLS 14/15: PF=500, cost=[6429,18747], sat=[3.0,24.0], 359s
  [n80w80_004] n80w80_004 HMOA 15/15: PF=500, cost=[5336,17092], sat=[18.9,28.9], 639s
  [n80w80_001] n80w80_001 noLS 3/15: PF=500, cost=[7331,14734], sat=[4.0,12.0], 390s
  [n60w80_005] n60w80_005 noLS 15/15: PF=500, cost=[6097,11872], sat=[1.0,17.0], 309s
  [n60w80_005] DONE n60w80_005: C(H,N)=0.6571, C(N,H)=0.2037
[06:59:06] DONE n60w80_005 (6/11): C(H,N)=0.6571, C(N,H)=0.2037, T(H)=760s, T(N)=376s, elapsed=24080s
  [n80w80_003] n80w80_003 HMOA 14/15: PF=500, cost=[6682,11588], sat=[6.0,18.0], 586s
  [n80w80_002] n80w80_002 HMOA 14/15: PF=500, cost=[8780,12107], sat=[6.1,21.6], 949s
  [n80w80_004] n80w80_004 noLS 1/15: PF=500, cost=[7533,9172], sat=[6.0,25.0], 386s
  [n80w80_001] n80w80_001 noLS 4/15: PF=500, cost=[8064,16285], sat=[4.0,10.8], 390s
  [n80w80_005] n80w80_005 HMOA 1/15: PF=500, cost=[7132,9323], sat=[19.1,27.8], 436s
  [n80w80_004] n80w80_004 noLS 2/15: PF=500, cost=[7168,14884], sat=[6.0,34.4], 391s
  [n80w80_001] n80w80_001 noLS 5/15: PF=500, cost=[7354,15899], sat=[3.0,11.0], 333s
  [n80w80_005] n80w80_005 HMOA 2/15: PF=500, cost=[6373,13840], sat=[16.7,23.3], 438s
  [n80w80_004] n80w80_004 noLS 3/15: PF=500, cost=[6759,13802], sat=[16.0,28.8], 345s
  [n80w80_003] n80w80_003 HMOA 15/15: PF=500, cost=[7366,15249], sat=[9.0,24.2], 883s
  [n80w80_001] n80w80_001 noLS 6/15: PF=500, cost=[7786,14377], sat=[4.0,13.0], 347s
  [n80w80_002] n80w80_002 HMOA 15/15: PF=500, cost=[8386,16506], sat=[4.2,23.7], 911s
  [n80w80_004] n80w80_004 noLS 4/15: PF=500, cost=[7403,14209], sat=[13.0,27.8], 364s
  [n80w80_001] n80w80_001 noLS 7/15: PF=500, cost=[7947,13142], sat=[3.0,10.5], 350s
  [n80w80_003] n80w80_003 noLS 1/15: PF=500, cost=[7342,12241], sat=[6.3,20.0], 386s
  [n80w80_005] n80w80_005 HMOA 3/15: PF=500, cost=[6799,8383], sat=[13.7,20.7], 483s
  [n80w80_002] n80w80_002 noLS 1/15: PF=500, cost=[9085,15140], sat=[2.0,22.0], 362s
  [n80w80_001] n80w80_001 noLS 8/15: PF=500, cost=[7725,11315], sat=[4.0,11.0], 322s
  [n80w80_004] n80w80_004 noLS 5/15: PF=500, cost=[7885,16728], sat=[12.0,35.0], 355s
  [n80w80_003] n80w80_003 noLS 2/15: PF=500, cost=[8005,9919], sat=[7.6,22.0], 366s
  [n80w80_002] n80w80_002 noLS 2/15: PF=500, cost=[8153,10794], sat=[4.0,19.0], 338s
  [n80w80_005] n80w80_005 HMOA 4/15: PF=500, cost=[7086,10741], sat=[4.9,17.8], 531s
  [n80w80_001] n80w80_001 noLS 9/15: PF=500, cost=[7880,14617], sat=[4.0,13.0], 327s
  [n80w80_004] n80w80_004 noLS 6/15: PF=500, cost=[7138,11893], sat=[8.0,31.5], 338s
  [n80w80_003] n80w80_003 noLS 3/15: PF=500, cost=[7731,13367], sat=[9.0,22.1], 336s
  [n80w80_002] n80w80_002 noLS 3/15: PF=500, cost=[8986,13959], sat=[4.3,28.7], 386s
  [n80w80_001] n80w80_001 noLS 10/15: PF=500, cost=[7288,17260], sat=[2.0,12.2], 320s
  [n80w80_004] n80w80_004 noLS 7/15: PF=500, cost=[7621,13935], sat=[5.0,30.8], 345s
  [n80w80_005] n80w80_005 HMOA 5/15: PF=500, cost=[7222,9965], sat=[18.6,25.9], 464s
  [n80w80_003] n80w80_003 noLS 4/15: PF=500, cost=[7339,12018], sat=[5.7,21.0], 369s
  [n80w80_002] n80w80_002 noLS 4/15: PF=500, cost=[8273,14003], sat=[5.5,20.9], 370s
  [n80w80_001] n80w80_001 noLS 11/15: PF=500, cost=[7512,15875], sat=[3.0,13.1], 329s
  [n80w80_004] n80w80_004 noLS 8/15: PF=500, cost=[7082,13124], sat=[2.0,33.1], 339s
  [n80w80_005] n80w80_005 HMOA 6/15: PF=500, cost=[7813,8408], sat=[23.1,27.0], 373s
  [n80w80_003] n80w80_003 noLS 5/15: PF=500, cost=[7100,13731], sat=[8.6,22.9], 374s
  [n80w80_002] n80w80_002 noLS 5/15: PF=500, cost=[8207,12837], sat=[9.5,18.8], 354s
  [n80w80_001] n80w80_001 noLS 12/15: PF=500, cost=[7720,14393], sat=[3.0,12.6], 355s
  [n80w80_004] n80w80_004 noLS 9/15: PF=500, cost=[7332,14549], sat=[9.0,28.0], 325s
  [n80w80_003] n80w80_003 noLS 6/15: PF=500, cost=[7599,12380], sat=[11.0,24.8], 368s
  [n80w80_002] n80w80_002 noLS 6/15: PF=500, cost=[8476,14397], sat=[2.0,24.0], 368s
  [n80w80_001] n80w80_001 noLS 13/15: PF=500, cost=[8116,12119], sat=[5.0,11.0], 318s
  [n80w80_004] n80w80_004 noLS 10/15: PF=500, cost=[6990,12604], sat=[3.4,29.5], 368s
  [n80w80_005] n80w80_005 HMOA 7/15: PF=500, cost=[7633,12376], sat=[8.1,27.8], 712s
  [n80w80_003] n80w80_003 noLS 7/15: PF=500, cost=[7554,16574], sat=[9.0,15.7], 361s
  [n80w80_001] n80w80_001 noLS 14/15: PF=500, cost=[7501,13225], sat=[4.0,13.4], 339s
  [n80w80_002] n80w80_002 noLS 7/15: PF=500, cost=[8738,21196], sat=[3.0,30.0], 378s
  [n80w80_004] n80w80_004 noLS 11/15: PF=500, cost=[7037,9114], sat=[9.0,22.0], 333s
  [n80w80_003] n80w80_003 noLS 8/15: PF=500, cost=[6999,13643], sat=[5.0,23.1], 360s
  [n80w80_005] n80w80_005 HMOA 8/15: PF=500, cost=[7778,13753], sat=[20.0,28.5], 521s
  [n80w80_001] n80w80_001 noLS 15/15: PF=500, cost=[7272,15094], sat=[2.0,11.5], 343s
  [n80w80_001] DONE n80w80_001: C(H,N)=0.6656, C(N,H)=0.0760
[08:05:17] DONE n80w80_001 (7/11): C(H,N)=0.6656, C(N,H)=0.0760, T(H)=646s, T(N)=353s, elapsed=28052s
  [n80w80_002] n80w80_002 noLS 8/15: PF=500, cost=[8741,14142], sat=[4.5,26.0], 384s
  [n80w80_004] n80w80_004 noLS 12/15: PF=500, cost=[7415,14088], sat=[8.0,41.5], 392s
  [n80w80_003] n80w80_003 noLS 9/15: PF=500, cost=[7701,17053], sat=[5.0,26.0], 335s
  [n80w80_002] n80w80_002 noLS 9/15: PF=500, cost=[8396,13737], sat=[2.0,19.4], 328s
  [n80w80_004] n80w80_004 noLS 13/15: PF=500, cost=[7540,13140], sat=[7.4,35.7], 362s
  [n80w80_005] n80w80_005 HMOA 9/15: PF=500, cost=[7916,12308], sat=[4.1,21.7], 513s
  [n80w80_003] n80w80_003 noLS 10/15: PF=500, cost=[7348,10690], sat=[8.0,18.5], 301s
  [n80w80_002] n80w80_002 noLS 10/15: PF=500, cost=[8067,11561], sat=[2.8,23.0], 348s
  [n80w80_004] n80w80_004 noLS 14/15: PF=500, cost=[7352,10265], sat=[12.0,27.0], 314s
  [n80w80_005] n80w80_005 HMOA 10/15: PF=500, cost=[7885,10509], sat=[22.0,27.0], 356s
  [n80w80_003] n80w80_003 noLS 11/15: PF=500, cost=[7575,15789], sat=[5.0,23.8], 324s
  [n80w80_002] n80w80_002 noLS 11/15: PF=500, cost=[8633,13235], sat=[2.0,19.6], 331s
  [n80w80_004] n80w80_004 noLS 15/15: PF=500, cost=[7581,10548], sat=[9.0,21.8], 346s
  [n80w80_004] DONE n80w80_004: C(H,N)=0.9208, C(N,H)=0.0021
[08:24:14] DONE n80w80_004 (8/11): C(H,N)=0.9208, C(N,H)=0.0021, T(H)=624s, T(N)=354s, elapsed=29188s
  [n80w80_003] n80w80_003 noLS 12/15: PF=500, cost=[7544,9503], sat=[10.0,19.1], 293s
  [n80w80_002] n80w80_002 noLS 12/15: PF=500, cost=[8714,13173], sat=[1.0,22.6], 297s
  [n80w80_005] n80w80_005 HMOA 11/15: PF=500, cost=[8232,11607], sat=[9.0,24.0], 521s
  [n80w80_003] n80w80_003 noLS 13/15: PF=500, cost=[7385,15622], sat=[9.0,22.0], 290s
  [n80w80_002] n80w80_002 noLS 13/15: PF=500, cost=[8675,16387], sat=[2.6,21.1], 346s
  [n80w80_005] n80w80_005 HMOA 12/15: PF=500, cost=[6540,8861], sat=[17.0,26.3], 345s
  [n80w80_003] n80w80_003 noLS 14/15: PF=500, cost=[7318,15572], sat=[1.0,19.0], 288s
  [n80w80_002] n80w80_002 noLS 14/15: PF=500, cost=[8590,15867], sat=[3.7,20.6], 334s
  [n80w80_003] n80w80_003 noLS 15/15: PF=500, cost=[7614,13650], sat=[5.6,20.0], 335s
  [n80w80_003] DONE n80w80_003: C(H,N)=0.5989, C(N,H)=0.2072
[08:39:48] DONE n80w80_003 (9/11): C(H,N)=0.5989, C(N,H)=0.2072, T(H)=780s, T(N)=339s, elapsed=30122s
  [n80w80_005] n80w80_005 HMOA 13/15: PF=500, cost=[7771,15463], sat=[10.8,23.6], 562s
  [n80w80_002] n80w80_002 noLS 15/15: PF=500, cost=[8088,14414], sat=[1.0,28.7], 288s
  [n80w80_002] DONE n80w80_002: C(H,N)=0.7976, C(N,H)=0.0125
[08:44:00] DONE n80w80_002 (10/11): C(H,N)=0.7976, C(N,H)=0.0125, T(H)=790s, T(N)=347s, elapsed=30375s
  [n80w80_005] n80w80_005 HMOA 14/15: PF=500, cost=[7028,12806], sat=[10.1,29.0], 536s
  [n80w80_005] n80w80_005 HMOA 15/15: PF=500, cost=[6271,13154], sat=[6.0,19.0], 455s
  [n80w80_005] n80w80_005 noLS 1/15: PF=500, cost=[7583,15688], sat=[3.1,20.7], 288s
  [n80w80_005] n80w80_005 noLS 2/15: PF=500, cost=[8636,9757], sat=[3.9,14.0], 266s
  [n80w80_005] n80w80_005 noLS 3/15: PF=500, cost=[8761,12173], sat=[4.6,20.7], 286s
  [n80w80_005] n80w80_005 noLS 4/15: PF=500, cost=[8972,14049], sat=[2.0,22.3], 239s
  [n80w80_005] n80w80_005 noLS 5/15: PF=500, cost=[8292,15668], sat=[3.3,25.1], 252s
  [n80w80_005] n80w80_005 noLS 6/15: PF=500, cost=[8170,14237], sat=[3.0,20.7], 241s
  [n80w80_005] n80w80_005 noLS 7/15: PF=500, cost=[8268,14785], sat=[5.8,16.0], 243s
  [n80w80_005] n80w80_005 noLS 8/15: PF=500, cost=[8164,10485], sat=[2.2,23.4], 230s
  [n80w80_005] n80w80_005 noLS 9/15: PF=500, cost=[8724,14517], sat=[4.4,29.0], 228s
  [n80w80_005] n80w80_005 noLS 10/15: PF=500, cost=[8363,12864], sat=[4.2,20.6], 226s
  [n80w80_005] n80w80_005 noLS 11/15: PF=500, cost=[8423,15805], sat=[3.3,19.9], 225s
  [n80w80_005] n80w80_005 noLS 12/15: PF=500, cost=[8401,14167], sat=[7.8,25.0], 219s
  [n80w80_005] n80w80_005 noLS 13/15: PF=500, cost=[8251,13370], sat=[2.2,23.9], 221s
  [n80w80_005] n80w80_005 noLS 14/15: PF=500, cost=[8848,13123], sat=[7.8,24.4], 211s
  [n80w80_005] n80w80_005 noLS 15/15: PF=500, cost=[7425,12887], sat=[7.0,24.6], 205s
  [n80w80_005] DONE n80w80_005: C(H,N)=0.9776, C(N,H)=0.0091
[09:59:33] DONE n80w80_005 (11/11): C(H,N)=0.9776, C(N,H)=0.0091, T(H)=483s, T(N)=239s, elapsed=34908s

==========================================================================================
  FINAL RESULTS
  Completed: 11  Failed: 0  Time: 34908s (9.7h)
==========================================================================================
Instance       C(H,N)         C(N,H)         W      HV(H)        HV(N)        T(H)     T(N)    
------------------------------------------------------------------------------------------
n20w80_001     0.9851±0.018 0.0064±0.009 HMOA   2.3±1  1.8±1  201s     158s
n20w80_002     0.8904±0.271 0.0691±0.244 HMOA   4.6±6  2.4±1  199s     171s
n20w80_003     0.7301±0.436 0.1989±0.389 HMOA   3.0±2  2.6±1  185s     144s
n20w80_004     0.9843±0.022 0.0021±0.004 HMOA   3.1±2  3.3±2  220s     174s
n20w80_005     0.4088±0.466 0.5219±0.476 noLS   1.4±0  1.6±1  222s     160s
n40w80_001     0.8011±0.397 0.0000±0.000 HMOA   110.3±231  7.0±8  197s     202s
n40w80_002     0.8611±0.336 0.0752±0.242 HMOA   5.8±6  3.8±3  269s     228s
n40w80_003     0.9312±0.249 0.0677±0.249 HMOA   3.5±6  3.2±2  158s     180s
n40w80_004     0.4693±0.491 0.4619±0.492 HMOA   12.4±11  4.1±3  215s     203s
n40w80_005     0.7501±0.409 0.0003±0.001 HMOA   27.4±39  4.5±3  243s     236s
n60w80_001     0.9195±0.235 0.0701±0.236 HMOA   14.5±32  3.7±2  369s     280s
n60w80_002     0.6680±0.444 0.2637±0.428 HMOA   10.0±7  10.0±9  348s     284s
n60w80_003     0.9269±0.244 0.0040±0.011 HMOA   3.5±2  2.4±1  379s     275s
n60w80_004     0.8715±0.311 0.0693±0.240 HMOA   8.8±8  3.0±1  416s     280s
n60w80_005     0.8413±0.311 0.1376±0.307 HMOA   2.0±1  1.6±0  551s     260s
n80w80_001     0.9256±0.236 0.0032±0.005 HMOA   5.4±6  1.6±1  416s     238s
n80w80_002     0.6627±0.430 0.0301±0.044 HMOA   2.9±1  2.9±1  671s     194s
n80w80_003     0.5248±0.460 0.2709±0.406 HMOA   4.1±3  3.7±2  526s     200s
n80w80_004     0.8613±0.326 0.0696±0.244 HMOA   64.8±191  2.6±1  389s     201s
n80w80_005     0.9776±0.038 0.0091±0.017 HMOA   13.6±25  2.2±2  483s     239s
  n=20: C(H,N)=0.7997  C(N,H)=0.1597  → HMOA wins
  n=40: C(H,N)=0.7626  C(N,H)=0.1210  → HMOA wins
  n=60: C(H,N)=0.8454  C(N,H)=0.1090  → HMOA wins
  n=80: C(H,N)=0.7904  C(N,H)=0.0766  → HMOA wins

Completed: 2026-06-27 09:59:33
