======================================================================
  HMOA EXPERIMENT — pop=200, iter=500, kmax=5, drones=3, wbl=0.2
  Workers: 20  |  Pending: 20
  Started: 2026-07-14 23:05:00
======================================================================
  [n40w80_003] n40w80_003 HMOA 1/15: PF=317, cost=[4696,4696], sat=[0.0,0.0], 49s
  [n40w80_001] n40w80_001 HMOA 1/15: PF=500, cost=[6969,9752], sat=[7.0,9.0], 65s
  [n40w80_005] n40w80_005 HMOA 1/15: PF=500, cost=[5385,6376], sat=[16.0,20.0], 73s
  [n40w80_004] n40w80_004 HMOA 1/15: PF=500, cost=[4816,5218], sat=[2.0,9.0], 74s
  [n20w80_001] n20w80_001 HMOA 1/15: PF=500, cost=[4075,6667], sat=[2.5,13.0], 81s
  [n20w80_003] n20w80_003 HMOA 1/15: PF=500, cost=[3821,9079], sat=[1.1,11.2], 85s
  [n20w80_005] n20w80_005 HMOA 1/15: PF=500, cost=[3917,7227], sat=[1.0,15.0], 90s
  [n20w80_004] n20w80_004 HMOA 1/15: PF=500, cost=[3795,6683], sat=[7.1,12.7], 92s
  [n60w80_003] n60w80_003 HMOA 1/15: PF=500, cost=[6657,11331], sat=[0.0,19.0], 117s
  [n40w80_003] n40w80_003 HMOA 2/15: PF=500, cost=[4683,6775], sat=[0.0,1.0], 75s
  [n40w80_002] n40w80_002 HMOA 1/15: PF=500, cost=[4375,6254], sat=[10.0,13.0], 135s
  [n20w80_002] n20w80_002 HMOA 1/15: PF=500, cost=[3540,8246], sat=[5.4,9.4], 136s
  [n60w80_001] n60w80_001 HMOA 1/15: PF=500, cost=[6382,9323], sat=[11.0,18.6], 137s
  [n60w80_002] n60w80_002 HMOA 1/15: PF=500, cost=[6369,6750], sat=[3.6,5.8], 146s
  [n20w80_004] n20w80_004 HMOA 2/15: PF=500, cost=[3729,4695], sat=[7.3,10.8], 55s
  [n40w80_001] n40w80_001 HMOA 2/15: PF=500, cost=[6681,17391], sat=[6.0,7.0], 89s
  [n20w80_003] n20w80_003 HMOA 2/15: PF=500, cost=[3838,6994], sat=[1.1,8.0], 74s
  [n60w80_005] n60w80_005 HMOA 1/15: PF=500, cost=[5960,11501], sat=[5.0,25.0], 160s
  [n60w80_004] n60w80_004 HMOA 1/15: PF=500, cost=[6842,11756], sat=[6.8,17.0], 169s
  [n20w80_005] n20w80_005 HMOA 2/15: PF=500, cost=[3896,6152], sat=[1.0,15.0], 89s
  [n40w80_004] n40w80_004 HMOA 2/15: PF=500, cost=[4976,5918], sat=[1.0,4.0], 106s
  [n20w80_001] n20w80_001 HMOA 2/15: PF=500, cost=[4150,8360], sat=[6.0,14.0], 108s
  [n80w80_001] n80w80_001 HMOA 1/15: PF=500, cost=[7102,12051], sat=[5.0,12.0], 195s
  [n40w80_005] n40w80_005 HMOA 2/15: PF=500, cost=[5492,7797], sat=[10.9,17.1], 123s
  [n40w80_003] n40w80_003 HMOA 3/15: PF=500, cost=[4850,6530], sat=[0.0,1.0], 76s
  [n20w80_002] n20w80_002 HMOA 2/15: PF=500, cost=[3506,4794], sat=[6.0,7.0], 64s
  [n80w80_003] n80w80_003 HMOA 1/15: PF=500, cost=[7407,12817], sat=[6.0,23.8], 203s
  [n80w80_002] n80w80_002 HMOA 1/15: PF=500, cost=[7741,10316], sat=[6.0,25.7], 205s
  [n20w80_003] n20w80_003 HMOA 3/15: PF=500, cost=[4239,6593], sat=[2.0,10.0], 60s
  [n40w80_002] n40w80_002 HMOA 2/15: PF=500, cost=[5407,7251], sat=[10.5,15.5], 85s
  [n40w80_001] n40w80_001 HMOA 3/15: PF=500, cost=[6583,8825], sat=[6.0,8.6], 78s
  [n80w80_005] n80w80_005 HMOA 1/15: PF=500, cost=[7001,11489], sat=[8.1,22.0], 234s
  [n20w80_004] n20w80_004 HMOA 3/15: PF=500, cost=[3764,7097], sat=[7.1,13.9], 101s
  [n80w80_004] n80w80_004 HMOA 1/15: PF=500, cost=[7149,11510], sat=[12.0,25.7], 258s
  [n20w80_005] n20w80_005 HMOA 3/15: PF=500, cost=[3952,6595], sat=[1.0,16.1], 84s
  [n40w80_003] n40w80_003 HMOA 4/15: PF=500, cost=[4825,6675], sat=[0.0,1.0], 65s
  [n60w80_003] n60w80_003 HMOA 2/15: PF=500, cost=[6980,10040], sat=[2.8,19.9], 149s
  [n20w80_001] n20w80_001 HMOA 3/15: PF=500, cost=[4131,5514], sat=[6.0,13.8], 86s
  [n40w80_004] n40w80_004 HMOA 3/15: PF=500, cost=[4775,6957], sat=[0.8,6.0], 100s
  [n20w80_002] n20w80_002 HMOA 3/15: PF=500, cost=[3521,6497], sat=[5.4,8.0], 84s
  [n40w80_002] n40w80_002 HMOA 3/15: PF=500, cost=[4366,8997], sat=[11.0,18.1], 72s
  [n40w80_005] n40w80_005 HMOA 3/15: PF=500, cost=[5373,7356], sat=[8.9,19.0], 97s
  [n20w80_003] n20w80_003 HMOA 4/15: PF=500, cost=[4184,8680], sat=[4.0,6.7], 75s
  [n40w80_003] n40w80_003 HMOA 5/15: PF=461, cost=[4715,4715], sat=[0.0,0.0], 47s
  [n60w80_001] n60w80_001 HMOA 2/15: PF=500, cost=[6370,11272], sat=[10.0,14.0], 182s
  [n40w80_001] n40w80_001 HMOA 4/15: PF=500, cost=[6589,8849], sat=[7.0,9.0], 91s
  [n80w80_001] n80w80_001 HMOA 2/15: PF=500, cost=[7150,11205], sat=[6.0,13.2], 146s
  [n20w80_004] n20w80_004 HMOA 4/15: PF=500, cost=[3741,7459], sat=[7.3,12.8], 98s
  [n20w80_001] n20w80_001 HMOA 4/15: PF=500, cost=[4075,7723], sat=[2.5,14.0], 76s
  [n20w80_005] n20w80_005 HMOA 4/15: PF=500, cost=[3937,6135], sat=[1.0,14.9], 93s
  [n20w80_003] n20w80_003 HMOA 5/15: PF=500, cost=[4239,6999], sat=[2.0,9.0], 65s
  [n40w80_005] n40w80_005 HMOA 4/15: PF=500, cost=[5453,6582], sat=[14.7,18.2], 77s
  [n60w80_002] n60w80_002 HMOA 2/15: PF=500, cost=[6121,8919], sat=[1.6,7.7], 224s
  [n20w80_002] n20w80_002 HMOA 4/15: PF=500, cost=[3483,7267], sat=[5.0,8.4], 92s
  [n60w80_004] n60w80_004 HMOA 2/15: PF=500, cost=[6881,10415], sat=[6.9,13.3], 216s
  [n40w80_003] n40w80_003 HMOA 6/15: PF=500, cost=[4686,7853], sat=[0.0,1.0], 76s
  [n80w80_004] n80w80_004 HMOA 2/15: PF=500, cost=[5532,10272], sat=[24.2,30.7], 131s
  [n40w80_002] n40w80_002 HMOA 4/15: PF=500, cost=[5119,7927], sat=[3.1,12.3], 98s
  [n40w80_001] n40w80_001 HMOA 5/15: PF=500, cost=[6405,7990], sat=[7.0,10.0], 73s
  [n80w80_005] n80w80_005 HMOA 2/15: PF=500, cost=[8127,13630], sat=[11.3,28.0], 165s
  [n40w80_003] n40w80_003 HMOA 7/15: PF=334, cost=[4655,4655], sat=[0.0,0.0], 33s
  [n60w80_005] n60w80_005 HMOA 2/15: PF=500, cost=[6330,14306], sat=[2.0,18.7], 261s
  [n20w80_001] n20w80_001 HMOA 5/15: PF=500, cost=[4131,6575], sat=[6.0,12.7], 77s
  [n20w80_003] n20w80_003 HMOA 6/15: PF=500, cost=[4247,6999], sat=[6.0,9.0], 71s
  [n40w80_004] n40w80_004 HMOA 4/15: PF=500, cost=[5036,8812], sat=[0.0,8.0], 151s
  [n60w80_001] n60w80_001 HMOA 3/15: PF=500, cost=[6338,9168], sat=[11.0,14.0], 114s
  [n20w80_005] n20w80_005 HMOA 5/15: PF=500, cost=[3908,7045], sat=[1.0,16.0], 84s
  [n80w80_002] n80w80_002 HMOA 2/15: PF=500, cost=[7921,14480], sat=[2.0,24.0], 237s
  [n40w80_003] n40w80_003 HMOA 8/15: PF=485, cost=[4724,4911], sat=[0.0,1.0], 40s
  [n20w80_004] n20w80_004 HMOA 5/15: PF=500, cost=[3702,8079], sat=[7.3,13.0], 122s
  [n40w80_001] n40w80_001 HMOA 6/15: PF=500, cost=[6557,10413], sat=[5.0,8.0], 79s
  [n60w80_003] n60w80_003 HMOA 3/15: PF=500, cost=[6741,10806], sat=[0.0,18.9], 210s
  [n20w80_002] n20w80_002 HMOA 5/15: PF=500, cost=[3409,5285], sat=[3.0,9.8], 102s
  [n40w80_002] n40w80_002 HMOA 5/15: PF=500, cost=[4346,6435], sat=[8.0,13.0], 95s
  [n80w80_001] n80w80_001 HMOA 3/15: PF=500, cost=[7498,12413], sat=[4.0,12.6], 145s
  [n40w80_005] n40w80_005 HMOA 5/15: PF=500, cost=[5449,6196], sat=[9.4,19.0], 127s
  [n20w80_003] n20w80_003 HMOA 7/15: PF=500, cost=[3838,5306], sat=[1.1,8.0], 72s
  [n20w80_001] n20w80_001 HMOA 6/15: PF=500, cost=[4144,6541], sat=[6.0,10.0], 74s
  [n40w80_003] n40w80_003 HMOA 9/15: PF=361, cost=[4735,4735], sat=[0.0,0.0], 51s
  [n40w80_004] n40w80_004 HMOA 5/15: PF=500, cost=[4718,7148], sat=[0.8,5.0], 92s
  [n40w80_001] n40w80_001 HMOA 7/15: PF=500, cost=[6295,6892], sat=[2.0,9.0], 68s
  [n80w80_003] n80w80_003 HMOA 2/15: PF=500, cost=[7236,15480], sat=[8.0,26.0], 343s
  [n80w80_004] n80w80_004 HMOA 3/15: PF=500, cost=[5715,8414], sat=[19.0,41.1], 157s
  [n20w80_002] n20w80_002 HMOA 6/15: PF=500, cost=[3807,4869], sat=[6.0,8.0], 73s
  [n20w80_004] n20w80_004 HMOA 6/15: PF=500, cost=[3729,7797], sat=[7.3,14.9], 89s
  [n40w80_003] n40w80_003 HMOA 10/15: PF=250, cost=[4673,4828], sat=[0.0,1.0], 53s
  [n20w80_005] n20w80_005 HMOA 6/15: PF=500, cost=[3885,7185], sat=[1.0,14.0], 124s
  [n60w80_002] n60w80_002 HMOA 3/15: PF=500, cost=[6453,9174], sat=[3.6,7.9], 197s
  [n20w80_003] n20w80_003 HMOA 8/15: PF=500, cost=[4239,8834], sat=[2.0,11.7], 74s
  [n60w80_001] n60w80_001 HMOA 4/15: PF=500, cost=[6296,14527], sat=[9.0,17.0], 147s
  [n40w80_005] n40w80_005 HMOA 6/15: PF=500, cost=[5421,6503], sat=[10.4,19.0], 96s
  [n40w80_003] n40w80_003 HMOA 11/15: PF=296, cost=[4760,4760], sat=[0.0,0.0], 39s
  [n40w80_004] n40w80_004 HMOA 6/15: PF=500, cost=[4987,5472], sat=[0.0,10.0], 84s
  [n40w80_001] n40w80_001 HMOA 8/15: PF=500, cost=[6412,8706], sat=[5.0,8.0], 75s
  [n40w80_002] n40w80_002 HMOA 6/15: PF=500, cost=[4334,7437], sat=[10.0,17.5], 134s
  [n60w80_004] n60w80_004 HMOA 3/15: PF=500, cost=[7048,11094], sat=[6.0,18.0], 235s
  [n20w80_001] n20w80_001 HMOA 7/15: PF=500, cost=[4075,7383], sat=[2.5,14.0], 120s
  [n20w80_002] n20w80_002 HMOA 7/15: PF=500, cost=[3465,5473], sat=[4.3,9.0], 83s
  [n80w80_005] n80w80_005 HMOA 3/15: PF=500, cost=[6510,11962], sat=[6.1,24.0], 242s
  [n20w80_003] n20w80_003 HMOA 9/15: PF=500, cost=[4049,7006], sat=[7.0,9.0], 67s
  [n20w80_005] n20w80_005 HMOA 7/15: PF=500, cost=[3933,6203], sat=[2.0,14.0], 79s
  [n20w80_004] n20w80_004 HMOA 7/15: PF=500, cost=[3789,7717], sat=[7.1,14.8], 90s
  [n80w80_001] n80w80_001 HMOA 4/15: PF=500, cost=[7200,9424], sat=[4.0,16.6], 162s
  [n40w80_001] n40w80_001 HMOA 9/15: PF=500, cost=[6333,8779], sat=[2.0,8.0], 59s
  [n60w80_003] n60w80_003 HMOA 4/15: PF=500, cost=[6916,9553], sat=[0.0,16.0], 207s
  [n40w80_003] n40w80_003 HMOA 12/15: PF=500, cost=[5104,5708], sat=[0.0,1.0], 80s
  [n40w80_004] n40w80_004 HMOA 7/15: PF=500, cost=[4751,4952], sat=[0.0,4.0], 93s
  [n20w80_004] n20w80_004 HMOA 8/15: PF=500, cost=[3795,6442], sat=[7.1,11.2], 64s
  [n20w80_001] n20w80_001 HMOA 8/15: PF=500, cost=[4131,8861], sat=[6.0,13.0], 91s
  [n40w80_002] n40w80_002 HMOA 7/15: PF=500, cost=[5292,7039], sat=[2.0,12.0], 97s
  [n40w80_005] n40w80_005 HMOA 7/15: PF=500, cost=[5346,7703], sat=[8.9,17.2], 124s
  [n20w80_002] n20w80_002 HMOA 8/15: PF=500, cost=[3429,6796], sat=[4.0,12.3], 85s
  [n60w80_001] n60w80_001 HMOA 5/15: PF=500, cost=[6260,11283], sat=[9.0,13.3], 141s
  [n40w80_003] n40w80_003 HMOA 13/15: PF=270, cost=[4668,4910], sat=[0.0,1.0], 36s
  [n20w80_003] n20w80_003 HMOA 10/15: PF=500, cost=[3838,7036], sat=[1.1,9.0], 79s
  [n20w80_005] n20w80_005 HMOA 8/15: PF=500, cost=[3909,5683], sat=[1.0,11.5], 80s
  [n80w80_004] n80w80_004 HMOA 4/15: PF=500, cost=[5643,7222], sat=[18.0,23.6], 210s
  [n60w80_002] n60w80_002 HMOA 4/15: PF=500, cost=[6429,13504], sat=[3.6,8.5], 191s
  [n80w80_002] n80w80_002 HMOA 3/15: PF=500, cost=[7444,13144], sat=[5.0,20.4], 328s
  [n40w80_003] n40w80_003 HMOA 14/15: PF=500, cost=[4667,5860], sat=[0.0,1.0], 53s
  [n20w80_001] n20w80_001 HMOA 9/15: PF=500, cost=[4131,6320], sat=[6.0,11.4], 60s
  [n40w80_001] n40w80_001 HMOA 10/15: PF=500, cost=[6008,7698], sat=[1.0,10.0], 96s
  [n20w80_003] n20w80_003 HMOA 11/15: PF=500, cost=[4247,5600], sat=[6.0,8.0], 68s
  [n60w80_004] n60w80_004 HMOA 4/15: PF=500, cost=[7141,8281], sat=[7.0,12.7], 171s
  [n20w80_004] n20w80_004 HMOA 9/15: PF=500, cost=[3706,5149], sat=[7.3,11.8], 81s
  [n20w80_002] n20w80_002 HMOA 9/15: PF=500, cost=[3472,10148], sat=[5.0,9.4], 80s
  [n80w80_003] n80w80_003 HMOA 3/15: PF=500, cost=[7452,12279], sat=[11.0,26.1], 258s
  [n20w80_005] n20w80_005 HMOA 9/15: PF=500, cost=[3919,5879], sat=[1.0,12.0], 82s
  [n60w80_005] n60w80_005 HMOA 3/15: PF=500, cost=[6779,14417], sat=[4.0,28.0], 389s
  [n40w80_004] n40w80_004 HMOA 8/15: PF=500, cost=[4751,7241], sat=[0.8,7.0], 118s
  [n40w80_003] n40w80_003 HMOA 15/15: PF=416, cost=[4665,4665], sat=[0.0,0.0], 51s
  [n80w80_001] n80w80_001 HMOA 5/15: PF=500, cost=[7745,10159], sat=[4.0,13.5], 177s
  [n60w80_003] n60w80_003 HMOA 5/15: PF=500, cost=[7015,7426], sat=[9.4,17.0], 147s
  [n40w80_002] n40w80_002 HMOA 8/15: PF=500, cost=[4377,9627], sat=[11.0,16.9], 118s
  [n40w80_005] n40w80_005 HMOA 8/15: PF=500, cost=[5427,7085], sat=[10.4,19.8], 120s
  [n20w80_001] n20w80_001 HMOA 10/15: PF=500, cost=[4131,8082], sat=[6.0,12.0], 78s
  [n40w80_001] n40w80_001 HMOA 11/15: PF=500, cost=[6406,6648], sat=[7.0,9.0], 79s
  [n20w80_003] n20w80_003 HMOA 12/15: PF=500, cost=[3838,5306], sat=[1.1,8.0], 65s
  [n20w80_002] n20w80_002 HMOA 10/15: PF=500, cost=[3442,7002], sat=[5.3,8.0], 68s
  [n20w80_004] n20w80_004 HMOA 10/15: PF=500, cost=[3742,7198], sat=[7.9,13.9], 80s
  [n40w80_003] n40w80_003 noLS 1/15: PF=446, cost=[5061,5061], sat=[0.0,0.0], 51s
  [n60w80_002] n60w80_002 HMOA 5/15: PF=500, cost=[6310,7168], sat=[3.6,7.0], 124s
  [n60w80_001] n60w80_001 HMOA 6/15: PF=500, cost=[6170,11670], sat=[10.0,16.8], 171s
  [n20w80_005] n20w80_005 HMOA 10/15: PF=500, cost=[3907,6486], sat=[1.0,14.0], 89s
  [n20w80_003] n20w80_003 HMOA 13/15: PF=500, cost=[3838,4079], sat=[1.1,7.0], 57s
  [n80w80_005] n80w80_005 HMOA 4/15: PF=500, cost=[7844,10794], sat=[7.9,28.6], 273s
  [n40w80_005] n40w80_005 HMOA 9/15: PF=500, cost=[5493,10744], sat=[14.3,19.1], 92s
  [n40w80_001] n40w80_001 HMOA 12/15: PF=500, cost=[6136,6286], sat=[0.8,7.0], 84s
  [n40w80_003] n40w80_003 noLS 2/15: PF=500, cost=[5005,8486], sat=[0.0,1.0], 67s
  [n40w80_004] n40w80_004 HMOA 9/15: PF=500, cost=[5172,9858], sat=[1.6,6.0], 132s
  [n20w80_001] n20w80_001 HMOA 11/15: PF=500, cost=[3948,8193], sat=[2.0,13.7], 101s
  [n60w80_003] n60w80_003 HMOA 6/15: PF=500, cost=[7033,8239], sat=[11.1,19.8], 136s
  [n80w80_002] n80w80_002 HMOA 4/15: PF=500, cost=[8655,10729], sat=[7.9,17.9], 196s
  [n20w80_004] n20w80_004 HMOA 11/15: PF=500, cost=[3729,7666], sat=[7.3,13.7], 98s
  [n40w80_002] n40w80_002 HMOA 9/15: PF=500, cost=[4340,7662], sat=[8.0,15.0], 139s
  [n80w80_001] n80w80_001 HMOA 6/15: PF=500, cost=[7282,16419], sat=[4.0,12.3], 151s
  [n40w80_001] n40w80_001 HMOA 13/15: PF=500, cost=[6597,6846], sat=[7.0,8.0], 47s
  [n20w80_002] n20w80_002 HMOA 11/15: PF=500, cost=[3462,10942], sat=[6.3,10.9], 119s
  [n60w80_002] n60w80_002 HMOA 6/15: PF=500, cost=[6380,6869], sat=[3.6,6.7], 108s
  [n20w80_005] n20w80_005 HMOA 11/15: PF=500, cost=[3931,6393], sat=[1.0,14.0], 97s
  [n60w80_004] n60w80_004 HMOA 5/15: PF=500, cost=[6908,9646], sat=[4.7,17.6], 204s
  [n20w80_003] n20w80_003 HMOA 14/15: PF=500, cost=[4239,9485], sat=[2.0,11.0], 84s
  [n60w80_005] n60w80_005 HMOA 4/15: PF=500, cost=[6006,14101], sat=[5.0,21.0], 196s
  [n60w80_001] n60w80_001 HMOA 7/15: PF=500, cost=[6279,9181], sat=[10.2,13.9], 121s
  [n20w80_001] n20w80_001 HMOA 12/15: PF=500, cost=[4131,8059], sat=[6.0,12.0], 61s
  [n80w80_003] n80w80_003 HMOA 4/15: PF=500, cost=[7399,10690], sat=[9.6,16.9], 209s
  [n40w80_003] n40w80_003 noLS 3/15: PF=500, cost=[5087,6911], sat=[0.0,1.0], 86s
  [n40w80_002] n40w80_002 HMOA 10/15: PF=500, cost=[4327,8467], sat=[11.0,16.0], 61s
  [n80w80_004] n80w80_004 HMOA 5/15: PF=500, cost=[5618,9927], sat=[22.6,37.3], 291s
  [n20w80_003] n20w80_003 HMOA 15/15: PF=500, cost=[3838,7381], sat=[1.1,7.0], 54s
  [n40w80_004] n40w80_004 HMOA 10/15: PF=500, cost=[5063,6471], sat=[1.6,5.0], 108s
  [n20w80_002] n20w80_002 HMOA 12/15: PF=500, cost=[3472,7497], sat=[4.0,8.0], 78s
  [n40w80_005] n40w80_005 HMOA 10/15: PF=500, cost=[5349,8927], sat=[7.4,20.0], 142s
  [n20w80_004] n20w80_004 HMOA 12/15: PF=500, cost=[3630,9694], sat=[7.3,14.2], 103s
  [n20w80_001] n20w80_001 HMOA 13/15: PF=500, cost=[4075,8710], sat=[2.5,14.0], 79s
  [n20w80_005] n20w80_005 HMOA 12/15: PF=500, cost=[3887,6304], sat=[1.0,15.3], 102s
  [n20w80_003] n20w80_003 noLS 1/15: PF=500, cost=[4400,6994], sat=[1.0,8.0], 51s
  [n40w80_003] n40w80_003 noLS 4/15: PF=500, cost=[5062,6274], sat=[0.0,1.0], 80s
  [n40w80_001] n40w80_001 HMOA 14/15: PF=500, cost=[6918,12495], sat=[6.0,8.8], 126s
  [n40w80_002] n40w80_002 HMOA 11/15: PF=500, cost=[4893,7638], sat=[10.2,14.0], 79s
  [n80w80_005] n80w80_005 HMOA 5/15: PF=500, cost=[6502,11814], sat=[18.2,24.6], 218s
  [n20w80_003] n20w80_003 noLS 2/15: PF=138, cost=[4239,6663], sat=[2.0,9.0], 46s
  [n20w80_004] n20w80_004 HMOA 13/15: PF=500, cost=[3792,5208], sat=[7.1,11.9], 74s
  [n60w80_004] n60w80_004 HMOA 6/15: PF=500, cost=[6776,7779], sat=[5.5,15.0], 158s
  [n20w80_002] n20w80_002 HMOA 13/15: PF=500, cost=[3604,8034], sat=[5.4,9.0], 88s
  [n40w80_005] n40w80_005 HMOA 11/15: PF=500, cost=[5392,6736], sat=[11.0,19.1], 81s
  [n40w80_003] n40w80_003 noLS 5/15: PF=500, cost=[4994,6260], sat=[0.0,1.0], 49s
  [n40w80_001] n40w80_001 HMOA 15/15: PF=500, cost=[5925,7171], sat=[2.0,8.0], 57s
  [n20w80_001] n20w80_001 HMOA 14/15: PF=500, cost=[4155,6797], sat=[9.0,14.4], 77s
  [n60w80_003] n60w80_003 HMOA 7/15: PF=500, cost=[6788,17889], sat=[1.0,25.8], 206s
  [n80w80_001] n80w80_001 HMOA 7/15: PF=500, cost=[7416,14693], sat=[5.0,12.3], 203s
  [n60w80_002] n60w80_002 HMOA 7/15: PF=500, cost=[6423,7695], sat=[3.6,6.9], 195s
  [n40w80_004] n40w80_004 HMOA 11/15: PF=500, cost=[4816,12535], sat=[0.8,5.0], 140s
  [n20w80_003] n20w80_003 noLS 3/15: PF=500, cost=[4276,8366], sat=[2.0,11.0], 53s
  [n40w80_002] n40w80_002 HMOA 12/15: PF=500, cost=[4162,10663], sat=[10.0,17.5], 90s
  [n60w80_001] n60w80_001 HMOA 8/15: PF=500, cost=[6204,10274], sat=[11.9,13.5], 193s
  [n20w80_005] n20w80_005 HMOA 13/15: PF=500, cost=[3909,6063], sat=[1.0,16.0], 112s
  [n40w80_003] n40w80_003 noLS 6/15: PF=442, cost=[5130,5130], sat=[0.0,0.0], 52s
  [n80w80_004] n80w80_004 HMOA 6/15: PF=500, cost=[5876,8242], sat=[11.0,32.3], 172s
  [n20w80_004] n20w80_004 HMOA 14/15: PF=500, cost=[3764,6782], sat=[7.1,12.8], 73s
  [n60w80_005] n60w80_005 HMOA 5/15: PF=500, cost=[5969,14487], sat=[5.0,21.5], 227s
  [n20w80_002] n20w80_002 HMOA 14/15: PF=500, cost=[3446,7930], sat=[4.3,9.8], 92s
  [n40w80_001] n40w80_001 noLS 1/15: PF=500, cost=[6793,10819], sat=[2.0,8.0], 86s
  [n20w80_001] n20w80_001 HMOA 15/15: PF=500, cost=[3948,7582], sat=[2.0,12.7], 96s
  [n80w80_002] n80w80_002 HMOA 5/15: PF=500, cost=[8610,10939], sat=[9.5,24.5], 303s
  [n40w80_005] n40w80_005 HMOA 12/15: PF=500, cost=[5393,7668], sat=[7.4,18.0], 121s
  [n20w80_003] n20w80_003 noLS 4/15: PF=500, cost=[4408,6102], sat=[4.0,7.0], 75s
  [n40w80_003] n40w80_003 noLS 7/15: PF=500, cost=[5042,6342], sat=[0.0,1.0], 78s
  [n20w80_005] n20w80_005 HMOA 14/15: PF=500, cost=[3887,6358], sat=[1.0,14.0], 86s
  [n80w80_005] n80w80_005 HMOA 6/15: PF=500, cost=[7076,9393], sat=[10.3,26.0], 169s
  [n60w80_004] n60w80_004 HMOA 7/15: PF=500, cost=[6960,14694], sat=[1.6,15.6], 153s
  [n40w80_004] n40w80_004 HMOA 12/15: PF=500, cost=[5010,6198], sat=[1.0,4.0], 109s
  [n20w80_004] n20w80_004 HMOA 15/15: PF=500, cost=[3764,8866], sat=[7.1,13.2], 101s
  [n40w80_001] n40w80_001 noLS 2/15: PF=500, cost=[6643,9729], sat=[5.0,9.0], 72s
  [n20w80_003] n20w80_003 noLS 5/15: PF=500, cost=[4239,5882], sat=[2.0,9.0], 64s
  [n20w80_002] n20w80_002 HMOA 15/15: PF=500, cost=[3777,9855], sat=[4.4,10.1], 97s
  [n20w80_001] n20w80_001 noLS 1/15: PF=500, cost=[4361,6271], sat=[2.0,12.0], 77s
  [n60w80_002] n60w80_002 HMOA 8/15: PF=500, cost=[6464,8642], sat=[4.6,8.8], 162s
  [n40w80_002] n40w80_002 HMOA 13/15: PF=500, cost=[3647,7703], sat=[2.0,16.0], 147s
  [n60w80_001] n60w80_001 HMOA 9/15: PF=500, cost=[6191,6946], sat=[3.0,12.1], 150s
  [n20w80_005] n20w80_005 HMOA 15/15: PF=500, cost=[3908,6015], sat=[1.0,16.0], 74s
  [n40w80_003] n40w80_003 noLS 8/15: PF=500, cost=[5049,5574], sat=[0.0,1.0], 80s
  [n40w80_005] n40w80_005 HMOA 13/15: PF=500, cost=[5441,12797], sat=[11.8,20.0], 95s
  [n60w80_003] n60w80_003 HMOA 8/15: PF=500, cost=[6517,9843], sat=[0.0,20.3], 203s
  [n20w80_004] n20w80_004 noLS 1/15: PF=500, cost=[4014,5457], sat=[7.1,10.9], 63s
  [n20w80_003] n20w80_003 noLS 6/15: PF=500, cost=[4194,7636], sat=[2.0,10.0], 54s
  [n80w80_004] n80w80_004 HMOA 7/15: PF=500, cost=[5417,9427], sat=[18.0,30.8], 175s
  [n20w80_001] n20w80_001 noLS 2/15: PF=500, cost=[4191,6897], sat=[1.0,13.0], 61s
  [n40w80_001] n40w80_001 noLS 3/15: PF=500, cost=[6654,8099], sat=[2.0,7.0], 80s
  [n80w80_001] n80w80_001 HMOA 8/15: PF=500, cost=[7784,15861], sat=[2.0,11.8], 230s
  [n40w80_004] n40w80_004 HMOA 13/15: PF=500, cost=[4992,10641], sat=[1.0,6.0], 106s
  [n20w80_002] n20w80_002 noLS 1/15: PF=500, cost=[4469,8197], sat=[2.0,8.0], 75s
  [n20w80_005] n20w80_005 noLS 1/15: PF=500, cost=[3887,6889], sat=[1.0,14.0], 58s
  [n80w80_003] n80w80_003 HMOA 5/15: PF=500, cost=[6991,13311], sat=[9.4,20.4], 412s
  [n40w80_003] n40w80_003 noLS 9/15: PF=500, cost=[5235,6671], sat=[0.0,1.0], 74s
  [n20w80_003] n20w80_003 noLS 7/15: PF=500, cost=[4400,5068], sat=[1.0,6.4], 57s
  [n40w80_004] n40w80_004 HMOA 14/15: PF=500, cost=[4868,5254], sat=[5.0,7.0], 37s
  [n60w80_004] n60w80_004 HMOA 8/15: PF=500, cost=[6911,10580], sat=[6.7,14.0], 151s
  [n20w80_004] n20w80_004 noLS 2/15: PF=500, cost=[4014,8697], sat=[7.1,13.2], 78s
  [n20w80_002] n20w80_002 noLS 2/15: PF=500, cost=[4289,7160], sat=[3.0,9.4], 61s
  [n20w80_001] n20w80_001 noLS 3/15: PF=500, cost=[4393,9528], sat=[5.9,12.0], 79s
  [n40w80_002] n40w80_002 HMOA 14/15: PF=500, cost=[4435,8596], sat=[9.0,16.0], 134s
  [n20w80_005] n20w80_005 noLS 2/15: PF=500, cost=[3936,6015], sat=[1.0,16.0], 61s
  [n40w80_005] n40w80_005 HMOA 14/15: PF=500, cost=[5457,6103], sat=[13.2,19.9], 119s
  [n40w80_001] n40w80_001 noLS 4/15: PF=500, cost=[7379,8313], sat=[1.0,7.0], 83s
  [n60w80_001] n60w80_001 HMOA 10/15: PF=500, cost=[6070,10092], sat=[9.0,15.9], 138s
  [n40w80_003] n40w80_003 noLS 10/15: PF=500, cost=[5118,6436], sat=[0.0,1.0], 61s
  [n60w80_002] n60w80_002 HMOA 9/15: PF=500, cost=[6193,9195], sat=[4.6,7.2], 159s
  [n60w80_005] n60w80_005 HMOA 6/15: PF=500, cost=[6214,14102], sat=[5.0,32.7], 283s
  [n20w80_003] n20w80_003 noLS 8/15: PF=500, cost=[4276,8951], sat=[2.0,12.0], 66s
  [n20w80_004] n20w80_004 noLS 3/15: PF=500, cost=[4014,5457], sat=[7.1,10.9], 56s
  [n20w80_002] n20w80_002 noLS 3/15: PF=500, cost=[4328,7680], sat=[3.0,8.7], 60s
  [n20w80_001] n20w80_001 noLS 4/15: PF=500, cost=[4393,7413], sat=[2.0,13.0], 59s
  [n40w80_003] n40w80_003 noLS 11/15: PF=500, cost=[5085,6136], sat=[0.0,1.0], 51s
  [n40w80_004] n40w80_004 HMOA 15/15: PF=500, cost=[5156,6192], sat=[1.6,4.0], 104s
  [n80w80_002] n80w80_002 HMOA 6/15: PF=500, cost=[7735,13562], sat=[8.8,22.8], 293s
  [n20w80_005] n20w80_005 noLS 3/15: PF=500, cost=[3917,6217], sat=[1.0,14.6], 80s
  [n20w80_003] n20w80_003 noLS 9/15: PF=500, cost=[4400,7086], sat=[1.0,7.0], 51s
  [n20w80_004] n20w80_004 noLS 4/15: PF=500, cost=[4014,9216], sat=[7.1,14.4], 57s
  [n40w80_001] n40w80_001 noLS 5/15: PF=500, cost=[6535,10773], sat=[2.0,6.4], 94s
  [n80w80_005] n80w80_005 HMOA 7/15: PF=500, cost=[6524,10395], sat=[14.9,28.0], 288s
  [n20w80_002] n20w80_002 noLS 4/15: PF=500, cost=[4326,5781], sat=[3.0,7.0], 53s
  [n60w80_003] n60w80_003 HMOA 9/15: PF=500, cost=[6555,16072], sat=[1.8,19.0], 217s
  [n40w80_002] n40w80_002 HMOA 15/15: PF=500, cost=[4369,6987], sat=[10.0,14.0], 118s
  [n20w80_001] n20w80_001 noLS 5/15: PF=500, cost=[4161,9176], sat=[1.0,11.9], 62s
  [n60w80_004] n60w80_004 HMOA 9/15: PF=500, cost=[6916,9839], sat=[7.7,17.7], 152s
  [n20w80_003] n20w80_003 noLS 10/15: PF=500, cost=[4239,6621], sat=[2.0,10.0], 49s
  [n40w80_005] n40w80_005 HMOA 15/15: PF=500, cost=[5380,6960], sat=[8.4,20.6], 128s
  [n40w80_003] n40w80_003 noLS 12/15: PF=500, cost=[5042,6702], sat=[0.0,1.0], 75s
  [n20w80_004] n20w80_004 noLS 5/15: PF=500, cost=[4014,8558], sat=[7.1,13.3], 57s
  [n20w80_005] n20w80_005 noLS 4/15: PF=500, cost=[3896,6140], sat=[1.0,17.0], 70s
  [n80w80_004] n80w80_004 HMOA 8/15: PF=500, cost=[5311,15748], sat=[14.0,29.6], 245s
  [n40w80_004] n40w80_004 noLS 1/15: PF=500, cost=[4968,7216], sat=[1.0,5.0], 93s
  [n20w80_002] n20w80_002 noLS 5/15: PF=500, cost=[4368,7267], sat=[3.0,8.4], 61s
  [n60w80_002] n60w80_002 HMOA 10/15: PF=500, cost=[6396,8015], sat=[3.6,7.9], 160s
  [n40w80_001] n40w80_001 noLS 6/15: PF=500, cost=[6772,9640], sat=[1.0,8.0], 91s
  [n20w80_001] n20w80_001 noLS 6/15: PF=500, cost=[4161,8099], sat=[1.0,13.0], 74s
  [n40w80_002] n40w80_002 noLS 1/15: PF=500, cost=[5639,6448], sat=[2.0,13.0], 88s
  [n20w80_003] n20w80_003 noLS 11/15: PF=500, cost=[4224,8469], sat=[2.0,10.4], 74s
  [n20w80_005] n20w80_005 noLS 5/15: PF=500, cost=[3908,6912], sat=[1.0,16.5], 57s
  [n40w80_003] n40w80_003 noLS 13/15: PF=500, cost=[5102,6626], sat=[0.0,1.0], 65s
  [n40w80_005] n40w80_005 noLS 1/15: PF=500, cost=[5378,7543], sat=[7.4,16.9], 90s
  [n20w80_004] n20w80_004 noLS 6/15: PF=500, cost=[4014,7855], sat=[7.1,11.0], 79s
  [n80w80_003] n80w80_003 HMOA 6/15: PF=500, cost=[6750,12535], sat=[7.5,25.4], 305s
  [n60w80_001] n60w80_001 HMOA 11/15: PF=500, cost=[6646,12817], sat=[8.3,16.0], 241s
  [n40w80_004] n40w80_004 noLS 2/15: PF=500, cost=[5091,7251], sat=[0.8,6.0], 92s
  [n80w80_001] n80w80_001 HMOA 9/15: PF=500, cost=[7148,14280], sat=[4.0,14.7], 335s
  [n20w80_002] n20w80_002 noLS 6/15: PF=500, cost=[4365,7523], sat=[3.0,8.4], 96s
  [n40w80_003] n40w80_003 noLS 14/15: PF=500, cost=[5036,6050], sat=[0.0,1.0], 54s
  [n20w80_001] n20w80_001 noLS 7/15: PF=500, cost=[4161,6744], sat=[1.0,9.9], 76s
  [n20w80_003] n20w80_003 noLS 12/15: PF=500, cost=[4247,5660], sat=[6.0,8.0], 65s
  [n20w80_005] n20w80_005 noLS 6/15: PF=500, cost=[3933,6255], sat=[2.0,14.6], 70s
  [n40w80_001] n40w80_001 noLS 7/15: PF=500, cost=[7182,8868], sat=[3.0,6.0], 94s
  [n60w80_005] n60w80_005 HMOA 7/15: PF=500, cost=[6310,13363], sat=[2.0,22.5], 256s
  [n20w80_004] n20w80_004 noLS 7/15: PF=500, cost=[4114,8321], sat=[7.1,12.0], 63s
  [n60w80_003] n60w80_003 HMOA 10/15: PF=500, cost=[6829,8910], sat=[0.0,18.6], 185s
  [n80w80_002] n80w80_002 HMOA 7/15: PF=500, cost=[8017,16409], sat=[13.6,25.2], 227s
  [n60w80_002] n60w80_002 HMOA 11/15: PF=500, cost=[6307,8970], sat=[3.6,7.6], 131s
  [n20w80_003] n20w80_003 noLS 13/15: PF=500, cost=[4408,7198], sat=[4.0,7.0], 53s
  [n40w80_002] n40w80_002 noLS 2/15: PF=500, cost=[5361,7443], sat=[2.0,12.6], 119s
  [n20w80_001] n20w80_001 noLS 8/15: PF=500, cost=[4161,6210], sat=[1.0,9.0], 57s
  [n80w80_004] n80w80_004 HMOA 9/15: PF=500, cost=[7339,13362], sat=[13.0,23.0], 172s
  [n40w80_003] n40w80_003 noLS 15/15: PF=500, cost=[5078,6061], sat=[0.0,1.0], 66s
  [n40w80_003] DONE n40w80_003: C(H,N)=0.8727, C(N,H)=0.0732
[23:35:15] DONE n40w80_003 (1/20): C(H,N)=0.8727, C(N,H)=0.0732, T(H)=55s, T(N)=66s, elapsed=1816s
  [n20w80_002] n20w80_002 noLS 7/15: PF=500, cost=[4376,7573], sat=[3.5,6.5], 68s
  [n40w80_005] n40w80_005 noLS 2/15: PF=500, cost=[5586,7213], sat=[7.6,19.0], 114s
  [n40w80_004] n40w80_004 noLS 3/15: PF=500, cost=[5168,7667], sat=[1.0,6.0], 80s
  [n60w80_004] n60w80_004 HMOA 10/15: PF=500, cost=[6709,8193], sat=[6.9,14.0], 222s
  [n20w80_005] n20w80_005 noLS 7/15: PF=500, cost=[3885,6001], sat=[1.0,14.0], 75s
  [n40w80_001] n40w80_001 noLS 8/15: PF=500, cost=[7024,9084], sat=[1.0,7.0], 70s
  [n80w80_005] n80w80_005 HMOA 8/15: PF=500, cost=[7886,10974], sat=[6.3,22.8], 248s
  [n20w80_004] n20w80_004 noLS 8/15: PF=500, cost=[4014,5457], sat=[7.1,10.9], 76s
  [n20w80_003] n20w80_003 noLS 14/15: PF=500, cost=[4400,6994], sat=[4.0,8.0], 57s
  [n20w80_001] n20w80_001 noLS 9/15: PF=500, cost=[4174,6350], sat=[1.0,12.0], 69s
  [n20w80_002] n20w80_002 noLS 8/15: PF=500, cost=[4328,6864], sat=[3.0,7.4], 77s
  [n40w80_004] n40w80_004 noLS 4/15: PF=500, cost=[5076,9089], sat=[0.0,6.0], 73s
  [n20w80_005] n20w80_005 noLS 8/15: PF=500, cost=[3919,6239], sat=[1.0,12.6], 59s
  [n60w80_001] n60w80_001 HMOA 12/15: PF=500, cost=[6297,11595], sat=[9.0,16.0], 164s
  [n40w80_001] n40w80_001 noLS 9/15: PF=500, cost=[6932,9076], sat=[2.0,7.0], 62s
  [n20w80_004] n20w80_004 noLS 9/15: PF=500, cost=[4047,5400], sat=[7.1,10.9], 57s
  [n80w80_003] n80w80_003 HMOA 7/15: PF=500, cost=[7047,8188], sat=[13.1,20.1], 180s
  [n40w80_002] n40w80_002 noLS 3/15: PF=500, cost=[5174,7942], sat=[6.3,14.5], 110s
  [n20w80_003] n20w80_003 noLS 15/15: PF=500, cost=[4400,5930], sat=[1.0,7.0], 55s
  [n20w80_003] DONE n20w80_003: C(H,N)=0.7925, C(N,H)=0.1304
[23:37:02] DONE n20w80_003 (2/20): C(H,N)=0.7925, C(N,H)=0.1304, T(H)=70s, T(N)=58s, elapsed=1922s
  [n40w80_005] n40w80_005 noLS 3/15: PF=500, cost=[5437,12085], sat=[7.4,23.0], 103s
  [n60w80_003] n60w80_003 HMOA 11/15: PF=500, cost=[6727,9734], sat=[2.0,20.8], 153s
  [n20w80_001] n20w80_001 noLS 10/15: PF=500, cost=[4191,6874], sat=[1.0,13.0], 56s
  [n60w80_002] n60w80_002 HMOA 12/15: PF=500, cost=[6314,6962], sat=[3.6,7.0], 137s
  [n80w80_004] n80w80_004 HMOA 10/15: PF=500, cost=[6566,10241], sat=[15.0,43.3], 127s
  [n20w80_005] n20w80_005 noLS 9/15: PF=500, cost=[3940,6098], sat=[1.0,13.5], 57s
  [n40w80_004] n40w80_004 noLS 5/15: PF=500, cost=[5031,5993], sat=[1.0,4.0], 68s
  [n20w80_002] n20w80_002 noLS 9/15: PF=500, cost=[4407,7266], sat=[3.0,8.4], 81s
  [n40w80_001] n40w80_001 noLS 10/15: PF=500, cost=[7594,13896], sat=[1.0,8.8], 75s
  [n20w80_004] n20w80_004 noLS 10/15: PF=500, cost=[4014,8284], sat=[7.1,12.0], 77s
  [n20w80_001] n20w80_001 noLS 11/15: PF=500, cost=[4385,7860], sat=[2.0,15.8], 57s
  [n40w80_005] n40w80_005 noLS 4/15: PF=500, cost=[5533,9363], sat=[10.2,17.1], 81s
  [n20w80_005] n20w80_005 noLS 10/15: PF=500, cost=[3937,7083], sat=[1.0,13.3], 56s
  [n40w80_002] n40w80_002 noLS 4/15: PF=500, cost=[5269,7495], sat=[6.0,14.0], 93s
  [n80w80_001] n80w80_001 HMOA 10/15: PF=500, cost=[7195,14848], sat=[4.0,12.0], 273s
  [n60w80_001] n60w80_001 HMOA 13/15: PF=500, cost=[6510,8633], sat=[11.5,12.9], 120s
  [n60w80_004] n60w80_004 HMOA 11/15: PF=500, cost=[7115,12969], sat=[5.4,17.0], 194s
  [n80w80_005] n80w80_005 HMOA 9/15: PF=500, cost=[7958,10556], sat=[19.4,28.0], 188s
  [n40w80_004] n40w80_004 noLS 6/15: PF=500, cost=[5173,5941], sat=[1.0,4.0], 68s
  [n80w80_002] n80w80_002 HMOA 8/15: PF=500, cost=[8448,11251], sat=[9.1,21.0], 241s
  [n20w80_004] n20w80_004 noLS 11/15: PF=500, cost=[4014,5457], sat=[7.1,10.9], 55s
  [n20w80_002] n20w80_002 noLS 10/15: PF=500, cost=[4299,6928], sat=[3.0,7.2], 68s
  [n40w80_001] n40w80_001 noLS 11/15: PF=500, cost=[6844,10995], sat=[5.0,8.0], 81s
  [n20w80_001] n20w80_001 noLS 12/15: PF=500, cost=[4191,8233], sat=[1.0,11.9], 67s
  [n20w80_005] n20w80_005 noLS 11/15: PF=500, cost=[3909,6163], sat=[1.0,17.0], 57s
  [n60w80_005] n60w80_005 HMOA 8/15: PF=500, cost=[5996,13071], sat=[5.0,22.0], 298s
  [n40w80_002] n40w80_002 noLS 5/15: PF=500, cost=[5358,6484], sat=[4.3,11.0], 78s
  [n60w80_002] n60w80_002 HMOA 13/15: PF=500, cost=[6429,7554], sat=[2.6,7.3], 162s
  [n20w80_004] n20w80_004 noLS 12/15: PF=500, cost=[4014,5874], sat=[7.1,10.9], 59s
  [n40w80_005] n40w80_005 noLS 5/15: PF=500, cost=[5574,7879], sat=[6.8,18.6], 105s
  [n40w80_004] n40w80_004 noLS 7/15: PF=500, cost=[4832,7101], sat=[1.0,6.0], 83s
  [n20w80_002] n20w80_002 noLS 11/15: PF=500, cost=[4289,8205], sat=[3.0,9.6], 72s
  [n80w80_003] n80w80_003 HMOA 8/15: PF=500, cost=[7258,17610], sat=[11.0,25.0], 206s
  [n20w80_001] n20w80_001 noLS 13/15: PF=500, cost=[4161,9043], sat=[1.0,15.0], 62s
  [n20w80_005] n20w80_005 noLS 12/15: PF=500, cost=[3909,6992], sat=[1.0,14.0], 55s
  [n80w80_005] n80w80_005 HMOA 10/15: PF=500, cost=[7898,8359], sat=[24.7,28.0], 105s
  [n40w80_001] n40w80_001 noLS 12/15: PF=500, cost=[7191,8215], sat=[1.0,5.0], 83s
  [n60w80_003] n60w80_003 HMOA 12/15: PF=500, cost=[6623,12174], sat=[1.0,21.3], 209s
  [n80w80_004] n80w80_004 HMOA 11/15: PF=433, cost=[6332,12054], sat=[16.0,33.4], 202s
  [n20w80_004] n20w80_004 noLS 13/15: PF=500, cost=[4014,7883], sat=[7.1,11.9], 73s
  [n60w80_004] n60w80_004 HMOA 12/15: PF=500, cost=[6940,9166], sat=[7.9,14.2], 149s
  [n40w80_002] n40w80_002 noLS 6/15: PF=500, cost=[5211,6824], sat=[7.0,13.0], 86s
  [n20w80_005] n20w80_005 noLS 13/15: PF=500, cost=[3885,6383], sat=[1.0,14.0], 61s
  [n20w80_001] n20w80_001 noLS 14/15: PF=500, cost=[4393,8726], sat=[5.9,14.4], 67s
  [n40w80_004] n40w80_004 noLS 8/15: PF=500, cost=[5225,9846], sat=[1.0,6.0], 76s
  [n20w80_002] n20w80_002 noLS 12/15: PF=500, cost=[4368,7674], sat=[3.0,8.3], 76s
  [n40w80_005] n40w80_005 noLS 6/15: PF=500, cost=[5490,10674], sat=[6.6,20.0], 103s
  [n40w80_001] n40w80_001 noLS 13/15: PF=500, cost=[6989,9522], sat=[1.0,5.0], 76s
  [n60w80_001] n60w80_001 HMOA 14/15: PF=500, cost=[6299,16976], sat=[10.0,17.8], 196s
  [n80w80_001] n80w80_001 HMOA 11/15: PF=500, cost=[7591,14374], sat=[4.0,13.9], 222s
  [n20w80_005] n20w80_005 noLS 14/15: PF=500, cost=[3887,6840], sat=[1.0,16.4], 63s
  [n20w80_004] n20w80_004 noLS 14/15: PF=500, cost=[4014,7750], sat=[7.1,13.9], 71s
  [n20w80_002] n20w80_002 noLS 13/15: PF=500, cost=[4404,7234], sat=[3.0,8.4], 61s
  [n60w80_002] n60w80_002 HMOA 14/15: PF=500, cost=[6535,7342], sat=[3.6,6.9], 155s
  [n20w80_001] n20w80_001 noLS 15/15: PF=500, cost=[4161,7092], sat=[1.0,13.0], 68s
  [n20w80_001] DONE n20w80_001: C(H,N)=0.9869, C(N,H)=0.0067
[23:42:36] DONE n20w80_001 (3/20): C(H,N)=0.9869, C(N,H)=0.0067, T(H)=84s, T(N)=66s, elapsed=2256s
  [n40w80_004] n40w80_004 noLS 9/15: PF=500, cost=[5033,6474], sat=[1.6,5.0], 69s
  [n40w80_002] n40w80_002 noLS 7/15: PF=500, cost=[5274,6899], sat=[5.5,14.0], 99s
  [n80w80_003] n80w80_003 HMOA 9/15: PF=500, cost=[6770,10763], sat=[10.0,25.6], 166s
  [n80w80_005] n80w80_005 HMOA 11/15: PF=500, cost=[6600,9588], sat=[17.6,24.8], 155s
  [n40w80_005] n40w80_005 noLS 7/15: PF=500, cost=[5588,9928], sat=[8.9,19.7], 79s
  [n40w80_001] n40w80_001 noLS 14/15: PF=500, cost=[6683,9027], sat=[1.0,6.3], 79s
  [n20w80_004] n20w80_004 noLS 15/15: PF=500, cost=[4114,8227], sat=[7.1,12.0], 59s
  [n20w80_004] DONE n20w80_004: C(H,N)=0.9949, C(N,H)=0.0011
[23:43:25] DONE n20w80_004 (4/20): C(H,N)=0.9949, C(N,H)=0.0011, T(H)=88s, T(N)=65s, elapsed=2305s
  [n60w80_003] n60w80_003 HMOA 13/15: PF=500, cost=[6503,11153], sat=[0.8,15.3], 166s
  [n20w80_002] n20w80_002 noLS 14/15: PF=500, cost=[4424,7407], sat=[2.0,7.6], 56s
  [n20w80_005] n20w80_005 noLS 15/15: PF=500, cost=[3931,6800], sat=[1.0,16.4], 63s
  [n20w80_005] DONE n20w80_005: C(H,N)=0.4593, C(N,H)=0.4684
[23:43:28] DONE n20w80_005 (5/20): C(H,N)=0.4593, C(N,H)=0.4684, T(H)=91s, T(N)=63s, elapsed=2308s
  [n60w80_005] n60w80_005 HMOA 9/15: PF=500, cost=[6293,15294], sat=[1.0,31.2], 239s
  [n60w80_004] n60w80_004 HMOA 13/15: PF=500, cost=[6984,8118], sat=[9.0,15.7], 146s
  [n80w80_002] n80w80_002 HMOA 9/15: PF=500, cost=[8177,13589], sat=[3.7,24.0], 298s
  [n80w80_004] n80w80_004 HMOA 12/15: PF=500, cost=[5327,12756], sat=[10.0,27.0], 189s
  [n40w80_004] n40w80_004 noLS 10/15: PF=500, cost=[5112,6667], sat=[0.0,6.0], 73s
  [n40w80_002] n40w80_002 noLS 8/15: PF=500, cost=[5236,6581], sat=[5.1,12.0], 81s
  [n40w80_001] n40w80_001 noLS 15/15: PF=500, cost=[7094,10849], sat=[5.0,8.0], 69s
  [n40w80_001] DONE n40w80_001: C(H,N)=0.8087, C(N,H)=0.0123
[23:44:22] DONE n40w80_001 (6/20): C(H,N)=0.8087, C(N,H)=0.0123, T(H)=78s, T(N)=80s, elapsed=2363s
  [n20w80_002] n20w80_002 noLS 15/15: PF=500, cost=[4365,7667], sat=[3.0,6.8], 60s
  [n20w80_002] DONE n20w80_002: C(H,N)=0.9955, C(N,H)=0.0005
[23:44:27] DONE n20w80_002 (7/20): C(H,N)=0.9955, C(N,H)=0.0005, T(H)=89s, T(N)=68s, elapsed=2368s
  [n80w80_003] n80w80_003 HMOA 10/15: PF=455, cost=[6809,7258], sat=[17.8,22.8], 88s
  [n40w80_005] n40w80_005 noLS 8/15: PF=500, cost=[5521,12617], sat=[9.6,20.0], 80s
  [n60w80_001] n60w80_001 HMOA 15/15: PF=500, cost=[6187,10933], sat=[9.0,20.0], 160s
  [n60w80_002] n60w80_002 HMOA 15/15: PF=500, cost=[6376,9319], sat=[3.6,8.0], 137s
  [n40w80_004] n40w80_004 noLS 11/15: PF=500, cost=[5047,6111], sat=[0.0,4.0], 67s
  [n40w80_002] n40w80_002 noLS 9/15: PF=500, cost=[5469,7678], sat=[7.1,12.7], 69s
  [n80w80_001] n80w80_001 HMOA 12/15: PF=500, cost=[7314,13143], sat=[4.0,13.3], 189s
  [n80w80_005] n80w80_005 HMOA 12/15: PF=500, cost=[8206,14201], sat=[7.0,19.2], 144s
  [n40w80_005] n40w80_005 noLS 9/15: PF=500, cost=[5355,6887], sat=[6.4,18.0], 72s
  [n60w80_003] n60w80_003 HMOA 14/15: PF=500, cost=[6435,14519], sat=[0.0,18.0], 138s
  [n60w80_004] n60w80_004 HMOA 14/15: PF=500, cost=[6790,10353], sat=[5.8,15.0], 140s
  [n40w80_004] n40w80_004 noLS 12/15: PF=500, cost=[5089,7400], sat=[1.0,9.0], 68s
  [n60w80_001] n60w80_001 noLS 1/15: PF=500, cost=[6624,12616], sat=[5.0,17.0], 93s
  [n60w80_002] n60w80_002 noLS 1/15: PF=500, cost=[6414,7172], sat=[3.6,6.8], 83s
  [n40w80_002] n40w80_002 noLS 10/15: PF=500, cost=[5202,9937], sat=[7.0,14.2], 64s
  [n40w80_005] n40w80_005 noLS 10/15: PF=500, cost=[5426,9702], sat=[8.6,18.6], 73s
  [n40w80_004] n40w80_004 noLS 13/15: PF=500, cost=[5165,6164], sat=[0.0,4.0], 64s
  [n60w80_001] n60w80_001 noLS 2/15: PF=500, cost=[6642,13639], sat=[9.0,16.0], 82s
  [n60w80_005] n60w80_005 HMOA 10/15: PF=500, cost=[6040,16335], sat=[5.0,25.3], 244s
  [n40w80_002] n40w80_002 noLS 11/15: PF=500, cost=[5424,7847], sat=[7.1,14.0], 69s
  [n60w80_002] n60w80_002 noLS 2/15: PF=500, cost=[6358,7238], sat=[1.6,6.6], 85s
  [n80w80_003] n80w80_003 HMOA 11/15: PF=500, cost=[7320,10971], sat=[12.3,26.0], 195s
  [n60w80_004] n60w80_004 HMOA 15/15: PF=500, cost=[6777,9198], sat=[6.6,14.0], 121s
  [n80w80_002] n80w80_002 HMOA 10/15: PF=500, cost=[7512,13832], sat=[4.8,19.0], 256s
  [n80w80_001] n80w80_001 HMOA 13/15: PF=500, cost=[7598,13579], sat=[4.0,19.0], 158s
  [n40w80_004] n40w80_004 noLS 14/15: PF=500, cost=[5046,6036], sat=[1.0,4.0], 63s
  [n40w80_005] n40w80_005 noLS 11/15: PF=500, cost=[5455,9269], sat=[6.5,20.0], 78s
  [n80w80_005] n80w80_005 HMOA 13/15: PF=500, cost=[8379,13129], sat=[8.0,22.0], 166s
  [n60w80_003] n60w80_003 HMOA 15/15: PF=500, cost=[6827,13122], sat=[0.0,24.4], 155s
  [n40w80_002] n40w80_002 noLS 12/15: PF=500, cost=[5284,6361], sat=[5.8,12.0], 70s
  [n60w80_001] n60w80_001 noLS 3/15: PF=500, cost=[6901,11831], sat=[6.5,12.0], 88s
  [n60w80_002] n60w80_002 noLS 3/15: PF=500, cost=[6407,8078], sat=[3.6,6.9], 84s
  [n40w80_004] n40w80_004 noLS 15/15: PF=500, cost=[5178,7207], sat=[1.0,8.0], 67s
  [n40w80_004] DONE n40w80_004: C(H,N)=0.9248, C(N,H)=0.0869
  [n80w80_004] n80w80_004 HMOA 13/15: PF=500, cost=[6998,22314], sat=[19.0,32.8], 332s
[23:49:23] DONE n40w80_004 (8/20): C(H,N)=0.9248, C(N,H)=0.0869, T(H)=104s, T(N)=74s, elapsed=2663s
  [n40w80_005] n40w80_005 noLS 12/15: PF=500, cost=[5551,6781], sat=[10.4,17.7], 73s
  [n60w80_004] n60w80_004 noLS 1/15: PF=500, cost=[7004,9842], sat=[2.0,13.0], 88s
  [n60w80_003] n60w80_003 noLS 1/15: PF=500, cost=[6823,8360], sat=[0.0,16.0], 81s
  [n40w80_002] n40w80_002 noLS 13/15: PF=500, cost=[5254,8718], sat=[7.0,15.0], 62s
  [n80w80_001] n80w80_001 HMOA 14/15: PF=500, cost=[7424,11822], sat=[3.0,13.0], 134s
  [n60w80_001] n60w80_001 noLS 4/15: PF=500, cost=[6745,10257], sat=[5.5,13.0], 84s
  [n60w80_002] n60w80_002 noLS 4/15: PF=500, cost=[6434,8367], sat=[1.6,6.7], 81s
  [n40w80_005] n40w80_005 noLS 13/15: PF=500, cost=[5457,11313], sat=[8.6,19.1], 71s
  [n60w80_004] n60w80_004 noLS 2/15: PF=500, cost=[7069,9082], sat=[2.0,14.0], 80s
  [n80w80_004] n80w80_004 HMOA 14/15: PF=165, cost=[5455,8737], sat=[28.2,36.2], 87s
  [n40w80_002] n40w80_002 noLS 14/15: PF=500, cost=[5378,7034], sat=[5.4,16.0], 65s
  [n60w80_003] n60w80_003 noLS 2/15: PF=500, cost=[6852,12712], sat=[0.0,22.0], 84s
  [n80w80_005] n80w80_005 HMOA 14/15: PF=500, cost=[6142,11814], sat=[6.8,23.4], 172s
  [n80w80_003] n80w80_003 HMOA 12/15: PF=500, cost=[7009,15400], sat=[13.7,25.8], 213s
  [n60w80_005] n60w80_005 HMOA 11/15: PF=500, cost=[5955,18129], sat=[5.0,22.3], 230s
  [n60w80_002] n60w80_002 noLS 5/15: PF=500, cost=[6339,8172], sat=[2.6,7.0], 79s
  [n60w80_001] n60w80_001 noLS 5/15: PF=500, cost=[6644,10706], sat=[5.0,15.4], 86s
  [n40w80_005] n40w80_005 noLS 14/15: PF=500, cost=[5599,7290], sat=[8.8,18.6], 71s
  [n40w80_002] n40w80_002 noLS 15/15: PF=500, cost=[5375,8969], sat=[5.4,13.1], 69s
  [n40w80_002] DONE n40w80_002: C(H,N)=0.8051, C(N,H)=0.0940
[23:52:04] DONE n40w80_002 (9/20): C(H,N)=0.8051, C(N,H)=0.0940, T(H)=107s, T(N)=81s, elapsed=2824s
  [n60w80_004] n60w80_004 noLS 3/15: PF=500, cost=[7109,12389], sat=[1.0,14.1], 84s
  [n60w80_003] n60w80_003 noLS 3/15: PF=500, cost=[7072,9901], sat=[0.0,13.6], 78s
  [n80w80_002] n80w80_002 HMOA 11/15: PF=500, cost=[7469,17476], sat=[4.0,26.8], 272s
  [n40w80_005] n40w80_005 noLS 15/15: PF=500, cost=[5494,8147], sat=[11.4,19.0], 65s
  [n40w80_005] DONE n40w80_005: C(H,N)=0.8081, C(N,H)=0.0255
[23:52:56] DONE n40w80_005 (10/20): C(H,N)=0.8081, C(N,H)=0.0255, T(H)=108s, T(N)=84s, elapsed=2876s
  [n60w80_002] n60w80_002 noLS 6/15: PF=500, cost=[6701,11916], sat=[3.6,8.0], 78s
  [n80w80_004] n80w80_004 HMOA 15/15: PF=500, cost=[6914,8817], sat=[20.6,25.0], 132s
  [n60w80_001] n60w80_001 noLS 6/15: PF=500, cost=[6558,13145], sat=[8.0,16.0], 77s
  [n60w80_004] n60w80_004 noLS 4/15: PF=500, cost=[7015,8844], sat=[1.0,15.0], 78s
  [n60w80_003] n60w80_003 noLS 4/15: PF=500, cost=[6852,12479], sat=[0.0,16.0], 74s
  [n80w80_005] n80w80_005 HMOA 15/15: PF=500, cost=[7588,10370], sat=[8.3,25.0], 153s
  [n80w80_003] n80w80_003 HMOA 13/15: PF=500, cost=[7088,10313], sat=[8.1,26.4], 168s
  [n60w80_005] n60w80_005 HMOA 12/15: PF=500, cost=[6094,15004], sat=[5.0,21.3], 168s
  [n60w80_002] n60w80_002 noLS 7/15: PF=500, cost=[6391,8225], sat=[2.7,7.7], 73s
  [n80w80_004] n80w80_004 noLS 1/15: PF=500, cost=[7396,14816], sat=[18.0,31.0], 83s
  [n60w80_001] n60w80_001 noLS 7/15: PF=500, cost=[6583,14813], sat=[5.7,18.5], 81s
  [n80w80_001] n80w80_001 HMOA 15/15: PF=500, cost=[7214,14896], sat=[4.0,16.0], 264s
  [n60w80_004] n60w80_004 noLS 5/15: PF=500, cost=[7028,14201], sat=[2.7,17.1], 78s
  [n60w80_003] n60w80_003 noLS 5/15: PF=500, cost=[7275,11883], sat=[2.9,19.3], 78s
  [n80w80_005] n80w80_005 noLS 1/15: PF=500, cost=[8786,15313], sat=[6.2,18.4], 91s
  [n60w80_002] n60w80_002 noLS 8/15: PF=500, cost=[6431,11351], sat=[2.6,8.6], 71s
  [n60w80_001] n60w80_001 noLS 8/15: PF=500, cost=[6978,13542], sat=[9.0,14.7], 68s
  [n80w80_004] n80w80_004 noLS 2/15: PF=500, cost=[7618,16532], sat=[7.4,25.0], 95s
  [n60w80_004] n60w80_004 noLS 6/15: PF=500, cost=[7120,10245], sat=[4.0,13.2], 75s
  [n60w80_003] n60w80_003 noLS 6/15: PF=500, cost=[6874,10741], sat=[0.0,17.0], 71s
  [n80w80_001] n80w80_001 noLS 1/15: PF=500, cost=[7498,13386], sat=[2.0,14.0], 83s
  [n80w80_002] n80w80_002 HMOA 12/15: PF=500, cost=[7145,15239], sat=[6.0,22.2], 225s
  [n60w80_005] n60w80_005 HMOA 13/15: PF=500, cost=[6653,9095], sat=[2.2,23.0], 133s
  [n60w80_002] n60w80_002 noLS 9/15: PF=500, cost=[6565,10722], sat=[1.6,7.0], 75s
  [n80w80_005] n80w80_005 noLS 2/15: PF=500, cost=[8187,13515], sat=[8.8,26.5], 93s
  [n60w80_001] n60w80_001 noLS 9/15: PF=500, cost=[6862,10863], sat=[4.7,18.4], 75s
  [n60w80_003] n60w80_003 noLS 7/15: PF=500, cost=[6827,9008], sat=[0.0,16.2], 67s
  [n60w80_004] n60w80_004 noLS 7/15: PF=500, cost=[7086,11850], sat=[3.0,14.0], 75s
  [n80w80_001] n80w80_001 noLS 2/15: PF=500, cost=[7979,18020], sat=[2.0,10.5], 85s
  [n80w80_004] n80w80_004 noLS 3/15: PF=500, cost=[7766,15565], sat=[9.0,37.7], 95s
  [n80w80_003] n80w80_003 HMOA 14/15: PF=500, cost=[6988,14807], sat=[4.0,24.3], 215s
  [n60w80_002] n60w80_002 noLS 10/15: PF=500, cost=[6488,7945], sat=[2.7,7.7], 69s
  [n60w80_001] n60w80_001 noLS 10/15: PF=500, cost=[6606,9679], sat=[2.0,12.1], 71s
  [n80w80_005] n80w80_005 noLS 3/15: PF=500, cost=[8169,11662], sat=[7.1,17.6], 88s
  [n60w80_003] n60w80_003 noLS 8/15: PF=500, cost=[6905,8442], sat=[0.0,14.6], 70s
  [n60w80_004] n60w80_004 noLS 8/15: PF=500, cost=[7030,21091], sat=[1.7,13.0], 76s
  [n80w80_001] n80w80_001 noLS 3/15: PF=500, cost=[7534,10753], sat=[5.0,11.8], 77s
  [n60w80_002] n60w80_002 noLS 11/15: PF=500, cost=[6430,8960], sat=[2.6,9.0], 71s
  [n80w80_004] n80w80_004 noLS 4/15: PF=500, cost=[7643,15661], sat=[4.0,27.8], 88s
  [n60w80_001] n60w80_001 noLS 11/15: PF=500, cost=[6812,13242], sat=[3.0,19.0], 74s
  [n60w80_005] n60w80_005 HMOA 14/15: PF=500, cost=[6304,16552], sat=[1.0,20.9], 175s
  [n60w80_003] n60w80_003 noLS 9/15: PF=500, cost=[6996,8519], sat=[0.0,14.0], 71s
  [n80w80_002] n80w80_002 HMOA 13/15: PF=500, cost=[7799,15751], sat=[2.0,26.2], 193s
  [n80w80_005] n80w80_005 noLS 4/15: PF=500, cost=[8865,11944], sat=[4.0,19.9], 89s
  [n60w80_004] n60w80_004 noLS 9/15: PF=500, cost=[7058,10943], sat=[2.7,18.8], 80s
  [n80w80_003] n80w80_003 HMOA 15/15: PF=500, cost=[7010,9084], sat=[5.9,28.6], 145s
  [n60w80_002] n60w80_002 noLS 12/15: PF=500, cost=[6386,7419], sat=[3.6,8.0], 67s
  [n80w80_001] n80w80_001 noLS 4/15: PF=500, cost=[7319,11619], sat=[2.0,10.1], 81s
  [n80w80_004] n80w80_004 noLS 5/15: PF=500, cost=[7158,11047], sat=[21.0,28.0], 83s
  [n60w80_001] n60w80_001 noLS 12/15: PF=500, cost=[6656,13473], sat=[5.7,16.0], 76s
  [n60w80_003] n60w80_003 noLS 10/15: PF=500, cost=[6807,11215], sat=[0.0,14.6], 70s
  [n60w80_004] n60w80_004 noLS 10/15: PF=500, cost=[7094,11220], sat=[3.7,12.8], 75s
  [n60w80_002] n60w80_002 noLS 13/15: PF=500, cost=[6518,7120], sat=[2.6,5.9], 67s
  [n80w80_005] n80w80_005 noLS 5/15: PF=500, cost=[8511,14175], sat=[5.0,30.0], 98s
  [n80w80_001] n80w80_001 noLS 5/15: PF=500, cost=[7945,15927], sat=[3.0,12.4], 87s
  [n80w80_003] n80w80_003 noLS 1/15: PF=500, cost=[7593,11316], sat=[6.0,20.6], 92s
  [n60w80_001] n60w80_001 noLS 13/15: PF=500, cost=[6831,12014], sat=[4.0,15.2], 74s
  [n60w80_003] n60w80_003 noLS 11/15: PF=500, cost=[6953,12150], sat=[0.0,18.6], 73s
  [n80w80_004] n80w80_004 noLS 6/15: PF=500, cost=[7690,15520], sat=[6.0,33.0], 94s
  [n80w80_002] n80w80_002 HMOA 14/15: PF=500, cost=[7763,11995], sat=[10.3,20.8], 163s
  [n60w80_004] n60w80_004 noLS 11/15: PF=500, cost=[6882,13566], sat=[1.0,13.9], 76s
  [n60w80_002] n60w80_002 noLS 14/15: PF=500, cost=[6420,7960], sat=[3.6,7.8], 73s
  [n60w80_001] n60w80_001 noLS 14/15: PF=500, cost=[6643,11836], sat=[3.0,13.7], 72s
  [n80w80_001] n80w80_001 noLS 6/15: PF=500, cost=[7505,16033], sat=[2.0,11.0], 81s
  [n80w80_005] n80w80_005 noLS 6/15: PF=500, cost=[8838,13806], sat=[4.0,22.2], 96s
  [n80w80_003] n80w80_003 noLS 2/15: PF=500, cost=[7687,11467], sat=[9.5,22.0], 88s
  [n60w80_003] n60w80_003 noLS 12/15: PF=500, cost=[7073,8763], sat=[0.0,14.1], 71s
  [n60w80_005] n60w80_005 HMOA 15/15: PF=500, cost=[6528,15914], sat=[2.0,21.6], 245s
  [n80w80_004] n80w80_004 noLS 7/15: PF=500, cost=[6863,14708], sat=[1.0,30.9], 93s
  [n60w80_002] n60w80_002 noLS 15/15: PF=500, cost=[6389,8769], sat=[1.6,7.6], 70s
  [n60w80_002] DONE n60w80_002: C(H,N)=0.7180, C(N,H)=0.2579
[00:03:38] DONE n60w80_002 (11/20): C(H,N)=0.7180, C(N,H)=0.2579, T(H)=159s, T(N)=75s, elapsed=3518s
  [n60w80_004] n60w80_004 noLS 12/15: PF=500, cost=[7129,11002], sat=[1.0,16.0], 76s
  [n80w80_002] n80w80_002 HMOA 15/15: PF=500, cost=[8323,9542], sat=[16.2,23.4], 108s
  [n60w80_001] n60w80_001 noLS 15/15: PF=500, cost=[6754,14472], sat=[4.0,17.4], 76s
  [n60w80_001] DONE n60w80_001: C(H,N)=0.9853, C(N,H)=0.0016
[00:04:13] DONE n60w80_001 (12/20): C(H,N)=0.9853, C(N,H)=0.0016, T(H)=158s, T(N)=78s, elapsed=3553s
  [n60w80_003] n60w80_003 noLS 13/15: PF=500, cost=[7089,11752], sat=[0.0,17.9], 68s
  [n80w80_001] n80w80_001 noLS 7/15: PF=500, cost=[7758,13449], sat=[2.0,12.9], 85s
  [n80w80_005] n80w80_005 noLS 7/15: PF=500, cost=[8400,12450], sat=[6.9,16.9], 86s
  [n80w80_003] n80w80_003 noLS 3/15: PF=500, cost=[7682,13383], sat=[1.0,21.5], 84s
  [n60w80_005] n60w80_005 noLS 1/15: PF=500, cost=[6565,12729], sat=[2.5,21.0], 69s
  [n80w80_004] n80w80_004 noLS 8/15: PF=500, cost=[7445,9030], sat=[10.0,20.0], 72s
  [n60w80_004] n60w80_004 noLS 13/15: PF=500, cost=[7019,10750], sat=[2.0,13.0], 65s
  [n60w80_003] n60w80_003 noLS 14/15: PF=500, cost=[7369,10416], sat=[7.0,16.7], 62s
  [n80w80_002] n80w80_002 noLS 1/15: PF=500, cost=[8669,13383], sat=[5.0,17.9], 74s
  [n80w80_001] n80w80_001 noLS 8/15: PF=500, cost=[7717,13418], sat=[3.0,13.0], 74s
  [n60w80_005] n60w80_005 noLS 2/15: PF=500, cost=[6459,14900], sat=[3.0,23.5], 70s
  [n80w80_005] n80w80_005 noLS 8/15: PF=500, cost=[7837,12697], sat=[4.2,19.8], 81s
  [n80w80_003] n80w80_003 noLS 4/15: PF=500, cost=[7229,14627], sat=[8.6,28.7], 83s
  [n60w80_004] n60w80_004 noLS 14/15: PF=500, cost=[7179,12625], sat=[5.6,16.0], 67s
  [n80w80_004] n80w80_004 noLS 9/15: PF=500, cost=[7062,11133], sat=[16.0,27.4], 74s
  [n60w80_003] n60w80_003 noLS 15/15: PF=500, cost=[7034,10029], sat=[0.0,14.0], 59s
  [n60w80_003] DONE n60w80_003: C(H,N)=0.7485, C(N,H)=0.1160
[00:06:16] DONE n60w80_003 (13/20): C(H,N)=0.7485, C(N,H)=0.1160, T(H)=173s, T(N)=72s, elapsed=3676s
  [n80w80_002] n80w80_002 noLS 2/15: PF=500, cost=[8672,11794], sat=[7.0,18.0], 70s
  [n60w80_005] n60w80_005 noLS 3/15: PF=500, cost=[6143,14911], sat=[0.0,22.0], 64s
  [n80w80_001] n80w80_001 noLS 9/15: PF=500, cost=[7607,12901], sat=[2.0,14.0], 77s
  [n60w80_004] n60w80_004 noLS 15/15: PF=500, cost=[6951,10761], sat=[1.6,16.8], 67s
  [n60w80_004] DONE n60w80_004: C(H,N)=0.8677, C(N,H)=0.0029
[00:07:01] DONE n60w80_004 (14/20): C(H,N)=0.8677, C(N,H)=0.0029, T(H)=172s, T(N)=76s, elapsed=3722s
  [n80w80_005] n80w80_005 noLS 9/15: PF=500, cost=[8224,13150], sat=[4.4,24.2], 77s
  [n80w80_003] n80w80_003 noLS 5/15: PF=500, cost=[7279,13388], sat=[2.0,24.0], 78s
  [n80w80_004] n80w80_004 noLS 10/15: PF=500, cost=[7429,14768], sat=[15.6,33.8], 79s
  [n80w80_002] n80w80_002 noLS 3/15: PF=500, cost=[8525,18751], sat=[1.0,22.8], 78s
  [n60w80_005] n60w80_005 noLS 4/15: PF=500, cost=[6442,12147], sat=[3.1,18.8], 62s
  [n80w80_001] n80w80_001 noLS 10/15: PF=500, cost=[7702,12061], sat=[3.0,12.0], 65s
  [n80w80_003] n80w80_003 noLS 6/15: PF=500, cost=[7586,14149], sat=[7.0,23.0], 68s
  [n80w80_005] n80w80_005 noLS 10/15: PF=500, cost=[8937,15403], sat=[0.3,17.8], 79s
  [n80w80_004] n80w80_004 noLS 11/15: PF=500, cost=[7390,13655], sat=[8.0,23.6], 73s
  [n60w80_005] n60w80_005 noLS 5/15: PF=500, cost=[6309,13256], sat=[2.0,25.0], 59s
  [n80w80_002] n80w80_002 noLS 4/15: PF=500, cost=[8389,13329], sat=[2.5,23.4], 75s
  [n80w80_001] n80w80_001 noLS 11/15: PF=500, cost=[7520,14692], sat=[3.0,14.0], 67s
  [n80w80_003] n80w80_003 noLS 7/15: PF=500, cost=[6859,11126], sat=[7.0,18.8], 69s
  [n80w80_005] n80w80_005 noLS 11/15: PF=500, cost=[7969,10565], sat=[3.6,23.2], 75s
  [n80w80_004] n80w80_004 noLS 12/15: PF=500, cost=[7238,14342], sat=[16.0,31.3], 74s
  [n60w80_005] n60w80_005 noLS 6/15: PF=500, cost=[6221,14810], sat=[3.4,23.9], 62s
  [n80w80_001] n80w80_001 noLS 12/15: PF=500, cost=[8069,17139], sat=[4.0,14.0], 69s
  [n80w80_002] n80w80_002 noLS 5/15: PF=500, cost=[8425,17804], sat=[1.8,26.4], 74s
  [n80w80_003] n80w80_003 noLS 8/15: PF=500, cost=[7532,9933], sat=[6.6,16.0], 67s
  [n80w80_005] n80w80_005 noLS 12/15: PF=500, cost=[7940,15391], sat=[5.5,22.9], 72s
  [n60w80_005] n60w80_005 noLS 7/15: PF=500, cost=[6485,14716], sat=[3.2,22.0], 61s
  [n80w80_004] n80w80_004 noLS 13/15: PF=500, cost=[7594,13646], sat=[5.0,35.9], 76s
  [n80w80_001] n80w80_001 noLS 13/15: PF=500, cost=[7630,12155], sat=[2.0,11.0], 68s
  [n80w80_002] n80w80_002 noLS 6/15: PF=500, cost=[8486,14846], sat=[1.0,24.0], 74s
  [n80w80_003] n80w80_003 noLS 9/15: PF=500, cost=[7507,13264], sat=[6.0,15.1], 66s
  [n60w80_005] n60w80_005 noLS 8/15: PF=500, cost=[6394,15721], sat=[2.0,22.8], 62s
  [n80w80_005] n80w80_005 noLS 13/15: PF=500, cost=[7572,14255], sat=[8.0,29.7], 80s
  [n80w80_004] n80w80_004 noLS 14/15: PF=500, cost=[7510,12272], sat=[0.4,25.1], 78s
  [n80w80_001] n80w80_001 noLS 14/15: PF=500, cost=[7693,16040], sat=[3.0,13.0], 68s
  [n80w80_002] n80w80_002 noLS 7/15: PF=500, cost=[8545,11202], sat=[4.0,21.8], 70s
  [n60w80_005] n60w80_005 noLS 9/15: PF=500, cost=[6166,14084], sat=[1.0,23.2], 61s
  [n80w80_003] n80w80_003 noLS 10/15: PF=500, cost=[7664,16740], sat=[7.0,22.4], 76s
  [n80w80_004] n80w80_004 noLS 15/15: PF=500, cost=[7004,14283], sat=[4.0,27.3], 68s
  [n80w80_004] DONE n80w80_004: C(H,N)=0.8717, C(N,H)=0.0709
[00:13:27] DONE n80w80_004 (15/20): C(H,N)=0.8717, C(N,H)=0.0709, T(H)=192s, T(N)=82s, elapsed=4107s
  [n80w80_005] n80w80_005 noLS 14/15: PF=500, cost=[8353,13362], sat=[3.0,20.2], 80s
  [n80w80_001] n80w80_001 noLS 15/15: PF=500, cost=[7427,14330], sat=[4.0,17.0], 64s
  [n80w80_001] DONE n80w80_001: C(H,N)=0.8589, C(N,H)=0.1463
[00:13:34] DONE n80w80_001 (16/20): C(H,N)=0.8589, C(N,H)=0.1463, T(H)=199s, T(N)=75s, elapsed=4114s
  [n80w80_002] n80w80_002 noLS 8/15: PF=500, cost=[8585,13749], sat=[2.0,25.1], 70s
  [n60w80_005] n60w80_005 noLS 10/15: PF=500, cost=[6240,13328], sat=[1.0,16.0], 59s
  [n80w80_003] n80w80_003 noLS 11/15: PF=500, cost=[7386,15391], sat=[4.0,21.8], 65s
  [n80w80_005] n80w80_005 noLS 15/15: PF=500, cost=[7874,12281], sat=[1.0,20.0], 63s
  [n80w80_005] DONE n80w80_005: C(H,N)=0.8064, C(N,H)=0.0664
[00:14:32] DONE n80w80_005 (17/20): C(H,N)=0.8064, C(N,H)=0.0664, T(H)=195s, T(N)=83s, elapsed=4172s
  [n60w80_005] n60w80_005 noLS 11/15: PF=500, cost=[6305,13174], sat=[2.0,22.1], 49s
  [n80w80_002] n80w80_002 noLS 9/15: PF=500, cost=[8219,15156], sat=[1.0,20.7], 60s
  [n80w80_003] n80w80_003 noLS 12/15: PF=500, cost=[7533,12325], sat=[2.0,16.4], 59s
  [n60w80_005] n60w80_005 noLS 12/15: PF=500, cost=[6192,12686], sat=[3.0,22.5], 49s
  [n80w80_002] n80w80_002 noLS 10/15: PF=500, cost=[8330,10617], sat=[4.3,17.1], 56s
  [n80w80_003] n80w80_003 noLS 13/15: PF=500, cost=[7682,8881], sat=[10.7,17.0], 55s
  [n60w80_005] n60w80_005 noLS 13/15: PF=500, cost=[6218,12407], sat=[0.0,15.9], 48s
  [n80w80_002] n80w80_002 noLS 11/15: PF=500, cost=[8349,15145], sat=[6.0,19.0], 57s
  [n80w80_003] n80w80_003 noLS 14/15: PF=500, cost=[7458,11293], sat=[4.0,18.0], 57s
  [n60w80_005] n60w80_005 noLS 14/15: PF=500, cost=[6241,10760], sat=[1.0,15.1], 48s
  [n80w80_002] n80w80_002 noLS 12/15: PF=500, cost=[8602,13341], sat=[6.0,16.0], 59s
  [n80w80_003] n80w80_003 noLS 15/15: PF=500, cost=[7535,11651], sat=[6.0,18.4], 55s
  [n80w80_003] DONE n80w80_003: C(H,N)=0.7925, C(N,H)=0.0691
[00:17:50] DONE n80w80_003 (18/20): C(H,N)=0.7925, C(N,H)=0.0691, T(H)=220s, T(N)=71s, elapsed=4370s
  [n60w80_005] n60w80_005 noLS 15/15: PF=500, cost=[6147,12798], sat=[1.0,19.0], 49s
  [n60w80_005] DONE n60w80_005: C(H,N)=0.6573, C(N,H)=0.3264
[00:17:59] DONE n60w80_005 (19/20): C(H,N)=0.6573, C(N,H)=0.3264, T(H)=234s, T(N)=58s, elapsed=4379s
  [n80w80_002] n80w80_002 noLS 13/15: PF=500, cost=[8438,10304], sat=[5.2,17.0], 57s
  [n80w80_002] n80w80_002 noLS 14/15: PF=500, cost=[8556,12973], sat=[2.9,23.0], 57s
  [n80w80_002] n80w80_002 noLS 15/15: PF=500, cost=[8839,17685], sat=[4.0,23.9], 60s
  [n80w80_002] DONE n80w80_002: C(H,N)=0.8235, C(N,H)=0.0296
[00:20:38] DONE n80w80_002 (20/20): C(H,N)=0.8235, C(N,H)=0.0296, T(H)=236s, T(N)=66s, elapsed=4538s

==========================================================================================
  FINAL RESULTS
  Completed: 20  Failed: 0  Time: 4538s (1.3h)
==========================================================================================
Instance       C(H,N)         C(N,H)         W      HV(H)        HV(N)        T(H)     T(N)    
------------------------------------------------------------------------------------------
n20w80_001     0.9869±0.012 0.0067±0.008 HMOA   3.2±2  2.0±1  84s     66s
n20w80_002     0.9955±0.005 0.0005±0.001 HMOA   7.0±9  3.0±1  89s     68s
n20w80_003     0.7925±0.364 0.1304±0.315 HMOA   5.6±7  4.2±4  70s     58s
n20w80_004     0.9949±0.008 0.0011±0.003 HMOA   2.7±2  2.8±2  88s     65s
n20w80_005     0.4593±0.463 0.4684±0.463 noLS   1.4±0  1.3±0  91s     63s
n40w80_001     0.8087±0.381 0.0123±0.044 HMOA   56.0±98  7.0±3  78s     80s
n40w80_002     0.8051±0.384 0.0940±0.256 HMOA   5.3±3  5.0±2  107s     81s
n40w80_003     0.8727±0.202 0.0732±0.230 HMOA   5.6±9  2.8±2  55s     66s
n40w80_004     0.9248±0.245 0.0869±0.244 HMOA   15.4±21  6.3±4  104s     74s
n40w80_005     0.8081±0.361 0.0255±0.089 HMOA   11.3±9  3.9±3  108s     84s
n60w80_001     0.9853±0.021 0.0016±0.004 HMOA   11.0±11  2.9±1  158s     78s
n60w80_002     0.7180±0.426 0.2579±0.421 HMOA   12.3±11  7.3±5  159s     75s
n60w80_003     0.7485±0.409 0.1160±0.292 HMOA   8.8±17  4.6±2  173s     72s
n60w80_004     0.8677±0.308 0.0029±0.007 HMOA   12.5±9  4.5±2  172s     76s
n60w80_005     0.6573±0.435 0.3264±0.417 HMOA   2.0±1  1.8±0  234s     58s
n80w80_001     0.8589±0.322 0.1463±0.296 HMOA   2.8±2  2.0±1  199s     75s
n80w80_002     0.8235±0.334 0.0296±0.083 HMOA   5.8±7  3.2±2  236s     66s
n80w80_003     0.7925±0.382 0.0691±0.215 HMOA   13.4±30  4.6±6  220s     71s
n80w80_004     0.8717±0.299 0.0709±0.249 HMOA   15.2±15  5.7±6  192s     82s
n80w80_005     0.8064±0.375 0.0664±0.244 HMOA   15.7±41  2.0±1  195s     83s
  n=20: C(H,N)=0.8458  C(N,H)=0.1214  → HMOA wins
  n=40: C(H,N)=0.8439  C(N,H)=0.0584  → HMOA wins
  n=60: C(H,N)=0.7954  C(N,H)=0.1410  → HMOA wins
  n=80: C(H,N)=0.8306  C(N,H)=0.0765  → HMOA wins

Completed: 2026-07-15 00:20:38
