SKIP n20w80_001 (already done)
SKIP n20w80_002 (already done)
SKIP n20w80_003 (already done)
SKIP n20w80_004 (already done)
SKIP n20w80_005 (already done)
SKIP n40w80_001 (already done)
SKIP n40w80_002 (already done)
SKIP n40w80_003 (already done)
SKIP n40w80_004 (already done)
SKIP n40w80_005 (already done)
SKIP n60w80_001 (already done)
SKIP n60w80_002 (already done)
SKIP n60w80_003 (already done)
SKIP n60w80_004 (already done)
SKIP n60w80_005 (already done)
======================================================================
  HMOA EXPERIMENT — pop=200, iter=1000, kmax=5, drones=3, wbl=0.2
  Workers: 15  |  Pending: 5
  Started: 2026-06-27 13:41:42
======================================================================
  [n80w80_001] n80w80_001 HMOA 1/15: PF=500, cost=[7433,13264], sat=[3.0,13.1], 271s
  [n80w80_003] n80w80_003 HMOA 1/15: PF=500, cost=[7013,8625], sat=[12.0,23.0], 328s
  [n80w80_005] n80w80_005 HMOA 1/15: PF=500, cost=[7466,14170], sat=[7.0,23.2], 537s
  [n80w80_001] n80w80_001 HMOA 2/15: PF=500, cost=[7461,15258], sat=[4.0,11.0], 276s
  [n80w80_003] n80w80_003 HMOA 2/15: PF=500, cost=[7294,17878], sat=[6.0,20.6], 330s
  [n80w80_002] n80w80_002 HMOA 1/15: PF=500, cost=[7507,16286], sat=[2.0,29.6], 679s
  [n80w80_001] n80w80_001 HMOA 3/15: PF=500, cost=[7246,9739], sat=[4.0,16.1], 299s
  [n80w80_005] n80w80_005 HMOA 2/15: PF=500, cost=[7105,12622], sat=[12.0,20.0], 323s
  [n80w80_002] n80w80_002 HMOA 2/15: PF=500, cost=[7468,9992], sat=[8.2,21.8], 331s
  [n80w80_004] n80w80_004 HMOA 1/15: PF=500, cost=[5680,12109], sat=[18.6,37.0], 1068s
  [n80w80_001] n80w80_001 HMOA 4/15: PF=500, cost=[7450,8723], sat=[5.0,16.0], 291s
  [n80w80_003] n80w80_003 HMOA 3/15: PF=500, cost=[7141,15980], sat=[2.0,22.9], 522s
  [n80w80_005] n80w80_005 HMOA 3/15: PF=500, cost=[7215,12995], sat=[12.0,25.2], 372s
  [n80w80_005] n80w80_005 HMOA 4/15: PF=500, cost=[7252,8274], sat=[15.3,17.3], 178s
  [n80w80_004] n80w80_004 HMOA 2/15: PF=500, cost=[6756,17911], sat=[21.0,33.3], 369s
  [n80w80_002] n80w80_002 HMOA 3/15: PF=500, cost=[8533,10576], sat=[7.4,19.8], 481s
  [n80w80_003] n80w80_003 HMOA 4/15: PF=500, cost=[6933,8906], sat=[10.2,24.1], 327s
  [n80w80_001] n80w80_001 HMOA 5/15: PF=500, cost=[7191,14518], sat=[3.0,13.1], 426s
  [n80w80_004] n80w80_004 HMOA 3/15: PF=500, cost=[5460,12303], sat=[19.9,23.9], 204s
  [n80w80_005] n80w80_005 HMOA 5/15: PF=500, cost=[7986,10297], sat=[24.5,29.8], 348s
  [n80w80_003] n80w80_003 HMOA 5/15: PF=500, cost=[7632,8070], sat=[13.9,16.7], 285s
  [n80w80_002] n80w80_002 HMOA 4/15: PF=500, cost=[8208,11557], sat=[9.1,19.6], 312s
  [n80w80_001] n80w80_001 HMOA 6/15: PF=500, cost=[7843,10164], sat=[4.0,14.2], 265s
  [n80w80_005] n80w80_005 HMOA 6/15: PF=500, cost=[7900,11999], sat=[19.7,27.6], 261s
  [n80w80_004] n80w80_004 HMOA 4/15: PF=500, cost=[5664,8941], sat=[27.1,32.0], 408s
  [n80w80_001] n80w80_001 HMOA 7/15: PF=500, cost=[7847,11991], sat=[4.0,17.5], 306s
  [n80w80_002] n80w80_002 HMOA 5/15: PF=500, cost=[7816,11846], sat=[4.0,22.7], 505s
  [n80w80_003] n80w80_003 HMOA 6/15: PF=500, cost=[7335,11796], sat=[5.0,25.0], 579s
  [n80w80_004] n80w80_004 HMOA 5/15: PF=500, cost=[5795,7455], sat=[11.9,33.6], 326s
  [n80w80_001] n80w80_001 HMOA 8/15: PF=500, cost=[7300,11133], sat=[7.0,14.6], 241s
  [n80w80_005] n80w80_005 HMOA 7/15: PF=500, cost=[6671,9267], sat=[5.8,22.3], 459s
  [n80w80_001] n80w80_001 HMOA 9/15: PF=500, cost=[7555,10270], sat=[4.0,17.0], 278s
  [n80w80_003] n80w80_003 HMOA 7/15: PF=500, cost=[7122,9160], sat=[9.1,18.0], 296s
  [n80w80_004] n80w80_004 HMOA 6/15: PF=500, cost=[7181,12053], sat=[21.4,37.8], 320s
  [n80w80_005] n80w80_005 HMOA 8/15: PF=500, cost=[6655,9540], sat=[14.0,22.4], 268s
  [n80w80_002] n80w80_002 HMOA 6/15: PF=500, cost=[9002,12194], sat=[4.0,20.0], 447s
  [n80w80_001] n80w80_001 HMOA 10/15: PF=500, cost=[7274,16164], sat=[4.0,11.1], 277s
  [n80w80_004] n80w80_004 HMOA 7/15: PF=500, cost=[6856,8440], sat=[13.0,26.5], 252s
  [n80w80_005] n80w80_005 HMOA 9/15: PF=500, cost=[7945,11693], sat=[11.8,25.6], 384s
  [n80w80_002] n80w80_002 HMOA 7/15: PF=500, cost=[7788,16831], sat=[3.0,20.8], 476s
  [n80w80_004] n80w80_004 HMOA 8/15: PF=500, cost=[6665,8976], sat=[22.3,28.9], 321s
  [n80w80_003] n80w80_003 HMOA 8/15: PF=500, cost=[7328,14025], sat=[9.0,22.7], 622s
  [n80w80_001] n80w80_001 HMOA 11/15: PF=500, cost=[7814,14654], sat=[8.0,16.4], 378s
  [n80w80_005] n80w80_005 HMOA 10/15: PF=500, cost=[7886,11745], sat=[10.8,15.8], 313s
  [n80w80_004] n80w80_004 HMOA 9/15: PF=500, cost=[6912,9244], sat=[22.0,30.0], 297s
  [n80w80_003] n80w80_003 HMOA 9/15: PF=500, cost=[7359,11558], sat=[8.0,22.4], 360s
  [n80w80_001] n80w80_001 HMOA 12/15: PF=500, cost=[7773,11227], sat=[5.0,15.0], 393s
  [n80w80_005] n80w80_005 HMOA 11/15: PF=500, cost=[6914,8242], sat=[23.5,32.1], 304s
  [n80w80_002] n80w80_002 HMOA 8/15: PF=500, cost=[7442,16895], sat=[3.0,26.0], 786s
  [n80w80_003] n80w80_003 HMOA 10/15: PF=500, cost=[7118,10310], sat=[11.1,21.9], 395s
  [n80w80_001] n80w80_001 HMOA 13/15: PF=500, cost=[7262,11509], sat=[4.0,14.7], 345s
  [n80w80_004] n80w80_004 HMOA 10/15: PF=500, cost=[5224,14179], sat=[13.0,44.9], 583s
  [n80w80_005] n80w80_005 HMOA 12/15: PF=500, cost=[7106,11368], sat=[11.4,24.2], 427s
  [n80w80_004] n80w80_004 HMOA 11/15: PF=500, cost=[7344,7373], sat=[10.0,27.3], 216s
  [n80w80_003] n80w80_003 HMOA 11/15: PF=500, cost=[7278,14977], sat=[5.9,17.6], 447s
  [n80w80_001] n80w80_001 HMOA 14/15: PF=500, cost=[7471,16558], sat=[4.0,12.0], 465s
  [n80w80_005] n80w80_005 HMOA 13/15: PF=500, cost=[7418,11196], sat=[22.6,30.0], 454s
  [n80w80_004] n80w80_004 HMOA 12/15: PF=500, cost=[7356,8929], sat=[16.0,46.5], 342s
  [n80w80_002] n80w80_002 HMOA 9/15: PF=500, cost=[7274,10990], sat=[6.1,25.3], 721s
  [n80w80_001] n80w80_001 HMOA 15/15: PF=500, cost=[7221,11699], sat=[4.0,11.0], 352s
  [n80w80_003] n80w80_003 HMOA 12/15: PF=500, cost=[7143,16619], sat=[10.4,21.6], 398s
  [n80w80_004] n80w80_004 HMOA 13/15: PF=500, cost=[7663,8657], sat=[8.7,29.4], 315s
  [n80w80_005] n80w80_005 HMOA 14/15: PF=500, cost=[7024,11586], sat=[8.0,18.7], 436s
  [n80w80_001] n80w80_001 noLS 1/15: PF=500, cost=[7522,16761], sat=[2.0,12.0], 235s
  [n80w80_003] n80w80_003 HMOA 13/15: PF=500, cost=[7396,9202], sat=[7.0,15.0], 323s
  [n80w80_001] n80w80_001 noLS 2/15: PF=500, cost=[8033,13744], sat=[3.0,13.0], 249s
  [n80w80_004] n80w80_004 HMOA 14/15: PF=500, cost=[5238,11150], sat=[12.0,32.3], 472s
  [n80w80_005] n80w80_005 HMOA 15/15: PF=500, cost=[6964,9992], sat=[6.9,32.8], 503s
  [n80w80_001] n80w80_001 noLS 3/15: PF=500, cost=[7743,14224], sat=[5.0,11.4], 232s
  [n80w80_002] n80w80_002 HMOA 10/15: PF=500, cost=[7476,17515], sat=[5.0,32.9], 908s
  [n80w80_005] n80w80_005 noLS 1/15: PF=500, cost=[7836,11621], sat=[6.0,23.0], 245s
  [n80w80_001] n80w80_001 noLS 4/15: PF=500, cost=[7627,13112], sat=[3.0,10.8], 234s
  [n80w80_003] n80w80_003 HMOA 14/15: PF=500, cost=[7598,13574], sat=[4.0,21.6], 638s
  [n80w80_004] n80w80_004 HMOA 15/15: PF=500, cost=[6691,11838], sat=[23.0,35.8], 377s
  [n80w80_002] n80w80_002 HMOA 11/15: PF=500, cost=[8224,11667], sat=[10.0,22.0], 329s
  [n80w80_001] n80w80_001 noLS 5/15: PF=500, cost=[7342,12966], sat=[2.0,10.0], 243s
  [n80w80_005] n80w80_005 noLS 2/15: PF=500, cost=[8321,15304], sat=[4.0,25.9], 283s
  [n80w80_004] n80w80_004 noLS 1/15: PF=500, cost=[7468,8713], sat=[0.0,21.3], 257s
  [n80w80_001] n80w80_001 noLS 6/15: PF=500, cost=[7504,16049], sat=[5.0,12.1], 233s
  [n80w80_004] n80w80_004 noLS 2/15: PF=500, cost=[7519,9614], sat=[5.0,20.0], 235s
  [n80w80_005] n80w80_005 noLS 3/15: PF=500, cost=[7783,14903], sat=[1.4,22.0], 282s
  [n80w80_003] n80w80_003 HMOA 15/15: PF=500, cost=[7027,15829], sat=[11.1,27.0], 560s
  [n80w80_001] n80w80_001 noLS 7/15: PF=500, cost=[8034,21307], sat=[4.0,12.8], 240s
  [n80w80_004] n80w80_004 noLS 3/15: PF=500, cost=[7240,14739], sat=[3.0,37.2], 264s
  [n80w80_005] n80w80_005 noLS 4/15: PF=500, cost=[8451,14067], sat=[2.0,26.1], 267s
  [n80w80_003] n80w80_003 noLS 1/15: PF=500, cost=[7484,11129], sat=[6.7,18.7], 279s
  [n80w80_002] n80w80_002 HMOA 12/15: PF=500, cost=[8385,13620], sat=[6.0,26.4], 770s
  [n80w80_001] n80w80_001 noLS 8/15: PF=500, cost=[7763,22005], sat=[0.0,14.3], 267s
  [n80w80_004] n80w80_004 noLS 4/15: PF=500, cost=[7534,16623], sat=[16.0,21.5], 244s
  [n80w80_005] n80w80_005 noLS 5/15: PF=500, cost=[8393,14126], sat=[3.4,26.0], 279s
  [n80w80_003] n80w80_003 noLS 2/15: PF=500, cost=[6903,10822], sat=[6.0,20.6], 246s
  [n80w80_001] n80w80_001 noLS 9/15: PF=500, cost=[7581,13749], sat=[3.0,11.9], 247s
  [n80w80_004] n80w80_004 noLS 5/15: PF=500, cost=[7481,11936], sat=[6.0,23.0], 245s
  [n80w80_003] n80w80_003 noLS 3/15: PF=500, cost=[6967,10122], sat=[3.0,13.0], 245s
  [n80w80_005] n80w80_005 noLS 6/15: PF=500, cost=[8487,12638], sat=[4.5,28.0], 265s
  [n80w80_002] n80w80_002 HMOA 13/15: PF=500, cost=[8024,12132], sat=[6.0,21.6], 447s
  [n80w80_001] n80w80_001 noLS 10/15: PF=500, cost=[7228,15307], sat=[4.0,14.0], 245s
  [n80w80_004] n80w80_004 noLS 6/15: PF=500, cost=[6644,14403], sat=[2.0,26.4], 266s
  [n80w80_003] n80w80_003 noLS 4/15: PF=500, cost=[7572,12744], sat=[5.0,23.9], 250s
  [n80w80_005] n80w80_005 noLS 7/15: PF=500, cost=[8745,11183], sat=[6.0,19.6], 274s
  [n80w80_001] n80w80_001 noLS 11/15: PF=500, cost=[7949,10049], sat=[5.0,12.0], 218s
  [n80w80_004] n80w80_004 noLS 7/15: PF=500, cost=[7706,11316], sat=[4.0,26.0], 230s
  [n80w80_002] n80w80_002 HMOA 14/15: PF=500, cost=[7543,19534], sat=[11.6,23.0], 435s
  [n80w80_003] n80w80_003 noLS 5/15: PF=500, cost=[7367,19309], sat=[9.6,23.2], 245s
  [n80w80_005] n80w80_005 noLS 8/15: PF=500, cost=[8268,13560], sat=[2.3,22.9], 250s
  [n80w80_001] n80w80_001 noLS 12/15: PF=500, cost=[7588,13323], sat=[2.0,10.4], 229s
  [n80w80_004] n80w80_004 noLS 8/15: PF=500, cost=[6933,16266], sat=[6.0,37.4], 252s
  [n80w80_003] n80w80_003 noLS 6/15: PF=500, cost=[7418,12700], sat=[11.0,21.0], 216s
  [n80w80_005] n80w80_005 noLS 9/15: PF=500, cost=[8248,14036], sat=[2.0,25.0], 257s
  [n80w80_001] n80w80_001 noLS 13/15: PF=500, cost=[7448,14539], sat=[3.0,13.7], 244s
  [n80w80_004] n80w80_004 noLS 9/15: PF=500, cost=[7563,13434], sat=[18.4,27.0], 243s
  [n80w80_003] n80w80_003 noLS 7/15: PF=500, cost=[7637,12066], sat=[5.0,23.5], 247s
  [n80w80_001] n80w80_001 noLS 14/15: PF=500, cost=[7814,14255], sat=[2.0,11.1], 237s
  [n80w80_002] n80w80_002 HMOA 15/15: PF=500, cost=[7796,16430], sat=[5.0,26.2], 592s
  [n80w80_005] n80w80_005 noLS 10/15: PF=500, cost=[8857,14054], sat=[2.0,20.7], 253s
  [n80w80_004] n80w80_004 noLS 10/15: PF=500, cost=[7216,15729], sat=[4.0,30.8], 239s
  [n80w80_003] n80w80_003 noLS 8/15: PF=500, cost=[7508,13804], sat=[8.0,25.3], 253s
  [n80w80_001] n80w80_001 noLS 15/15: PF=500, cost=[7898,16227], sat=[0.0,16.0], 253s
  [n80w80_001] DONE n80w80_001: C(H,N)=0.7907, C(N,H)=0.1371
[16:02:54] DONE n80w80_001 (1/5): C(H,N)=0.7907, C(N,H)=0.1371, T(H)=324s, T(N)=240s, elapsed=8472s
  [n80w80_002] n80w80_002 noLS 1/15: PF=500, cost=[8881,11386], sat=[2.0,20.9], 259s
  [n80w80_005] n80w80_005 noLS 11/15: PF=500, cost=[8981,13303], sat=[2.7,22.3], 271s
  [n80w80_004] n80w80_004 noLS 11/15: PF=500, cost=[6630,9853], sat=[0.0,20.0], 220s
  [n80w80_003] n80w80_003 noLS 9/15: PF=500, cost=[7261,11827], sat=[6.0,21.0], 227s
  [n80w80_002] n80w80_002 noLS 2/15: PF=500, cost=[7849,12980], sat=[5.0,21.0], 226s
  [n80w80_005] n80w80_005 noLS 12/15: PF=500, cost=[8093,13005], sat=[10.4,32.0], 257s
  [n80w80_004] n80w80_004 noLS 12/15: PF=500, cost=[7658,16599], sat=[7.0,24.6], 241s
  [n80w80_003] n80w80_003 noLS 10/15: PF=500, cost=[7330,13940], sat=[4.0,23.8], 250s
  [n80w80_002] n80w80_002 noLS 3/15: PF=500, cost=[8714,15661], sat=[3.0,24.0], 247s
  [n80w80_005] n80w80_005 noLS 13/15: PF=500, cost=[8147,11195], sat=[3.3,17.2], 254s
  [n80w80_004] n80w80_004 noLS 13/15: PF=500, cost=[7497,14651], sat=[7.0,25.0], 230s
  [n80w80_003] n80w80_003 noLS 11/15: PF=500, cost=[7752,15518], sat=[4.6,23.6], 253s
  [n80w80_002] n80w80_002 noLS 4/15: PF=500, cost=[8132,14825], sat=[2.0,25.7], 252s
  [n80w80_005] n80w80_005 noLS 14/15: PF=500, cost=[8100,14296], sat=[4.9,25.0], 242s
  [n80w80_004] n80w80_004 noLS 14/15: PF=500, cost=[7249,15388], sat=[5.0,25.4], 226s
  [n80w80_003] n80w80_003 noLS 12/15: PF=500, cost=[7349,12140], sat=[5.9,22.1], 237s
  [n80w80_002] n80w80_002 noLS 5/15: PF=500, cost=[8543,15792], sat=[1.8,27.7], 252s
  [n80w80_005] n80w80_005 noLS 15/15: PF=500, cost=[9352,13075], sat=[2.0,17.0], 230s
  [n80w80_005] DONE n80w80_005: C(H,N)=0.9696, C(N,H)=0.0093
[16:19:40] DONE n80w80_005 (2/5): C(H,N)=0.9696, C(N,H)=0.0093, T(H)=371s, T(N)=261s, elapsed=9478s
  [n80w80_004] n80w80_004 noLS 15/15: PF=500, cost=[7652,15100], sat=[5.0,37.7], 246s
  [n80w80_004] DONE n80w80_004: C(H,N)=0.7997, C(N,H)=0.0003
[16:20:14] DONE n80w80_004 (3/5): C(H,N)=0.7997, C(N,H)=0.0003, T(H)=391s, T(N)=243s, elapsed=9512s
  [n80w80_003] n80w80_003 noLS 13/15: PF=500, cost=[7292,20149], sat=[6.6,22.8], 240s
  [n80w80_002] n80w80_002 noLS 6/15: PF=500, cost=[8510,14259], sat=[6.0,18.0], 198s
  [n80w80_003] n80w80_003 noLS 14/15: PF=500, cost=[7616,15662], sat=[8.6,29.0], 210s
  [n80w80_002] n80w80_002 noLS 7/15: PF=500, cost=[8327,12168], sat=[2.0,24.0], 222s
  [n80w80_003] n80w80_003 noLS 15/15: PF=500, cost=[7478,15511], sat=[1.0,25.1], 220s
  [n80w80_003] DONE n80w80_003: C(H,N)=0.5312, C(N,H)=0.1464
[16:28:50] DONE n80w80_003 (4/5): C(H,N)=0.5312, C(N,H)=0.1464, T(H)=427s, T(N)=241s, elapsed=10028s
  [n80w80_002] n80w80_002 noLS 8/15: PF=500, cost=[8001,15784], sat=[0.8,22.4], 213s
  [n80w80_002] n80w80_002 noLS 9/15: PF=500, cost=[8096,12383], sat=[1.8,22.0], 204s
  [n80w80_002] n80w80_002 noLS 10/15: PF=500, cost=[8409,15032], sat=[3.0,19.0], 196s
  [n80w80_002] n80w80_002 noLS 11/15: PF=500, cost=[8560,11298], sat=[2.0,16.1], 205s
  [n80w80_002] n80w80_002 noLS 12/15: PF=500, cost=[8649,10286], sat=[0.0,24.0], 231s
  [n80w80_002] n80w80_002 noLS 13/15: PF=500, cost=[8158,15162], sat=[2.8,20.9], 237s
  [n80w80_002] n80w80_002 noLS 14/15: PF=500, cost=[8406,18054], sat=[1.0,23.0], 216s
  [n80w80_002] n80w80_002 noLS 15/15: PF=500, cost=[8469,11668], sat=[3.0,17.3], 223s
  [n80w80_002] DONE n80w80_002: C(H,N)=0.8760, C(N,H)=0.0752
[16:55:06] DONE n80w80_002 (5/5): C(H,N)=0.8760, C(N,H)=0.0752, T(H)=548s, T(N)=225s, elapsed=11604s

==========================================================================================
  FINAL RESULTS
  Completed: 5  Failed: 0  Time: 11604s (3.2h)
==========================================================================================
Instance       C(H,N)         C(N,H)         W      HV(H)        HV(N)        T(H)     T(N)    
------------------------------------------------------------------------------------------
n20w80_001     0.9891±0.012 0.0061±0.008 HMOA   3.4±2  2.4±1  133s     112s
n20w80_002     0.9968±0.004 0.0024±0.005 HMOA   3.3±2  2.6±2  152s     123s
n20w80_003     0.7939±0.394 0.1365±0.335 HMOA   2.7±2  4.0±4  123s     103s
n20w80_004     0.9901±0.019 0.0008±0.002 HMOA   2.4±1  2.9±1  148s     121s
n20w80_005     0.5275±0.471 0.4600±0.474 HMOA   1.5±0  1.6±0  154s     114s
n40w80_001     0.8685±0.334 0.0661±0.247 HMOA   30.6±61  2160.8±8046  138s     140s
n40w80_002     0.9299±0.246 0.0507±0.171 HMOA   4.8±3  4.3±3  189s     149s
n40w80_003     1.0000±0.000 0.0000±0.000 HMOA   477.4±1181  1.5±1  99s     117s
n40w80_004     0.6035±0.484 0.2661±0.434 HMOA   89.9±235  4.4±3  144s     143s
n40w80_005     0.9328±0.229 0.0032±0.009 HMOA   30.1±46  5.4±3  192s     155s
n60w80_001     0.8027±0.353 0.0035±0.005 HMOA   8.0±6  3.1±2  261s     164s
n60w80_002     0.9227±0.247 0.0067±0.008 HMOA   7.9±8  12.7±21  261s     164s
n60w80_003     0.9917±0.011 0.0035±0.008 HMOA   8.2±16  3.6±2  284s     155s
n60w80_004     0.8664±0.327 0.1296±0.324 HMOA   6.7±7  2.9±1  307s     154s
n60w80_005     0.7744±0.376 0.1504±0.324 HMOA   2.2±1  1.7±0  413s     133s
n80w80_001     0.7907±0.379 0.1371±0.332 HMOA   6.2±4  3.4±3  324s     240s
n80w80_002     0.8760±0.282 0.0752±0.241 HMOA   4.1±3  3.2±2  548s     225s
n80w80_003     0.5312±0.464 0.1464±0.315 HMOA   18.7±45  3.3±1  427s     241s
n80w80_004     0.7997±0.372 0.0003±0.001 HMOA   56.6±168  3.5±2  391s     243s
n80w80_005     0.9696±0.041 0.0093±0.020 HMOA   12.0±18  1.8±1  371s     261s
  n=20: C(H,N)=0.8595  C(N,H)=0.1212  → HMOA wins
  n=40: C(H,N)=0.8669  C(N,H)=0.0772  → HMOA wins
  n=60: C(H,N)=0.8716  C(N,H)=0.0587  → HMOA wins
  n=80: C(H,N)=0.7934  C(N,H)=0.0737  → HMOA wins

Completed: 2026-06-27 16:55:06
