======================================================================
  HMOA EXPERIMENT — pop=200, iter=1000, kmax=5, drones=3, wbl=0.2
  Workers: 15  |  Pending: 20
  Started: 2026-06-27 11:03:46
======================================================================
  [n40w80_003] n40w80_003 HMOA 1/15: PF=500, cost=[4769,7429], sat=[0.0,1.0], 99s
  [n20w80_003] n20w80_003 HMOA 1/15: PF=500, cost=[4239,8795], sat=[2.0,11.0], 107s
  [n20w80_001] n20w80_001 HMOA 1/15: PF=500, cost=[4131,6286], sat=[6.0,13.0], 108s
  [n40w80_002] n40w80_002 HMOA 1/15: PF=500, cost=[4890,6463], sat=[11.0,14.0], 113s
  [n40w80_001] n40w80_001 HMOA 1/15: PF=500, cost=[6597,8161], sat=[7.0,9.3], 126s
  [n20w80_004] n20w80_004 HMOA 1/15: PF=500, cost=[3795,7224], sat=[7.1,12.9], 133s
  [n20w80_005] n20w80_005 HMOA 1/15: PF=500, cost=[3909,6929], sat=[1.0,11.9], 140s
  [n40w80_004] n40w80_004 HMOA 1/15: PF=500, cost=[4966,7913], sat=[1.0,5.0], 156s
  [n40w80_005] n40w80_005 HMOA 1/15: PF=500, cost=[5426,7701], sat=[10.4,20.0], 169s
  [n20w80_002] n20w80_002 HMOA 1/15: PF=500, cost=[3426,9336], sat=[4.3,11.9], 187s
  [n60w80_002] n60w80_002 HMOA 1/15: PF=500, cost=[6175,10026], sat=[3.6,6.7], 199s
  [n40w80_003] n40w80_003 HMOA 2/15: PF=500, cost=[4666,5785], sat=[0.0,1.0], 104s
  [n60w80_003] n60w80_003 HMOA 1/15: PF=500, cost=[6581,8451], sat=[0.0,18.0], 221s
  [n20w80_003] n20w80_003 HMOA 2/15: PF=500, cost=[4202,6987], sat=[6.0,9.0], 122s
  [n20w80_001] n20w80_001 HMOA 2/15: PF=500, cost=[4150,7525], sat=[6.0,13.0], 126s
  [n40w80_001] n40w80_001 HMOA 2/15: PF=500, cost=[6512,8098], sat=[5.0,9.0], 123s
  [n20w80_005] n20w80_005 HMOA 2/15: PF=500, cost=[3909,5679], sat=[1.0,12.0], 131s
  [n40w80_002] n40w80_002 HMOA 2/15: PF=500, cost=[4185,7279], sat=[12.0,16.1], 159s
  [n60w80_004] n60w80_004 HMOA 1/15: PF=500, cost=[6940,9593], sat=[3.0,15.8], 276s
  [n40w80_004] n40w80_004 HMOA 2/15: PF=500, cost=[5148,8952], sat=[1.0,8.0], 139s
  [n20w80_004] n20w80_004 HMOA 2/15: PF=500, cost=[3741,8186], sat=[7.3,15.8], 164s
  [n40w80_003] n40w80_003 HMOA 3/15: PF=500, cost=[4681,5681], sat=[0.0,1.0], 97s
  [n60w80_001] n60w80_001 HMOA 1/15: PF=500, cost=[6842,11811], sat=[8.0,16.0], 308s
  [n60w80_005] n60w80_005 HMOA 1/15: PF=500, cost=[6062,9638], sat=[5.0,16.0], 315s
  [n20w80_002] n20w80_002 HMOA 2/15: PF=500, cost=[3460,8417], sat=[5.3,9.0], 150s
  [n40w80_005] n40w80_005 HMOA 2/15: PF=500, cost=[5495,7807], sat=[11.8,17.8], 174s
  [n20w80_003] n20w80_003 HMOA 3/15: PF=500, cost=[3916,6877], sat=[2.0,11.0], 121s
  [n40w80_001] n40w80_001 HMOA 3/15: PF=500, cost=[6593,6703], sat=[7.0,9.0], 108s
  [n20w80_001] n20w80_001 HMOA 3/15: PF=500, cost=[4143,7918], sat=[6.0,13.0], 126s
  [n40w80_003] n40w80_003 HMOA 4/15: PF=500, cost=[4721,4721], sat=[1.0,1.0], 66s
  [n40w80_004] n40w80_004 HMOA 3/15: PF=500, cost=[4649,5051], sat=[1.0,10.0], 111s
  [n20w80_005] n20w80_005 HMOA 3/15: PF=500, cost=[3918,7167], sat=[1.0,14.0], 140s
  [n20w80_004] n20w80_004 HMOA 3/15: PF=500, cost=[3764,6172], sat=[7.1,11.0], 120s
  [n40w80_003] n40w80_003 HMOA 5/15: PF=500, cost=[4702,4702], sat=[0.0,0.0], 82s
  [n60w80_002] n60w80_002 HMOA 2/15: PF=500, cost=[6391,8722], sat=[4.6,8.7], 249s
  [n40w80_002] n40w80_002 HMOA 3/15: PF=500, cost=[4320,7355], sat=[8.0,14.0], 189s
  [n20w80_003] n20w80_003 HMOA 4/15: PF=500, cost=[3842,9365], sat=[5.0,10.1], 114s
  [n20w80_001] n20w80_001 HMOA 4/15: PF=500, cost=[3948,7925], sat=[2.0,11.0], 123s
  [n40w80_001] n40w80_001 HMOA 4/15: PF=500, cost=[6611,7980], sat=[1.0,8.0], 132s
  [n60w80_004] n60w80_004 HMOA 2/15: PF=500, cost=[6966,9117], sat=[1.0,14.6], 221s
  [n20w80_002] n20w80_002 HMOA 3/15: PF=500, cost=[3438,8306], sat=[6.3,9.4], 166s
  [n60w80_003] n60w80_003 HMOA 2/15: PF=500, cost=[6502,15906], sat=[1.0,20.0], 283s
  [n40w80_005] n40w80_005 HMOA 3/15: PF=500, cost=[5420,6845], sat=[10.4,19.5], 168s
  [n40w80_004] n40w80_004 HMOA 4/15: PF=500, cost=[4678,5064], sat=[8.0,9.0], 107s
  [n60w80_001] n60w80_001 HMOA 2/15: PF=500, cost=[6427,9265], sat=[9.0,16.9], 231s
  [n40w80_003] n40w80_003 HMOA 6/15: PF=500, cost=[4662,4714], sat=[0.0,1.0], 103s
  [n20w80_004] n20w80_004 HMOA 4/15: PF=500, cost=[3696,5426], sat=[7.3,10.9], 140s
  [n20w80_005] n20w80_005 HMOA 4/15: PF=500, cost=[3919,6138], sat=[1.0,16.0], 158s
  [n20w80_003] n20w80_003 HMOA 5/15: PF=500, cost=[4239,7037], sat=[2.0,9.0], 122s
  [n20w80_001] n20w80_001 HMOA 5/15: PF=500, cost=[4150,6308], sat=[6.0,12.2], 111s
  [n40w80_001] n40w80_001 HMOA 5/15: PF=500, cost=[6649,7151], sat=[7.0,8.0], 109s
  [n20w80_002] n20w80_002 HMOA 4/15: PF=500, cost=[3398,7647], sat=[3.4,8.0], 144s
  [n40w80_003] n40w80_003 HMOA 7/15: PF=500, cost=[4631,4808], sat=[0.0,1.0], 101s
  [n40w80_005] n40w80_005 HMOA 4/15: PF=500, cost=[5467,6390], sat=[7.4,19.0], 157s
  [n40w80_004] n40w80_004 HMOA 5/15: PF=500, cost=[4935,5897], sat=[1.0,4.0], 156s
  [n40w80_002] n40w80_002 HMOA 4/15: PF=500, cost=[4828,7965], sat=[11.1,19.5], 224s
  [n60w80_002] n60w80_002 HMOA 3/15: PF=500, cost=[6154,7717], sat=[2.6,7.8], 237s
  [n20w80_003] n20w80_003 HMOA 6/15: PF=500, cost=[4239,9182], sat=[2.0,10.9], 119s
  [n40w80_001] n40w80_001 HMOA 6/15: PF=500, cost=[6148,7760], sat=[7.0,9.0], 112s
  [n20w80_004] n20w80_004 HMOA 5/15: PF=500, cost=[3764,8346], sat=[7.1,15.0], 159s
  [n20w80_005] n20w80_005 HMOA 5/15: PF=500, cost=[3908,6163], sat=[1.0,17.0], 154s
  [n60w80_004] n60w80_004 HMOA 3/15: PF=500, cost=[6712,10916], sat=[8.9,14.8], 246s
  [n40w80_003] n40w80_003 HMOA 8/15: PF=500, cost=[4664,4792], sat=[0.0,1.0], 95s
  [n20w80_001] n20w80_001 HMOA 6/15: PF=500, cost=[4131,10638], sat=[6.0,12.9], 154s
  [n60w80_003] n60w80_003 HMOA 3/15: PF=500, cost=[6539,12852], sat=[1.0,18.0], 246s
  [n60w80_001] n60w80_001 HMOA 3/15: PF=500, cost=[6149,13782], sat=[6.0,15.0], 228s
  [n60w80_005] n60w80_005 HMOA 2/15: PF=500, cost=[6050,19020], sat=[5.0,22.3], 456s
  [n40w80_004] n40w80_004 HMOA 6/15: PF=500, cost=[4829,4838], sat=[1.0,7.0], 108s
  [n20w80_002] n20w80_002 HMOA 5/15: PF=500, cost=[3647,8306], sat=[4.7,9.4], 153s
  [n20w80_003] n20w80_003 HMOA 7/15: PF=500, cost=[3838,8173], sat=[1.1,8.0], 121s
  [n40w80_002] n40w80_002 HMOA 5/15: PF=500, cost=[4172,8827], sat=[10.0,14.7], 146s
  [n20w80_004] n20w80_004 HMOA 6/15: PF=500, cost=[3763,5173], sat=[7.3,11.8], 133s
  [n40w80_003] n40w80_003 HMOA 9/15: PF=500, cost=[4619,5731], sat=[0.0,1.0], 103s
  [n40w80_001] n40w80_001 HMOA 7/15: PF=500, cost=[6460,8098], sat=[6.0,9.0], 152s
  [n20w80_001] n20w80_001 HMOA 7/15: PF=500, cost=[4143,5597], sat=[6.0,15.6], 131s
  [n20w80_005] n20w80_005 HMOA 6/15: PF=500, cost=[3887,6653], sat=[1.0,16.0], 172s
  [n40w80_005] n40w80_005 HMOA 5/15: PF=500, cost=[4897,6642], sat=[12.9,19.0], 240s
  [n40w80_004] n40w80_004 HMOA 7/15: PF=500, cost=[4791,7239], sat=[1.0,6.0], 159s
  [n40w80_003] n40w80_003 HMOA 10/15: PF=500, cost=[4903,4903], sat=[1.0,1.0], 86s
  [n20w80_003] n20w80_003 HMOA 8/15: PF=500, cost=[4239,9368], sat=[2.0,11.7], 131s
  [n20w80_002] n20w80_002 HMOA 6/15: PF=500, cost=[3645,8853], sat=[5.7,9.6], 172s
  [n20w80_004] n20w80_004 HMOA 7/15: PF=500, cost=[3756,7778], sat=[7.3,13.0], 140s
  [n60w80_002] n60w80_002 HMOA 4/15: PF=500, cost=[6235,9335], sat=[3.6,8.9], 316s
  [n40w80_002] n40w80_002 HMOA 6/15: PF=500, cost=[4719,8425], sat=[11.0,16.0], 183s
  [n40w80_001] n40w80_001 HMOA 8/15: PF=500, cost=[6617,8396], sat=[8.0,10.7], 153s
  [n20w80_001] n20w80_001 HMOA 8/15: PF=500, cost=[4085,7717], sat=[2.5,12.0], 139s
  [n20w80_005] n20w80_005 HMOA 7/15: PF=500, cost=[3885,6213], sat=[1.0,15.0], 157s
  [n40w80_003] n40w80_003 HMOA 11/15: PF=500, cost=[5039,5699], sat=[0.0,1.0], 115s
  [n60w80_005] n60w80_005 HMOA 3/15: PF=500, cost=[6133,14057], sat=[3.0,20.0], 292s
  [n40w80_005] n40w80_005 HMOA 6/15: PF=500, cost=[5043,7363], sat=[14.5,19.8], 163s
  [n20w80_003] n20w80_003 HMOA 9/15: PF=500, cost=[3837,9404], sat=[5.0,12.0], 144s
  [n60w80_004] n60w80_004 HMOA 4/15: PF=500, cost=[7008,11996], sat=[2.7,18.4], 361s
  [n40w80_004] n40w80_004 HMOA 8/15: PF=500, cost=[5010,6841], sat=[0.0,5.0], 175s
  [n60w80_001] n60w80_001 HMOA 4/15: PF=500, cost=[6484,14833], sat=[10.0,18.8], 357s
  [n60w80_003] n60w80_003 HMOA 4/15: PF=500, cost=[6530,12757], sat=[0.0,21.6], 378s
  [n20w80_004] n20w80_004 HMOA 8/15: PF=500, cost=[3651,6276], sat=[7.3,12.9], 146s
  [n20w80_001] n20w80_001 HMOA 9/15: PF=500, cost=[4150,6481], sat=[6.0,12.0], 121s
  [n20w80_002] n20w80_002 HMOA 7/15: PF=500, cost=[3428,7843], sat=[3.0,10.9], 173s
  [n40w80_001] n40w80_001 HMOA 9/15: PF=500, cost=[6978,9052], sat=[6.0,9.1], 148s
  [n40w80_003] n40w80_003 HMOA 12/15: PF=500, cost=[4809,6613], sat=[0.0,1.0], 123s
  [n40w80_002] n40w80_002 HMOA 7/15: PF=500, cost=[4184,9846], sat=[8.0,16.0], 167s
  [n20w80_005] n20w80_005 HMOA 8/15: PF=500, cost=[3908,6113], sat=[1.0,16.0], 158s
  [n20w80_003] n20w80_003 HMOA 10/15: PF=500, cost=[3838,6106], sat=[1.1,9.0], 122s
  [n40w80_004] n40w80_004 HMOA 9/15: PF=500, cost=[4912,5105], sat=[2.0,4.0], 124s
  [n60w80_002] n60w80_002 HMOA 5/15: PF=500, cost=[6153,7328], sat=[2.6,6.9], 284s
  [n20w80_002] n20w80_002 HMOA 8/15: PF=500, cost=[3732,8085], sat=[5.8,8.5], 142s
  [n20w80_001] n20w80_001 HMOA 10/15: PF=500, cost=[3943,8072], sat=[1.0,15.0], 152s
  [n40w80_003] n40w80_003 HMOA 13/15: PF=500, cost=[4778,6606], sat=[0.0,1.0], 116s
  [n40w80_001] n40w80_001 HMOA 10/15: PF=500, cost=[6479,8281], sat=[2.0,8.0], 129s
  [n20w80_004] n20w80_004 HMOA 9/15: PF=500, cost=[3792,8145], sat=[7.1,13.8], 161s
  [n40w80_005] n40w80_005 HMOA 7/15: PF=500, cost=[5444,13809], sat=[13.4,23.0], 254s
  [n20w80_003] n20w80_003 HMOA 11/15: PF=500, cost=[3838,5070], sat=[1.1,7.0], 108s
  [n60w80_003] n60w80_003 HMOA 5/15: PF=500, cost=[6401,7321], sat=[0.0,16.0], 211s
  [n60w80_001] n60w80_001 HMOA 5/15: PF=500, cost=[6164,8163], sat=[8.9,16.0], 223s
  [n40w80_004] n40w80_004 HMOA 10/15: PF=500, cost=[4864,5279], sat=[1.0,10.0], 123s
  [n20w80_005] n20w80_005 HMOA 9/15: PF=500, cost=[3929,6936], sat=[1.0,16.5], 166s
  [n40w80_002] n40w80_002 HMOA 8/15: PF=500, cost=[3999,8452], sat=[4.1,16.0], 209s
  [n40w80_003] n40w80_003 HMOA 14/15: PF=500, cost=[4735,4912], sat=[0.0,1.0], 103s
  [n60w80_005] n60w80_005 HMOA 4/15: PF=500, cost=[6098,11551], sat=[2.0,20.7], 366s
  [n20w80_004] n20w80_004 HMOA 10/15: PF=500, cost=[3736,5833], sat=[7.9,11.9], 137s
  [n20w80_001] n20w80_001 HMOA 11/15: PF=500, cost=[4150,9227], sat=[6.0,14.2], 149s
  [n20w80_003] n20w80_003 HMOA 12/15: PF=500, cost=[3838,7836], sat=[1.1,9.0], 125s
  [n20w80_002] n20w80_002 HMOA 9/15: PF=500, cost=[3559,8917], sat=[5.4,10.8], 172s
  [n40w80_001] n40w80_001 HMOA 11/15: PF=500, cost=[6026,9359], sat=[2.0,8.3], 182s
  [n40w80_004] n40w80_004 HMOA 11/15: PF=500, cost=[4926,6367], sat=[4.0,5.0], 133s
  [n40w80_003] n40w80_003 HMOA 15/15: PF=500, cost=[4756,4885], sat=[0.0,1.0], 97s
  [n20w80_005] n20w80_005 HMOA 10/15: PF=500, cost=[3931,5898], sat=[1.0,13.4], 138s
  [n60w80_004] n60w80_004 HMOA 5/15: PF=500, cost=[7018,9205], sat=[7.6,18.7], 427s
  [n40w80_002] n40w80_002 HMOA 9/15: PF=500, cost=[4298,7186], sat=[11.0,16.0], 157s
  [n40w80_005] n40w80_005 HMOA 8/15: PF=500, cost=[5484,7393], sat=[13.3,18.2], 230s
  [n60w80_001] n60w80_001 HMOA 6/15: PF=500, cost=[6314,7515], sat=[7.7,11.0], 217s
  [n60w80_002] n60w80_002 HMOA 6/15: PF=500, cost=[6127,8215], sat=[2.6,7.9], 294s
  [n20w80_003] n20w80_003 HMOA 13/15: PF=500, cost=[3838,7477], sat=[1.1,9.7], 133s
  [n20w80_002] n20w80_002 HMOA 10/15: PF=500, cost=[3455,6768], sat=[4.3,8.0], 136s
  [n20w80_001] n20w80_001 HMOA 12/15: PF=500, cost=[3955,8359], sat=[1.0,14.0], 156s
  [n20w80_004] n20w80_004 HMOA 11/15: PF=500, cost=[3706,9131], sat=[7.3,13.8], 177s
  [n40w80_003] n40w80_003 noLS 1/15: PF=500, cost=[5050,7897], sat=[0.0,1.0], 122s
  [n40w80_001] n40w80_001 HMOA 12/15: PF=500, cost=[6676,8573], sat=[7.0,9.3], 146s
  [n40w80_004] n40w80_004 HMOA 12/15: PF=500, cost=[4818,6468], sat=[2.0,5.0], 141s
  [n60w80_003] n60w80_003 HMOA 6/15: PF=500, cost=[6753,9873], sat=[1.8,19.0], 312s
  [n20w80_005] n20w80_005 HMOA 11/15: PF=500, cost=[3887,6150], sat=[1.0,15.9], 152s
  [n20w80_003] n20w80_003 HMOA 14/15: PF=500, cost=[4079,7023], sat=[6.0,8.0], 115s
  [n20w80_001] n20w80_001 HMOA 13/15: PF=500, cost=[3948,6952], sat=[2.0,10.0], 118s
  [n40w80_003] n40w80_003 noLS 2/15: PF=500, cost=[5022,6436], sat=[0.0,1.0], 122s
  [n20w80_002] n20w80_002 HMOA 11/15: PF=500, cost=[3445,7821], sat=[4.0,7.9], 145s
  [n40w80_002] n40w80_002 HMOA 10/15: PF=500, cost=[4877,8584], sat=[7.4,15.0], 196s
  [n20w80_004] n20w80_004 HMOA 12/15: PF=500, cost=[3741,7223], sat=[7.3,11.8], 138s
  [n40w80_005] n40w80_005 HMOA 9/15: PF=500, cost=[5468,5846], sat=[12.7,19.0], 194s
  [n60w80_004] n60w80_004 HMOA 6/15: PF=500, cost=[7016,10009], sat=[7.4,14.3], 262s
  [n40w80_001] n40w80_001 HMOA 13/15: PF=500, cost=[6348,9967], sat=[2.0,8.6], 176s
  [n60w80_002] n60w80_002 HMOA 7/15: PF=500, cost=[6246,7010], sat=[3.6,6.0], 224s
  [n40w80_004] n40w80_004 HMOA 13/15: PF=500, cost=[5024,8067], sat=[1.0,6.0], 187s
  [n20w80_005] n20w80_005 HMOA 12/15: PF=500, cost=[3885,7066], sat=[1.0,17.7], 176s
  [n20w80_003] n20w80_003 HMOA 15/15: PF=500, cost=[4258,9589], sat=[2.0,13.8], 145s
  [n60w80_001] n60w80_001 HMOA 7/15: PF=500, cost=[6021,11051], sat=[5.9,19.0], 287s
  [n40w80_003] n40w80_003 noLS 3/15: PF=500, cost=[5129,5960], sat=[0.0,1.0], 118s
  [n20w80_001] n20w80_001 HMOA 14/15: PF=500, cost=[4150,7558], sat=[6.0,14.0], 148s
  [n20w80_002] n20w80_002 HMOA 12/15: PF=500, cost=[3318,6184], sat=[2.3,9.9], 146s
  [n60w80_005] n60w80_005 HMOA 5/15: PF=500, cost=[6041,14112], sat=[5.2,22.1], 463s
  [n20w80_004] n20w80_004 HMOA 13/15: PF=500, cost=[3742,7490], sat=[7.9,15.9], 158s
  [n60w80_003] n60w80_003 HMOA 7/15: PF=500, cost=[6575,9786], sat=[0.0,18.0], 273s
  [n40w80_001] n40w80_001 HMOA 14/15: PF=500, cost=[6202,8343], sat=[7.0,10.6], 147s
  [n20w80_003] n20w80_003 noLS 1/15: PF=500, cost=[4239,6649], sat=[2.0,9.0], 102s
  [n40w80_005] n40w80_005 HMOA 10/15: PF=500, cost=[5522,12094], sat=[12.1,19.0], 209s
  [n40w80_002] n40w80_002 HMOA 11/15: PF=500, cost=[4315,9189], sat=[10.0,15.0], 233s
  [n40w80_003] n40w80_003 noLS 4/15: PF=500, cost=[5097,7896], sat=[0.0,1.0], 126s
  [n20w80_001] n20w80_001 HMOA 15/15: PF=500, cost=[3940,6396], sat=[2.0,12.0], 128s
  [n60w80_002] n60w80_002 HMOA 8/15: PF=500, cost=[6103,6925], sat=[5.6,7.8], 188s
  [n20w80_005] n20w80_005 HMOA 13/15: PF=500, cost=[3908,6163], sat=[1.0,17.0], 152s
  [n20w80_002] n20w80_002 HMOA 13/15: PF=500, cost=[4407,8917], sat=[3.0,7.6], 119s
  [n40w80_004] n40w80_004 HMOA 14/15: PF=500, cost=[4999,8080], sat=[0.0,6.6], 206s
  [n20w80_003] n20w80_003 noLS 2/15: PF=500, cost=[4239,9758], sat=[2.0,14.0], 103s
  [n20w80_004] n20w80_004 HMOA 14/15: PF=500, cost=[3742,7794], sat=[7.9,13.9], 157s
  [n40w80_001] n40w80_001 HMOA 15/15: PF=500, cost=[6607,7357], sat=[2.0,8.0], 134s
  [n40w80_003] n40w80_003 noLS 5/15: PF=500, cost=[5008,5008], sat=[0.0,0.0], 102s
  [n60w80_001] n60w80_001 HMOA 8/15: PF=500, cost=[6388,8754], sat=[10.0,20.0], 241s
  [n20w80_001] n20w80_001 noLS 1/15: PF=500, cost=[4209,5964], sat=[1.0,11.7], 108s
  [n60w80_004] n60w80_004 HMOA 7/15: PF=500, cost=[6900,7420], sat=[1.0,14.7], 305s
  [n40w80_005] n40w80_005 HMOA 11/15: PF=500, cost=[5520,5943], sat=[18.0,20.0], 146s
  [n20w80_002] n20w80_002 HMOA 14/15: PF=500, cost=[3470,6240], sat=[4.3,8.8], 145s
  [n60w80_003] n60w80_003 HMOA 8/15: PF=500, cost=[7022,7560], sat=[12.0,18.7], 228s
  [n40w80_004] n40w80_004 HMOA 15/15: PF=500, cost=[4773,5177], sat=[3.0,7.0], 131s
  [n20w80_005] n20w80_005 HMOA 14/15: PF=500, cost=[3887,7039], sat=[1.0,14.4], 164s
  [n20w80_003] n20w80_003 noLS 3/15: PF=500, cost=[4400,7023], sat=[1.0,8.0], 106s
  [n40w80_002] n40w80_002 HMOA 12/15: PF=500, cost=[4160,7189], sat=[10.0,17.0], 198s
  [n40w80_003] n40w80_003 noLS 6/15: PF=500, cost=[5082,6627], sat=[0.0,1.0], 118s
  [n20w80_001] n20w80_001 noLS 2/15: PF=500, cost=[4161,6897], sat=[1.0,13.0], 110s
  [n40w80_001] n40w80_001 noLS 1/15: PF=500, cost=[6902,8980], sat=[2.0,6.0], 134s
  [n60w80_005] n60w80_005 HMOA 6/15: PF=500, cost=[6012,11466], sat=[5.0,21.8], 319s
  [n20w80_004] n20w80_004 HMOA 15/15: PF=500, cost=[3717,7644], sat=[7.3,13.7], 157s
  [n20w80_003] n20w80_003 noLS 4/15: PF=500, cost=[4247,7137], sat=[6.0,9.0], 93s
  [n60w80_002] n60w80_002 HMOA 9/15: PF=500, cost=[6165,10176], sat=[3.6,7.8], 275s
  [n20w80_002] n20w80_002 HMOA 15/15: PF=500, cost=[3634,5704], sat=[5.4,7.4], 124s
  [n40w80_004] n40w80_004 noLS 1/15: PF=500, cost=[5123,6865], sat=[1.0,6.0], 138s
  [n20w80_005] n20w80_005 HMOA 15/15: PF=500, cost=[3885,7045], sat=[1.0,16.0], 146s
  [n40w80_005] n40w80_005 HMOA 12/15: PF=500, cost=[5441,7435], sat=[13.0,19.0], 202s
  [n20w80_001] n20w80_001 noLS 3/15: PF=500, cost=[4161,6857], sat=[1.0,12.0], 111s
  [n40w80_003] n40w80_003 noLS 7/15: PF=500, cost=[5089,6703], sat=[0.0,1.0], 125s
  [n20w80_004] n20w80_004 noLS 1/15: PF=500, cost=[4014,6046], sat=[7.1,11.0], 120s
  [n40w80_001] n40w80_001 noLS 2/15: PF=500, cost=[6862,8228], sat=[5.0,6.3], 131s
  [n60w80_001] n60w80_001 HMOA 9/15: PF=500, cost=[6461,9425], sat=[11.0,16.0], 257s
  [n20w80_003] n20w80_003 noLS 5/15: PF=500, cost=[4572,7036], sat=[1.0,8.0], 106s
  [n40w80_002] n40w80_002 HMOA 13/15: PF=500, cost=[5088,7012], sat=[6.4,14.0], 210s
  [n20w80_002] n20w80_002 noLS 1/15: PF=500, cost=[4328,8360], sat=[3.0,8.0], 125s
  [n20w80_005] n20w80_005 noLS 1/15: PF=500, cost=[3909,6163], sat=[1.0,17.0], 115s
  [n40w80_004] n40w80_004 noLS 2/15: PF=500, cost=[4957,5993], sat=[2.0,4.0], 128s
  [n40w80_003] n40w80_003 noLS 8/15: PF=500, cost=[5036,5036], sat=[0.0,0.0], 104s
  [n20w80_001] n20w80_001 noLS 4/15: PF=500, cost=[4161,8029], sat=[1.0,10.0], 112s
  [n60w80_003] n60w80_003 HMOA 9/15: PF=500, cost=[6512,13338], sat=[1.8,18.0], 295s
  [n20w80_004] n20w80_004 noLS 2/15: PF=500, cost=[4047,6421], sat=[7.1,12.0], 122s
  [n20w80_003] n20w80_003 noLS 6/15: PF=500, cost=[4202,5700], sat=[6.0,8.0], 106s
  [n60w80_004] n60w80_004 HMOA 8/15: PF=500, cost=[7108,11982], sat=[1.0,14.0], 389s
  [n40w80_001] n40w80_001 noLS 3/15: PF=500, cost=[7111,9282], sat=[1.0,7.0], 149s
  [n20w80_002] n20w80_002 noLS 2/15: PF=500, cost=[4424,6921], sat=[2.0,8.0], 108s
  [n60w80_002] n60w80_002 HMOA 10/15: PF=500, cost=[6304,7343], sat=[3.6,7.0], 260s
  [n40w80_005] n40w80_005 HMOA 13/15: PF=500, cost=[5464,7016], sat=[14.4,18.5], 222s
  [n20w80_005] n20w80_005 noLS 2/15: PF=500, cost=[3908,6170], sat=[1.0,13.9], 115s
  [n20w80_001] n20w80_001 noLS 5/15: PF=500, cost=[4161,6727], sat=[1.0,13.0], 109s
  [n40w80_003] n40w80_003 noLS 9/15: PF=500, cost=[5133,6356], sat=[0.0,1.0], 120s
  [n40w80_004] n40w80_004 noLS 3/15: PF=500, cost=[5051,8208], sat=[1.0,6.0], 145s
  [n20w80_003] n20w80_003 noLS 7/15: PF=500, cost=[4400,6994], sat=[1.0,8.0], 108s
  [n60w80_001] n60w80_001 HMOA 10/15: PF=500, cost=[6321,12095], sat=[3.0,16.0], 230s
  [n20w80_004] n20w80_004 noLS 3/15: PF=500, cost=[4047,7129], sat=[7.1,11.8], 121s
  [n40w80_002] n40w80_002 HMOA 14/15: PF=500, cost=[4325,8439], sat=[10.0,15.7], 206s
  [n20w80_002] n20w80_002 noLS 3/15: PF=500, cost=[4326,7771], sat=[3.0,8.2], 120s
  [n40w80_001] n40w80_001 noLS 4/15: PF=500, cost=[6517,10310], sat=[2.0,7.0], 148s
  [n20w80_005] n20w80_005 noLS 3/15: PF=500, cost=[3909,6163], sat=[1.0,17.0], 115s
  [n20w80_001] n20w80_001 noLS 6/15: PF=500, cost=[4191,8868], sat=[1.0,11.9], 117s
  [n60w80_004] n60w80_004 HMOA 9/15: PF=500, cost=[6877,7618], sat=[7.0,15.0], 176s
  [n40w80_003] n40w80_003 noLS 10/15: PF=500, cost=[5046,6650], sat=[0.0,1.0], 122s
  [n20w80_003] n20w80_003 noLS 8/15: PF=500, cost=[4194,9569], sat=[2.0,12.0], 104s
  [n40w80_005] n40w80_005 HMOA 14/15: PF=500, cost=[5480,11643], sat=[15.0,17.6], 172s
  [n20w80_004] n20w80_004 noLS 4/15: PF=500, cost=[4014,9267], sat=[7.1,16.2], 122s
  [n60w80_005] n60w80_005 HMOA 7/15: PF=500, cost=[6141,15764], sat=[4.0,21.0], 492s
  [n40w80_004] n40w80_004 noLS 4/15: PF=500, cost=[5056,7363], sat=[1.6,5.0], 151s
  [n20w80_002] n20w80_002 noLS 4/15: PF=500, cost=[4368,5804], sat=[3.0,7.0], 122s
  [n60w80_002] n60w80_002 HMOA 11/15: PF=500, cost=[6067,7058], sat=[2.6,5.8], 227s
  [n20w80_005] n20w80_005 noLS 4/15: PF=500, cost=[3931,6048], sat=[1.0,13.4], 112s
  [n20w80_001] n20w80_001 noLS 7/15: PF=500, cost=[4194,8147], sat=[1.0,10.0], 107s
  [n20w80_003] n20w80_003 noLS 9/15: PF=500, cost=[4239,7249], sat=[2.0,9.0], 97s
  [n40w80_001] n40w80_001 noLS 5/15: PF=500, cost=[6979,9079], sat=[1.0,5.0], 145s
  [n60w80_003] n60w80_003 HMOA 10/15: PF=500, cost=[6487,10338], sat=[0.8,16.0], 344s
  [n40w80_003] n40w80_003 noLS 11/15: PF=500, cost=[5131,6792], sat=[0.0,1.0], 127s
  [n20w80_004] n20w80_004 noLS 5/15: PF=500, cost=[4014,8444], sat=[7.1,13.6], 121s
  [n40w80_002] n40w80_002 HMOA 15/15: PF=500, cost=[5154,10290], sat=[5.4,13.0], 244s
  [n60w80_001] n60w80_001 HMOA 11/15: PF=500, cost=[6230,9762], sat=[9.2,15.0], 286s
  [n40w80_004] n40w80_004 noLS 5/15: PF=500, cost=[4813,6015], sat=[0.0,4.0], 148s
  [n20w80_002] n20w80_002 noLS 5/15: PF=500, cost=[4405,8197], sat=[3.0,8.0], 123s
  [n20w80_003] n20w80_003 noLS 10/15: PF=500, cost=[4239,8543], sat=[2.0,11.0], 101s
  [n20w80_005] n20w80_005 noLS 5/15: PF=500, cost=[3931,6084], sat=[1.0,16.0], 113s
  [n20w80_001] n20w80_001 noLS 8/15: PF=500, cost=[4161,7856], sat=[1.0,14.0], 114s
  [n40w80_005] n40w80_005 HMOA 15/15: PF=500, cost=[5367,5602], sat=[10.4,18.5], 181s
  [n40w80_003] n40w80_003 noLS 12/15: PF=500, cost=[5152,6640], sat=[0.0,1.0], 128s
  [n40w80_001] n40w80_001 noLS 6/15: PF=500, cost=[7100,9316], sat=[2.0,6.0], 143s
  [n60w80_004] n60w80_004 HMOA 10/15: PF=500, cost=[6861,15676], sat=[6.3,13.6], 272s
  [n20w80_004] n20w80_004 noLS 6/15: PF=500, cost=[4014,6050], sat=[7.1,12.2], 118s
  [n20w80_003] n20w80_003 noLS 11/15: PF=500, cost=[4400,4951], sat=[1.0,6.4], 104s
  [n20w80_005] n20w80_005 noLS 6/15: PF=500, cost=[3907,7647], sat=[1.0,13.3], 115s
  [n40w80_002] n40w80_002 noLS 1/15: PF=500, cost=[5323,7670], sat=[2.0,13.0], 154s
  [n20w80_002] n20w80_002 noLS 6/15: PF=500, cost=[4328,5599], sat=[3.0,7.0], 123s
  [n20w80_001] n20w80_001 noLS 9/15: PF=500, cost=[4393,7931], sat=[5.9,14.0], 125s
  [n40w80_004] n40w80_004 noLS 6/15: PF=500, cost=[5146,7246], sat=[1.0,6.0], 146s
  [n40w80_003] n40w80_003 noLS 13/15: PF=500, cost=[5092,5092], sat=[0.0,0.0], 97s
  [n40w80_005] n40w80_005 noLS 1/15: PF=500, cost=[5532,10783], sat=[9.2,20.8], 165s
  [n60w80_003] n60w80_003 HMOA 11/15: PF=500, cost=[6812,12112], sat=[0.0,17.0], 258s
  [n20w80_004] n20w80_004 noLS 7/15: PF=500, cost=[4014,5457], sat=[7.1,10.9], 120s
  [n60w80_002] n60w80_002 HMOA 12/15: PF=500, cost=[6272,9317], sat=[2.6,8.0], 316s
  [n40w80_001] n40w80_001 noLS 7/15: PF=500, cost=[6604,9826], sat=[2.0,7.0], 145s
  [n20w80_003] n20w80_003 noLS 12/15: PF=500, cost=[4371,7070], sat=[4.0,9.0], 109s
  [n20w80_005] n20w80_005 noLS 7/15: PF=500, cost=[3887,5662], sat=[1.0,12.0], 110s
  [n60w80_001] n60w80_001 HMOA 12/15: PF=500, cost=[6132,11630], sat=[10.2,14.8], 237s
  [n20w80_001] n20w80_001 noLS 10/15: PF=500, cost=[4161,6740], sat=[1.0,12.7], 112s
  [n20w80_002] n20w80_002 noLS 7/15: PF=500, cost=[4326,8997], sat=[3.0,8.2], 123s
  [n40w80_003] n40w80_003 noLS 14/15: PF=500, cost=[5105,5105], sat=[0.0,0.0], 101s
  [n40w80_002] n40w80_002 noLS 2/15: PF=500, cost=[5239,9059], sat=[6.0,14.2], 150s
  [n40w80_004] n40w80_004 noLS 7/15: PF=500, cost=[4903,11467], sat=[0.0,6.0], 148s
  [n20w80_004] n20w80_004 noLS 8/15: PF=500, cost=[4114,6152], sat=[7.1,11.0], 118s
  [n20w80_003] n20w80_003 noLS 13/15: PF=500, cost=[4572,7072], sat=[1.0,8.0], 103s
  [n40w80_001] n40w80_001 noLS 8/15: PF=500, cost=[6967,7333], sat=[5.0,6.0], 120s
  [n20w80_005] n20w80_005 noLS 8/15: PF=500, cost=[3896,7062], sat=[1.0,12.0], 107s
  [n40w80_005] n40w80_005 noLS 2/15: PF=500, cost=[5672,6911], sat=[8.6,17.7], 166s
  [n20w80_001] n20w80_001 noLS 11/15: PF=500, cost=[4361,8446], sat=[2.0,11.0], 113s
  [n20w80_002] n20w80_002 noLS 8/15: PF=500, cost=[4289,9617], sat=[3.0,7.5], 122s
  [n40w80_003] n40w80_003 noLS 15/15: PF=500, cost=[5111,7834], sat=[0.0,1.0], 121s
  [n40w80_003] DONE n40w80_003: C(H,N)=1.0000, C(N,H)=0.0000
[11:57:52] DONE n40w80_003 (1/20): C(H,N)=1.0000, C(N,H)=0.0000, T(H)=99s, T(N)=117s, elapsed=3246s
  [n20w80_003] n20w80_003 noLS 14/15: PF=500, cost=[4239,7483], sat=[2.0,11.0], 104s
  [n40w80_004] n40w80_004 noLS 8/15: PF=500, cost=[5036,7264], sat=[1.0,6.0], 136s
  [n20w80_004] n20w80_004 noLS 9/15: PF=500, cost=[4148,8194], sat=[7.1,12.0], 119s
  [n40w80_002] n40w80_002 noLS 3/15: PF=500, cost=[5367,7847], sat=[6.1,14.0], 162s
  [n20w80_005] n20w80_005 noLS 9/15: PF=500, cost=[3885,6404], sat=[1.0,14.4], 114s
  [n60w80_002] n60w80_002 HMOA 13/15: PF=500, cost=[6329,6711], sat=[3.6,5.8], 260s
  [n40w80_001] n40w80_001 noLS 9/15: PF=500, cost=[7073,9713], sat=[4.0,6.9], 138s
  [n60w80_003] n60w80_003 HMOA 12/15: PF=500, cost=[6670,9395], sat=[0.0,20.0], 290s
  [n20w80_001] n20w80_001 noLS 12/15: PF=500, cost=[4194,9823], sat=[1.0,12.0], 111s
  [n60w80_001] n60w80_001 HMOA 13/15: PF=500, cost=[6182,8168], sat=[10.0,16.0], 246s
  [n60w80_004] n60w80_004 HMOA 11/15: PF=500, cost=[7064,9037], sat=[2.7,13.0], 416s
  [n20w80_002] n20w80_002 noLS 9/15: PF=500, cost=[4326,10667], sat=[3.0,10.9], 129s
  [n40w80_005] n40w80_005 noLS 3/15: PF=500, cost=[5537,7023], sat=[4.2,18.0], 166s
  [n20w80_003] n20w80_003 noLS 15/15: PF=500, cost=[4371,6283], sat=[4.0,9.0], 108s
  [n20w80_003] DONE n20w80_003: C(H,N)=0.7939, C(N,H)=0.1365
[12:00:29] DONE n20w80_003 (2/20): C(H,N)=0.7939, C(N,H)=0.1365, T(H)=123s, T(N)=103s, elapsed=3403s
  [n20w80_004] n20w80_004 noLS 10/15: PF=500, cost=[4148,5501], sat=[7.1,10.9], 120s
  [n60w80_005] n60w80_005 HMOA 8/15: PF=500, cost=[6071,13305], sat=[5.0,21.8], 727s
  [n20w80_005] n20w80_005 noLS 10/15: PF=500, cost=[3887,5965], sat=[1.0,14.0], 114s
  [n40w80_001] n40w80_001 noLS 10/15: PF=500, cost=[6961,6961], sat=[6.0,6.0], 106s
  [n40w80_004] n40w80_004 noLS 9/15: PF=500, cost=[4832,7354], sat=[1.0,6.0], 140s
  [n20w80_001] n20w80_001 noLS 13/15: PF=500, cost=[4361,6374], sat=[2.0,12.0], 109s
  [n40w80_002] n40w80_002 noLS 4/15: PF=500, cost=[5376,6614], sat=[3.0,14.0], 152s
  [n20w80_002] n20w80_002 noLS 10/15: PF=500, cost=[4368,7956], sat=[3.0,8.0], 127s
  [n80w80_001] n80w80_001 HMOA 1/15: PF=500, cost=[7123,8461], sat=[5.0,10.3], 250s
  [n40w80_005] n40w80_005 noLS 4/15: PF=500, cost=[5565,7479], sat=[8.6,18.0], 168s
  [n20w80_004] n20w80_004 noLS 11/15: PF=500, cost=[4148,8969], sat=[7.1,15.6], 126s
  [n20w80_005] n20w80_005 noLS 11/15: PF=500, cost=[3952,6163], sat=[1.0,17.0], 115s
  [n20w80_001] n20w80_001 noLS 14/15: PF=500, cost=[4385,6907], sat=[2.0,12.0], 112s
  [n40w80_004] n40w80_004 noLS 10/15: PF=500, cost=[5031,7152], sat=[1.0,5.0], 145s
  [n40w80_001] n40w80_001 noLS 11/15: PF=500, cost=[6622,9578], sat=[1.0,6.0], 148s
  [n60w80_001] n60w80_001 HMOA 14/15: PF=500, cost=[6132,9123], sat=[10.9,15.0], 264s
  [n20w80_002] n20w80_002 noLS 11/15: PF=500, cost=[4328,7877], sat=[3.0,8.8], 127s
  [n40w80_002] n40w80_002 noLS 5/15: PF=500, cost=[5625,10279], sat=[3.3,14.7], 169s
  [n60w80_002] n60w80_002 HMOA 14/15: PF=500, cost=[6392,7553], sat=[3.6,7.0], 310s
  [n60w80_003] n60w80_003 HMOA 13/15: PF=500, cost=[6833,11396], sat=[8.0,18.0], 313s
  [n20w80_005] n20w80_005 noLS 12/15: PF=500, cost=[3931,6320], sat=[1.0,12.6], 118s
  [n20w80_004] n20w80_004 noLS 12/15: PF=500, cost=[4114,9662], sat=[7.1,13.9], 127s
  [n20w80_001] n20w80_001 noLS 15/15: PF=500, cost=[4361,8243], sat=[2.0,11.9], 116s
  [n20w80_001] DONE n20w80_001: C(H,N)=0.9891, C(N,H)=0.0061
[12:05:03] DONE n20w80_001 (3/20): C(H,N)=0.9891, C(N,H)=0.0061, T(H)=133s, T(N)=112s, elapsed=3678s
  [n40w80_005] n40w80_005 noLS 5/15: PF=500, cost=[5516,10100], sat=[9.6,19.9], 168s
  [n40w80_001] n40w80_001 noLS 12/15: PF=500, cost=[6582,7479], sat=[1.0,6.0], 143s
  [n80w80_001] n80w80_001 HMOA 2/15: PF=500, cost=[7120,10637], sat=[4.0,17.8], 235s
  [n40w80_004] n40w80_004 noLS 11/15: PF=500, cost=[5043,8583], sat=[0.0,5.0], 152s
  [n60w80_004] n60w80_004 HMOA 12/15: PF=500, cost=[6885,12063], sat=[1.7,18.0], 389s
  [n20w80_002] n20w80_002 noLS 12/15: PF=500, cost=[4367,8223], sat=[3.0,6.6], 128s
  [n20w80_005] n20w80_005 noLS 13/15: PF=500, cost=[3907,6162], sat=[1.0,17.0], 118s
  [n40w80_002] n40w80_002 noLS 6/15: PF=500, cost=[5289,6236], sat=[5.3,12.0], 166s
  [n20w80_004] n20w80_004 noLS 13/15: PF=500, cost=[4014,5457], sat=[7.1,10.9], 122s
  [n60w80_005] n60w80_005 HMOA 9/15: PF=500, cost=[6148,14637], sat=[6.0,20.8], 372s
  [n20w80_002] n20w80_002 noLS 13/15: PF=500, cost=[4469,8944], sat=[2.0,7.6], 119s
  [n80w80_002] n80w80_002 HMOA 1/15: PF=500, cost=[8688,11965], sat=[7.1,19.4], 468s
  [n40w80_004] n40w80_004 noLS 12/15: PF=500, cost=[4971,6172], sat=[1.0,4.0], 146s
  [n40w80_005] n40w80_005 noLS 6/15: PF=500, cost=[5521,7224], sat=[11.4,19.0], 170s
  [n40w80_001] n40w80_001 noLS 13/15: PF=500, cost=[7102,8844], sat=[2.0,7.0], 156s
  [n20w80_005] n20w80_005 noLS 14/15: PF=500, cost=[3908,7039], sat=[1.0,12.1], 113s
  [n60w80_002] n60w80_002 HMOA 15/15: PF=500, cost=[6351,9014], sat=[3.6,7.7], 273s
  [n60w80_001] n60w80_001 HMOA 15/15: PF=500, cost=[6388,9849], sat=[9.1,14.0], 302s
  [n20w80_004] n20w80_004 noLS 14/15: PF=500, cost=[4014,5989], sat=[7.1,11.0], 122s
  [n40w80_002] n40w80_002 noLS 7/15: PF=500, cost=[5051,9410], sat=[6.0,15.0], 157s
  [n60w80_003] n60w80_003 HMOA 14/15: PF=500, cost=[6499,9869], sat=[1.0,19.6], 332s
  [n20w80_002] n20w80_002 noLS 14/15: PF=500, cost=[4328,8036], sat=[3.0,8.5], 122s
  [n80w80_003] n80w80_003 HMOA 1/15: PF=500, cost=[6870,11634], sat=[5.0,22.9], 323s
  [n20w80_005] n20w80_005 noLS 15/15: PF=500, cost=[3939,6914], sat=[1.0,16.5], 123s
  [n20w80_005] DONE n20w80_005: C(H,N)=0.5275, C(N,H)=0.4600
[12:10:49] DONE n20w80_005 (4/20): C(H,N)=0.5275, C(N,H)=0.4600, T(H)=154s, T(N)=114s, elapsed=4023s
  [n40w80_004] n40w80_004 noLS 13/15: PF=500, cost=[4993,9206], sat=[1.0,6.0], 145s
  [n40w80_001] n40w80_001 noLS 14/15: PF=500, cost=[6875,10586], sat=[1.0,7.0], 147s
  [n20w80_004] n20w80_004 noLS 15/15: PF=500, cost=[4014,6046], sat=[7.1,11.0], 123s
  [n20w80_004] DONE n20w80_004: C(H,N)=0.9901, C(N,H)=0.0008
[12:11:07] DONE n20w80_004 (5/20): C(H,N)=0.9901, C(N,H)=0.0008, T(H)=148s, T(N)=121s, elapsed=4041s
  [n40w80_005] n40w80_005 noLS 7/15: PF=500, cost=[5532,13188], sat=[9.6,18.1], 165s
  [n20w80_002] n20w80_002 noLS 15/15: PF=500, cost=[4368,8117], sat=[3.0,8.0], 127s
  [n20w80_002] DONE n20w80_002: C(H,N)=0.9968, C(N,H)=0.0024
[12:12:25] DONE n20w80_002 (6/20): C(H,N)=0.9968, C(N,H)=0.0024, T(H)=152s, T(N)=123s, elapsed=4119s
  [n40w80_002] n40w80_002 noLS 8/15: PF=500, cost=[5334,6433], sat=[5.4,12.0], 173s
  [n60w80_002] n60w80_002 noLS 1/15: PF=500, cost=[6518,7436], sat=[0.6,6.8], 207s
  [n60w80_004] n60w80_004 HMOA 13/15: PF=500, cost=[6932,14327], sat=[9.0,18.2], 380s
  [n60w80_001] n60w80_001 noLS 1/15: PF=500, cost=[6717,11976], sat=[6.5,14.0], 215s
  [n40w80_004] n40w80_004 noLS 14/15: PF=500, cost=[4919,11217], sat=[1.0,6.0], 145s
  [n40w80_001] n40w80_001 noLS 15/15: PF=500, cost=[7111,12090], sat=[2.0,7.0], 150s
  [n40w80_001] DONE n40w80_001: C(H,N)=0.8685, C(N,H)=0.0661
[12:13:27] DONE n40w80_001 (7/20): C(H,N)=0.8685, C(N,H)=0.0661, T(H)=138s, T(N)=140s, elapsed=4182s
  [n60w80_005] n60w80_005 HMOA 10/15: PF=500, cost=[6418,11159], sat=[1.0,16.0], 379s
  [n40w80_005] n40w80_005 noLS 8/15: PF=500, cost=[5490,12730], sat=[8.6,19.2], 162s
  [n80w80_004] n80w80_004 HMOA 1/15: PF=500, cost=[6944,11624], sat=[8.0,28.0], 234s
  [n40w80_002] n40w80_002 noLS 9/15: PF=500, cost=[5408,7315], sat=[7.0,14.0], 141s
  [n60w80_003] n60w80_003 HMOA 15/15: PF=500, cost=[6476,11869], sat=[1.0,20.0], 280s
  [n60w80_002] n60w80_002 noLS 2/15: PF=500, cost=[6484,7507], sat=[3.6,6.7], 180s
  [n40w80_004] n40w80_004 noLS 15/15: PF=500, cost=[5098,7315], sat=[2.0,5.0], 131s
  [n40w80_004] DONE n40w80_004: C(H,N)=0.6035, C(N,H)=0.2661
[12:15:27] DONE n40w80_004 (8/20): C(H,N)=0.6035, C(N,H)=0.2661, T(H)=144s, T(N)=143s, elapsed=4302s
  [n60w80_001] n60w80_001 noLS 2/15: PF=500, cost=[6321,15413], sat=[7.0,17.6], 184s
  [n80w80_001] n80w80_001 HMOA 3/15: PF=500, cost=[7754,15867], sat=[4.0,14.3], 592s
  [n80w80_002] n80w80_002 HMOA 2/15: PF=500, cost=[7798,16596], sat=[12.3,26.0], 463s
  [n40w80_005] n40w80_005 noLS 9/15: PF=500, cost=[5519,7810], sat=[6.4,18.1], 149s
  [n60w80_004] n60w80_004 HMOA 14/15: PF=500, cost=[6920,10460], sat=[0.0,14.1], 261s
  [n40w80_002] n40w80_002 noLS 10/15: PF=500, cost=[5398,8358], sat=[6.1,14.0], 143s
  [n60w80_003] n60w80_003 noLS 1/15: PF=500, cost=[7102,9308], sat=[0.0,19.1], 175s
  [n60w80_002] n60w80_002 noLS 3/15: PF=500, cost=[6294,6779], sat=[3.6,6.7], 171s
  [n80w80_004] n80w80_004 HMOA 2/15: PF=500, cost=[7009,11213], sat=[12.0,30.7], 216s
  [n60w80_001] n60w80_001 noLS 3/15: PF=500, cost=[6615,16824], sat=[3.0,19.6], 181s
  [n40w80_005] n40w80_005 noLS 10/15: PF=500, cost=[5550,10137], sat=[6.5,18.7], 156s
  [n80w80_005] n80w80_005 HMOA 1/15: PF=500, cost=[8393,12637], sat=[13.3,30.0], 479s
  [n40w80_002] n40w80_002 noLS 11/15: PF=500, cost=[5423,7483], sat=[6.1,15.0], 143s
  [n80w80_003] n80w80_003 HMOA 2/15: PF=500, cost=[7458,14622], sat=[7.0,24.9], 549s
  [n60w80_005] n60w80_005 HMOA 11/15: PF=500, cost=[6122,17406], sat=[1.0,21.7], 415s
  [n60w80_004] n60w80_004 HMOA 15/15: PF=500, cost=[6973,9991], sat=[3.0,16.0], 226s
  [n60w80_003] n60w80_003 noLS 2/15: PF=500, cost=[6783,11665], sat=[0.0,18.3], 171s
  [n80w80_001] n80w80_001 HMOA 4/15: PF=500, cost=[7289,11295], sat=[4.0,17.0], 289s
  [n60w80_002] n60w80_002 noLS 4/15: PF=500, cost=[6503,7890], sat=[2.6,6.7], 165s
  [n40w80_005] n40w80_005 noLS 11/15: PF=500, cost=[5457,6956], sat=[6.5,17.5], 140s
  [n60w80_001] n60w80_001 noLS 4/15: PF=500, cost=[6477,13465], sat=[3.0,17.0], 175s
  [n40w80_002] n40w80_002 noLS 12/15: PF=500, cost=[5277,10342], sat=[7.0,15.0], 127s
  [n80w80_004] n80w80_004 HMOA 3/15: PF=500, cost=[6684,10420], sat=[9.0,38.6], 227s
  [n60w80_004] n60w80_004 noLS 1/15: PF=500, cost=[7066,9258], sat=[1.0,13.0], 155s
  [n60w80_003] n60w80_003 noLS 3/15: PF=500, cost=[7235,11666], sat=[3.0,17.0], 166s
  [n40w80_002] n40w80_002 noLS 13/15: PF=500, cost=[5166,6403], sat=[7.0,12.0], 122s
  [n80w80_001] n80w80_001 HMOA 5/15: PF=500, cost=[7258,10948], sat=[9.0,12.8], 187s
  [n40w80_005] n40w80_005 noLS 12/15: PF=500, cost=[5520,8764], sat=[5.2,16.2], 144s
  [n60w80_002] n60w80_002 noLS 5/15: PF=500, cost=[6405,7563], sat=[1.6,6.7], 168s
  [n80w80_005] n80w80_005 HMOA 2/15: PF=500, cost=[7387,11471], sat=[15.1,29.9], 306s
  [n60w80_001] n60w80_001 noLS 5/15: PF=500, cost=[6588,9670], sat=[3.8,14.6], 169s
  [n80w80_003] n80w80_003 HMOA 3/15: PF=500, cost=[7731,11549], sat=[6.0,20.7], 302s
  [n80w80_004] n80w80_004 HMOA 4/15: PF=500, cost=[7530,9233], sat=[9.0,23.0], 172s
  [n60w80_004] n60w80_004 noLS 2/15: PF=500, cost=[7058,12067], sat=[2.0,14.0], 163s
  [n40w80_002] n40w80_002 noLS 14/15: PF=500, cost=[5300,8324], sat=[5.0,14.5], 137s
  [n40w80_005] n40w80_005 noLS 13/15: PF=500, cost=[5476,6955], sat=[8.4,18.0], 137s
  [n60w80_003] n60w80_003 noLS 4/15: PF=500, cost=[6748,11595], sat=[0.0,18.9], 173s
  [n80w80_002] n80w80_002 HMOA 3/15: PF=500, cost=[7667,15823], sat=[5.0,28.1], 620s
  [n60w80_002] n60w80_002 noLS 6/15: PF=500, cost=[6410,7267], sat=[2.6,6.9], 161s
  [n60w80_001] n60w80_001 noLS 6/15: PF=500, cost=[6490,13698], sat=[3.0,19.2], 160s
  [n80w80_005] n80w80_005 HMOA 3/15: PF=500, cost=[7602,9980], sat=[15.1,20.1], 204s
  [n60w80_005] n60w80_005 HMOA 12/15: PF=500, cost=[6469,16856], sat=[5.0,24.0], 472s
  [n40w80_002] n40w80_002 noLS 15/15: PF=500, cost=[5306,6858], sat=[4.1,13.0], 136s
  [n40w80_002] DONE n40w80_002: C(H,N)=0.9299, C(N,H)=0.0507
[12:28:16] DONE n40w80_002 (9/20): C(H,N)=0.9299, C(N,H)=0.0507, T(H)=189s, T(N)=149s, elapsed=5071s
  [n40w80_005] n40w80_005 noLS 14/15: PF=500, cost=[5581,9503], sat=[6.4,17.5], 137s
  [n80w80_004] n80w80_004 HMOA 5/15: PF=500, cost=[6605,8148], sat=[23.4,28.7], 204s
  [n80w80_003] n80w80_003 HMOA 4/15: PF=500, cost=[6864,7949], sat=[6.0,22.6], 240s
  [n60w80_004] n60w80_004 noLS 3/15: PF=500, cost=[7100,9674], sat=[1.0,14.7], 166s
  [n80w80_001] n80w80_001 HMOA 6/15: PF=500, cost=[7090,13486], sat=[4.0,13.0], 305s
  [n60w80_003] n60w80_003 noLS 5/15: PF=500, cost=[7293,10665], sat=[0.0,18.5], 158s
  [n60w80_002] n60w80_002 noLS 7/15: PF=500, cost=[6645,7380], sat=[3.7,6.0], 154s
  [n60w80_001] n60w80_001 noLS 7/15: PF=500, cost=[6763,13484], sat=[3.0,17.8], 162s
  [n40w80_005] n40w80_005 noLS 15/15: PF=500, cost=[5437,7943], sat=[8.4,20.0], 128s
  [n40w80_005] DONE n40w80_005: C(H,N)=0.9328, C(N,H)=0.0032
[12:30:28] DONE n40w80_005 (10/20): C(H,N)=0.9328, C(N,H)=0.0032, T(H)=192s, T(N)=155s, elapsed=5203s
  [n60w80_003] n60w80_003 noLS 6/15: PF=500, cost=[6888,9133], sat=[0.0,15.0], 143s
  [n60w80_004] n60w80_004 noLS 4/15: PF=500, cost=[7039,11886], sat=[2.6,16.8], 163s
  [n60w80_002] n60w80_002 noLS 8/15: PF=500, cost=[6489,7986], sat=[2.6,6.7], 150s
  [n80w80_002] n80w80_002 HMOA 4/15: PF=500, cost=[7902,13193], sat=[2.0,23.8], 315s
  [n80w80_005] n80w80_005 HMOA 4/15: PF=500, cost=[8104,10630], sat=[9.9,25.8], 243s
  [n60w80_001] n60w80_001 noLS 8/15: PF=500, cost=[6681,9631], sat=[3.0,15.0], 142s
  [n80w80_001] n80w80_001 HMOA 7/15: PF=500, cost=[7750,13068], sat=[5.0,15.0], 259s
  [n60w80_003] n60w80_003 noLS 7/15: PF=500, cost=[6826,13891], sat=[0.0,18.3], 151s
  [n60w80_004] n60w80_004 noLS 5/15: PF=500, cost=[7063,10943], sat=[3.4,17.0], 150s
  [n60w80_002] n60w80_002 noLS 9/15: PF=500, cost=[6525,8672], sat=[2.6,8.8], 152s
  [n60w80_001] n60w80_001 noLS 9/15: PF=500, cost=[6611,9711], sat=[9.0,17.0], 140s
  [n60w80_005] n60w80_005 HMOA 13/15: PF=500, cost=[6001,14610], sat=[5.0,24.0], 378s
  [n80w80_005] n80w80_005 HMOA 5/15: PF=500, cost=[7280,8938], sat=[22.9,25.0], 210s
  [n80w80_003] n80w80_003 HMOA 5/15: PF=500, cost=[7383,15280], sat=[7.0,22.3], 397s
  [n60w80_003] n60w80_003 noLS 8/15: PF=500, cost=[7458,10155], sat=[4.0,18.0], 149s
  [n60w80_004] n60w80_004 noLS 6/15: PF=500, cost=[7025,10503], sat=[3.0,12.0], 150s
  [n60w80_002] n60w80_002 noLS 10/15: PF=500, cost=[6550,8514], sat=[3.6,5.7], 157s
  [n60w80_001] n60w80_001 noLS 10/15: PF=500, cost=[6699,9987], sat=[6.0,13.7], 152s
  [n80w80_001] n80w80_001 HMOA 8/15: PF=500, cost=[7339,15730], sat=[4.0,11.0], 254s
  [n80w80_004] n80w80_004 HMOA 6/15: PF=500, cost=[6621,13371], sat=[27.1,43.5], 556s
  [n60w80_004] n60w80_004 noLS 7/15: PF=500, cost=[7135,10378], sat=[2.0,13.0], 152s
  [n60w80_003] n60w80_003 noLS 9/15: PF=500, cost=[7049,13202], sat=[0.0,19.3], 161s
  [n80w80_002] n80w80_002 HMOA 5/15: PF=500, cost=[7729,13939], sat=[7.3,27.0], 452s
  [n60w80_005] n60w80_005 HMOA 14/15: PF=500, cost=[6177,15672], sat=[1.0,18.0], 281s
  [n60w80_002] n60w80_002 noLS 11/15: PF=500, cost=[6550,7268], sat=[3.6,6.8], 157s
  [n60w80_001] n60w80_001 noLS 11/15: PF=500, cost=[6604,9446], sat=[7.0,13.0], 148s
  [n80w80_005] n80w80_005 HMOA 6/15: PF=500, cost=[7003,11841], sat=[19.0,28.3], 322s
  [n60w80_003] n60w80_003 noLS 10/15: PF=500, cost=[7052,17962], sat=[0.0,18.0], 151s
  [n60w80_004] n60w80_004 noLS 8/15: PF=500, cost=[6965,12374], sat=[1.0,17.0], 168s
  [n60w80_002] n60w80_002 noLS 12/15: PF=500, cost=[6347,6577], sat=[4.7,5.9], 151s
  [n60w80_001] n60w80_001 noLS 12/15: PF=500, cost=[6680,10313], sat=[3.9,19.0], 166s
  [n80w80_003] n80w80_003 HMOA 6/15: PF=500, cost=[7112,9761], sat=[9.6,20.3], 465s
  [n80w80_004] n80w80_004 HMOA 7/15: PF=500, cost=[6294,10876], sat=[16.0,27.2], 338s
  [n80w80_001] n80w80_001 HMOA 9/15: PF=500, cost=[7387,12786], sat=[4.0,12.0], 371s
  [n80w80_002] n80w80_002 HMOA 6/15: PF=500, cost=[7779,12312], sat=[4.0,29.5], 277s
  [n60w80_003] n60w80_003 noLS 11/15: PF=500, cost=[6848,11110], sat=[0.0,16.5], 146s
  [n60w80_004] n60w80_004 noLS 9/15: PF=500, cost=[7160,10907], sat=[2.0,13.8], 149s
  [n60w80_002] n60w80_002 noLS 13/15: PF=500, cost=[6367,9564], sat=[2.6,7.4], 156s
  [n80w80_005] n80w80_005 HMOA 7/15: PF=500, cost=[7435,11061], sat=[5.0,25.0], 246s
  [n60w80_001] n60w80_001 noLS 13/15: PF=500, cost=[6558,10713], sat=[3.0,13.0], 161s
  [n60w80_003] n60w80_003 noLS 12/15: PF=500, cost=[7007,17100], sat=[0.0,18.5], 155s
  [n80w80_001] n80w80_001 HMOA 10/15: PF=421, cost=[7279,11069], sat=[4.0,14.0], 206s
  [n60w80_004] n60w80_004 noLS 10/15: PF=500, cost=[7118,11860], sat=[1.6,14.0], 174s
  [n60w80_005] n60w80_005 HMOA 15/15: PF=500, cost=[6028,16318], sat=[5.0,21.0], 475s
  [n60w80_002] n60w80_002 noLS 14/15: PF=500, cost=[6430,8476], sat=[2.6,7.8], 161s
  [n60w80_001] n60w80_001 noLS 14/15: PF=500, cost=[6840,10960], sat=[3.0,16.5], 153s
  [n80w80_002] n80w80_002 HMOA 7/15: PF=500, cost=[7969,11874], sat=[12.2,22.0], 250s
  [n80w80_005] n80w80_005 HMOA 8/15: PF=500, cost=[6579,9131], sat=[15.0,32.8], 247s
  [n60w80_003] n60w80_003 noLS 13/15: PF=500, cost=[7111,8812], sat=[0.0,15.6], 153s
  [n80w80_004] n80w80_004 HMOA 8/15: PF=500, cost=[6843,10775], sat=[10.0,28.1], 366s
  [n80w80_003] n80w80_003 HMOA 7/15: PF=500, cost=[7158,14571], sat=[2.0,22.0], 396s
  [n60w80_004] n60w80_004 noLS 11/15: PF=500, cost=[6977,11561], sat=[2.7,16.0], 164s
  [n60w80_002] n60w80_002 noLS 15/15: PF=500, cost=[6582,7934], sat=[3.6,7.8], 162s
  [n60w80_002] DONE n60w80_002: C(H,N)=0.9227, C(N,H)=0.0067
[12:49:52] DONE n60w80_002 (11/20): C(H,N)=0.9227, C(N,H)=0.0067, T(H)=261s, T(N)=164s, elapsed=6367s
  [n60w80_005] n60w80_005 noLS 1/15: PF=500, cost=[6379,13864], sat=[0.0,21.8], 172s
  [n60w80_001] n60w80_001 noLS 15/15: PF=500, cost=[6792,14418], sat=[7.0,18.4], 160s
  [n60w80_001] DONE n60w80_001: C(H,N)=0.8027, C(N,H)=0.0035
[12:50:08] DONE n60w80_001 (12/20): C(H,N)=0.8027, C(N,H)=0.0035, T(H)=261s, T(N)=164s, elapsed=6382s
  [n80w80_001] n80w80_001 HMOA 11/15: PF=500, cost=[7449,10858], sat=[5.0,15.3], 260s
  [n60w80_003] n60w80_003 noLS 14/15: PF=500, cost=[6723,13256], sat=[0.0,18.0], 145s
  [n60w80_004] n60w80_004 noLS 12/15: PF=500, cost=[7041,10262], sat=[2.7,17.5], 149s
  [n60w80_005] n60w80_005 noLS 2/15: PF=500, cost=[6233,14448], sat=[1.5,19.8], 153s
  [n80w80_002] n80w80_002 HMOA 8/15: PF=500, cost=[8249,17377], sat=[13.3,25.0], 297s
  [n60w80_003] n60w80_003 noLS 15/15: PF=500, cost=[7413,9003], sat=[2.0,13.0], 126s
  [n60w80_003] DONE n60w80_003: C(H,N)=0.9917, C(N,H)=0.0035
[12:53:33] DONE n60w80_003 (13/20): C(H,N)=0.9917, C(N,H)=0.0035, T(H)=284s, T(N)=155s, elapsed=6587s
  [n80w80_005] n80w80_005 HMOA 9/15: PF=500, cost=[7393,11985], sat=[7.0,20.0], 299s
  [n80w80_004] n80w80_004 HMOA 9/15: PF=500, cost=[6777,11672], sat=[10.0,45.6], 277s
  [n80w80_003] n80w80_003 HMOA 8/15: PF=500, cost=[7000,13719], sat=[9.6,25.2], 287s
  [n60w80_004] n60w80_004 noLS 13/15: PF=500, cost=[6997,10179], sat=[1.6,13.9], 145s
  [n60w80_005] n60w80_005 noLS 3/15: PF=500, cost=[6276,15992], sat=[3.0,17.0], 136s
  [n80w80_001] n80w80_001 HMOA 12/15: PF=500, cost=[7501,10643], sat=[3.0,19.0], 242s
  [n80w80_002] n80w80_002 HMOA 9/15: PF=500, cost=[7277,10207], sat=[5.0,16.0], 222s
  [n60w80_004] n60w80_004 noLS 14/15: PF=500, cost=[7000,11331], sat=[0.0,14.0], 125s
  [n60w80_005] n60w80_005 noLS 4/15: PF=500, cost=[6201,12087], sat=[2.0,13.0], 126s
  [n80w80_005] n80w80_005 HMOA 10/15: PF=500, cost=[6572,11107], sat=[6.9,18.0], 215s
  [n80w80_004] n80w80_004 HMOA 10/15: PF=500, cost=[5699,10936], sat=[17.0,42.8], 278s
  [n80w80_001] n80w80_001 HMOA 13/15: PF=500, cost=[7718,11357], sat=[1.0,18.7], 213s
  [n60w80_004] n60w80_004 noLS 15/15: PF=500, cost=[7027,10963], sat=[0.0,13.0], 132s
  [n60w80_004] DONE n60w80_004: C(H,N)=0.8664, C(N,H)=0.1296
[12:59:00] DONE n60w80_004 (14/20): C(H,N)=0.8664, C(N,H)=0.1296, T(H)=307s, T(N)=154s, elapsed=6915s
  [n60w80_005] n60w80_005 noLS 5/15: PF=500, cost=[6434,16585], sat=[1.0,20.8], 135s
  [n80w80_003] n80w80_003 HMOA 9/15: PF=500, cost=[7342,13810], sat=[6.0,22.7], 348s
  [n80w80_005] n80w80_005 HMOA 11/15: PF=500, cost=[7446,9954], sat=[8.8,24.8], 200s
  [n60w80_005] n60w80_005 noLS 6/15: PF=500, cost=[6024,14890], sat=[1.0,20.0], 131s
  [n80w80_002] n80w80_002 HMOA 10/15: PF=500, cost=[8369,13290], sat=[4.0,17.0], 329s
  [n80w80_004] n80w80_004 HMOA 11/15: PF=500, cost=[6598,8441], sat=[19.1,22.4], 213s
  [n60w80_005] n60w80_005 noLS 7/15: PF=500, cost=[6392,13618], sat=[1.0,18.0], 125s
  [n80w80_001] n80w80_001 HMOA 14/15: PF=500, cost=[7358,13740], sat=[4.0,15.0], 275s
  [n80w80_005] n80w80_005 HMOA 12/15: PF=500, cost=[7856,11635], sat=[6.7,30.3], 250s
  [n80w80_003] n80w80_003 HMOA 10/15: PF=500, cost=[7321,14354], sat=[9.0,20.9], 291s
  [n60w80_005] n60w80_005 noLS 8/15: PF=500, cost=[6382,12643], sat=[1.0,26.1], 135s
  [n80w80_002] n80w80_002 HMOA 11/15: PF=500, cost=[7324,11658], sat=[6.4,28.3], 297s
  [n80w80_001] n80w80_001 HMOA 15/15: PF=500, cost=[7431,10691], sat=[4.0,16.0], 222s
  [n80w80_004] n80w80_004 HMOA 12/15: PF=500, cost=[5425,12767], sat=[17.0,36.0], 334s
  [n80w80_003] n80w80_003 HMOA 11/15: PF=500, cost=[7184,7903], sat=[9.5,16.7], 177s
  [n60w80_005] n60w80_005 noLS 9/15: PF=500, cost=[6335,14808], sat=[1.0,26.1], 138s
  [n80w80_005] n80w80_005 HMOA 13/15: PF=500, cost=[6310,12541], sat=[14.4,31.7], 246s
  [n80w80_001] n80w80_001 noLS 1/15: PF=500, cost=[7769,14348], sat=[1.0,10.6], 151s
  [n60w80_005] n60w80_005 noLS 10/15: PF=500, cost=[6346,17435], sat=[3.5,22.0], 133s
  [n80w80_004] n80w80_004 HMOA 13/15: PF=500, cost=[6342,11575], sat=[16.0,27.0], 187s
  [n80w80_005] n80w80_005 HMOA 14/15: PF=500, cost=[6484,9979], sat=[3.5,24.7], 190s
  [n80w80_001] n80w80_001 noLS 2/15: PF=500, cost=[7687,14304], sat=[3.0,11.0], 142s
  [n80w80_002] n80w80_002 HMOA 12/15: PF=500, cost=[7338,14402], sat=[13.0,28.4], 319s
  [n60w80_005] n60w80_005 noLS 11/15: PF=500, cost=[6080,14901], sat=[1.0,23.0], 125s
  [n80w80_001] n80w80_001 noLS 3/15: PF=500, cost=[7822,8592], sat=[0.0,9.0], 133s
  [n60w80_005] n60w80_005 noLS 12/15: PF=500, cost=[6443,15870], sat=[2.1,20.0], 126s
  [n80w80_004] n80w80_004 HMOA 14/15: PF=500, cost=[5334,13877], sat=[13.0,30.0], 223s
  [n80w80_003] n80w80_003 HMOA 12/15: PF=500, cost=[7418,16506], sat=[9.0,31.9], 500s
  [n60w80_005] n60w80_005 noLS 13/15: PF=500, cost=[6402,12680], sat=[3.0,17.2], 117s
  [n80w80_005] n80w80_005 HMOA 15/15: PF=500, cost=[8015,17147], sat=[15.4,25.4], 282s
  [n80w80_001] n80w80_001 noLS 4/15: PF=500, cost=[7666,12601], sat=[4.0,11.9], 148s
  [n80w80_004] n80w80_004 HMOA 15/15: PF=500, cost=[6454,8219], sat=[21.0,26.8], 201s
  [n60w80_005] n60w80_005 noLS 14/15: PF=500, cost=[6486,15475], sat=[2.0,15.2], 123s
  [n80w80_002] n80w80_002 HMOA 13/15: PF=500, cost=[8690,16689], sat=[3.0,24.0], 403s
  [n80w80_001] n80w80_001 noLS 5/15: PF=500, cost=[7735,13300], sat=[2.0,10.1], 141s
  [n80w80_005] n80w80_005 noLS 1/15: PF=500, cost=[8466,15011], sat=[6.0,21.4], 160s
  [n80w80_003] n80w80_003 HMOA 13/15: PF=500, cost=[7275,9384], sat=[13.8,24.3], 202s
  [n60w80_005] n60w80_005 noLS 15/15: PF=500, cost=[6354,17127], sat=[2.0,20.4], 123s
  [n60w80_005] DONE n60w80_005: C(H,N)=0.7744, C(N,H)=0.1504
[13:20:29] DONE n60w80_005 (15/20): C(H,N)=0.7744, C(N,H)=0.1504, T(H)=413s, T(N)=133s, elapsed=8203s
  [n80w80_004] n80w80_004 noLS 1/15: PF=500, cost=[7389,15941], sat=[0.0,31.0], 167s
  [n80w80_001] n80w80_001 noLS 6/15: PF=500, cost=[7391,14731], sat=[1.0,12.1], 143s
  [n80w80_005] n80w80_005 noLS 2/15: PF=500, cost=[8488,15564], sat=[3.0,23.2], 149s
  [n80w80_002] n80w80_002 HMOA 14/15: PF=500, cost=[7670,11770], sat=[13.0,26.0], 188s
  [n80w80_004] n80w80_004 noLS 2/15: PF=500, cost=[7309,10738], sat=[14.0,22.0], 128s
  [n80w80_003] n80w80_003 HMOA 14/15: PF=500, cost=[6506,14338], sat=[9.0,19.6], 208s
  [n80w80_001] n80w80_001 noLS 7/15: PF=500, cost=[7536,14781], sat=[3.0,12.0], 131s
  [n80w80_005] n80w80_005 noLS 3/15: PF=500, cost=[8267,14218], sat=[6.0,20.8], 140s
  [n80w80_004] n80w80_004 noLS 3/15: PF=500, cost=[7474,11808], sat=[5.0,26.3], 137s
  [n80w80_002] n80w80_002 HMOA 15/15: PF=500, cost=[7316,15100], sat=[6.0,19.0], 200s
  [n80w80_001] n80w80_001 noLS 8/15: PF=500, cost=[7574,14552], sat=[4.0,12.0], 131s
  [n80w80_005] n80w80_005 noLS 4/15: PF=500, cost=[8427,13280], sat=[4.4,27.0], 153s
  [n80w80_004] n80w80_004 noLS 4/15: PF=500, cost=[7692,13214], sat=[10.0,25.0], 136s
  [n80w80_002] n80w80_002 noLS 1/15: PF=500, cost=[8703,14056], sat=[5.0,18.0], 138s
  [n80w80_001] n80w80_001 noLS 9/15: PF=500, cost=[7316,16516], sat=[3.0,13.0], 137s
  [n80w80_003] n80w80_003 HMOA 15/15: PF=500, cost=[6922,16152], sat=[7.0,25.0], 327s
  [n80w80_005] n80w80_005 noLS 5/15: PF=500, cost=[8403,14010], sat=[4.0,18.9], 145s
  [n80w80_004] n80w80_004 noLS 5/15: PF=500, cost=[7238,12659], sat=[5.5,26.2], 145s
  [n80w80_002] n80w80_002 noLS 2/15: PF=500, cost=[8663,13075], sat=[4.4,18.0], 149s
  [n80w80_001] n80w80_001 noLS 10/15: PF=500, cost=[7487,14469], sat=[4.0,12.7], 138s
  [n80w80_003] n80w80_003 noLS 1/15: PF=500, cost=[7340,14321], sat=[9.2,22.0], 149s
  [n80w80_005] n80w80_005 noLS 6/15: PF=500, cost=[7800,14432], sat=[3.0,21.1], 153s
  [n80w80_004] n80w80_004 noLS 6/15: PF=500, cost=[7387,14346], sat=[4.0,31.6], 147s
  [n80w80_002] n80w80_002 noLS 3/15: PF=500, cost=[8851,11919], sat=[3.0,16.4], 142s
  [n80w80_001] n80w80_001 noLS 11/15: PF=500, cost=[7283,12878], sat=[1.0,12.0], 141s
  [n80w80_003] n80w80_003 noLS 2/15: PF=500, cost=[7654,11607], sat=[9.0,22.8], 142s
  [n80w80_005] n80w80_005 noLS 7/15: PF=500, cost=[9031,15265], sat=[4.3,25.2], 156s
  [n80w80_004] n80w80_004 noLS 7/15: PF=500, cost=[7830,15335], sat=[7.0,35.0], 157s
  [n80w80_001] n80w80_001 noLS 12/15: PF=500, cost=[7346,12549], sat=[1.0,12.0], 142s
  [n80w80_002] n80w80_002 noLS 4/15: PF=500, cost=[8244,19085], sat=[4.0,24.8], 155s
  [n80w80_003] n80w80_003 noLS 3/15: PF=500, cost=[7365,14386], sat=[8.3,25.4], 153s
  [n80w80_004] n80w80_004 noLS 8/15: PF=500, cost=[7327,11044], sat=[5.0,26.4], 141s
  [n80w80_005] n80w80_005 noLS 8/15: PF=500, cost=[8261,14032], sat=[3.7,22.9], 172s
  [n80w80_001] n80w80_001 noLS 13/15: PF=500, cost=[7254,12461], sat=[3.0,10.0], 135s
  [n80w80_002] n80w80_002 noLS 5/15: PF=500, cost=[8795,13732], sat=[5.8,20.8], 154s
  [n80w80_003] n80w80_003 noLS 4/15: PF=500, cost=[7460,12112], sat=[9.0,21.0], 133s
