======================================================================
  HMOA EXPERIMENT — pop=200, iter=500, kmax=5, drones=3, wbl=0.2
  Workers: 20  |  Pending: 20
  Started: 2026-07-08 00:08:30
======================================================================
  [n40w80_003] n40w80_003 HMOA 1/15: PF=395, cost=[5143,5143], sat=[1.0,1.0], 57s
  [n20w80_003] n20w80_003 HMOA 1/15: PF=500, cost=[3838,6311], sat=[1.1,8.0], 59s
  [n20w80_002] n20w80_002 HMOA 1/15: PF=500, cost=[3364,5433], sat=[3.0,9.0], 87s
  [n20w80_004] n20w80_004 HMOA 1/15: PF=500, cost=[3707,7599], sat=[7.3,13.1], 92s
  [n20w80_005] n20w80_005 HMOA 1/15: PF=500, cost=[3887,6140], sat=[1.0,17.0], 105s
  [n40w80_003] n40w80_003 HMOA 2/15: PF=322, cost=[4897,4897], sat=[1.0,1.0], 48s
  [n40w80_001] n40w80_001 HMOA 1/15: PF=500, cost=[6570,8225], sat=[7.0,10.0], 109s
  [n40w80_004] n40w80_004 HMOA 1/15: PF=500, cost=[5006,9119], sat=[1.0,4.8], 111s
  [n20w80_001] n20w80_001 HMOA 1/15: PF=500, cost=[4143,9777], sat=[6.0,15.0], 122s
  [n20w80_003] n20w80_003 HMOA 2/15: PF=500, cost=[3838,5306], sat=[1.1,8.0], 66s
  [n40w80_002] n40w80_002 HMOA 1/15: PF=500, cost=[4166,7601], sat=[11.0,18.0], 127s
  [n80w80_004] n80w80_004 HMOA 1/15: PF=420, cost=[6901,8398], sat=[13.0,24.0], 168s
  [n60w80_001] n60w80_001 HMOA 1/15: PF=500, cost=[6404,9004], sat=[9.0,21.0], 175s
  [n40w80_003] n40w80_003 HMOA 3/15: PF=500, cost=[4668,4760], sat=[0.0,1.0], 73s
  [n60w80_004] n60w80_004 HMOA 1/15: PF=500, cost=[6964,11734], sat=[1.7,14.0], 195s
  [n40w80_001] n40w80_001 HMOA 2/15: PF=500, cost=[6439,8335], sat=[7.0,10.0], 87s
  [n80w80_002] n80w80_002 HMOA 1/15: PF=500, cost=[8209,10693], sat=[9.0,19.0], 195s
  [n60w80_003] n60w80_003 HMOA 1/15: PF=500, cost=[6910,10983], sat=[3.0,15.0], 202s
  [n40w80_005] n40w80_005 HMOA 1/15: PF=500, cost=[5463,11070], sat=[12.3,21.1], 203s
  [n60w80_002] n60w80_002 HMOA 1/15: PF=500, cost=[6076,7646], sat=[2.6,7.8], 204s
  [n20w80_004] n20w80_004 HMOA 2/15: PF=500, cost=[3770,7865], sat=[7.9,14.3], 117s
  [n20w80_005] n20w80_005 HMOA 2/15: PF=500, cost=[3909,6152], sat=[1.0,14.0], 105s
  [n20w80_003] n20w80_003 HMOA 3/15: PF=500, cost=[4239,8834], sat=[2.0,11.7], 99s
  [n40w80_004] n40w80_004 HMOA 2/15: PF=500, cost=[5156,8583], sat=[1.0,9.0], 137s
  [n20w80_002] n20w80_002 HMOA 2/15: PF=500, cost=[3398,6171], sat=[3.4,8.8], 161s
  [n40w80_002] n40w80_002 HMOA 2/15: PF=500, cost=[4734,7474], sat=[9.0,14.3], 124s
  [n40w80_003] n40w80_003 HMOA 4/15: PF=500, cost=[4694,6711], sat=[0.0,1.0], 89s
  [n20w80_001] n20w80_001 HMOA 2/15: PF=500, cost=[4137,9475], sat=[6.0,14.9], 145s
  [n40w80_001] n40w80_001 HMOA 3/15: PF=500, cost=[6630,9618], sat=[7.0,8.0], 77s
  [n80w80_001] n80w80_001 HMOA 1/15: PF=500, cost=[7222,13167], sat=[0.0,14.6], 290s
  [n20w80_004] n20w80_004 HMOA 3/15: PF=500, cost=[3744,8511], sat=[7.3,12.4], 82s
  [n40w80_005] n40w80_005 HMOA 2/15: PF=500, cost=[5499,7553], sat=[15.1,18.7], 89s
  [n80w80_004] n80w80_004 HMOA 2/15: PF=500, cost=[6893,6982], sat=[20.9,21.0], 133s
  [n60w80_005] n60w80_005 HMOA 1/15: PF=500, cost=[6180,12433], sat=[1.4,27.2], 305s
  [n40w80_003] n40w80_003 HMOA 5/15: PF=309, cost=[4714,4714], sat=[0.0,0.0], 39s
  [n20w80_003] n20w80_003 HMOA 4/15: PF=500, cost=[4414,7035], sat=[5.0,8.0], 92s
  [n60w80_001] n60w80_001 HMOA 2/15: PF=500, cost=[6348,9503], sat=[11.0,16.2], 144s
  [n40w80_004] n40w80_004 HMOA 3/15: PF=500, cost=[4829,5239], sat=[2.0,9.0], 72s
  [n20w80_005] n20w80_005 HMOA 3/15: PF=500, cost=[3919,6938], sat=[1.0,16.5], 135s
  [n40w80_003] n40w80_003 HMOA 6/15: PF=329, cost=[4779,4779], sat=[1.0,1.0], 42s
  [n20w80_002] n20w80_002 HMOA 3/15: PF=500, cost=[3463,8803], sat=[4.3,8.5], 102s
  [n60w80_003] n60w80_003 HMOA 2/15: PF=500, cost=[7035,8836], sat=[7.7,15.0], 153s
  [n20w80_001] n20w80_001 HMOA 3/15: PF=500, cost=[4150,9273], sat=[6.0,15.4], 98s
  [n80w80_002] n80w80_002 HMOA 2/15: PF=500, cost=[7797,13571], sat=[7.5,15.8], 183s
  [n40w80_001] n40w80_001 HMOA 4/15: PF=500, cost=[6005,8505], sat=[2.0,8.0], 106s
  [n60w80_004] n60w80_004 HMOA 2/15: PF=500, cost=[7045,11206], sat=[4.0,12.0], 189s
  [n40w80_005] n40w80_005 HMOA 3/15: PF=500, cost=[5452,6494], sat=[20.0,21.0], 93s
  [n60w80_002] n60w80_002 HMOA 2/15: PF=500, cost=[6372,7346], sat=[2.7,7.0], 183s
  [n40w80_003] n40w80_003 HMOA 7/15: PF=411, cost=[4688,4688], sat=[0.0,0.0], 52s
  [n20w80_003] n20w80_003 HMOA 5/15: PF=500, cost=[3838,5306], sat=[1.1,8.0], 94s
  [n20w80_004] n20w80_004 HMOA 4/15: PF=500, cost=[3756,5730], sat=[7.3,12.0], 132s
  [n20w80_001] n20w80_001 HMOA 4/15: PF=500, cost=[4131,6592], sat=[6.0,10.0], 59s
  [n20w80_005] n20w80_005 HMOA 4/15: PF=500, cost=[3887,7045], sat=[1.0,15.0], 88s
  [n80w80_003] n80w80_003 HMOA 1/15: PF=500, cost=[7421,12668], sat=[10.0,25.0], 448s
  [n40w80_003] n40w80_003 HMOA 8/15: PF=392, cost=[4726,4726], sat=[0.0,0.0], 50s
  [n40w80_002] n40w80_002 HMOA 3/15: PF=500, cost=[5382,7080], sat=[7.1,12.9], 199s
  [n40w80_004] n40w80_004 HMOA 4/15: PF=500, cost=[4984,5931], sat=[1.6,4.0], 130s
  [n20w80_002] n20w80_002 HMOA 4/15: PF=500, cost=[3462,5443], sat=[6.3,9.0], 101s
  [n80w80_001] n80w80_001 HMOA 2/15: PF=500, cost=[7316,11307], sat=[4.0,13.3], 178s
  [n40w80_001] n40w80_001 HMOA 5/15: PF=500, cost=[6489,8652], sat=[7.0,10.0], 99s
  [n60w80_001] n60w80_001 HMOA 3/15: PF=500, cost=[6290,10894], sat=[5.0,14.6], 165s
  [n60w80_004] n60w80_004 HMOA 3/15: PF=500, cost=[6981,7512], sat=[10.7,15.2], 106s
  [n20w80_001] n20w80_001 HMOA 5/15: PF=500, cost=[4131,7123], sat=[6.0,15.4], 66s
  [n20w80_003] n20w80_003 HMOA 6/15: PF=500, cost=[3838,5070], sat=[1.1,8.0], 83s
  [n60w80_003] n60w80_003 HMOA 3/15: PF=500, cost=[6507,7073], sat=[0.0,19.5], 147s
  [n40w80_003] n40w80_003 HMOA 9/15: PF=500, cost=[4727,5619], sat=[0.0,1.0], 53s
  [n40w80_005] n40w80_005 HMOA 4/15: PF=500, cost=[5005,6333], sat=[11.5,20.0], 126s
  [n60w80_002] n60w80_002 HMOA 3/15: PF=500, cost=[6494,8757], sat=[3.7,7.0], 128s
  [n40w80_001] n40w80_001 HMOA 6/15: PF=485, cost=[6673,8817], sat=[6.0,8.6], 59s
  [n20w80_004] n20w80_004 HMOA 5/15: PF=500, cost=[3779,5816], sat=[7.1,12.0], 122s
  [n20w80_002] n20w80_002 HMOA 5/15: PF=500, cost=[3465,7417], sat=[4.3,10.9], 93s
  [n20w80_005] n20w80_005 HMOA 5/15: PF=500, cost=[3909,6007], sat=[1.0,12.9], 122s
  [n20w80_001] n20w80_001 HMOA 6/15: PF=500, cost=[4150,6127], sat=[6.0,16.0], 74s
  [n40w80_004] n40w80_004 HMOA 5/15: PF=500, cost=[4898,6899], sat=[0.0,5.0], 124s
  [n40w80_003] n40w80_003 HMOA 10/15: PF=500, cost=[4622,5656], sat=[0.0,1.0], 79s
  [n80w80_005] n80w80_005 HMOA 1/15: PF=500, cost=[7791,13537], sat=[9.2,22.2], 586s
  [n20w80_003] n20w80_003 HMOA 7/15: PF=500, cost=[3838,7169], sat=[1.1,8.0], 95s
  [n60w80_001] n60w80_001 HMOA 4/15: PF=500, cost=[6077,6459], sat=[8.7,15.0], 120s
  [n40w80_002] n40w80_002 HMOA 4/15: PF=500, cost=[4393,7687], sat=[6.0,18.0], 168s
  [n80w80_004] n80w80_004 HMOA 3/15: PF=500, cost=[6812,10161], sat=[19.6,45.5], 323s
  [n20w80_004] n20w80_004 HMOA 6/15: PF=500, cost=[3763,7899], sat=[7.3,14.7], 81s
  [n60w80_002] n60w80_002 HMOA 4/15: PF=500, cost=[6308,7622], sat=[4.6,9.0], 114s
  [n40w80_001] n40w80_001 HMOA 7/15: PF=500, cost=[6166,8543], sat=[0.8,8.0], 98s
  [n60w80_005] n60w80_005 HMOA 2/15: PF=500, cost=[6131,15991], sat=[6.0,20.6], 333s
  [n20w80_002] n20w80_002 HMOA 6/15: PF=500, cost=[3716,6162], sat=[5.4,8.8], 100s
  [n20w80_005] n20w80_005 HMOA 6/15: PF=500, cost=[3952,6184], sat=[1.0,17.0], 99s
  [n80w80_003] n80w80_003 HMOA 2/15: PF=371, cost=[7072,12929], sat=[14.5,25.6], 212s
  [n20w80_001] n20w80_001 HMOA 7/15: PF=500, cost=[4131,6575], sat=[6.0,12.7], 96s
  [n40w80_003] n40w80_003 HMOA 11/15: PF=500, cost=[4746,6643], sat=[0.0,1.0], 84s
  [n20w80_003] n20w80_003 HMOA 8/15: PF=500, cost=[4239,6999], sat=[2.0,9.0], 81s
  [n60w80_004] n60w80_004 HMOA 4/15: PF=500, cost=[6822,9348], sat=[2.6,12.8], 179s
  [n40w80_004] n40w80_004 HMOA 6/15: PF=500, cost=[4902,5723], sat=[0.8,5.0], 108s
  [n40w80_005] n40w80_005 HMOA 5/15: PF=500, cost=[5511,8551], sat=[11.0,20.3], 176s
  [n80w80_001] n80w80_001 HMOA 3/15: PF=500, cost=[7321,11604], sat=[4.0,16.3], 234s
  [n20w80_004] n20w80_004 HMOA 7/15: PF=500, cost=[3702,7737], sat=[7.3,13.8], 78s
  [n40w80_003] n40w80_003 HMOA 12/15: PF=500, cost=[4664,4790], sat=[0.0,1.0], 56s
  [n60w80_003] n60w80_003 HMOA 4/15: PF=500, cost=[6596,11569], sat=[1.0,24.8], 228s
  [n60w80_001] n60w80_001 HMOA 5/15: PF=500, cost=[6390,8886], sat=[10.0,15.0], 133s
  [n40w80_002] n40w80_002 HMOA 5/15: PF=500, cost=[4948,6389], sat=[10.0,13.0], 118s
  [n20w80_001] n20w80_001 HMOA 8/15: PF=500, cost=[4075,6847], sat=[2.5,13.0], 88s
  [n20w80_005] n20w80_005 HMOA 7/15: PF=500, cost=[3885,7615], sat=[1.0,17.0], 97s
  [n40w80_003] n40w80_003 HMOA 13/15: PF=251, cost=[4845,4845], sat=[1.0,1.0], 41s
  [n80w80_005] n80w80_005 HMOA 2/15: PF=500, cost=[6985,7915], sat=[23.2,28.0], 180s
  [n20w80_002] n20w80_002 HMOA 7/15: PF=500, cost=[3467,5895], sat=[3.0,7.4], 123s
  [n20w80_003] n20w80_003 HMOA 9/15: PF=500, cost=[4194,9114], sat=[2.0,11.2], 100s
  [n40w80_001] n40w80_001 HMOA 8/15: PF=500, cost=[6412,9739], sat=[6.0,11.0], 134s
  [n60w80_002] n60w80_002 HMOA 5/15: PF=500, cost=[6181,11945], sat=[1.6,8.0], 150s
  [n40w80_004] n40w80_004 HMOA 7/15: PF=500, cost=[4904,7994], sat=[1.0,6.0], 100s
  [n20w80_004] n20w80_004 HMOA 8/15: PF=500, cost=[3798,7876], sat=[7.1,14.0], 101s
  [n80w80_004] n80w80_004 HMOA 4/15: PF=500, cost=[5586,13511], sat=[19.6,26.0], 198s
  [n20w80_003] n20w80_003 HMOA 10/15: PF=500, cost=[3838,6490], sat=[1.1,9.0], 59s
  [n40w80_002] n40w80_002 HMOA 6/15: PF=500, cost=[5202,6062], sat=[8.0,13.6], 93s
  [n20w80_005] n20w80_005 HMOA 8/15: PF=500, cost=[3931,6351], sat=[1.0,12.9], 87s
  [n40w80_003] n40w80_003 HMOA 14/15: PF=137, cost=[4680,6606], sat=[0.0,1.0], 75s
  [n60w80_003] n60w80_003 HMOA 5/15: PF=500, cost=[6711,7280], sat=[0.0,14.0], 115s
  [n20w80_001] n20w80_001 HMOA 9/15: PF=500, cost=[4137,6897], sat=[6.0,13.0], 105s
  [n20w80_002] n20w80_002 HMOA 8/15: PF=500, cost=[3467,9508], sat=[2.3,9.0], 88s
  [n40w80_001] n40w80_001 HMOA 9/15: PF=500, cost=[6244,8379], sat=[8.0,10.6], 99s
  [n40w80_004] n40w80_004 HMOA 8/15: PF=500, cost=[4965,5987], sat=[1.0,4.0], 85s
  [n20w80_003] n20w80_003 HMOA 11/15: PF=500, cost=[4184,7074], sat=[4.0,8.0], 94s
  [n40w80_003] n40w80_003 HMOA 15/15: PF=500, cost=[4748,5682], sat=[0.0,1.0], 85s
  [n80w80_001] n80w80_001 HMOA 4/15: PF=500, cost=[7101,10664], sat=[2.0,11.5], 220s
  [n20w80_004] n20w80_004 HMOA 9/15: PF=500, cost=[3741,7671], sat=[6.1,14.7], 128s
  [n20w80_002] n20w80_002 HMOA 9/15: PF=500, cost=[3443,6782], sat=[3.3,9.5], 79s
  [n40w80_002] n40w80_002 HMOA 7/15: PF=500, cost=[5392,8797], sat=[9.1,14.0], 108s
  [n40w80_005] n40w80_005 HMOA 6/15: PF=500, cost=[5383,12310], sat=[12.0,21.5], 257s
  [n80w80_005] n80w80_005 HMOA 3/15: PF=500, cost=[6936,8957], sat=[20.3,23.0], 179s
  [n20w80_005] n20w80_005 HMOA 9/15: PF=500, cost=[3909,7411], sat=[1.0,12.0], 111s
  [n60w80_004] n60w80_004 HMOA 5/15: PF=500, cost=[6910,12978], sat=[0.0,14.1], 284s
  [n60w80_002] n60w80_002 HMOA 6/15: PF=500, cost=[6142,7057], sat=[1.6,6.6], 175s
  [n40w80_001] n40w80_001 HMOA 10/15: PF=500, cost=[6375,6794], sat=[7.0,8.0], 91s
  [n20w80_001] n20w80_001 HMOA 10/15: PF=500, cost=[4131,8294], sat=[6.0,11.0], 110s
  [n40w80_004] n40w80_004 HMOA 9/15: PF=500, cost=[4996,10233], sat=[1.0,5.0], 97s
  [n80w80_004] n80w80_004 HMOA 5/15: PF=500, cost=[6436,7658], sat=[27.0,30.1], 146s
  [n60w80_001] n60w80_001 HMOA 6/15: PF=500, cost=[6210,9906], sat=[6.5,15.0], 235s
  [n40w80_003] n40w80_003 noLS 1/15: PF=500, cost=[5054,5978], sat=[0.0,1.0], 66s
  [n20w80_003] n20w80_003 HMOA 12/15: PF=500, cost=[3838,5923], sat=[1.1,8.0], 68s
  [n80w80_002] n80w80_002 HMOA 3/15: PF=500, cost=[7569,12934], sat=[3.0,27.6], 623s
  [n20w80_002] n20w80_002 HMOA 10/15: PF=500, cost=[3414,10789], sat=[4.0,11.0], 88s
  [n40w80_002] n40w80_002 HMOA 8/15: PF=500, cost=[5443,8060], sat=[7.1,14.9], 96s
  [n20w80_001] n20w80_001 HMOA 11/15: PF=500, cost=[4075,7246], sat=[2.5,13.0], 74s
  [n20w80_003] n20w80_003 HMOA 13/15: PF=500, cost=[4049,8949], sat=[7.0,9.0], 52s
  [n40w80_003] n40w80_003 noLS 2/15: PF=439, cost=[5061,5061], sat=[0.0,0.0], 62s
  [n20w80_004] n20w80_004 HMOA 10/15: PF=500, cost=[3798,7733], sat=[7.1,14.9], 118s
  [n60w80_002] n60w80_002 HMOA 7/15: PF=500, cost=[6147,7691], sat=[2.6,6.8], 112s
  [n80w80_003] n80w80_003 HMOA 3/15: PF=500, cost=[7190,14561], sat=[5.0,21.5], 409s
  [n80w80_001] n80w80_001 HMOA 5/15: PF=500, cost=[7391,10417], sat=[4.0,15.1], 150s
  [n40w80_001] n40w80_001 HMOA 11/15: PF=500, cost=[6553,8442], sat=[7.0,9.0], 118s
  [n60w80_003] n60w80_003 HMOA 6/15: PF=500, cost=[6785,11331], sat=[2.0,21.0], 233s
  [n40w80_004] n40w80_004 HMOA 10/15: PF=500, cost=[4866,6739], sat=[0.8,5.0], 120s
  [n20w80_003] n20w80_003 HMOA 14/15: PF=500, cost=[3838,4079], sat=[1.1,7.0], 48s
  [n60w80_005] n60w80_005 HMOA 3/15: PF=500, cost=[6068,15079], sat=[5.0,22.0], 452s
  [n20w80_005] n20w80_005 HMOA 10/15: PF=500, cost=[3908,6116], sat=[1.0,16.0], 150s
  [n40w80_002] n40w80_002 HMOA 9/15: PF=500, cost=[4172,6902], sat=[12.0,17.5], 74s
  [n20w80_001] n20w80_001 HMOA 12/15: PF=500, cost=[4143,8099], sat=[6.0,13.0], 71s
  [n20w80_002] n20w80_002 HMOA 11/15: PF=500, cost=[3474,5624], sat=[4.0,6.6], 98s
  [n20w80_004] n20w80_004 HMOA 11/15: PF=500, cost=[3798,7287], sat=[7.1,13.9], 77s
  [n40w80_003] n40w80_003 noLS 3/15: PF=500, cost=[5047,7839], sat=[0.0,1.0], 86s
  [n80w80_004] n80w80_004 HMOA 6/15: PF=500, cost=[5808,11504], sat=[12.0,26.0], 170s
  [n40w80_005] n40w80_005 HMOA 7/15: PF=500, cost=[5506,9801], sat=[17.6,21.0], 208s
  [n20w80_003] n20w80_003 HMOA 15/15: PF=500, cost=[4580,4951], sat=[3.0,6.4], 65s
  [n60w80_004] n60w80_004 HMOA 6/15: PF=500, cost=[6939,7878], sat=[10.4,15.2], 209s
  [n20w80_001] n20w80_001 HMOA 13/15: PF=500, cost=[4131,6942], sat=[6.0,13.4], 76s
  [n80w80_005] n80w80_005 HMOA 4/15: PF=416, cost=[7538,10642], sat=[11.6,20.8], 244s
  [n40w80_003] n40w80_003 noLS 4/15: PF=500, cost=[5036,6265], sat=[0.0,1.0], 55s
  [n60w80_002] n60w80_002 HMOA 8/15: PF=500, cost=[6097,8481], sat=[2.6,7.7], 133s
  [n20w80_003] n20w80_003 noLS 1/15: PF=500, cost=[4363,5035], sat=[1.0,7.0], 56s
  [n20w80_004] n20w80_004 HMOA 12/15: PF=500, cost=[3776,7950], sat=[7.9,13.2], 84s
  [n20w80_002] n20w80_002 HMOA 12/15: PF=500, cost=[3510,5707], sat=[4.3,7.6], 91s
  [n60w80_003] n60w80_003 HMOA 7/15: PF=500, cost=[6976,9117], sat=[1.0,14.0], 141s
  [n40w80_004] n40w80_004 HMOA 11/15: PF=500, cost=[5044,7134], sat=[1.0,6.0], 142s
  [n40w80_002] n40w80_002 HMOA 10/15: PF=500, cost=[4170,7856], sat=[11.0,16.2], 125s
  [n40w80_001] n40w80_001 HMOA 12/15: PF=500, cost=[6052,9319], sat=[5.0,10.0], 160s
  [n40w80_003] n40w80_003 noLS 5/15: PF=500, cost=[5062,6372], sat=[0.0,1.0], 56s
  [n20w80_005] n20w80_005 HMOA 11/15: PF=500, cost=[3909,6914], sat=[1.0,16.5], 160s
  [n40w80_005] n40w80_005 HMOA 8/15: PF=500, cost=[4928,6292], sat=[14.1,21.0], 115s
  [n20w80_001] n20w80_001 HMOA 14/15: PF=500, cost=[4150,8315], sat=[6.0,15.0], 85s
  [n20w80_003] n20w80_003 noLS 2/15: PF=500, cost=[4449,9458], sat=[2.0,10.7], 80s
  [n80w80_001] n80w80_001 HMOA 6/15: PF=500, cost=[7354,13252], sat=[3.0,12.5], 223s
  [n40w80_003] n40w80_003 noLS 6/15: PF=500, cost=[5171,5982], sat=[0.0,1.0], 50s
  [n60w80_001] n60w80_001 HMOA 7/15: PF=500, cost=[6485,9569], sat=[5.0,15.0], 330s
  [n20w80_004] n20w80_004 HMOA 13/15: PF=500, cost=[3764,7997], sat=[7.1,13.8], 96s
  [n80w80_004] n80w80_004 HMOA 7/15: PF=500, cost=[6363,9488], sat=[9.0,26.0], 184s
  [n80w80_005] n80w80_005 HMOA 5/15: PF=500, cost=[6802,12861], sat=[9.4,22.7], 139s
  [n60w80_003] n60w80_003 HMOA 8/15: PF=500, cost=[6963,7501], sat=[1.0,19.0], 115s
  [n40w80_001] n40w80_001 HMOA 13/15: PF=500, cost=[6591,8496], sat=[7.0,9.0], 99s
  [n20w80_002] n20w80_002 HMOA 13/15: PF=500, cost=[3501,7742], sat=[6.3,9.7], 130s
  [n20w80_001] n20w80_001 HMOA 15/15: PF=500, cost=[4131,7262], sat=[6.0,15.0], 73s
  [n60w80_004] n60w80_004 HMOA 7/15: PF=500, cost=[7066,7935], sat=[4.7,12.5], 185s
  [n40w80_003] n40w80_003 noLS 7/15: PF=500, cost=[5014,6641], sat=[0.0,1.0], 53s
  [n40w80_005] n40w80_005 HMOA 9/15: PF=500, cost=[5373,6182], sat=[15.2,19.0], 87s
  [n60w80_005] n60w80_005 HMOA 4/15: PF=500, cost=[5986,12482], sat=[5.0,27.0], 268s
  [n20w80_005] n20w80_005 HMOA 12/15: PF=500, cost=[3887,6836], sat=[1.0,15.0], 106s
  [n20w80_003] n20w80_003 noLS 3/15: PF=500, cost=[4239,6689], sat=[2.0,9.4], 80s
  [n80w80_003] n80w80_003 HMOA 4/15: PF=500, cost=[7257,10812], sat=[8.0,25.3], 328s
  [n40w80_004] n40w80_004 HMOA 12/15: PF=500, cost=[4937,6529], sat=[0.8,4.6], 173s
  [n40w80_003] n40w80_003 noLS 8/15: PF=500, cost=[5026,7433], sat=[0.0,1.0], 56s
  [n60w80_002] n60w80_002 HMOA 9/15: PF=500, cost=[6235,7422], sat=[2.6,9.0], 209s
  [n80w80_002] n80w80_002 HMOA 4/15: PF=500, cost=[7577,12912], sat=[4.0,22.0], 408s
  [n40w80_002] n40w80_002 HMOA 11/15: PF=500, cost=[4342,7260], sat=[9.0,17.0], 181s
  [n20w80_002] n20w80_002 HMOA 14/15: PF=500, cost=[3468,4731], sat=[6.0,6.4], 74s
  [n20w80_001] n20w80_001 noLS 1/15: PF=500, cost=[4351,6877], sat=[2.0,9.2], 79s
  [n20w80_004] n20w80_004 HMOA 14/15: PF=500, cost=[3702,8603], sat=[7.3,11.0], 127s
  [n40w80_005] n40w80_005 HMOA 10/15: PF=500, cost=[5459,7222], sat=[15.3,20.0], 89s
  [n20w80_005] n20w80_005 HMOA 13/15: PF=500, cost=[3940,6188], sat=[1.0,17.0], 85s
  [n20w80_003] n20w80_003 noLS 4/15: PF=500, cost=[4239,8373], sat=[2.0,10.4], 85s
  [n40w80_001] n40w80_001 HMOA 14/15: PF=500, cost=[6175,8395], sat=[7.0,10.0], 123s
  [n40w80_003] n40w80_003 noLS 9/15: PF=500, cost=[5028,6097], sat=[0.0,1.0], 59s
  [n80w80_004] n80w80_004 HMOA 8/15: PF=500, cost=[5636,8419], sat=[17.1,28.0], 157s
  [n80w80_001] n80w80_001 HMOA 7/15: PF=500, cost=[7623,11796], sat=[5.0,12.0], 192s
  [n20w80_001] n20w80_001 noLS 2/15: PF=500, cost=[4393,7428], sat=[5.9,12.0], 74s
  [n80w80_005] n80w80_005 HMOA 6/15: PF=500, cost=[7651,9667], sat=[7.4,22.7], 186s
  [n20w80_003] n20w80_003 noLS 5/15: PF=500, cost=[4239,9302], sat=[2.0,11.0], 62s
  [n20w80_002] n20w80_002 HMOA 15/15: PF=500, cost=[3489,9355], sat=[6.0,9.0], 107s
  [n20w80_004] n20w80_004 HMOA 15/15: PF=500, cost=[3729,7416], sat=[7.3,13.8], 90s
  [n60w80_003] n60w80_003 HMOA 9/15: PF=500, cost=[6592,8756], sat=[1.0,19.7], 203s
  [n40w80_003] n40w80_003 noLS 10/15: PF=500, cost=[5065,6616], sat=[0.0,1.0], 90s
  [n20w80_005] n20w80_005 HMOA 14/15: PF=500, cost=[3909,7189], sat=[1.0,12.4], 115s
  [n40w80_002] n40w80_002 HMOA 12/15: PF=500, cost=[4866,8400], sat=[9.8,15.5], 157s
  [n40w80_004] n40w80_004 HMOA 13/15: PF=500, cost=[4993,11114], sat=[1.0,6.0], 171s
  [n40w80_005] n40w80_005 HMOA 11/15: PF=500, cost=[5497,6819], sat=[14.0,17.6], 132s
  [n20w80_001] n20w80_001 noLS 3/15: PF=500, cost=[4161,8399], sat=[1.0,10.0], 81s
  [n20w80_004] n20w80_004 noLS 1/15: PF=500, cost=[4114,6095], sat=[7.1,11.0], 55s
  [n20w80_002] n20w80_002 noLS 1/15: PF=500, cost=[4328,8187], sat=[3.0,8.4], 59s
  [n80w80_002] n80w80_002 HMOA 5/15: PF=500, cost=[8530,11094], sat=[5.0,30.9], 176s
  [n20w80_003] n20w80_003 noLS 6/15: PF=500, cost=[4247,7501], sat=[6.0,10.0], 69s
  [n40w80_001] n40w80_001 HMOA 15/15: PF=500, cost=[6708,8764], sat=[6.0,8.8], 131s
  [n60w80_001] n60w80_001 HMOA 8/15: PF=500, cost=[6145,11243], sat=[5.7,20.0], 289s
  [n20w80_004] n20w80_004 noLS 2/15: PF=500, cost=[4014,5457], sat=[7.1,10.9], 56s
  [n20w80_001] n20w80_001 noLS 4/15: PF=500, cost=[4393,10004], sat=[2.0,11.6], 60s
  [n60w80_005] n60w80_005 HMOA 5/15: PF=500, cost=[6263,13234], sat=[3.8,16.0], 284s
  [n60w80_002] n60w80_002 HMOA 10/15: PF=500, cost=[6401,11649], sat=[4.6,10.0], 238s
  [n60w80_004] n60w80_004 HMOA 8/15: PF=361, cost=[6999,10126], sat=[8.2,15.4], 309s
  [n40w80_003] n40w80_003 noLS 11/15: PF=500, cost=[5159,6370], sat=[0.0,1.0], 105s
  [n20w80_003] n20w80_003 noLS 7/15: PF=500, cost=[4239,6721], sat=[2.0,9.0], 82s
  [n20w80_002] n20w80_002 noLS 2/15: PF=500, cost=[4328,8223], sat=[3.0,6.6], 91s
  [n20w80_005] n20w80_005 HMOA 15/15: PF=500, cost=[3909,6163], sat=[1.0,16.0], 111s
  [n60w80_003] n60w80_003 HMOA 10/15: PF=500, cost=[6552,7535], sat=[1.0,15.9], 139s
  [n40w80_001] n40w80_001 noLS 1/15: PF=500, cost=[6925,9282], sat=[1.0,7.0], 95s
  [n40w80_005] n40w80_005 HMOA 12/15: PF=500, cost=[5439,6180], sat=[13.9,19.0], 121s
  [n20w80_004] n20w80_004 noLS 3/15: PF=500, cost=[4014,5457], sat=[7.1,10.9], 84s
  [n80w80_005] n80w80_005 HMOA 7/15: PF=500, cost=[7673,12145], sat=[4.5,20.9], 212s
  [n40w80_003] n40w80_003 noLS 12/15: PF=454, cost=[5043,5043], sat=[0.0,0.0], 68s
  [n20w80_005] n20w80_005 noLS 1/15: PF=500, cost=[3885,6761], sat=[1.0,14.0], 56s
  [n20w80_001] n20w80_001 noLS 5/15: PF=500, cost=[4361,7582], sat=[2.0,14.2], 94s
  [n60w80_001] n60w80_001 HMOA 9/15: PF=319, cost=[5939,13092], sat=[9.0,18.0], 142s
  [n80w80_003] n80w80_003 HMOA 5/15: PF=500, cost=[6726,11642], sat=[8.1,18.5], 338s
  [n20w80_003] n20w80_003 noLS 8/15: PF=500, cost=[4239,6609], sat=[2.0,10.0], 79s
  [n40w80_004] n40w80_004 HMOA 14/15: PF=500, cost=[5037,8321], sat=[0.6,6.0], 177s
  [n20w80_002] n20w80_002 noLS 3/15: PF=500, cost=[4541,5599], sat=[3.0,7.0], 84s
  [n40w80_001] n40w80_001 noLS 2/15: PF=500, cost=[7171,13712], sat=[2.0,8.0], 74s
  [n20w80_005] n20w80_005 noLS 2/15: PF=500, cost=[3885,6758], sat=[1.0,15.0], 56s
  [n20w80_001] n20w80_001 noLS 6/15: PF=500, cost=[4161,8077], sat=[1.0,12.0], 59s
  [n40w80_005] n40w80_005 HMOA 13/15: PF=500, cost=[5429,6595], sat=[19.0,22.0], 93s
  [n40w80_003] n40w80_003 noLS 13/15: PF=500, cost=[5147,7652], sat=[0.0,1.0], 75s
  [n40w80_002] n40w80_002 HMOA 13/15: PF=500, cost=[5396,12285], sat=[5.4,15.0], 241s
  [n20w80_004] n20w80_004 noLS 4/15: PF=500, cost=[4114,5525], sat=[7.1,10.8], 94s
  [n80w80_004] n80w80_004 HMOA 9/15: PF=500, cost=[5594,12045], sat=[15.6,43.5], 338s
  [n60w80_003] n60w80_003 HMOA 11/15: PF=500, cost=[6482,9279], sat=[0.0,16.0], 144s
  [n20w80_003] n20w80_003 noLS 9/15: PF=500, cost=[4247,7218], sat=[6.0,9.0], 90s
  [n40w80_004] n40w80_004 HMOA 15/15: PF=500, cost=[5083,6023], sat=[1.0,4.0], 93s
  [n20w80_005] n20w80_005 noLS 3/15: PF=500, cost=[3959,6089], sat=[1.0,16.0], 58s
  [n20w80_001] n20w80_001 noLS 7/15: PF=500, cost=[4361,7214], sat=[2.0,11.0], 59s
  [n20w80_002] n20w80_002 noLS 4/15: PF=500, cost=[4413,8999], sat=[2.0,10.0], 100s
  [n60w80_002] n60w80_002 HMOA 11/15: PF=500, cost=[6572,8623], sat=[4.6,7.6], 221s
  [n60w80_001] n60w80_001 HMOA 10/15: PF=200, cost=[6189,13192], sat=[8.7,14.0], 136s
  [n60w80_004] n60w80_004 HMOA 9/15: PF=500, cost=[6862,16543], sat=[8.5,16.0], 216s
  [n40w80_003] n40w80_003 noLS 14/15: PF=500, cost=[5021,6831], sat=[0.0,1.0], 73s
  [n40w80_001] n40w80_001 noLS 3/15: PF=500, cost=[7267,9070], sat=[1.0,7.0], 118s
  [n80w80_001] n80w80_001 HMOA 8/15: PF=500, cost=[7640,11708], sat=[4.0,11.1], 394s
  [n20w80_004] n20w80_004 noLS 5/15: PF=500, cost=[4114,8633], sat=[7.1,14.0], 88s
  [n20w80_001] n20w80_001 noLS 8/15: PF=500, cost=[4393,8124], sat=[5.9,12.0], 58s
  [n20w80_005] n20w80_005 noLS 4/15: PF=500, cost=[3909,6252], sat=[1.0,15.0], 66s
  [n60w80_005] n60w80_005 HMOA 6/15: PF=500, cost=[6010,13743], sat=[5.0,17.7], 271s
  [n20w80_003] n20w80_003 noLS 10/15: PF=500, cost=[4400,7323], sat=[1.0,7.0], 79s
  [n40w80_004] n40w80_004 noLS 1/15: PF=500, cost=[5044,10024], sat=[1.0,5.0], 91s
  [n40w80_003] n40w80_003 noLS 15/15: PF=500, cost=[5086,7896], sat=[0.0,1.0], 61s
  [n40w80_003] DONE n40w80_003: C(H,N)=0.9087, C(N,H)=0.0412
[00:40:48] DONE n40w80_003 (1/20): C(H,N)=0.9087, C(N,H)=0.0412, T(H)=61s, T(N)=68s, elapsed=1938s
  [n40w80_001] n40w80_001 noLS 4/15: PF=500, cost=[6703,7067], sat=[5.0,6.0], 75s
  [n20w80_002] n20w80_002 noLS 5/15: PF=500, cost=[4326,5768], sat=[3.0,6.6], 100s
  [n20w80_001] n20w80_001 noLS 9/15: PF=500, cost=[4351,7630], sat=[2.0,12.7], 54s
  [n40w80_005] n40w80_005 HMOA 14/15: PF=500, cost=[5445,8677], sat=[11.0,22.0], 174s
  [n20w80_004] n20w80_004 noLS 6/15: PF=500, cost=[4014,6491], sat=[7.1,11.7], 63s
  [n20w80_005] n20w80_005 noLS 5/15: PF=500, cost=[3930,6140], sat=[1.0,17.0], 60s
  [n80w80_002] n80w80_002 HMOA 6/15: PF=500, cost=[7510,12683], sat=[4.0,30.1], 388s
  [n80w80_005] n80w80_005 HMOA 8/15: PF=255, cost=[6366,8906], sat=[8.2,21.8], 257s
  [n80w80_004] n80w80_004 HMOA 10/15: PF=500, cost=[6563,9152], sat=[16.0,30.8], 167s
  [n20w80_003] n20w80_003 noLS 11/15: PF=500, cost=[4277,5457], sat=[2.0,8.0], 69s
  [n40w80_002] n40w80_002 HMOA 14/15: PF=500, cost=[4337,10424], sat=[6.0,16.8], 184s
  [n60w80_003] n60w80_003 HMOA 12/15: PF=500, cost=[6596,13527], sat=[0.0,18.0], 180s
  [n20w80_004] n20w80_004 noLS 7/15: PF=500, cost=[4014,6046], sat=[7.1,11.0], 57s
  [n20w80_005] n20w80_005 noLS 6/15: PF=500, cost=[3887,6358], sat=[1.0,14.0], 57s
  [n60w80_002] n60w80_002 HMOA 12/15: PF=500, cost=[6389,7882], sat=[3.6,8.0], 161s
  [n20w80_001] n20w80_001 noLS 10/15: PF=500, cost=[4209,7621], sat=[1.0,12.6], 70s
  [n80w80_003] n80w80_003 HMOA 6/15: PF=500, cost=[7098,11849], sat=[7.0,21.0], 299s
  [n20w80_002] n20w80_002 noLS 6/15: PF=500, cost=[4289,8117], sat=[3.0,8.0], 87s
  [n40w80_004] n40w80_004 noLS 2/15: PF=500, cost=[5037,6007], sat=[0.0,4.0], 116s
  [n40w80_001] n40w80_001 noLS 5/15: PF=500, cost=[7017,12144], sat=[0.0,9.0], 99s
  [n80w80_001] n80w80_001 HMOA 9/15: PF=500, cost=[7009,10787], sat=[5.0,15.3], 176s
  [n60w80_001] n60w80_001 HMOA 11/15: PF=500, cost=[6288,9640], sat=[8.0,13.2], 190s
  [n20w80_003] n20w80_003 noLS 12/15: PF=500, cost=[4363,9426], sat=[1.0,10.7], 83s
  [n60w80_004] n60w80_004 HMOA 10/15: PF=500, cost=[6876,9617], sat=[4.7,15.0], 200s
  [n40w80_005] n40w80_005 HMOA 15/15: PF=500, cost=[5430,6547], sat=[18.2,19.0], 110s
  [n40w80_002] n40w80_002 HMOA 15/15: PF=500, cost=[4426,6888], sat=[7.0,12.5], 96s
  [n20w80_001] n20w80_001 noLS 11/15: PF=500, cost=[4393,6727], sat=[2.0,13.0], 64s
  [n20w80_005] n20w80_005 noLS 7/15: PF=500, cost=[3931,6184], sat=[1.0,17.0], 75s
  [n20w80_004] n20w80_004 noLS 8/15: PF=500, cost=[4047,5457], sat=[7.1,10.9], 90s
  [n20w80_002] n20w80_002 noLS 7/15: PF=500, cost=[4424,7325], sat=[2.0,7.4], 73s
  [n20w80_003] n20w80_003 noLS 13/15: PF=500, cost=[4266,6958], sat=[6.0,9.0], 54s
  [n40w80_001] n40w80_001 noLS 6/15: PF=500, cost=[6944,9169], sat=[1.0,8.0], 74s
  [n60w80_003] n60w80_003 HMOA 13/15: PF=500, cost=[6566,7130], sat=[0.0,15.0], 131s
  [n40w80_004] n40w80_004 noLS 3/15: PF=500, cost=[4829,7604], sat=[1.0,6.0], 105s
  [n40w80_002] n40w80_002 noLS 1/15: PF=500, cost=[5361,7174], sat=[7.1,13.0], 77s
  [n20w80_001] n20w80_001 noLS 12/15: PF=500, cost=[4393,6512], sat=[2.0,12.0], 81s
  [n20w80_003] n20w80_003 noLS 14/15: PF=500, cost=[4247,6998], sat=[6.0,8.5], 57s
  [n20w80_002] n20w80_002 noLS 8/15: PF=500, cost=[4365,9537], sat=[3.0,10.7], 67s
  [n60w80_001] n60w80_001 HMOA 12/15: PF=500, cost=[6415,6477], sat=[11.5,13.8], 123s
  [n20w80_005] n20w80_005 noLS 8/15: PF=500, cost=[3917,5794], sat=[1.0,16.6], 86s
  [n60w80_002] n60w80_002 HMOA 13/15: PF=500, cost=[6283,8087], sat=[2.6,7.6], 164s
  [n40w80_001] n40w80_001 noLS 7/15: PF=500, cost=[7456,8819], sat=[1.0,5.0], 67s
  [n40w80_005] n40w80_005 noLS 1/15: PF=500, cost=[5464,6785], sat=[8.4,19.1], 126s
  [n20w80_004] n20w80_004 noLS 9/15: PF=500, cost=[4114,8253], sat=[7.1,11.9], 89s
  [n60w80_004] n60w80_004 HMOA 11/15: PF=500, cost=[6898,9570], sat=[7.5,14.2], 163s
  [n80w80_001] n80w80_001 HMOA 10/15: PF=500, cost=[7069,14146], sat=[7.0,11.1], 182s
  [n20w80_001] n20w80_001 noLS 13/15: PF=500, cost=[4161,8022], sat=[1.0,15.0], 66s
  [n40w80_004] n40w80_004 noLS 4/15: PF=500, cost=[5030,6303], sat=[2.0,4.0], 91s
  [n20w80_003] n20w80_003 noLS 15/15: PF=500, cost=[4408,7724], sat=[4.0,8.0], 67s
  [n20w80_002] n20w80_002 noLS 9/15: PF=500, cost=[4289,7672], sat=[3.0,7.8], 66s
  [n20w80_003] DONE n20w80_003: C(H,N)=0.7107, C(N,H)=0.1552
[00:46:00] DONE n20w80_003 (2/20): C(H,N)=0.7107, C(N,H)=0.1552, T(H)=77s, T(N)=73s, elapsed=2250s
  [n40w80_002] n40w80_002 noLS 2/15: PF=500, cost=[5111,7602], sat=[6.4,13.0], 88s
  [n40w80_001] n40w80_001 noLS 8/15: PF=500, cost=[7246,9413], sat=[1.0,8.0], 64s
  [n20w80_005] n20w80_005 noLS 9/15: PF=500, cost=[3908,7189], sat=[1.0,14.4], 77s
  [n20w80_004] n20w80_004 noLS 10/15: PF=500, cost=[4114,8886], sat=[7.1,12.7], 71s
  [n80w80_003] n80w80_003 HMOA 7/15: PF=500, cost=[7115,9352], sat=[12.0,18.4], 270s
  [n60w80_005] n60w80_005 HMOA 7/15: PF=500, cost=[6479,12531], sat=[1.0,24.2], 396s
  [n20w80_002] n20w80_002 noLS 10/15: PF=500, cost=[4368,7730], sat=[3.0,8.7], 61s
  [n40w80_004] n40w80_004 noLS 5/15: PF=500, cost=[5099,8790], sat=[1.0,5.7], 75s
  [n40w80_005] n40w80_005 noLS 2/15: PF=500, cost=[5533,7060], sat=[7.4,17.1], 119s
  [n20w80_001] n20w80_001 noLS 14/15: PF=500, cost=[4393,8037], sat=[5.9,13.0], 87s
  [n40w80_002] n40w80_002 noLS 3/15: PF=500, cost=[5181,7692], sat=[3.1,14.0], 82s
  [n20w80_005] n20w80_005 noLS 10/15: PF=500, cost=[3931,7125], sat=[1.0,12.2], 76s
  [n60w80_003] n60w80_003 HMOA 14/15: PF=500, cost=[6532,9551], sat=[0.0,22.6], 217s
  [n40w80_001] n40w80_001 noLS 9/15: PF=500, cost=[6805,7978], sat=[2.9,6.8], 92s
  [n20w80_004] n20w80_004 noLS 11/15: PF=500, cost=[4014,5457], sat=[7.1,10.9], 82s
  [n60w80_001] n60w80_001 HMOA 13/15: PF=500, cost=[6144,10978], sat=[12.0,18.0], 189s
  [n60w80_002] n60w80_002 HMOA 14/15: PF=500, cost=[6158,8630], sat=[2.6,9.0], 200s
  [n40w80_004] n40w80_004 noLS 6/15: PF=500, cost=[5052,7360], sat=[1.0,5.0], 77s
  [n40w80_005] n40w80_005 noLS 3/15: PF=500, cost=[5602,11056], sat=[8.6,20.9], 78s
  [n20w80_002] n20w80_002 noLS 11/15: PF=500, cost=[4365,8585], sat=[3.0,10.0], 91s
  [n60w80_004] n60w80_004 HMOA 12/15: PF=500, cost=[6939,8096], sat=[12.6,19.4], 167s
  [n20w80_005] n20w80_005 noLS 11/15: PF=500, cost=[3931,7137], sat=[1.0,13.0], 61s
  [n20w80_001] n20w80_001 noLS 15/15: PF=500, cost=[4361,6327], sat=[2.0,12.0], 77s
  [n20w80_001] DONE n20w80_001: C(H,N)=0.9915, C(N,H)=0.0024
[00:48:38] DONE n20w80_001 (3/20): C(H,N)=0.9915, C(N,H)=0.0024, T(H)=89s, T(N)=71s, elapsed=2408s
  [n40w80_002] n40w80_002 noLS 4/15: PF=500, cost=[5308,6881], sat=[4.1,13.0], 78s
  [n80w80_001] n80w80_001 HMOA 11/15: PF=500, cost=[7729,9083], sat=[3.0,12.0], 183s
  [n20w80_004] n20w80_004 noLS 12/15: PF=500, cost=[4014,6952], sat=[7.1,11.8], 74s
  [n80w80_005] n80w80_005 HMOA 9/15: PF=500, cost=[6380,11378], sat=[7.5,24.8], 449s
  [n80w80_002] n80w80_002 HMOA 7/15: PF=500, cost=[7940,11588], sat=[6.5,22.0], 462s
  [n40w80_001] n40w80_001 noLS 10/15: PF=500, cost=[7022,9104], sat=[2.0,5.0], 95s
  [n20w80_002] n20w80_002 noLS 12/15: PF=500, cost=[4424,10209], sat=[2.0,8.6], 64s
  [n40w80_004] n40w80_004 noLS 7/15: PF=500, cost=[5087,5920], sat=[0.0,4.0], 74s
  [n20w80_005] n20w80_005 noLS 12/15: PF=500, cost=[3908,6138], sat=[1.0,16.0], 71s
  [n40w80_005] n40w80_005 noLS 4/15: PF=500, cost=[5522,8121], sat=[9.9,18.1], 83s
  [n40w80_002] n40w80_002 noLS 5/15: PF=500, cost=[5189,7769], sat=[7.0,13.0], 73s
  [n20w80_004] n20w80_004 noLS 13/15: PF=500, cost=[4014,8253], sat=[7.1,11.9], 76s
  [n80w80_004] n80w80_004 HMOA 11/15: PF=500, cost=[7335,10947], sat=[20.6,43.3], 531s
  [n20w80_002] n20w80_002 noLS 13/15: PF=500, cost=[4424,10289], sat=[2.0,8.6], 57s
  [n60w80_002] n60w80_002 HMOA 15/15: PF=500, cost=[6388,7189], sat=[0.6,7.0], 133s
  [n60w80_003] n60w80_003 HMOA 15/15: PF=500, cost=[6571,7569], sat=[0.0,18.6], 182s
  [n60w80_001] n60w80_001 HMOA 14/15: PF=500, cost=[6264,16532], sat=[9.0,16.0], 159s
  [n40w80_001] n40w80_001 noLS 11/15: PF=500, cost=[7266,8576], sat=[0.8,7.0], 88s
  [n60w80_004] n60w80_004 HMOA 13/15: PF=500, cost=[7036,8982], sat=[10.6,16.0], 133s
  [n20w80_005] n20w80_005 noLS 13/15: PF=500, cost=[3885,6100], sat=[1.0,15.0], 63s
  [n80w80_003] n80w80_003 HMOA 8/15: PF=500, cost=[7215,14643], sat=[8.0,23.0], 247s
  [n40w80_004] n40w80_004 noLS 8/15: PF=500, cost=[5047,9524], sat=[1.0,7.0], 88s
  [n20w80_004] n20w80_004 noLS 14/15: PF=500, cost=[4014,8649], sat=[7.1,14.0], 58s
  [n40w80_005] n40w80_005 noLS 5/15: PF=500, cost=[5484,7070], sat=[6.4,19.0], 81s
  [n40w80_002] n40w80_002 noLS 6/15: PF=500, cost=[5256,8345], sat=[3.0,14.0], 91s
  [n20w80_005] n20w80_005 noLS 14/15: PF=500, cost=[3908,6116], sat=[1.0,16.0], 58s
  [n20w80_002] n20w80_002 noLS 14/15: PF=500, cost=[4326,7934], sat=[3.0,7.8], 73s
  [n40w80_001] n40w80_001 noLS 12/15: PF=500, cost=[7139,8311], sat=[2.0,6.0], 71s
  [n80w80_005] n80w80_005 HMOA 10/15: PF=500, cost=[7976,9656], sat=[4.0,13.0], 174s
  [n20w80_004] n20w80_004 noLS 15/15: PF=500, cost=[4014,5400], sat=[7.1,10.9], 57s
  [n20w80_004] DONE n20w80_004: C(H,N)=0.9949, C(N,H)=0.0013
[00:52:11] DONE n20w80_004 (4/20): C(H,N)=0.9949, C(N,H)=0.0013, T(H)=102s, T(N)=73s, elapsed=2621s
  [n60w80_002] n60w80_002 noLS 1/15: PF=500, cost=[6387,6932], sat=[4.6,6.9], 104s
  [n40w80_004] n40w80_004 noLS 9/15: PF=500, cost=[5075,7687], sat=[2.0,5.0], 77s
  [n60w80_005] n60w80_005 HMOA 8/15: PF=500, cost=[6128,14202], sat=[2.0,19.0], 342s
  [n80w80_001] n80w80_001 HMOA 12/15: PF=500, cost=[7777,13214], sat=[4.0,15.0], 231s
  [n40w80_005] n40w80_005 noLS 6/15: PF=500, cost=[5496,12200], sat=[7.5,18.5], 92s
  [n60w80_003] n60w80_003 noLS 1/15: PF=500, cost=[6925,12123], sat=[0.0,19.9], 127s
  [n20w80_005] n20w80_005 noLS 15/15: PF=500, cost=[3908,6108], sat=[1.0,14.8], 67s
  [n20w80_005] DONE n20w80_005: C(H,N)=0.4629, C(N,H)=0.5216
[00:52:52] DONE n20w80_005 (5/20): C(H,N)=0.4629, C(N,H)=0.5216, T(H)=112s, T(N)=66s, elapsed=2663s
  [n20w80_002] n20w80_002 noLS 15/15: PF=500, cost=[4423,6636], sat=[3.0,6.5], 71s
  [n20w80_002] DONE n20w80_002: C(H,N)=0.9931, C(N,H)=0.0016
[00:52:58] DONE n20w80_002 (6/20): C(H,N)=0.9931, C(N,H)=0.0016, T(H)=102s, T(N)=76s, elapsed=2669s
  [n40w80_001] n40w80_001 noLS 13/15: PF=500, cost=[6713,11201], sat=[5.0,9.0], 74s
  [n40w80_002] n40w80_002 noLS 7/15: PF=500, cost=[5227,10961], sat=[6.3,13.6], 99s
  [n60w80_004] n60w80_004 HMOA 14/15: PF=500, cost=[6913,7987], sat=[6.7,16.0], 158s
  [n80w80_004] n80w80_004 HMOA 12/15: PF=500, cost=[5675,7798], sat=[22.8,29.7], 178s
  [n40w80_004] n40w80_004 noLS 10/15: PF=500, cost=[5037,10160], sat=[1.0,5.0], 79s
  [n60w80_001] n60w80_001 HMOA 15/15: PF=500, cost=[6332,9682], sat=[7.5,18.0], 187s
  [n80w80_003] n80w80_003 HMOA 9/15: PF=500, cost=[7418,10500], sat=[15.0,22.0], 173s
  [n60w80_002] n60w80_002 noLS 2/15: PF=500, cost=[6543,9592], sat=[3.6,8.0], 102s
  [n40w80_005] n40w80_005 noLS 7/15: PF=500, cost=[5473,12451], sat=[7.4,18.2], 80s
  [n60w80_003] n60w80_003 noLS 2/15: PF=500, cost=[7024,9393], sat=[0.0,15.0], 93s
  [n40w80_002] n40w80_002 noLS 8/15: PF=500, cost=[5318,7151], sat=[6.0,15.8], 72s
  [n40w80_001] n40w80_001 noLS 14/15: PF=500, cost=[6685,11175], sat=[1.0,6.3], 77s
  [n80w80_005] n80w80_005 HMOA 11/15: PF=500, cost=[7468,10386], sat=[9.8,27.0], 168s
  [n40w80_004] n40w80_004 noLS 11/15: PF=500, cost=[5107,6659], sat=[0.8,6.0], 77s
  [n80w80_002] n80w80_002 HMOA 8/15: PF=500, cost=[8137,18626], sat=[6.7,21.7], 368s
  [n80w80_001] n80w80_001 HMOA 13/15: PF=500, cost=[7423,10712], sat=[3.0,17.0], 149s
  [n40w80_005] n40w80_005 noLS 8/15: PF=500, cost=[5629,7296], sat=[5.2,18.1], 82s
  [n60w80_001] n60w80_001 noLS 1/15: PF=500, cost=[6589,13118], sat=[3.0,20.0], 105s
  [n40w80_001] n40w80_001 noLS 15/15: PF=500, cost=[7435,9632], sat=[2.0,6.0], 74s
  [n40w80_001] DONE n40w80_001: C(H,N)=1.0000, C(N,H)=0.0000
  [n60w80_002] n60w80_002 noLS 3/15: PF=500, cost=[6414,9067], sat=[1.6,7.0], 100s
[00:55:40] DONE n40w80_001 (7/20): C(H,N)=1.0000, C(N,H)=0.0000, T(H)=106s, T(N)=83s, elapsed=2830s
  [n40w80_002] n40w80_002 noLS 9/15: PF=500, cost=[5365,7989], sat=[2.0,13.0], 80s
  [n60w80_003] n60w80_003 noLS 3/15: PF=500, cost=[6956,10893], sat=[0.0,15.4], 96s
  [n60w80_005] n60w80_005 HMOA 9/15: PF=500, cost=[6331,9881], sat=[1.4,16.0], 198s
  [n40w80_004] n40w80_004 noLS 12/15: PF=500, cost=[5060,8380], sat=[1.0,6.0], 73s
  [n60w80_004] n60w80_004 HMOA 15/15: PF=500, cost=[6953,8499], sat=[2.6,15.0], 174s
  [n40w80_005] n40w80_005 noLS 9/15: PF=500, cost=[5414,6798], sat=[8.6,18.0], 79s
  [n40w80_002] n40w80_002 noLS 10/15: PF=500, cost=[5553,7102], sat=[7.1,12.0], 70s
  [n60w80_001] n60w80_001 noLS 2/15: PF=500, cost=[6554,9739], sat=[4.0,17.0], 90s
  [n60w80_002] n60w80_002 noLS 4/15: PF=500, cost=[6360,8613], sat=[2.6,7.0], 93s
  [n80w80_003] n80w80_003 HMOA 10/15: PF=500, cost=[7138,12798], sat=[2.0,23.5], 199s
  [n40w80_004] n40w80_004 noLS 13/15: PF=500, cost=[5115,6121], sat=[1.0,4.0], 67s
  [n60w80_003] n60w80_003 noLS 4/15: PF=500, cost=[6995,10592], sat=[0.0,18.9], 95s
  [n80w80_005] n80w80_005 HMOA 12/15: PF=500, cost=[8273,10936], sat=[8.4,23.5], 173s
  [n60w80_004] n60w80_004 noLS 1/15: PF=500, cost=[7030,9790], sat=[2.0,13.0], 99s
  [n40w80_002] n40w80_002 noLS 11/15: PF=500, cost=[5330,8132], sat=[2.0,16.0], 72s
  [n80w80_001] n80w80_001 HMOA 14/15: PF=500, cost=[7258,10656], sat=[4.0,19.0], 172s
  [n40w80_005] n40w80_005 noLS 10/15: PF=500, cost=[5446,13538], sat=[8.6,21.9], 83s
  [n40w80_004] n40w80_004 noLS 14/15: PF=500, cost=[4889,7100], sat=[1.0,6.0], 61s
  [n60w80_001] n60w80_001 noLS 3/15: PF=500, cost=[6543,9039], sat=[2.0,13.0], 88s
  [n60w80_002] n60w80_002 noLS 5/15: PF=500, cost=[6177,8096], sat=[0.6,6.0], 93s
  [n60w80_005] n60w80_005 HMOA 10/15: PF=500, cost=[6063,12862], sat=[5.0,18.2], 170s
  [n60w80_003] n60w80_003 noLS 5/15: PF=500, cost=[7003,9075], sat=[0.0,18.0], 89s
  [n40w80_002] n40w80_002 noLS 12/15: PF=500, cost=[5259,7913], sat=[7.3,12.3], 73s
  [n40w80_005] n40w80_005 noLS 11/15: PF=500, cost=[5602,11700], sat=[11.2,18.4], 75s
  [n40w80_004] n40w80_004 noLS 15/15: PF=500, cost=[5131,7416], sat=[0.0,5.0], 71s
  [n40w80_004] DONE n40w80_004: C(H,N)=0.6628, C(N,H)=0.1425
[00:59:34] DONE n40w80_004 (8/20): C(H,N)=0.6628, C(N,H)=0.1425, T(H)=123s, T(N)=81s, elapsed=3064s
  [n60w80_004] n60w80_004 noLS 2/15: PF=500, cost=[7199,12346], sat=[5.0,15.0], 100s
  [n80w80_003] n80w80_003 HMOA 11/15: PF=500, cost=[6754,9746], sat=[8.6,20.0], 147s
  [n60w80_001] n60w80_001 noLS 4/15: PF=500, cost=[6578,10122], sat=[6.9,15.6], 91s
  [n80w80_005] n80w80_005 HMOA 13/15: PF=500, cost=[7978,13621], sat=[9.8,22.1], 154s
  [n60w80_002] n60w80_002 noLS 6/15: PF=500, cost=[6356,8373], sat=[3.6,6.9], 92s
  [n40w80_002] n40w80_002 noLS 13/15: PF=500, cost=[5299,9781], sat=[7.0,15.5], 70s
  [n60w80_003] n60w80_003 noLS 6/15: PF=500, cost=[7125,9266], sat=[0.0,15.8], 91s
  [n40w80_005] n40w80_005 noLS 12/15: PF=500, cost=[5438,12649], sat=[6.4,20.5], 73s
  [n80w80_004] n80w80_004 HMOA 13/15: PF=500, cost=[6144,13571], sat=[17.0,41.0], 454s
  [n80w80_002] n80w80_002 HMOA 9/15: PF=500, cost=[8089,15812], sat=[6.0,23.4], 352s
  [n60w80_004] n60w80_004 noLS 3/15: PF=500, cost=[7006,8981], sat=[2.0,12.0], 94s
  [n60w80_001] n60w80_001 noLS 5/15: PF=500, cost=[6930,11046], sat=[2.0,17.0], 88s
  [n40w80_002] n40w80_002 noLS 14/15: PF=500, cost=[5434,6639], sat=[1.1,12.0], 70s
  [n60w80_002] n60w80_002 noLS 7/15: PF=500, cost=[6504,9739], sat=[3.6,11.0], 87s
  [n40w80_005] n40w80_005 noLS 13/15: PF=500, cost=[5513,7088], sat=[6.4,16.8], 72s
  [n60w80_003] n60w80_003 noLS 7/15: PF=500, cost=[6933,11661], sat=[0.0,14.0], 81s
  [n60w80_005] n60w80_005 HMOA 11/15: PF=500, cost=[6004,12226], sat=[5.0,23.8], 207s
  [n80w80_001] n80w80_001 HMOA 15/15: PF=500, cost=[7165,17914], sat=[4.0,12.8], 264s
  [n80w80_005] n80w80_005 HMOA 14/15: PF=500, cost=[7571,9528], sat=[8.2,31.9], 139s
  [n40w80_002] n40w80_002 noLS 15/15: PF=500, cost=[5274,6947], sat=[7.0,13.0], 63s
  [n40w80_002] DONE n40w80_002: C(H,N)=0.7423, C(N,H)=0.0656
[01:02:41] DONE n40w80_002 (9/20): C(H,N)=0.7423, C(N,H)=0.0656, T(H)=139s, T(N)=77s, elapsed=3251s
  [n60w80_004] n60w80_004 noLS 4/15: PF=500, cost=[6979,9470], sat=[2.7,12.4], 91s
  [n60w80_001] n60w80_001 noLS 6/15: PF=500, cost=[6462,11793], sat=[3.0,13.0], 81s
  [n80w80_004] n80w80_004 HMOA 14/15: PF=500, cost=[6530,16461], sat=[11.0,26.0], 122s
  [n40w80_005] n40w80_005 noLS 14/15: PF=500, cost=[5427,6835], sat=[6.4,18.0], 71s
  [n60w80_002] n60w80_002 noLS 8/15: PF=500, cost=[6414,8150], sat=[3.7,7.8], 79s
  [n60w80_003] n60w80_003 noLS 8/15: PF=500, cost=[6703,9478], sat=[0.0,16.0], 83s
  [n40w80_005] n40w80_005 noLS 15/15: PF=500, cost=[5456,8636], sat=[8.6,18.1], 69s
  [n40w80_005] DONE n40w80_005: C(H,N)=0.7101, C(N,H)=0.0029
[01:04:09] DONE n40w80_005 (10/20): C(H,N)=0.7101, C(N,H)=0.0029, T(H)=138s, T(N)=84s, elapsed=3340s
  [n60w80_004] n60w80_004 noLS 5/15: PF=500, cost=[7154,16414], sat=[1.0,15.9], 93s
  [n80w80_001] n80w80_001 noLS 1/15: PF=500, cost=[7834,14363], sat=[2.0,14.0], 105s
  [n60w80_001] n60w80_001 noLS 7/15: PF=500, cost=[6952,13705], sat=[4.0,20.0], 85s
  [n60w80_002] n60w80_002 noLS 9/15: PF=500, cost=[6437,8398], sat=[3.6,9.0], 79s
  [n80w80_003] n80w80_003 HMOA 12/15: PF=500, cost=[7205,12793], sat=[8.6,23.0], 286s
  [n60w80_003] n60w80_003 noLS 9/15: PF=500, cost=[7191,11047], sat=[0.0,19.0], 82s
  [n80w80_005] n80w80_005 HMOA 15/15: PF=68, cost=[7106,11005], sat=[17.0,26.9], 155s
  [n80w80_004] n80w80_004 HMOA 15/15: PF=500, cost=[5644,11800], sat=[26.1,37.5], 143s
  [n60w80_005] n60w80_005 HMOA 12/15: PF=500, cost=[6032,13389], sat=[5.0,17.5], 190s
  [n60w80_004] n60w80_004 noLS 6/15: PF=500, cost=[7013,8941], sat=[2.6,12.0], 84s
  [n60w80_002] n60w80_002 noLS 10/15: PF=500, cost=[6514,7396], sat=[2.6,7.0], 77s
  [n60w80_001] n60w80_001 noLS 8/15: PF=500, cost=[6535,14741], sat=[6.8,21.1], 80s
  [n60w80_003] n60w80_003 noLS 10/15: PF=500, cost=[7113,10587], sat=[0.0,19.8], 78s
  [n80w80_001] n80w80_001 noLS 2/15: PF=500, cost=[7667,13506], sat=[4.0,13.0], 104s
  [n80w80_002] n80w80_002 HMOA 10/15: PF=500, cost=[7536,17994], sat=[6.0,25.0], 320s
  [n80w80_003] n80w80_003 HMOA 13/15: PF=500, cost=[7598,9482], sat=[14.8,20.3], 122s
  [n80w80_005] n80w80_005 noLS 1/15: PF=500, cost=[7305,16114], sat=[7.0,21.5], 96s
  [n60w80_001] n60w80_001 noLS 9/15: PF=500, cost=[6604,12772], sat=[6.0,16.0], 77s
  [n60w80_004] n60w80_004 noLS 7/15: PF=500, cost=[7125,10021], sat=[3.8,14.0], 80s
  [n60w80_002] n60w80_002 noLS 11/15: PF=500, cost=[6671,9791], sat=[2.6,8.0], 80s
  [n80w80_004] n80w80_004 noLS 1/15: PF=500, cost=[7496,14136], sat=[16.0,33.1], 102s
  [n60w80_003] n60w80_003 noLS 11/15: PF=500, cost=[6886,8311], sat=[0.0,15.0], 77s
  [n80w80_001] n80w80_001 noLS 3/15: PF=500, cost=[7375,14857], sat=[1.0,10.9], 95s
  [n60w80_001] n60w80_001 noLS 10/15: PF=500, cost=[6652,10204], sat=[4.0,14.0], 73s
  [n60w80_002] n60w80_002 noLS 12/15: PF=500, cost=[6554,9242], sat=[3.6,7.2], 74s
  [n60w80_004] n60w80_004 noLS 8/15: PF=500, cost=[6908,10548], sat=[1.0,13.0], 82s
  [n80w80_005] n80w80_005 noLS 2/15: PF=500, cost=[8373,13160], sat=[5.0,26.8], 103s
  [n60w80_003] n60w80_003 noLS 12/15: PF=500, cost=[6702,15238], sat=[0.0,18.5], 76s
  [n80w80_004] n80w80_004 noLS 2/15: PF=500, cost=[7604,9991], sat=[18.0,29.0], 95s
  [n80w80_002] n80w80_002 HMOA 11/15: PF=500, cost=[7275,10308], sat=[7.6,20.0], 143s
  [n60w80_005] n60w80_005 HMOA 13/15: PF=500, cost=[6346,13447], sat=[3.0,20.5], 221s
  [n80w80_001] n80w80_001 noLS 4/15: PF=500, cost=[7756,14623], sat=[2.0,12.0], 97s
  [n60w80_001] n60w80_001 noLS 11/15: PF=500, cost=[6667,9122], sat=[3.0,14.0], 75s
  [n60w80_002] n60w80_002 noLS 13/15: PF=500, cost=[6377,7898], sat=[0.6,6.9], 78s
  [n60w80_004] n60w80_004 noLS 9/15: PF=500, cost=[7106,17370], sat=[2.7,17.2], 87s
  [n60w80_003] n60w80_003 noLS 13/15: PF=500, cost=[6784,11116], sat=[0.0,15.6], 79s
  [n80w80_005] n80w80_005 noLS 3/15: PF=500, cost=[8018,13833], sat=[1.0,21.2], 109s
  [n80w80_004] n80w80_004 noLS 3/15: PF=500, cost=[7465,11042], sat=[13.4,25.0], 101s
  [n60w80_001] n60w80_001 noLS 12/15: PF=500, cost=[6803,13938], sat=[8.0,18.3], 83s
  [n80w80_001] n80w80_001 noLS 5/15: PF=500, cost=[7538,20090], sat=[3.7,14.1], 100s
  [n60w80_002] n60w80_002 noLS 14/15: PF=500, cost=[6558,7628], sat=[2.6,6.9], 81s
  [n60w80_003] n60w80_003 noLS 14/15: PF=500, cost=[6762,9525], sat=[0.0,16.0], 77s
  [n60w80_004] n60w80_004 noLS 10/15: PF=500, cost=[7175,9291], sat=[2.0,14.2], 81s
  [n80w80_002] n80w80_002 HMOA 12/15: PF=500, cost=[7407,14048], sat=[3.0,23.9], 144s
  [n80w80_003] n80w80_003 HMOA 14/15: PF=500, cost=[7006,11521], sat=[8.0,24.7], 313s
  [n80w80_004] n80w80_004 noLS 4/15: PF=500, cost=[7463,14132], sat=[5.0,41.2], 104s
  [n80w80_005] n80w80_005 noLS 4/15: PF=500, cost=[8063,16673], sat=[4.0,26.6], 111s
  [n60w80_001] n60w80_001 noLS 13/15: PF=500, cost=[6717,10404], sat=[3.0,11.6], 82s
  [n60w80_002] n60w80_002 noLS 15/15: PF=500, cost=[6540,13127], sat=[0.6,9.5], 86s
  [n60w80_002] DONE n60w80_002: C(H,N)=0.7921, C(N,H)=0.0185
[01:12:19] DONE n60w80_002 (11/20): C(H,N)=0.7921, C(N,H)=0.0185, T(H)=168s, T(N)=87s, elapsed=3829s
  [n60w80_003] n60w80_003 noLS 15/15: PF=500, cost=[6663,11416], sat=[0.0,20.3], 82s
  [n60w80_003] DONE n60w80_003: C(H,N)=0.8011, C(N,H)=0.0649
[01:12:28] DONE n60w80_003 (12/20): C(H,N)=0.8011, C(N,H)=0.0649, T(H)=169s, T(N)=87s, elapsed=3838s
  [n80w80_001] n80w80_001 noLS 6/15: PF=500, cost=[7637,11501], sat=[4.0,9.7], 98s
  [n60w80_004] n60w80_004 noLS 11/15: PF=500, cost=[6940,8672], sat=[2.0,12.0], 83s
  [n60w80_005] n60w80_005 HMOA 14/15: PF=500, cost=[6325,14596], sat=[4.6,21.0], 233s
  [n60w80_001] n60w80_001 noLS 14/15: PF=500, cost=[6594,11347], sat=[4.0,16.0], 73s
  [n80w80_004] n80w80_004 noLS 5/15: PF=500, cost=[7241,14556], sat=[0.0,24.0], 86s
  [n60w80_004] n60w80_004 noLS 12/15: PF=500, cost=[7128,8646], sat=[1.0,14.8], 69s
  [n80w80_005] n80w80_005 noLS 5/15: PF=500, cost=[8444,14102], sat=[2.6,27.1], 100s
  [n80w80_001] n80w80_001 noLS 7/15: PF=500, cost=[7974,12784], sat=[1.0,11.3], 92s
  [n60w80_001] n60w80_001 noLS 15/15: PF=500, cost=[7069,14125], sat=[4.7,15.0], 77s
  [n60w80_001] DONE n60w80_001: C(H,N)=0.9853, C(N,H)=0.0353
[01:14:39] DONE n60w80_001 (13/20): C(H,N)=0.9853, C(N,H)=0.0353, T(H)=181s, T(N)=83s, elapsed=3970s
  [n60w80_004] n60w80_004 noLS 13/15: PF=500, cost=[7056,9738], sat=[3.0,15.0], 70s
  [n80w80_003] n80w80_003 HMOA 15/15: PF=500, cost=[7412,10295], sat=[6.7,26.3], 190s
  [n80w80_002] n80w80_002 HMOA 13/15: PF=500, cost=[7901,13996], sat=[3.0,23.8], 228s
  [n80w80_004] n80w80_004 noLS 6/15: PF=500, cost=[7060,12966], sat=[11.0,26.0], 90s
  [n80w80_005] n80w80_005 noLS 6/15: PF=500, cost=[8492,12663], sat=[3.4,17.7], 85s
  [n80w80_001] n80w80_001 noLS 8/15: PF=500, cost=[7513,13360], sat=[2.0,10.0], 87s
  [n60w80_005] n60w80_005 HMOA 15/15: PF=500, cost=[6025,13437], sat=[5.0,22.4], 147s
  [n60w80_004] n60w80_004 noLS 14/15: PF=500, cost=[6944,11896], sat=[2.0,16.6], 70s
  [n80w80_003] n80w80_003 noLS 1/15: PF=500, cost=[7227,14498], sat=[5.0,21.5], 80s
  [n80w80_004] n80w80_004 noLS 7/15: PF=500, cost=[7509,12695], sat=[8.0,26.8], 88s
  [n60w80_005] n60w80_005 noLS 1/15: PF=500, cost=[6378,13072], sat=[1.0,22.0], 65s
  [n80w80_005] n80w80_005 noLS 7/15: PF=500, cost=[8118,15084], sat=[3.8,20.0], 84s
  [n80w80_001] n80w80_001 noLS 9/15: PF=500, cost=[7481,16025], sat=[5.0,11.8], 85s
  [n60w80_004] n60w80_004 noLS 15/15: PF=500, cost=[6990,9393], sat=[1.6,13.5], 72s
  [n60w80_004] DONE n60w80_004: C(H,N)=0.8580, C(N,H)=0.0037
[01:17:12] DONE n60w80_004 (14/20): C(H,N)=0.8580, C(N,H)=0.0037, T(H)=191s, T(N)=84s, elapsed=4123s
  [n80w80_003] n80w80_003 noLS 2/15: PF=500, cost=[7444,9326], sat=[8.6,16.7], 77s
  [n60w80_005] n60w80_005 noLS 2/15: PF=500, cost=[6330,14611], sat=[2.0,20.2], 69s
  [n80w80_004] n80w80_004 noLS 8/15: PF=500, cost=[7358,15217], sat=[10.0,27.8], 82s
  [n80w80_005] n80w80_005 noLS 8/15: PF=500, cost=[8512,16493], sat=[7.1,23.0], 84s
  [n80w80_001] n80w80_001 noLS 10/15: PF=500, cost=[7560,13381], sat=[2.0,14.0], 78s
  [n80w80_003] n80w80_003 noLS 3/15: PF=500, cost=[7509,9426], sat=[5.7,14.3], 73s
  [n60w80_005] n60w80_005 noLS 3/15: PF=500, cost=[6436,14867], sat=[1.0,20.0], 64s
  [n80w80_004] n80w80_004 noLS 9/15: PF=500, cost=[7498,17251], sat=[5.0,32.4], 90s
  [n80w80_002] n80w80_002 HMOA 14/15: PF=500, cost=[7309,18265], sat=[4.0,27.7], 262s
  [n80w80_001] n80w80_001 noLS 11/15: PF=500, cost=[7608,16022], sat=[3.0,12.0], 73s
  [n80w80_005] n80w80_005 noLS 9/15: PF=500, cost=[8474,14203], sat=[2.0,20.9], 87s
  [n60w80_005] n60w80_005 noLS 4/15: PF=500, cost=[6475,15645], sat=[0.0,23.0], 66s
  [n80w80_003] n80w80_003 noLS 4/15: PF=500, cost=[7158,13154], sat=[5.2,19.0], 81s
  [n80w80_004] n80w80_004 noLS 10/15: PF=500, cost=[7509,18051], sat=[20.0,34.4], 77s
  [n80w80_001] n80w80_001 noLS 12/15: PF=500, cost=[7345,14640], sat=[3.0,12.8], 80s
  [n80w80_005] n80w80_005 noLS 10/15: PF=500, cost=[8219,13064], sat=[5.1,25.0], 80s
  [n60w80_005] n60w80_005 noLS 5/15: PF=500, cost=[6214,17300], sat=[2.0,22.0], 66s
  [n80w80_002] n80w80_002 HMOA 15/15: PF=500, cost=[7597,11066], sat=[8.0,20.0], 113s
  [n80w80_003] n80w80_003 noLS 5/15: PF=500, cost=[7321,13290], sat=[3.0,20.8], 78s
  [n80w80_001] n80w80_001 noLS 13/15: PF=500, cost=[7724,15823], sat=[4.0,14.1], 79s
  [n60w80_005] n60w80_005 noLS 6/15: PF=500, cost=[6287,13985], sat=[0.0,25.0], 67s
  [n80w80_004] n80w80_004 noLS 11/15: PF=500, cost=[7082,14535], sat=[0.0,46.2], 88s
  [n80w80_005] n80w80_005 noLS 11/15: PF=500, cost=[8127,16085], sat=[1.0,22.0], 81s
  [n80w80_002] n80w80_002 noLS 1/15: PF=500, cost=[8651,12098], sat=[3.8,20.0], 80s
  [n80w80_003] n80w80_003 noLS 6/15: PF=500, cost=[7552,13013], sat=[7.5,22.1], 78s
  [n60w80_005] n60w80_005 noLS 7/15: PF=500, cost=[6216,15483], sat=[2.1,21.8], 72s
  [n80w80_001] n80w80_001 noLS 14/15: PF=500, cost=[7553,16671], sat=[3.0,11.0], 79s
  [n80w80_004] n80w80_004 noLS 12/15: PF=500, cost=[7377,12177], sat=[15.0,28.8], 79s
  [n80w80_005] n80w80_005 noLS 12/15: PF=500, cost=[8786,14286], sat=[3.0,21.5], 80s
  [n80w80_003] n80w80_003 noLS 7/15: PF=500, cost=[7487,11141], sat=[1.0,22.0], 79s
  [n80w80_002] n80w80_002 noLS 2/15: PF=500, cost=[8064,14870], sat=[2.0,27.0], 91s
  [n60w80_005] n60w80_005 noLS 8/15: PF=500, cost=[6651,13769], sat=[3.4,19.7], 65s
  [n80w80_001] n80w80_001 noLS 15/15: PF=500, cost=[7646,12727], sat=[2.0,12.0], 76s
  [n80w80_001] DONE n80w80_001: C(H,N)=0.8095, C(N,H)=0.1483
[01:24:38] DONE n80w80_001 (15/20): C(H,N)=0.8095, C(N,H)=0.1483, T(H)=216s, T(N)=88s, elapsed=4568s
  [n80w80_004] n80w80_004 noLS 13/15: PF=500, cost=[7515,10634], sat=[4.0,21.0], 78s
  [n80w80_005] n80w80_005 noLS 13/15: PF=500, cost=[7380,11560], sat=[4.5,24.8], 79s
  [n80w80_003] n80w80_003 noLS 8/15: PF=500, cost=[7459,14517], sat=[6.0,20.0], 75s
  [n60w80_005] n60w80_005 noLS 9/15: PF=500, cost=[6371,13764], sat=[3.0,20.0], 62s
  [n80w80_002] n80w80_002 noLS 3/15: PF=500, cost=[8410,15746], sat=[1.0,25.2], 78s
  [n80w80_004] n80w80_004 noLS 14/15: PF=500, cost=[7807,9970], sat=[0.7,24.0], 73s
  [n80w80_005] n80w80_005 noLS 14/15: PF=500, cost=[8623,13226], sat=[2.0,25.5], 80s
  [n60w80_005] n60w80_005 noLS 10/15: PF=500, cost=[6482,13767], sat=[2.4,27.0], 62s
  [n80w80_003] n80w80_003 noLS 9/15: PF=500, cost=[7336,10753], sat=[3.0,17.0], 72s
  [n80w80_002] n80w80_002 noLS 4/15: PF=500, cost=[8974,17015], sat=[3.6,27.0], 82s
  [n80w80_004] n80w80_004 noLS 15/15: PF=500, cost=[7445,14881], sat=[5.0,24.7], 69s
  [n80w80_004] DONE n80w80_004: C(H,N)=0.8611, C(N,H)=0.0029
[01:27:05] DONE n80w80_004 (16/20): C(H,N)=0.8611, C(N,H)=0.0029, T(H)=227s, T(N)=87s, elapsed=4715s
  [n60w80_005] n60w80_005 noLS 11/15: PF=500, cost=[6618,12254], sat=[2.0,19.0], 59s
  [n80w80_005] n80w80_005 noLS 15/15: PF=500, cost=[8574,14581], sat=[3.1,26.3], 80s
  [n80w80_005] DONE n80w80_005: C(H,N)=0.8613, C(N,H)=0.0643
[01:27:26] DONE n80w80_005 (17/20): C(H,N)=0.8613, C(N,H)=0.0643, T(H)=226s, T(N)=89s, elapsed=4736s
  [n80w80_003] n80w80_003 noLS 10/15: PF=500, cost=[7545,13952], sat=[6.0,24.0], 70s
  [n80w80_002] n80w80_002 noLS 5/15: PF=500, cost=[8551,15577], sat=[5.0,25.6], 72s
  [n60w80_005] n60w80_005 noLS 12/15: PF=500, cost=[6255,16440], sat=[2.0,21.3], 54s
  [n80w80_003] n80w80_003 noLS 11/15: PF=500, cost=[7128,19596], sat=[2.0,21.0], 69s
  [n80w80_002] n80w80_002 noLS 6/15: PF=500, cost=[8228,16329], sat=[3.5,21.1], 69s
  [n60w80_005] n60w80_005 noLS 13/15: PF=500, cost=[6546,12740], sat=[0.0,20.7], 52s
  [n80w80_003] n80w80_003 noLS 12/15: PF=500, cost=[7573,10827], sat=[6.2,23.0], 61s
  [n60w80_005] n60w80_005 noLS 14/15: PF=500, cost=[6308,15307], sat=[2.3,21.0], 53s
  [n80w80_002] n80w80_002 noLS 7/15: PF=500, cost=[8342,14962], sat=[7.7,21.3], 70s
  [n80w80_003] n80w80_003 noLS 13/15: PF=500, cost=[7846,15042], sat=[9.0,29.6], 65s
  [n60w80_005] n60w80_005 noLS 15/15: PF=500, cost=[6348,13058], sat=[2.0,17.1], 55s
  [n60w80_005] DONE n60w80_005: C(H,N)=0.7699, C(N,H)=0.0777
[01:30:59] DONE n60w80_005 (18/20): C(H,N)=0.7699, C(N,H)=0.0777, T(H)=268s, T(N)=62s, elapsed=4949s
  [n80w80_002] n80w80_002 noLS 8/15: PF=500, cost=[8148,16107], sat=[6.3,16.9], 69s
  [n80w80_003] n80w80_003 noLS 14/15: PF=500, cost=[7479,10160], sat=[4.0,20.0], 59s
  [n80w80_002] n80w80_002 noLS 9/15: PF=500, cost=[8482,18462], sat=[2.3,20.5], 65s
  [n80w80_003] n80w80_003 noLS 15/15: PF=500, cost=[7198,10955], sat=[2.0,19.0], 67s
  [n80w80_003] DONE n80w80_003: C(H,N)=0.7296, C(N,H)=0.0688
[01:33:01] DONE n80w80_003 (19/20): C(H,N)=0.7296, C(N,H)=0.0688, T(H)=266s, T(N)=72s, elapsed=5071s
  [n80w80_002] n80w80_002 noLS 10/15: PF=500, cost=[8497,11792], sat=[2.0,18.7], 64s
  [n80w80_002] n80w80_002 noLS 11/15: PF=500, cost=[8509,13763], sat=[4.0,25.0], 65s
  [n80w80_002] n80w80_002 noLS 12/15: PF=500, cost=[8330,12399], sat=[1.3,21.0], 70s
  [n80w80_002] n80w80_002 noLS 13/15: PF=500, cost=[8472,11604], sat=[12.0,21.4], 65s
  [n80w80_002] n80w80_002 noLS 14/15: PF=500, cost=[8817,18419], sat=[5.3,24.0], 67s
  [n80w80_002] n80w80_002 noLS 15/15: PF=500, cost=[8601,13782], sat=[2.0,16.4], 62s
  [n80w80_002] DONE n80w80_002: C(H,N)=0.9425, C(N,H)=0.0112
[01:39:04] DONE n80w80_002 (20/20): C(H,N)=0.9425, C(N,H)=0.0112, T(H)=291s, T(N)=71s, elapsed=5434s

==========================================================================================
  FINAL RESULTS
  Completed: 20  Failed: 0  Time: 5434s (1.5h)
==========================================================================================
Instance       C(H,N)         C(N,H)         W      HV(H)        HV(N)        T(H)     T(N)    
------------------------------------------------------------------------------------------
n20w80_001     0.9915±0.013 0.0024±0.005 HMOA   3.2±1  2.4±1  89s     71s
n20w80_002     0.9931±0.011 0.0016±0.004 HMOA   10.4±23  2.8±2  102s     76s
n20w80_003     0.7107±0.426 0.1552±0.332 HMOA   6.4±8  3.6±2  77s     73s
n20w80_004     0.9949±0.010 0.0013±0.003 HMOA   1.9±1  3.4±2  102s     73s
n20w80_005     0.4629±0.465 0.5216±0.463 noLS   1.4±0  1.5±0  112s     66s
n40w80_001     1.0000±0.000 0.0000±0.000 HMOA   23.0±38  13.7±33  106s     83s
n40w80_002     0.7423±0.424 0.0656±0.237 HMOA   8.2±6  5.7±3  139s     77s
n40w80_003     0.9087±0.227 0.0412±0.113 HMOA   910.3±1498  1.9±1  61s     68s
n40w80_004     0.6628±0.461 0.1425±0.293 HMOA   6.1±6  4.4±3  123s     81s
n40w80_005     0.7101±0.408 0.0029±0.008 HMOA   36.2±47  4.8±3  138s     84s
n60w80_001     0.9853±0.013 0.0353±0.115 HMOA   75.5±246  2.9±1  181s     83s
n60w80_002     0.7921±0.381 0.0185±0.042 HMOA   7.4±3  8.0±9  168s     87s
n60w80_003     0.8011±0.383 0.0649±0.233 HMOA   8.4±6  2.9±1  169s     87s
n60w80_004     0.8580±0.307 0.0037±0.008 HMOA   17.0±19  5.0±2  191s     84s
n60w80_005     0.7699±0.364 0.0777±0.217 HMOA   2.0±0  1.5±0  268s     62s
n80w80_001     0.8095±0.355 0.1483±0.327 HMOA   5.1±3  2.6±1  216s     88s
n80w80_002     0.9425±0.120 0.0112±0.020 HMOA   3.4±2  2.5±2  291s     71s
n80w80_003     0.7296±0.388 0.0688±0.229 HMOA   7.3±6  4.5±4  266s     72s
n80w80_004     0.8611±0.315 0.0029±0.009 HMOA   3346.9±12464  3.8±3  227s     87s
n80w80_005     0.8613±0.322 0.0643±0.235 HMOA   12.1±18  1.6±0  226s     89s
  n=20: C(H,N)=0.8306  C(N,H)=0.1364  → HMOA wins
  n=40: C(H,N)=0.8048  C(N,H)=0.0505  → HMOA wins
  n=60: C(H,N)=0.8413  C(N,H)=0.0400  → HMOA wins
  n=80: C(H,N)=0.8408  C(N,H)=0.0591  → HMOA wins

Completed: 2026-07-08 01:39:04
