======================================================================
  HMOA EXPERIMENT — pop=200, iter=1500, kmax=5, drones=3, wbl=0.2
  Workers: 20  |  Pending: 20
  Started: 2026-06-28 23:28:51
======================================================================
  [n40w80_003] n40w80_003 HMOA 1/15: PF=500, cost=[4828,5260], sat=[0.0,1.0], 184s
  [n40w80_001] n40w80_001 HMOA 1/15: PF=500, cost=[6696,8213], sat=[8.0,9.0], 239s
  [n20w80_002] n20w80_002 HMOA 1/15: PF=500, cost=[3424,8694], sat=[4.0,9.0], 263s
  [n20w80_001] n20w80_001 HMOA 1/15: PF=500, cost=[4131,7519], sat=[6.0,13.1], 268s
  [n20w80_003] n20w80_003 HMOA 1/15: PF=500, cost=[4239,6192], sat=[2.0,9.0], 271s
  [n20w80_005] n20w80_005 HMOA 1/15: PF=500, cost=[3959,6771], sat=[1.0,16.3], 320s
  [n40w80_005] n40w80_005 HMOA 1/15: PF=500, cost=[5482,8031], sat=[11.8,17.7], 352s
  [n40w80_002] n40w80_002 HMOA 1/15: PF=500, cost=[4160,6994], sat=[11.0,16.5], 371s
  [n40w80_003] n40w80_003 HMOA 2/15: PF=500, cost=[5045,5714], sat=[0.0,1.0], 192s
  [n40w80_004] n40w80_004 HMOA 1/15: PF=500, cost=[5027,5799], sat=[1.6,4.0], 380s
  [n60w80_002] n60w80_002 HMOA 1/15: PF=500, cost=[6454,8742], sat=[3.7,6.6], 403s
  [n80w80_004] n80w80_004 HMOA 1/15: PF=500, cost=[6863,7703], sat=[27.7,30.2], 425s
  [n20w80_004] n20w80_004 HMOA 1/15: PF=500, cost=[3789,8647], sat=[7.1,15.7], 440s
  [n40w80_001] n40w80_001 HMOA 2/15: PF=500, cost=[6508,9069], sat=[7.9,10.0], 214s
  [n20w80_003] n20w80_003 HMOA 2/15: PF=500, cost=[3838,7058], sat=[1.1,9.0], 223s
  [n20w80_001] n20w80_001 HMOA 2/15: PF=500, cost=[4131,8327], sat=[6.0,13.7], 268s
  [n60w80_003] n60w80_003 HMOA 1/15: PF=500, cost=[6853,10393], sat=[0.0,17.0], 541s
  [n40w80_003] n40w80_003 HMOA 3/15: PF=500, cost=[4675,5892], sat=[0.0,1.0], 181s
  [n60w80_001] n60w80_001 HMOA 1/15: PF=500, cost=[6165,10383], sat=[9.6,13.4], 558s
  [n60w80_004] n60w80_004 HMOA 1/15: PF=500, cost=[6755,9075], sat=[7.7,12.0], 580s
  [n20w80_002] n20w80_002 HMOA 2/15: PF=500, cost=[3447,10055], sat=[3.0,12.3], 325s
  [n20w80_005] n20w80_005 HMOA 2/15: PF=500, cost=[3885,6880], sat=[1.0,15.0], 279s
  [n40w80_001] n40w80_001 HMOA 3/15: PF=500, cost=[6227,6227], sat=[7.0,7.0], 184s
  [n80w80_005] n80w80_005 HMOA 1/15: PF=500, cost=[6281,12012], sat=[15.7,28.3], 655s
  [n60w80_005] n60w80_005 HMOA 1/15: PF=500, cost=[6328,12462], sat=[2.0,20.0], 666s
  [n20w80_003] n20w80_003 HMOA 3/15: PF=500, cost=[3838,5848], sat=[1.1,9.0], 237s
  [n80w80_001] n80w80_001 HMOA 1/15: PF=500, cost=[7313,14868], sat=[5.0,11.6], 736s
  [n40w80_005] n40w80_005 HMOA 2/15: PF=500, cost=[5505,13989], sat=[18.0,21.1], 392s
  [n40w80_003] n40w80_003 HMOA 4/15: PF=500, cost=[4725,4815], sat=[0.0,1.0], 195s
  [n40w80_004] n40w80_004 HMOA 2/15: PF=500, cost=[5054,6748], sat=[0.8,5.0], 376s
  [n20w80_004] n20w80_004 HMOA 2/15: PF=500, cost=[3764,9342], sat=[7.1,15.6], 338s
  [n80w80_004] n80w80_004 HMOA 2/15: PF=500, cost=[6378,7807], sat=[16.0,27.3], 353s
  [n40w80_002] n40w80_002 HMOA 2/15: PF=500, cost=[4878,8701], sat=[9.3,15.8], 426s
  [n20w80_001] n20w80_001 HMOA 3/15: PF=500, cost=[4143,11071], sat=[6.0,12.4], 274s
  [n20w80_002] n20w80_002 HMOA 3/15: PF=500, cost=[3423,6762], sat=[6.3,9.3], 243s
  [n20w80_005] n20w80_005 HMOA 3/15: PF=500, cost=[3908,6116], sat=[1.0,16.0], 302s
  [n40w80_003] n40w80_003 HMOA 5/15: PF=500, cost=[4656,5200], sat=[0.0,1.0], 171s
  [n40w80_001] n40w80_001 HMOA 4/15: PF=500, cost=[6807,9025], sat=[6.0,8.0], 304s
  [n60w80_002] n60w80_002 HMOA 2/15: PF=500, cost=[6544,8346], sat=[3.6,8.3], 564s
  [n80w80_003] n80w80_003 HMOA 1/15: PF=500, cost=[7320,9362], sat=[7.7,26.2], 969s
  [n20w80_003] n20w80_003 HMOA 4/15: PF=500, cost=[4239,11000], sat=[2.0,13.9], 277s
  [n40w80_005] n40w80_005 HMOA 3/15: PF=500, cost=[5453,6187], sat=[13.4,19.3], 281s
  [n20w80_002] n20w80_002 HMOA 4/15: PF=500, cost=[3678,7584], sat=[4.7,9.6], 220s
  [n60w80_001] n60w80_001 HMOA 2/15: PF=500, cost=[6255,10541], sat=[11.0,17.8], 494s
  [n40w80_004] n40w80_004 HMOA 3/15: PF=500, cost=[4766,6043], sat=[0.0,9.0], 308s
  [n20w80_001] n20w80_001 HMOA 4/15: PF=500, cost=[4150,6378], sat=[6.0,17.0], 268s
  [n80w80_005] n80w80_005 HMOA 2/15: PF=500, cost=[6954,13423], sat=[13.0,16.7], 422s
  [n60w80_003] n60w80_003 HMOA 2/15: PF=500, cost=[6676,8529], sat=[0.0,17.0], 536s
  [n20w80_004] n20w80_004 HMOA 3/15: PF=500, cost=[3764,7763], sat=[7.1,13.8], 336s
  [n40w80_002] n40w80_002 HMOA 3/15: PF=500, cost=[4321,6270], sat=[8.0,12.0], 343s
  [n40w80_003] n40w80_003 HMOA 6/15: PF=500, cost=[4964,5560], sat=[0.0,1.0], 231s
  [n80w80_002] n80w80_002 HMOA 1/15: PF=500, cost=[8470,15417], sat=[6.6,24.0], 1169s
  [n20w80_005] n20w80_005 HMOA 4/15: PF=500, cost=[3908,6163], sat=[1.0,17.0], 282s
  [n40w80_001] n40w80_001 HMOA 5/15: PF=500, cost=[6458,8832], sat=[1.0,7.9], 253s
  [n80w80_004] n80w80_004 HMOA 3/15: PF=500, cost=[6447,12138], sat=[17.0,42.0], 422s
  [n80w80_001] n80w80_001 HMOA 2/15: PF=500, cost=[7381,9288], sat=[4.0,12.2], 507s
  [n20w80_003] n20w80_003 HMOA 5/15: PF=500, cost=[3838,7163], sat=[1.1,9.0], 250s
  [n20w80_001] n20w80_001 HMOA 5/15: PF=500, cost=[4137,8364], sat=[6.0,14.0], 252s
  [n40w80_004] n40w80_004 HMOA 4/15: PF=500, cost=[4871,8552], sat=[1.0,8.0], 283s
  [n20w80_002] n20w80_002 HMOA 5/15: PF=500, cost=[4423,7716], sat=[2.6,9.0], 297s
  [n40w80_003] n40w80_003 HMOA 7/15: PF=500, cost=[4663,4900], sat=[0.0,1.0], 255s
  [n20w80_004] n20w80_004 HMOA 4/15: PF=500, cost=[3696,8560], sat=[7.3,13.9], 342s
  [n60w80_002] n60w80_002 HMOA 3/15: PF=500, cost=[6168,7870], sat=[2.6,6.8], 487s
  [n20w80_003] n20w80_003 HMOA 6/15: PF=500, cost=[4239,7937], sat=[2.0,10.0], 211s
  [n40w80_001] n40w80_001 HMOA 6/15: PF=500, cost=[6100,8286], sat=[2.0,8.0], 277s
  [n40w80_005] n40w80_005 HMOA 4/15: PF=500, cost=[4954,6651], sat=[14.2,21.0], 461s
  [n60w80_004] n60w80_004 HMOA 2/15: PF=500, cost=[6936,18569], sat=[5.4,22.0], 917s
  [n40w80_002] n40w80_002 HMOA 4/15: PF=500, cost=[4847,8694], sat=[7.4,15.3], 375s
  [n20w80_005] n20w80_005 HMOA 5/15: PF=500, cost=[3887,6408], sat=[1.0,15.0], 340s
  [n20w80_001] n20w80_001 HMOA 6/15: PF=500, cost=[3962,6670], sat=[2.0,10.0], 201s
  [n60w80_001] n60w80_001 HMOA 3/15: PF=500, cost=[6318,9505], sat=[11.0,17.0], 545s
  [n60w80_003] n60w80_003 HMOA 3/15: PF=500, cost=[6996,12422], sat=[9.0,20.8], 535s
  [n40w80_004] n40w80_004 HMOA 5/15: PF=500, cost=[5045,5997], sat=[1.0,4.0], 278s
  [n40w80_003] n40w80_003 HMOA 8/15: PF=500, cost=[4736,6587], sat=[0.0,1.0], 245s
  [n80w80_005] n80w80_005 HMOA 3/15: PF=500, cost=[6288,10939], sat=[14.3,29.5], 588s
  [n20w80_002] n20w80_002 HMOA 6/15: PF=500, cost=[3441,7736], sat=[5.3,9.9], 329s
  [n20w80_004] n20w80_004 HMOA 5/15: PF=500, cost=[3756,5173], sat=[7.3,11.8], 234s
  [n20w80_003] n20w80_003 HMOA 7/15: PF=500, cost=[3838,5306], sat=[1.1,8.0], 227s
  [n40w80_001] n40w80_001 HMOA 7/15: PF=500, cost=[6323,7633], sat=[2.0,8.0], 238s
  [n20w80_001] n20w80_001 HMOA 7/15: PF=500, cost=[4131,7981], sat=[6.0,12.0], 263s
  [n20w80_005] n20w80_005 HMOA 6/15: PF=500, cost=[3887,6037], sat=[1.0,15.0], 297s
  [n40w80_002] n40w80_002 HMOA 5/15: PF=500, cost=[4379,9202], sat=[11.0,15.0], 326s
  [n40w80_003] n40w80_003 HMOA 9/15: PF=500, cost=[4716,5694], sat=[0.0,1.0], 214s
  [n80w80_004] n80w80_004 HMOA 4/15: PF=500, cost=[6488,8969], sat=[19.0,45.7], 674s
  [n60w80_004] n60w80_004 HMOA 3/15: PF=500, cost=[7075,7624], sat=[7.6,12.4], 384s
  [n60w80_002] n60w80_002 HMOA 4/15: PF=500, cost=[6355,7482], sat=[3.6,6.9], 443s
  [n40w80_004] n40w80_004 HMOA 6/15: PF=500, cost=[5171,7253], sat=[2.0,6.0], 299s
  [n80w80_002] n80w80_002 HMOA 2/15: PF=500, cost=[7228,18167], sat=[6.0,19.0], 777s
  [n40w80_001] n40w80_001 HMOA 8/15: PF=500, cost=[6323,7006], sat=[5.0,6.0], 241s
  [n60w80_003] n60w80_003 HMOA 4/15: PF=500, cost=[6454,12260], sat=[1.0,16.0], 337s
  [n40w80_005] n40w80_005 HMOA 5/15: PF=500, cost=[5538,7308], sat=[12.4,19.0], 468s
  [n80w80_003] n80w80_003 HMOA 2/15: PF=500, cost=[7177,12247], sat=[9.0,21.5], 1000s
  [n20w80_003] n20w80_003 HMOA 8/15: PF=500, cost=[3838,6747], sat=[1.1,9.0], 278s
  [n20w80_004] n20w80_004 HMOA 6/15: PF=500, cost=[3723,5457], sat=[7.3,10.9], 298s
  [n20w80_002] n20w80_002 HMOA 7/15: PF=500, cost=[3473,6973], sat=[4.0,8.8], 319s
  [n80w80_001] n80w80_001 HMOA 3/15: PF=500, cost=[7316,12959], sat=[4.0,14.0], 756s
  [n20w80_001] n20w80_001 HMOA 8/15: PF=500, cost=[4131,7962], sat=[6.0,12.9], 227s
  [n40w80_003] n40w80_003 HMOA 10/15: PF=500, cost=[5204,7920], sat=[0.0,1.0], 184s
  [n40w80_002] n40w80_002 HMOA 6/15: PF=500, cost=[4940,6060], sat=[6.4,15.1], 219s
  [n60w80_005] n60w80_005 HMOA 2/15: PF=500, cost=[5945,18262], sat=[5.0,28.4], 1412s
  [n60w80_001] n60w80_001 HMOA 4/15: PF=500, cost=[6162,9835], sat=[7.0,15.4], 501s
  [n20w80_005] n20w80_005 HMOA 7/15: PF=500, cost=[3908,7139], sat=[1.0,14.0], 339s
  [n80w80_005] n80w80_005 HMOA 4/15: PF=500, cost=[6583,8930], sat=[16.1,30.0], 524s
  [n40w80_001] n40w80_001 HMOA 9/15: PF=500, cost=[6688,7313], sat=[6.0,7.9], 249s
  [n40w80_004] n40w80_004 HMOA 7/15: PF=500, cost=[5031,6452], sat=[1.0,4.6], 279s
  [n20w80_003] n20w80_003 HMOA 9/15: PF=500, cost=[4239,6206], sat=[2.0,10.0], 250s
  [n40w80_003] n40w80_003 HMOA 11/15: PF=500, cost=[4687,5246], sat=[0.0,1.0], 173s
  [n20w80_004] n20w80_004 HMOA 7/15: PF=500, cost=[3702,7405], sat=[7.3,11.0], 324s
  [n20w80_001] n20w80_001 HMOA 9/15: PF=500, cost=[3955,7370], sat=[1.0,14.9], 291s
  [n40w80_005] n40w80_005 HMOA 6/15: PF=500, cost=[5366,5614], sat=[8.5,18.7], 370s
  [n40w80_002] n40w80_002 HMOA 7/15: PF=500, cost=[4155,6643], sat=[10.0,14.0], 290s
  [n20w80_002] n20w80_002 HMOA 8/15: PF=500, cost=[3388,8435], sat=[3.0,9.6], 364s
  [n60w80_002] n60w80_002 HMOA 5/15: PF=500, cost=[6111,8386], sat=[2.6,7.7], 478s
  [n40w80_003] n40w80_003 HMOA 12/15: PF=500, cost=[4796,4796], sat=[1.0,1.0], 169s
  [n60w80_004] n60w80_004 HMOA 4/15: PF=500, cost=[6994,9490], sat=[6.5,14.7], 527s
  [n40w80_001] n40w80_001 HMOA 10/15: PF=500, cost=[6342,9374], sat=[2.0,9.0], 238s
  [n20w80_005] n20w80_005 HMOA 8/15: PF=500, cost=[3909,5748], sat=[1.0,11.6], 288s
  [n80w80_004] n80w80_004 HMOA 5/15: PF=500, cost=[6757,13363], sat=[11.0,29.3], 589s
  [n20w80_003] n20w80_003 HMOA 10/15: PF=500, cost=[4239,9621], sat=[2.0,14.0], 256s
  [n60w80_003] n60w80_003 HMOA 5/15: PF=500, cost=[6645,12592], sat=[0.0,20.0], 533s
  [n40w80_004] n40w80_004 HMOA 8/15: PF=500, cost=[5124,5229], sat=[0.8,4.0], 294s
  [n80w80_003] n80w80_003 HMOA 3/15: PF=500, cost=[7323,8364], sat=[9.6,17.8], 535s
  [n20w80_001] n20w80_001 HMOA 10/15: PF=500, cost=[4131,7942], sat=[6.0,12.0], 221s
  [n60w80_001] n60w80_001 HMOA 5/15: PF=500, cost=[6059,11509], sat=[6.9,14.0], 473s
  [n80w80_002] n80w80_002 HMOA 3/15: PF=339, cost=[7953,17063], sat=[7.0,23.6], 637s
  [n40w80_003] n40w80_003 HMOA 13/15: PF=500, cost=[4750,4844], sat=[0.0,1.0], 193s
  [n80w80_001] n80w80_001 HMOA 4/15: PF=500, cost=[7159,12151], sat=[2.0,11.3], 597s
  [n20w80_002] n20w80_002 HMOA 9/15: PF=500, cost=[3469,5667], sat=[6.0,8.0], 247s
  [n20w80_004] n20w80_004 HMOA 8/15: PF=500, cost=[3702,8359], sat=[7.3,14.1], 332s
  [n20w80_003] n20w80_003 HMOA 11/15: PF=500, cost=[3838,6790], sat=[1.1,10.0], 199s
  [n20w80_005] n20w80_005 HMOA 9/15: PF=500, cost=[3917,6640], sat=[1.0,17.1], 242s
  [n40w80_002] n40w80_002 HMOA 8/15: PF=500, cost=[4843,11331], sat=[7.4,18.2], 363s
  [n40w80_005] n40w80_005 HMOA 7/15: PF=500, cost=[5474,6588], sat=[17.8,22.0], 399s
  [n40w80_001] n40w80_001 HMOA 11/15: PF=500, cost=[6665,9365], sat=[2.0,10.0], 317s
  [n40w80_003] n40w80_003 HMOA 14/15: PF=500, cost=[4694,5613], sat=[0.0,1.0], 182s
  [n20w80_001] n20w80_001 HMOA 11/15: PF=500, cost=[3897,6345], sat=[1.0,11.4], 239s
  [n80w80_005] n80w80_005 HMOA 5/15: PF=500, cost=[8540,15465], sat=[7.0,15.0], 616s
  [n40w80_004] n40w80_004 HMOA 9/15: PF=500, cost=[4972,5953], sat=[1.0,4.0], 319s
  [n60w80_002] n60w80_002 HMOA 6/15: PF=500, cost=[6301,7717], sat=[4.6,8.0], 447s
  [n20w80_002] n20w80_002 HMOA 10/15: PF=500, cost=[3474,5030], sat=[4.0,8.2], 285s
  [n20w80_004] n20w80_004 HMOA 9/15: PF=500, cost=[3735,5151], sat=[7.3,11.8], 268s
  [n20w80_003] n20w80_003 HMOA 12/15: PF=500, cost=[4184,7157], sat=[4.0,8.0], 249s
  [n80w80_001] n80w80_001 HMOA 5/15: PF=500, cost=[7164,9521], sat=[4.0,17.1], 348s
  [n20w80_005] n20w80_005 HMOA 10/15: PF=500, cost=[3885,7245], sat=[1.0,15.0], 272s
  [n60w80_001] n60w80_001 HMOA 6/15: PF=500, cost=[6172,13190], sat=[12.0,16.0], 402s
  [n40w80_003] n40w80_003 HMOA 15/15: PF=500, cost=[4725,4725], sat=[0.0,0.0], 207s
  [n20w80_001] n20w80_001 HMOA 12/15: PF=500, cost=[3935,7615], sat=[1.0,12.2], 236s
  [n40w80_001] n40w80_001 HMOA 12/15: PF=500, cost=[6470,10373], sat=[6.0,8.7], 259s
  [n60w80_004] n60w80_004 HMOA 5/15: PF=500, cost=[6815,12615], sat=[4.0,13.4], 651s
  [n40w80_004] n40w80_004 HMOA 10/15: PF=500, cost=[5154,7168], sat=[1.6,6.0], 279s
  [n60w80_003] n60w80_003 HMOA 6/15: PF=500, cost=[6553,10384], sat=[0.0,16.0], 628s
  [n40w80_002] n40w80_002 HMOA 9/15: PF=500, cost=[4808,7071], sat=[3.3,17.0], 422s
  [n40w80_005] n40w80_005 HMOA 8/15: PF=500, cost=[5464,8000], sat=[11.6,22.0], 423s
  [n20w80_002] n20w80_002 HMOA 11/15: PF=500, cost=[3544,5489], sat=[4.3,8.6], 262s
  [n20w80_003] n20w80_003 HMOA 13/15: PF=500, cost=[4202,7036], sat=[6.0,9.0], 238s
  [n20w80_004] n20w80_004 HMOA 10/15: PF=500, cost=[3798,9708], sat=[7.1,11.6], 266s
  [n60w80_005] n60w80_005 HMOA 3/15: PF=500, cost=[5920,13224], sat=[5.0,20.0], 1123s
  [n40w80_003] n40w80_003 noLS 1/15: PF=500, cost=[5071,6670], sat=[0.0,1.0], 241s
  [n80w80_002] n80w80_002 HMOA 4/15: PF=500, cost=[8012,11034], sat=[5.3,18.0], 650s
  [n60w80_002] n60w80_002 HMOA 7/15: PF=500, cost=[6378,7762], sat=[4.6,8.9], 420s
  [n20w80_001] n20w80_001 HMOA 13/15: PF=500, cost=[4150,7643], sat=[6.0,12.8], 235s
  [n80w80_004] n80w80_004 HMOA 6/15: PF=500, cost=[6910,9562], sat=[7.0,25.7], 828s
  [n40w80_004] n40w80_004 HMOA 11/15: PF=500, cost=[4663,5065], sat=[1.0,10.0], 221s
  [n40w80_001] n40w80_001 HMOA 13/15: PF=500, cost=[6328,8555], sat=[2.0,8.0], 347s
  [n20w80_003] n20w80_003 HMOA 14/15: PF=500, cost=[4041,6203], sat=[5.1,9.0], 213s
  [n20w80_005] n20w80_005 HMOA 11/15: PF=500, cost=[3908,6900], sat=[1.0,15.5], 424s
  [n40w80_003] n40w80_003 noLS 2/15: PF=500, cost=[5020,5020], sat=[0.0,0.0], 190s
  [n20w80_002] n20w80_002 HMOA 12/15: PF=500, cost=[3500,7969], sat=[5.0,8.0], 275s
  [n80w80_001] n80w80_001 HMOA 6/15: PF=500, cost=[7118,11621], sat=[2.0,11.0], 511s
  [n40w80_002] n40w80_002 HMOA 10/15: PF=500, cost=[4959,6629], sat=[8.8,13.0], 336s
  [n40w80_005] n40w80_005 HMOA 9/15: PF=500, cost=[5453,9652], sat=[9.3,18.6], 362s
  [n20w80_001] n20w80_001 HMOA 14/15: PF=500, cost=[4150,9137], sat=[6.0,15.0], 303s
  [n20w80_004] n20w80_004 HMOA 11/15: PF=500, cost=[3706,8706], sat=[7.3,15.0], 375s
  [n40w80_004] n40w80_004 HMOA 12/15: PF=500, cost=[4862,5460], sat=[3.0,5.0], 255s
  [n60w80_002] n60w80_002 HMOA 8/15: PF=500, cost=[6266,9205], sat=[1.6,6.6], 355s
  [n20w80_003] n20w80_003 HMOA 15/15: PF=500, cost=[4239,10306], sat=[2.0,11.4], 230s
  [n40w80_001] n40w80_001 HMOA 14/15: PF=500, cost=[6308,6858], sat=[1.0,7.0], 252s
  [n80w80_005] n80w80_005 HMOA 6/15: PF=500, cost=[7966,13470], sat=[4.7,30.0], 842s
  [n40w80_003] n40w80_003 noLS 3/15: PF=500, cost=[5100,8211], sat=[0.0,1.0], 246s
  [n60w80_003] n60w80_003 HMOA 7/15: PF=500, cost=[6606,8331], sat=[2.8,15.4], 551s
  [n80w80_003] n80w80_003 HMOA 4/15: PF=500, cost=[7303,11670], sat=[6.5,21.5], 1189s
  [n20w80_005] n20w80_005 HMOA 12/15: PF=500, cost=[3887,7177], sat=[1.0,14.5], 314s
  [n20w80_002] n20w80_002 HMOA 13/15: PF=500, cost=[3784,8601], sat=[4.7,8.1], 288s
  [n60w80_005] n60w80_005 HMOA 4/15: PF=500, cost=[6014,13610], sat=[3.0,15.8], 519s
  [n80w80_004] n80w80_004 HMOA 7/15: PF=500, cost=[5751,14919], sat=[8.0,24.0], 479s
  [n20w80_003] n20w80_003 noLS 1/15: PF=500, cost=[4548,7058], sat=[1.0,9.0], 168s
  [n40w80_005] n40w80_005 HMOA 10/15: PF=500, cost=[5458,7470], sat=[14.0,18.2], 276s
  [n40w80_004] n40w80_004 HMOA 13/15: PF=500, cost=[4910,5739], sat=[1.0,4.0], 226s
  [n60w80_004] n60w80_004 HMOA 6/15: PF=500, cost=[7032,10837], sat=[3.0,16.4], 759s
  [n20w80_004] n20w80_004 HMOA 12/15: PF=500, cost=[3711,8366], sat=[7.3,11.9], 280s
  [n20w80_001] n20w80_001 HMOA 15/15: PF=500, cost=[4131,7407], sat=[6.0,13.7], 309s
  [n40w80_002] n40w80_002 HMOA 11/15: PF=500, cost=[4179,7400], sat=[9.0,14.0], 437s
  [n40w80_003] n40w80_003 noLS 4/15: PF=500, cost=[5034,7591], sat=[0.0,1.0], 267s
  [n20w80_005] n20w80_005 HMOA 13/15: PF=500, cost=[3909,6379], sat=[1.0,13.0], 262s
  [n60w80_001] n60w80_001 HMOA 7/15: PF=500, cost=[6383,21735], sat=[8.0,19.1], 996s
  [n20w80_003] n20w80_003 noLS 2/15: PF=500, cost=[4408,4951], sat=[4.0,6.4], 202s
  [n40w80_001] n40w80_001 HMOA 15/15: PF=500, cost=[6297,8982], sat=[2.0,9.0], 370s
  [n80w80_001] n80w80_001 HMOA 7/15: PF=500, cost=[7377,12965], sat=[4.0,18.6], 527s
  [n20w80_002] n20w80_002 HMOA 14/15: PF=500, cost=[3394,7865], sat=[4.0,9.6], 266s
  [n20w80_001] n20w80_001 noLS 1/15: PF=500, cost=[4161,7401], sat=[1.0,14.0], 166s
  [n60w80_002] n60w80_002 HMOA 9/15: PF=500, cost=[6213,7522], sat=[3.6,6.8], 461s
  [n60w80_003] n60w80_003 HMOA 8/15: PF=500, cost=[6574,9392], sat=[2.0,14.6], 434s
  [n40w80_003] n40w80_003 noLS 5/15: PF=500, cost=[5040,7831], sat=[0.0,1.0], 192s
  [n40w80_004] n40w80_004 HMOA 14/15: PF=500, cost=[5079,6121], sat=[0.0,4.0], 333s
  [n20w80_004] n20w80_004 HMOA 13/15: PF=500, cost=[3798,8548], sat=[7.1,12.9], 344s
  [n80w80_003] n80w80_003 HMOA 5/15: PF=500, cost=[7872,10228], sat=[8.0,19.4], 486s
  [n20w80_003] n20w80_003 noLS 3/15: PF=500, cost=[4408,7600], sat=[4.0,8.0], 221s
  [n40w80_005] n40w80_005 HMOA 11/15: PF=500, cost=[4940,9183], sat=[17.0,20.4], 417s
  [n20w80_001] n20w80_001 noLS 2/15: PF=500, cost=[4393,7798], sat=[5.9,12.4], 221s
  [n40w80_003] n40w80_003 noLS 6/15: PF=500, cost=[5098,5742], sat=[0.0,1.0], 185s
  [n40w80_001] n40w80_001 noLS 1/15: PF=500, cost=[7305,9317], sat=[1.0,7.0], 316s
  [n40w80_002] n40w80_002 HMOA 12/15: PF=500, cost=[4907,6516], sat=[4.2,13.0], 388s
  [n20w80_005] n20w80_005 HMOA 14/15: PF=500, cost=[3887,6139], sat=[1.0,13.6], 350s
  [n20w80_002] n20w80_002 HMOA 15/15: PF=500, cost=[3598,9046], sat=[4.1,9.4], 389s
  [n40w80_004] n40w80_004 HMOA 15/15: PF=500, cost=[5143,5309], sat=[1.6,4.0], 250s
  [n20w80_003] n20w80_003 noLS 4/15: PF=500, cost=[4239,6999], sat=[2.0,9.0], 191s
  [n80w80_004] n80w80_004 HMOA 8/15: PF=500, cost=[5733,10745], sat=[6.0,26.9], 628s
  [n20w80_001] n20w80_001 noLS 3/15: PF=500, cost=[4359,7749], sat=[2.0,14.0], 182s
  [n20w80_004] n20w80_004 HMOA 14/15: PF=500, cost=[3756,6699], sat=[7.3,12.7], 302s
  [n60w80_001] n60w80_001 HMOA 8/15: PF=500, cost=[6148,10683], sat=[6.0,14.9], 510s
  [n60w80_002] n60w80_002 HMOA 10/15: PF=500, cost=[6177,7023], sat=[1.6,6.8], 439s
  [n40w80_003] n40w80_003 noLS 7/15: PF=500, cost=[5081,5081], sat=[0.0,0.0], 218s
  [n60w80_003] n60w80_003 HMOA 9/15: PF=500, cost=[6514,10449], sat=[1.0,13.6], 434s
  [n80w80_005] n80w80_005 HMOA 7/15: PF=500, cost=[6255,12264], sat=[9.0,19.0], 884s
  [n40w80_005] n40w80_005 HMOA 12/15: PF=500, cost=[5399,8088], sat=[7.4,18.1], 355s
  [n40w80_001] n40w80_001 noLS 2/15: PF=500, cost=[7228,9627], sat=[5.0,6.9], 284s
  [n40w80_002] n40w80_002 HMOA 13/15: PF=500, cost=[4354,6827], sat=[10.0,13.0], 286s
  [n20w80_001] n20w80_001 noLS 4/15: PF=500, cost=[4161,6829], sat=[1.0,10.4], 191s
  [n20w80_003] n20w80_003 noLS 5/15: PF=500, cost=[4408,7324], sat=[4.0,7.0], 227s
  [n60w80_005] n60w80_005 HMOA 5/15: PF=500, cost=[5991,15337], sat=[5.2,21.0], 905s
  [n60w80_004] n60w80_004 HMOA 7/15: PF=500, cost=[7106,12592], sat=[1.0,13.8], 813s
  [n20w80_005] n20w80_005 HMOA 15/15: PF=500, cost=[3917,6336], sat=[1.0,14.0], 352s
  [n20w80_002] n20w80_002 noLS 1/15: PF=500, cost=[4326,10704], sat=[3.0,9.6], 297s
  [n40w80_004] n40w80_004 noLS 1/15: PF=500, cost=[5045,5868], sat=[1.0,4.0], 301s
  [n40w80_003] n40w80_003 noLS 8/15: PF=500, cost=[5049,5049], sat=[0.0,0.0], 208s
  [n80w80_001] n80w80_001 HMOA 8/15: PF=500, cost=[7665,13885], sat=[1.0,12.0], 752s
  [n20w80_001] n20w80_001 noLS 5/15: PF=500, cost=[4161,7976], sat=[1.0,14.0], 201s
  [n20w80_003] n20w80_003 noLS 6/15: PF=500, cost=[4402,5644], sat=[4.0,7.0], 206s
  [n20w80_004] n20w80_004 HMOA 15/15: PF=500, cost=[3709,7869], sat=[7.9,16.0], 347s
  [n40w80_005] n40w80_005 HMOA 13/15: PF=500, cost=[5187,7522], sat=[14.0,21.0], 272s
  [n40w80_001] n40w80_001 noLS 3/15: PF=500, cost=[7022,8245], sat=[1.0,7.0], 277s
  [n40w80_002] n40w80_002 HMOA 14/15: PF=500, cost=[5165,7900], sat=[5.4,13.0], 315s
  [n20w80_005] n20w80_005 noLS 1/15: PF=500, cost=[3908,6357], sat=[1.0,13.0], 245s
  [n20w80_002] n20w80_002 noLS 2/15: PF=500, cost=[4328,10457], sat=[3.0,8.8], 242s
  [n80w80_002] n80w80_002 HMOA 5/15: PF=500, cost=[7598,18420], sat=[3.0,24.0], 1687s
  [n60w80_001] n60w80_001 HMOA 9/15: PF=500, cost=[6279,11384], sat=[12.0,15.0], 458s
  [n40w80_003] n40w80_003 noLS 9/15: PF=500, cost=[5056,6004], sat=[0.0,1.0], 227s
  [n60w80_002] n60w80_002 HMOA 11/15: PF=500, cost=[6324,7024], sat=[2.6,7.7], 458s
  [n20w80_003] n20w80_003 noLS 7/15: PF=500, cost=[4194,7082], sat=[2.0,12.0], 159s
  [n80w80_004] n80w80_004 HMOA 9/15: PF=500, cost=[5539,10886], sat=[15.6,25.0], 595s
  [n40w80_004] n40w80_004 noLS 2/15: PF=500, cost=[5018,7899], sat=[1.6,5.0], 313s
  [n60w80_003] n60w80_003 HMOA 10/15: PF=500, cost=[6638,9366], sat=[0.0,18.0], 514s
  [n20w80_001] n20w80_001 noLS 6/15: PF=500, cost=[4161,6886], sat=[1.0,10.0], 233s
  [n40w80_001] n40w80_001 noLS 4/15: PF=500, cost=[7031,10841], sat=[4.0,8.0], 228s
  [n20w80_004] n20w80_004 noLS 1/15: PF=500, cost=[4014,6015], sat=[7.1,11.0], 261s
  [n20w80_002] n20w80_002 noLS 3/15: PF=500, cost=[4424,7254], sat=[2.0,7.5], 186s
  [n40w80_002] n40w80_002 HMOA 15/15: PF=500, cost=[4122,6717], sat=[11.0,14.0], 225s
  [n20w80_005] n20w80_005 noLS 2/15: PF=500, cost=[3915,6239], sat=[1.0,14.6], 250s
  [n40w80_003] n40w80_003 noLS 10/15: PF=500, cost=[5063,6414], sat=[0.0,1.0], 213s
  [n20w80_003] n20w80_003 noLS 8/15: PF=500, cost=[4239,7636], sat=[2.0,10.0], 201s
  [n80w80_005] n80w80_005 HMOA 8/15: PF=500, cost=[7604,10277], sat=[5.8,30.7], 706s
  [n60w80_004] n60w80_004 HMOA 8/15: PF=500, cost=[7034,12891], sat=[1.6,17.3], 618s
  [n40w80_005] n40w80_005 HMOA 14/15: PF=500, cost=[5423,6136], sat=[9.5,22.0], 443s
  [n20w80_002] n20w80_002 noLS 4/15: PF=500, cost=[4289,7256], sat=[3.0,8.0], 178s
  [n20w80_001] n20w80_001 noLS 7/15: PF=500, cost=[4194,9246], sat=[1.0,15.0], 257s
  [n40w80_004] n40w80_004 noLS 3/15: PF=500, cost=[5116,5906], sat=[1.0,4.0], 327s
  [n60w80_005] n60w80_005 HMOA 6/15: PF=500, cost=[6328,9654], sat=[3.1,22.2], 702s
  [n20w80_005] n20w80_005 noLS 3/15: PF=500, cost=[3887,7109], sat=[1.0,14.0], 186s
  [n40w80_002] n40w80_002 noLS 1/15: PF=500, cost=[5444,7669], sat=[2.0,13.0], 226s
  [n40w80_003] n40w80_003 noLS 11/15: PF=500, cost=[5206,7711], sat=[0.0,1.0], 217s
  [n20w80_003] n20w80_003 noLS 9/15: PF=500, cost=[4247,7037], sat=[6.0,9.0], 197s
  [n20w80_004] n20w80_004 noLS 2/15: PF=500, cost=[4047,9541], sat=[7.1,13.9], 295s
  [n60w80_001] n60w80_001 HMOA 10/15: PF=500, cost=[6087,7920], sat=[11.0,13.0], 447s
  [n40w80_001] n40w80_001 noLS 5/15: PF=500, cost=[7394,8946], sat=[2.0,7.0], 308s
  [n60w80_002] n60w80_002 HMOA 12/15: PF=500, cost=[6247,11025], sat=[3.6,8.0], 452s
  [n20w80_002] n20w80_002 noLS 5/15: PF=500, cost=[4326,8235], sat=[3.0,9.6], 212s
  [n20w80_001] n20w80_001 noLS 8/15: PF=500, cost=[4361,6623], sat=[2.0,12.7], 207s
  [n80w80_001] n80w80_001 HMOA 9/15: PF=500, cost=[7386,14113], sat=[4.0,17.8], 778s
  [n40w80_005] n40w80_005 HMOA 15/15: PF=500, cost=[4935,6428], sat=[15.6,22.0], 266s
  [n20w80_005] n20w80_005 noLS 4/15: PF=500, cost=[3908,6901], sat=[1.0,16.5], 238s
  [n40w80_004] n40w80_004 noLS 4/15: PF=500, cost=[5133,7379], sat=[1.0,7.0], 262s
  [n60w80_003] n60w80_003 HMOA 11/15: PF=500, cost=[6584,12150], sat=[0.0,20.9], 557s
  [n80w80_004] n80w80_004 HMOA 10/15: PF=500, cost=[5999,8163], sat=[13.0,31.2], 607s
  [n20w80_003] n20w80_003 noLS 10/15: PF=500, cost=[4239,8823], sat=[2.0,13.0], 228s
  [n40w80_002] n40w80_002 noLS 2/15: PF=500, cost=[5111,7716], sat=[5.0,14.0], 269s
  [n20w80_004] n20w80_004 noLS 3/15: PF=500, cost=[4014,6046], sat=[7.1,11.0], 241s
  [n40w80_003] n40w80_003 noLS 12/15: PF=500, cost=[5043,6680], sat=[0.0,1.0], 262s
  [n40w80_001] n40w80_001 noLS 6/15: PF=500, cost=[6594,10273], sat=[2.0,7.0], 309s
  [n20w80_002] n20w80_002 noLS 6/15: PF=500, cost=[4586,5595], sat=[3.0,7.0], 227s
  [n20w80_001] n20w80_001 noLS 9/15: PF=500, cost=[4239,8758], sat=[1.0,14.0], 220s
  [n80w80_003] n80w80_003 HMOA 6/15: PF=500, cost=[6970,13883], sat=[8.9,27.5], 1587s
  [n60w80_004] n60w80_004 HMOA 9/15: PF=500, cost=[6880,8056], sat=[1.0,18.3], 530s
  [n20w80_003] n20w80_003 noLS 11/15: PF=500, cost=[4281,7770], sat=[6.0,9.7], 186s
  [n20w80_005] n20w80_005 noLS 5/15: PF=500, cost=[3887,6325], sat=[1.0,14.9], 217s
  [n20w80_004] n20w80_004 noLS 4/15: PF=500, cost=[4014,7945], sat=[7.1,11.7], 224s
  [n40w80_003] n40w80_003 noLS 13/15: PF=500, cost=[5140,7555], sat=[0.0,1.0], 221s
  [n60w80_002] n60w80_002 HMOA 13/15: PF=500, cost=[6131,10350], sat=[2.6,7.6], 465s
  [n40w80_005] n40w80_005 noLS 1/15: PF=500, cost=[5442,8106], sat=[7.4,17.1], 342s
  [n40w80_002] n40w80_002 noLS 3/15: PF=500, cost=[5408,8895], sat=[7.1,14.0], 278s
  [n40w80_004] n40w80_004 noLS 5/15: PF=500, cost=[5042,6954], sat=[0.8,4.6], 333s
  [n20w80_001] n20w80_001 noLS 10/15: PF=500, cost=[4393,7812], sat=[5.9,13.0], 202s
  [n20w80_002] n20w80_002 noLS 7/15: PF=500, cost=[4365,7867], sat=[3.0,8.7], 252s
  [n20w80_005] n20w80_005 noLS 6/15: PF=500, cost=[3909,6239], sat=[1.0,13.6], 182s
  [n60w80_005] n60w80_005 HMOA 7/15: PF=500, cost=[6229,16054], sat=[4.0,17.0], 662s
  [n40w80_001] n40w80_001 noLS 7/15: PF=500, cost=[7027,11064], sat=[1.0,7.0], 296s
  [n20w80_003] n20w80_003 noLS 12/15: PF=500, cost=[4363,7191], sat=[1.0,8.0], 212s
  [n60w80_001] n60w80_001 HMOA 11/15: PF=500, cost=[6225,10662], sat=[3.0,14.0], 659s
  [n60w80_003] n60w80_003 HMOA 12/15: PF=500, cost=[6518,10013], sat=[0.0,19.0], 490s
  [n40w80_003] n40w80_003 noLS 14/15: PF=500, cost=[5058,9948], sat=[0.0,1.0], 260s
  [n20w80_004] n20w80_004 noLS 5/15: PF=500, cost=[4148,5558], sat=[7.1,10.9], 284s
  [n80w80_002] n80w80_002 HMOA 6/15: PF=500, cost=[7463,21539], sat=[5.0,24.4], 1211s
  [n20w80_002] n20w80_002 noLS 8/15: PF=500, cost=[4424,7653], sat=[2.0,8.4], 168s
  [n40w80_002] n40w80_002 noLS 4/15: PF=500, cost=[5473,6621], sat=[7.1,12.0], 251s
  [n40w80_005] n40w80_005 noLS 2/15: PF=500, cost=[5519,9744], sat=[9.9,18.5], 273s
  [n20w80_005] n20w80_005 noLS 7/15: PF=500, cost=[3885,6586], sat=[1.0,15.0], 174s
  [n40w80_004] n40w80_004 noLS 6/15: PF=500, cost=[5160,8721], sat=[0.0,5.0], 269s
  [n20w80_001] n20w80_001 noLS 11/15: PF=500, cost=[4393,8193], sat=[5.9,13.7], 263s
  [n80w80_005] n80w80_005 HMOA 9/15: PF=500, cost=[8111,15003], sat=[9.8,20.0], 965s
  [n20w80_003] n20w80_003 noLS 13/15: PF=500, cost=[4575,6868], sat=[1.0,7.4], 219s
  [n40w80_001] n40w80_001 noLS 8/15: PF=500, cost=[6986,7383], sat=[3.0,5.0], 263s
  [n80w80_001] n80w80_001 HMOA 10/15: PF=500, cost=[7236,11190], sat=[4.0,9.3], 755s
  [n60w80_002] n60w80_002 HMOA 14/15: PF=500, cost=[6188,7605], sat=[4.6,7.1], 398s
  [n20w80_005] n20w80_005 noLS 8/15: PF=500, cost=[3916,6491], sat=[1.0,15.0], 179s
  [n20w80_004] n20w80_004 noLS 6/15: PF=500, cost=[4014,5625], sat=[7.1,12.9], 218s
  [n40w80_003] n40w80_003 noLS 15/15: PF=500, cost=[5006,6134], sat=[0.0,1.0], 244s
  [n40w80_003] DONE n40w80_003: C(H,N)=0.8664, C(N,H)=0.1331
[01:15:00] DONE n40w80_003 (1/20): C(H,N)=0.8664, C(N,H)=0.1331, T(H)=198s, T(N)=226s, elapsed=6369s
  [n20w80_002] n20w80_002 noLS 9/15: PF=500, cost=[4368,7267], sat=[3.0,8.4], 250s
  [n20w80_001] n20w80_001 noLS 12/15: PF=500, cost=[4161,6957], sat=[1.0,11.0], 200s
  [n20w80_003] n20w80_003 noLS 14/15: PF=500, cost=[4363,6987], sat=[4.0,9.0], 172s
  [n40w80_002] n40w80_002 noLS 5/15: PF=500, cost=[5300,7856], sat=[3.0,14.0], 254s
  [n40w80_004] n40w80_004 noLS 7/15: PF=500, cost=[5194,9089], sat=[1.0,6.0], 299s
  [n40w80_005] n40w80_005 noLS 3/15: PF=500, cost=[5400,14698], sat=[6.4,22.9], 340s
  [n40w80_001] n40w80_001 noLS 9/15: PF=500, cost=[7367,11009], sat=[1.0,7.8], 246s
  [n20w80_005] n20w80_005 noLS 9/15: PF=500, cost=[3909,6822], sat=[1.0,15.0], 200s
  [n60w80_001] n60w80_001 HMOA 12/15: PF=500, cost=[6174,12757], sat=[6.7,20.3], 519s
  [n20w80_004] n20w80_004 noLS 7/15: PF=500, cost=[4014,5400], sat=[7.1,10.9], 221s
  [n20w80_003] n20w80_003 noLS 15/15: PF=500, cost=[4239,7958], sat=[2.0,11.0], 192s
  [n20w80_003] DONE n20w80_003: C(H,N)=0.7992, C(N,H)=0.0696
[01:18:44] DONE n20w80_003 (2/20): C(H,N)=0.7992, C(N,H)=0.0696, T(H)=241s, T(N)=199s, elapsed=6594s
  [n60w80_003] n60w80_003 HMOA 13/15: PF=500, cost=[6839,13266], sat=[2.0,16.9], 513s
  [n20w80_001] n20w80_001 noLS 13/15: PF=500, cost=[4393,8706], sat=[2.0,13.0], 209s
  [n20w80_002] n20w80_002 noLS 10/15: PF=500, cost=[4338,7846], sat=[3.0,8.8], 266s
  [n80w80_003] n80w80_003 HMOA 7/15: PF=500, cost=[6764,15525], sat=[8.0,20.0], 887s
  [n60w80_005] n60w80_005 HMOA 8/15: PF=500, cost=[6262,16100], sat=[3.7,22.0], 673s
  [n80w80_002] n80w80_002 HMOA 7/15: PF=500, cost=[8448,10001], sat=[17.3,24.0], 561s
  [n40w80_002] n40w80_002 noLS 6/15: PF=500, cost=[5225,5874], sat=[3.0,12.0], 295s
  [n60w80_004] n60w80_004 HMOA 10/15: PF=500, cost=[7080,11403], sat=[3.0,16.1], 921s
  [n40w80_001] n40w80_001 noLS 10/15: PF=500, cost=[7244,8138], sat=[5.0,6.0], 205s
  [n40w80_005] n40w80_005 noLS 4/15: PF=500, cost=[5528,14658], sat=[8.6,21.4], 250s
  [n20w80_005] n20w80_005 noLS 10/15: PF=500, cost=[3907,7155], sat=[0.3,14.0], 211s
  [n40w80_004] n40w80_004 noLS 8/15: PF=500, cost=[5129,6199], sat=[0.0,4.0], 264s
  [n80w80_001] n80w80_001 HMOA 11/15: PF=500, cost=[7327,8229], sat=[4.0,11.0], 498s
  [n20w80_004] n20w80_004 noLS 8/15: PF=500, cost=[4114,5558], sat=[7.1,10.9], 202s
  [n20w80_001] n20w80_001 noLS 14/15: PF=500, cost=[4161,7831], sat=[1.0,14.0], 215s
  [n20w80_002] n20w80_002 noLS 11/15: PF=500, cost=[4289,8117], sat=[3.0,8.0], 186s
  [n60w80_002] n60w80_002 HMOA 15/15: PF=500, cost=[6220,8405], sat=[0.6,7.8], 566s
  [n80w80_005] n80w80_005 HMOA 10/15: PF=500, cost=[7932,11259], sat=[9.5,22.3], 635s
  [n80w80_004] n80w80_004 HMOA 11/15: PF=500, cost=[6399,12144], sat=[22.0,39.6], 1292s
  [n20w80_005] n20w80_005 noLS 11/15: PF=500, cost=[3885,6386], sat=[1.0,13.0], 176s
  [n20w80_004] n20w80_004 noLS 9/15: PF=500, cost=[4014,5457], sat=[7.1,10.9], 182s
  [n40w80_001] n40w80_001 noLS 11/15: PF=500, cost=[6734,11244], sat=[1.0,8.0], 270s
  [n40w80_002] n40w80_002 noLS 7/15: PF=500, cost=[5484,7107], sat=[1.0,16.0], 286s
  [n40w80_004] n40w80_004 noLS 9/15: PF=500, cost=[5055,8904], sat=[1.0,5.0], 244s
  [n60w80_003] n60w80_003 HMOA 14/15: PF=500, cost=[6451,7252], sat=[0.8,16.7], 404s
  [n20w80_002] n20w80_002 noLS 12/15: PF=500, cost=[4365,7816], sat=[3.0,7.2], 180s
  [n40w80_005] n40w80_005 noLS 5/15: PF=500, cost=[5538,7069], sat=[7.5,18.2], 281s
  [n60w80_001] n60w80_001 HMOA 13/15: PF=368, cost=[6335,11134], sat=[8.7,16.0], 462s
  [n20w80_001] n20w80_001 noLS 15/15: PF=500, cost=[4242,6623], sat=[1.0,12.7], 212s
  [n20w80_001] DONE n20w80_001: C(H,N)=0.9859, C(N,H)=0.0077
[01:26:05] DONE n20w80_001 (3/20): C(H,N)=0.9859, C(N,H)=0.0077, T(H)=257s, T(N)=212s, elapsed=7034s
  [n20w80_005] n20w80_005 noLS 12/15: PF=500, cost=[3931,6320], sat=[1.0,12.6], 175s
  [n20w80_004] n20w80_004 noLS 10/15: PF=500, cost=[4014,5457], sat=[7.1,10.9], 194s
  [n60w80_002] n60w80_002 noLS 1/15: PF=500, cost=[6568,9031], sat=[3.6,8.7], 355s
  [n20w80_002] n20w80_002 noLS 13/15: PF=500, cost=[4328,7969], sat=[3.0,8.0], 185s
  [n40w80_001] n40w80_001 noLS 12/15: PF=500, cost=[6798,8808], sat=[1.0,6.0], 241s
  [n40w80_004] n40w80_004 noLS 10/15: PF=500, cost=[5036,6647], sat=[1.0,5.0], 237s
  [n80w80_005] n80w80_005 HMOA 11/15: PF=500, cost=[7934,8831], sat=[21.2,26.8], 421s
  [n40w80_002] n40w80_002 noLS 8/15: PF=500, cost=[5310,6439], sat=[7.1,13.0], 291s
  [n20w80_005] n20w80_005 noLS 13/15: PF=500, cost=[3908,6916], sat=[1.0,16.5], 198s
  [n40w80_005] n40w80_005 noLS 6/15: PF=500, cost=[5419,8514], sat=[6.5,17.1], 275s
  [n80w80_001] n80w80_001 HMOA 12/15: PF=500, cost=[7267,11092], sat=[3.0,13.2], 568s
  [n80w80_004] n80w80_004 HMOA 12/15: PF=500, cost=[5388,8416], sat=[12.0,28.9], 461s
  [n20w80_004] n20w80_004 noLS 11/15: PF=500, cost=[4014,7998], sat=[7.1,11.9], 215s
  [n60w80_003] n60w80_003 HMOA 15/15: PF=500, cost=[6578,7722], sat=[0.0,15.0], 386s
  [n20w80_002] n20w80_002 noLS 14/15: PF=500, cost=[4418,8889], sat=[3.0,9.6], 193s
  [n60w80_001] n60w80_001 HMOA 14/15: PF=500, cost=[6042,10587], sat=[3.5,13.6], 383s
  [n60w80_005] n60w80_005 HMOA 9/15: PF=500, cost=[6032,15326], sat=[5.0,23.0], 750s
  [n40w80_001] n40w80_001 noLS 13/15: PF=500, cost=[6248,9343], sat=[1.0,7.7], 228s
  [n40w80_004] n40w80_004 noLS 11/15: PF=500, cost=[5045,6392], sat=[1.0,5.0], 245s
  [n20w80_005] n20w80_005 noLS 14/15: PF=500, cost=[3885,6190], sat=[1.0,16.0], 183s
  [n60w80_002] n60w80_002 noLS 2/15: PF=500, cost=[6370,10673], sat=[3.6,7.7], 336s
  [n40w80_002] n40w80_002 noLS 9/15: PF=500, cost=[5345,7130], sat=[4.3,14.0], 262s
  [n20w80_002] n20w80_002 noLS 15/15: PF=500, cost=[4469,8149], sat=[2.0,9.4], 175s
  [n20w80_002] DONE n20w80_002: C(H,N)=0.9291, C(N,H)=0.0683
[01:35:01] DONE n20w80_002 (4/20): C(H,N)=0.9291, C(N,H)=0.0683, T(H)=291s, T(N)=213s, elapsed=7570s
  [n20w80_004] n20w80_004 noLS 12/15: PF=500, cost=[4014,5426], sat=[7.1,10.9], 209s
  [n80w80_002] n80w80_002 HMOA 8/15: PF=500, cost=[9185,16276], sat=[4.9,19.0], 881s
  [n40w80_005] n40w80_005 noLS 7/15: PF=500, cost=[5683,7220], sat=[11.2,18.2], 285s
  [n60w80_004] n60w80_004 HMOA 11/15: PF=500, cost=[7036,14960], sat=[2.0,22.0], 931s
  [n20w80_005] n20w80_005 noLS 15/15: PF=500, cost=[3885,6195], sat=[1.0,15.0], 188s
  [n20w80_005] DONE n20w80_005: C(H,N)=0.4080, C(N,H)=0.5139
[01:36:38] DONE n20w80_005 (5/20): C(H,N)=0.4080, C(N,H)=0.5139, T(H)=311s, T(N)=200s, elapsed=7668s
  [n40w80_001] n40w80_001 noLS 14/15: PF=500, cost=[6411,9397], sat=[1.0,7.0], 229s
  [n60w80_003] n60w80_003 noLS 1/15: PF=500, cost=[6986,10278], sat=[0.0,17.0], 299s
  [n40w80_004] n40w80_004 noLS 12/15: PF=500, cost=[4816,6750], sat=[1.0,9.0], 225s
  [n20w80_004] n20w80_004 noLS 13/15: PF=500, cost=[4014,5400], sat=[7.1,10.9], 184s
  [n40w80_002] n40w80_002 noLS 10/15: PF=500, cost=[5123,6633], sat=[6.1,12.0], 252s
  [n80w80_001] n80w80_001 HMOA 13/15: PF=500, cost=[7312,9943], sat=[4.0,19.0], 460s
  [n60w80_002] n60w80_002 noLS 3/15: PF=500, cost=[6505,8025], sat=[1.6,6.6], 294s
  [n40w80_005] n40w80_005 noLS 8/15: PF=500, cost=[5536,7078], sat=[7.5,17.0], 248s
  [n60w80_001] n60w80_001 HMOA 15/15: PF=500, cost=[6179,14543], sat=[10.0,18.8], 454s
  [n80w80_005] n80w80_005 HMOA 12/15: PF=500, cost=[7353,12540], sat=[7.9,19.6], 610s
  [n40w80_001] n40w80_001 noLS 15/15: PF=500, cost=[6592,11301], sat=[2.0,7.0], 223s
  [n40w80_001] DONE n40w80_001: C(H,N)=0.9344, C(N,H)=0.0000
[01:40:38] DONE n40w80_001 (6/20): C(H,N)=0.9344, C(N,H)=0.0000, T(H)=265s, T(N)=262s, elapsed=7907s
  [n40w80_004] n40w80_004 noLS 13/15: PF=500, cost=[5089,7985], sat=[1.0,8.0], 217s
  [n20w80_004] n20w80_004 noLS 14/15: PF=500, cost=[4014,5400], sat=[7.1,10.9], 176s
  [n80w80_004] n80w80_004 HMOA 13/15: PF=500, cost=[6560,11765], sat=[20.0,39.2], 585s
  [n80w80_003] n80w80_003 HMOA 8/15: PF=500, cost=[6970,16178], sat=[7.2,25.5], 1303s
  [n60w80_003] n60w80_003 noLS 2/15: PF=500, cost=[7032,11657], sat=[0.0,17.7], 285s
  [n40w80_002] n40w80_002 noLS 11/15: PF=500, cost=[5458,8347], sat=[6.7,15.0], 239s
  [n60w80_004] n60w80_004 HMOA 12/15: PF=500, cost=[7025,8559], sat=[9.0,19.8], 408s
  [n40w80_005] n40w80_005 noLS 9/15: PF=500, cost=[5475,7012], sat=[9.8,16.9], 232s
  [n60w80_005] n60w80_005 HMOA 10/15: PF=500, cost=[6378,15335], sat=[1.5,20.0], 660s
  [n20w80_004] n20w80_004 noLS 15/15: PF=500, cost=[4014,5457], sat=[7.1,10.9], 168s
  [n20w80_004] DONE n20w80_004: C(H,N)=0.9971, C(N,H)=0.0008
[01:43:53] DONE n20w80_004 (7/20): C(H,N)=0.9971, C(N,H)=0.0008, T(H)=322s, T(N)=218s, elapsed=8103s
  [n60w80_002] n60w80_002 noLS 4/15: PF=500, cost=[6396,8412], sat=[1.6,7.0], 290s
  [n40w80_004] n40w80_004 noLS 14/15: PF=500, cost=[5124,7226], sat=[1.0,6.0], 209s
  [n60w80_001] n60w80_001 noLS 1/15: PF=500, cost=[6719,10428], sat=[6.0,15.4], 278s
  [n60w80_003] n60w80_003 noLS 3/15: PF=500, cost=[7149,14731], sat=[0.0,19.0], 253s
  [n40w80_002] n40w80_002 noLS 12/15: PF=500, cost=[5323,8124], sat=[7.0,16.0], 204s
  [n40w80_005] n40w80_005 noLS 10/15: PF=500, cost=[5426,7666], sat=[6.4,18.0], 217s
  [n80w80_005] n80w80_005 HMOA 13/15: PF=500, cost=[7989,11523], sat=[23.7,27.2], 410s
  [n80w80_001] n80w80_001 HMOA 14/15: PF=500, cost=[7209,13593], sat=[5.0,17.1], 513s
  [n40w80_004] n40w80_004 noLS 15/15: PF=500, cost=[5168,9225], sat=[0.0,6.6], 189s
  [n40w80_004] DONE n40w80_004: C(H,N)=0.5995, C(N,H)=0.1355
[01:47:29] DONE n40w80_004 (8/20): C(H,N)=0.5995, C(N,H)=0.1355, T(H)=292s, T(N)=262s, elapsed=8318s
  [n80w80_002] n80w80_002 HMOA 9/15: PF=500, cost=[8602,14164], sat=[6.0,20.9], 758s
  [n60w80_002] n60w80_002 noLS 5/15: PF=500, cost=[6411,9561], sat=[4.6,6.8], 249s
  [n80w80_004] n80w80_004 HMOA 14/15: PF=500, cost=[5962,9429], sat=[15.5,24.7], 441s
  [n60w80_001] n60w80_001 noLS 2/15: PF=500, cost=[6451,8383], sat=[9.4,14.0], 250s
  [n40w80_002] n40w80_002 noLS 13/15: PF=500, cost=[5364,6731], sat=[9.1,14.6], 200s
  [n60w80_004] n60w80_004 HMOA 13/15: PF=500, cost=[6733,12203], sat=[6.9,15.9], 416s
  [n60w80_003] n60w80_003 noLS 4/15: PF=500, cost=[6910,10916], sat=[0.0,19.0], 251s
  [n40w80_005] n40w80_005 noLS 11/15: PF=500, cost=[5511,11189], sat=[7.5,18.0], 208s
  [n80w80_003] n80w80_003 HMOA 9/15: PF=500, cost=[7353,10661], sat=[7.0,21.4], 591s
  [n60w80_002] n60w80_002 noLS 6/15: PF=500, cost=[6397,9320], sat=[3.6,7.6], 236s
  [n60w80_005] n60w80_005 HMOA 11/15: PF=500, cost=[6526,13425], sat=[3.0,23.0], 533s
  [n60w80_001] n60w80_001 noLS 3/15: PF=500, cost=[6551,13932], sat=[5.0,13.5], 230s
  [n40w80_002] n40w80_002 noLS 14/15: PF=500, cost=[5094,6131], sat=[3.1,12.0], 199s
  [n80w80_005] n80w80_005 HMOA 14/15: PF=500, cost=[7231,10093], sat=[12.8,24.9], 404s
  [n80w80_001] n80w80_001 HMOA 15/15: PF=500, cost=[7264,14201], sat=[4.0,12.0], 389s
  [n40w80_005] n40w80_005 noLS 12/15: PF=500, cost=[5450,10316], sat=[6.5,20.0], 211s
  [n60w80_003] n60w80_003 noLS 5/15: PF=500, cost=[7007,9106], sat=[0.0,14.0], 222s
  [n80w80_002] n80w80_002 HMOA 10/15: PF=500, cost=[7233,11426], sat=[9.3,24.0], 475s
  [n40w80_002] n40w80_002 noLS 15/15: PF=500, cost=[5254,6817], sat=[6.3,12.0], 192s
  [n40w80_002] DONE n40w80_002: C(H,N)=0.8008, C(N,H)=0.0051
[01:55:56] DONE n40w80_002 (9/20): C(H,N)=0.8008, C(N,H)=0.0051, T(H)=342s, T(N)=247s, elapsed=8825s
  [n60w80_002] n60w80_002 noLS 7/15: PF=500, cost=[6531,7510], sat=[3.6,6.9], 242s
  [n60w80_001] n60w80_001 noLS 4/15: PF=500, cost=[6473,10825], sat=[6.8,15.0], 242s
  [n60w80_004] n60w80_004 HMOA 14/15: PF=500, cost=[6979,10812], sat=[1.0,14.0], 417s
  [n40w80_005] n40w80_005 noLS 13/15: PF=500, cost=[5568,6874], sat=[11.9,18.0], 191s
  [n60w80_003] n60w80_003 noLS 6/15: PF=500, cost=[7015,16037], sat=[0.0,20.0], 231s
  [n80w80_005] n80w80_005 HMOA 15/15: PF=500, cost=[7570,8355], sat=[7.0,25.0], 280s
  [n80w80_001] n80w80_001 noLS 1/15: PF=500, cost=[7702,14080], sat=[1.0,15.7], 282s
  [n60w80_005] n60w80_005 HMOA 12/15: PF=500, cost=[6376,14724], sat=[1.0,18.8], 394s
  [n60w80_002] n60w80_002 noLS 8/15: PF=500, cost=[6379,9601], sat=[2.6,10.0], 227s
  [n60w80_001] n60w80_001 noLS 5/15: PF=500, cost=[6911,10685], sat=[3.0,14.0], 216s
  [n40w80_005] n40w80_005 noLS 14/15: PF=500, cost=[5575,7081], sat=[8.8,18.5], 189s
  [n60w80_003] n60w80_003 noLS 7/15: PF=500, cost=[7421,11768], sat=[0.0,18.0], 220s
  [n80w80_003] n80w80_003 HMOA 10/15: PF=500, cost=[7125,14826], sat=[12.3,25.4], 647s
  [n80w80_001] n80w80_001 noLS 2/15: PF=500, cost=[7539,14348], sat=[0.0,11.0], 261s
  [n80w80_005] n80w80_005 noLS 1/15: PF=500, cost=[8418,13863], sat=[2.1,24.6], 297s
  [n40w80_005] n40w80_005 noLS 15/15: PF=500, cost=[5534,7919], sat=[5.2,17.0], 183s
  [n40w80_005] DONE n40w80_005: C(H,N)=0.6851, C(N,H)=0.0019
[02:03:13] DONE n40w80_005 (10/20): C(H,N)=0.6851, C(N,H)=0.0019, T(H)=369s, T(N)=248s, elapsed=9262s
  [n60w80_004] n60w80_004 HMOA 15/15: PF=500, cost=[6949,11393], sat=[2.0,17.0], 413s
  [n60w80_002] n60w80_002 noLS 9/15: PF=500, cost=[6527,7091], sat=[2.6,5.9], 222s
  [n60w80_001] n60w80_001 noLS 6/15: PF=500, cost=[6605,10231], sat=[4.0,14.4], 223s
  [n60w80_003] n60w80_003 noLS 8/15: PF=500, cost=[6895,12078], sat=[0.0,18.8], 216s
  [n80w80_004] n80w80_004 HMOA 15/15: PF=500, cost=[7030,13384], sat=[22.1,38.7], 1007s
  [n80w80_001] n80w80_001 noLS 3/15: PF=500, cost=[7711,13031], sat=[3.0,13.0], 246s
  [n60w80_002] n60w80_002 noLS 10/15: PF=500, cost=[6488,8192], sat=[4.6,9.0], 212s
  [n60w80_004] n60w80_004 noLS 1/15: PF=500, cost=[7180,10349], sat=[2.7,14.0], 221s
  [n80w80_002] n80w80_002 HMOA 11/15: PF=500, cost=[8108,14535], sat=[6.7,26.0], 709s
  [n60w80_001] n60w80_001 noLS 7/15: PF=500, cost=[6487,13746], sat=[4.8,16.0], 221s
  [n60w80_005] n60w80_005 HMOA 13/15: PF=500, cost=[6303,15661], sat=[1.0,19.7], 526s
  [n80w80_005] n80w80_005 noLS 2/15: PF=500, cost=[8714,14574], sat=[3.4,22.0], 277s
  [n60w80_003] n60w80_003 noLS 9/15: PF=500, cost=[6723,9503], sat=[0.0,15.0], 210s
  [n80w80_004] n80w80_004 noLS 1/15: PF=500, cost=[7454,15340], sat=[0.0,31.0], 271s
  [n60w80_002] n60w80_002 noLS 11/15: PF=500, cost=[6439,6709], sat=[2.6,5.7], 210s
  [n80w80_001] n80w80_001 noLS 4/15: PF=500, cost=[7262,11770], sat=[4.0,9.1], 239s
  [n60w80_004] n60w80_004 noLS 2/15: PF=500, cost=[7101,9664], sat=[2.0,16.1], 221s
  [n60w80_001] n60w80_001 noLS 8/15: PF=500, cost=[6556,14355], sat=[3.0,19.0], 223s
  [n60w80_003] n60w80_003 noLS 10/15: PF=500, cost=[6668,9550], sat=[0.0,15.0], 203s
  [n80w80_005] n80w80_005 noLS 3/15: PF=500, cost=[8053,14306], sat=[4.0,18.6], 265s
  [n80w80_003] n80w80_003 HMOA 11/15: PF=500, cost=[6859,12552], sat=[7.0,24.0], 617s
  [n60w80_002] n60w80_002 noLS 12/15: PF=500, cost=[6357,10085], sat=[3.6,8.7], 219s
  [n60w80_005] n60w80_005 HMOA 14/15: PF=500, cost=[6055,15912], sat=[5.0,24.8], 416s
  [n80w80_004] n80w80_004 noLS 2/15: PF=500, cost=[7350,14133], sat=[5.0,30.7], 284s
  [n60w80_001] n60w80_001 noLS 9/15: PF=500, cost=[6756,11358], sat=[6.0,12.7], 206s
  [n60w80_004] n60w80_004 noLS 3/15: PF=500, cost=[7122,9630], sat=[3.7,13.5], 220s
  [n80w80_001] n80w80_001 noLS 5/15: PF=500, cost=[7529,12494], sat=[4.0,10.8], 256s
  [n80w80_002] n80w80_002 HMOA 12/15: PF=500, cost=[7852,12446], sat=[4.0,20.8], 469s
  [n60w80_003] n60w80_003 noLS 11/15: PF=500, cost=[7035,10265], sat=[0.0,14.0], 204s
  [n80w80_005] n80w80_005 noLS 4/15: PF=500, cost=[7686,13105], sat=[6.4,19.6], 283s
  [n60w80_002] n60w80_002 noLS 13/15: PF=500, cost=[6466,9820], sat=[3.6,10.0], 214s
  [n80w80_003] n80w80_003 HMOA 12/15: PF=500, cost=[7071,9468], sat=[10.5,17.0], 347s
  [n60w80_004] n60w80_004 noLS 4/15: PF=500, cost=[6972,8985], sat=[2.0,12.7], 216s
  [n60w80_001] n60w80_001 noLS 10/15: PF=500, cost=[6447,10226], sat=[5.8,16.0], 220s
  [n80w80_004] n80w80_004 noLS 3/15: PF=500, cost=[7304,7880], sat=[6.0,24.6], 249s
  [n60w80_003] n60w80_003 noLS 12/15: PF=500, cost=[6752,12275], sat=[0.0,18.6], 222s
  [n80w80_001] n80w80_001 noLS 6/15: PF=500, cost=[8047,14585], sat=[1.0,15.0], 260s
  [n80w80_005] n80w80_005 noLS 5/15: PF=500, cost=[7934,13001], sat=[4.9,17.9], 275s
  [n60w80_002] n60w80_002 noLS 14/15: PF=500, cost=[6367,9046], sat=[3.6,8.8], 219s
  [n80w80_002] n80w80_002 HMOA 13/15: PF=500, cost=[8643,10885], sat=[11.1,19.0], 382s
  [n60w80_004] n60w80_004 noLS 5/15: PF=500, cost=[7007,9244], sat=[1.0,12.4], 202s
  [n60w80_001] n60w80_001 noLS 11/15: PF=500, cost=[6407,11623], sat=[9.0,15.2], 206s
  [n60w80_003] n60w80_003 noLS 13/15: PF=500, cost=[7189,10062], sat=[0.0,19.0], 221s
  [n80w80_004] n80w80_004 noLS 4/15: PF=500, cost=[7384,14074], sat=[6.0,32.5], 287s
  [n80w80_001] n80w80_001 noLS 7/15: PF=500, cost=[7631,12821], sat=[4.0,10.8], 245s
  [n60w80_002] n60w80_002 noLS 15/15: PF=500, cost=[6444,9743], sat=[3.6,7.7], 213s
  [n60w80_002] DONE n60w80_002: C(H,N)=0.9163, C(N,H)=0.0704
[02:25:06] DONE n60w80_002 (11/20): C(H,N)=0.9163, C(N,H)=0.0704, T(H)=456s, T(N)=249s, elapsed=10575s
  [n60w80_004] n60w80_004 noLS 6/15: PF=500, cost=[6927,9463], sat=[2.0,13.0], 212s
  [n60w80_001] n60w80_001 noLS 12/15: PF=500, cost=[6763,12279], sat=[3.0,14.8], 221s
  [n60w80_005] n60w80_005 HMOA 15/15: PF=500, cost=[6345,15716], sat=[5.0,24.0], 665s
  [n80w80_003] n80w80_003 HMOA 13/15: PF=500, cost=[6979,11328], sat=[11.9,27.9], 467s
  [n80w80_005] n80w80_005 noLS 6/15: PF=500, cost=[8656,15610], sat=[4.1,14.9], 269s
  [n60w80_003] n60w80_003 noLS 14/15: PF=500, cost=[6702,11578], sat=[0.0,15.0], 208s
  [n80w80_001] n80w80_001 noLS 8/15: PF=500, cost=[7465,15167], sat=[3.0,11.1], 240s
  [n80w80_004] n80w80_004 noLS 5/15: PF=500, cost=[7523,11206], sat=[6.0,26.6], 269s
  [n60w80_004] n60w80_004 noLS 7/15: PF=500, cost=[7086,10958], sat=[0.0,12.4], 208s
  [n60w80_001] n60w80_001 noLS 13/15: PF=500, cost=[6534,11652], sat=[3.0,17.9], 209s
  [n60w80_005] n60w80_005 noLS 1/15: PF=500, cost=[6258,12085], sat=[4.0,20.9], 204s
  [n60w80_003] n60w80_003 noLS 15/15: PF=500, cost=[6783,11816], sat=[0.0,18.0], 211s
  [n60w80_003] DONE n60w80_003: C(H,N)=0.9861, C(N,H)=0.0043
[02:29:40] DONE n60w80_003 (12/20): C(H,N)=0.9861, C(N,H)=0.0043, T(H)=493s, T(N)=230s, elapsed=10849s
  [n80w80_005] n80w80_005 noLS 7/15: PF=500, cost=[8431,13584], sat=[6.0,18.0], 253s
  [n80w80_001] n80w80_001 noLS 9/15: PF=500, cost=[7764,13529], sat=[0.0,11.0], 230s
  [n80w80_002] n80w80_002 HMOA 14/15: PF=500, cost=[8644,17318], sat=[11.4,23.6], 608s
  [n60w80_004] n60w80_004 noLS 8/15: PF=500, cost=[7085,9159], sat=[2.0,13.0], 199s
  [n80w80_004] n80w80_004 noLS 6/15: PF=500, cost=[7437,16791], sat=[16.0,36.8], 246s
  [n60w80_005] n60w80_005 noLS 2/15: PF=500, cost=[6333,13863], sat=[3.0,22.6], 201s
  [n60w80_001] n60w80_001 noLS 14/15: PF=500, cost=[6738,14751], sat=[7.3,22.0], 217s
  [n80w80_005] n80w80_005 noLS 8/15: PF=500, cost=[9041,13185], sat=[4.8,17.8], 248s
  [n80w80_001] n80w80_001 noLS 10/15: PF=500, cost=[7643,13566], sat=[2.0,12.0], 234s
  [n60w80_004] n60w80_004 noLS 9/15: PF=500, cost=[6905,11248], sat=[2.7,16.0], 205s
  [n80w80_004] n80w80_004 noLS 7/15: PF=500, cost=[7066,16696], sat=[16.0,34.6], 226s
  [n60w80_001] n60w80_001 noLS 15/15: PF=500, cost=[6589,12604], sat=[3.0,18.5], 198s
  [n60w80_001] DONE n60w80_001: C(H,N)=0.9155, C(N,H)=0.0115
[02:35:52] DONE n60w80_001 (13/20): C(H,N)=0.9155, C(N,H)=0.0115, T(H)=524s, T(N)=224s, elapsed=11221s
  [n60w80_005] n60w80_005 noLS 3/15: PF=500, cost=[6576,18390], sat=[2.6,20.0], 215s
  [n80w80_003] n80w80_003 HMOA 14/15: PF=500, cost=[7172,14533], sat=[6.1,22.0], 638s
  [n80w80_005] n80w80_005 noLS 9/15: PF=500, cost=[8251,12491], sat=[3.0,20.0], 242s
  [n60w80_004] n60w80_004 noLS 10/15: PF=500, cost=[7036,12181], sat=[3.6,14.3], 199s
  [n80w80_001] n80w80_001 noLS 11/15: PF=500, cost=[7806,14792], sat=[4.0,12.5], 221s
  [n60w80_005] n60w80_005 noLS 4/15: PF=500, cost=[6471,16787], sat=[2.0,18.5], 188s
  [n80w80_004] n80w80_004 noLS 8/15: PF=500, cost=[6849,11262], sat=[0.0,21.3], 220s
  [n80w80_002] n80w80_002 HMOA 15/15: PF=500, cost=[7039,12007], sat=[8.2,26.0], 504s
  [n60w80_004] n60w80_004 noLS 11/15: PF=500, cost=[7135,11953], sat=[2.6,12.0], 191s
  [n60w80_005] n60w80_005 noLS 5/15: PF=500, cost=[6111,13510], sat=[2.0,19.0], 191s
  [n80w80_005] n80w80_005 noLS 10/15: PF=500, cost=[8437,13962], sat=[4.5,23.2], 234s
  [n80w80_001] n80w80_001 noLS 12/15: PF=500, cost=[7938,13205], sat=[4.0,14.0], 224s
  [n80w80_004] n80w80_004 noLS 9/15: PF=500, cost=[7386,10634], sat=[6.0,22.0], 211s
  [n80w80_002] n80w80_002 noLS 1/15: PF=500, cost=[8628,12325], sat=[5.0,22.0], 221s
  [n80w80_003] n80w80_003 HMOA 15/15: PF=500, cost=[7453,10326], sat=[7.8,19.9], 456s
  [n60w80_004] n60w80_004 noLS 12/15: PF=500, cost=[7130,8976], sat=[2.0,14.7], 182s
  [n60w80_005] n60w80_005 noLS 6/15: PF=500, cost=[6245,16052], sat=[1.0,21.0], 192s
  [n80w80_005] n80w80_005 noLS 11/15: PF=500, cost=[7973,11864], sat=[3.8,17.7], 234s
  [n80w80_001] n80w80_001 noLS 13/15: PF=500, cost=[7701,14277], sat=[3.0,11.0], 227s
  [n80w80_004] n80w80_004 noLS 10/15: PF=500, cost=[7774,12540], sat=[1.0,28.8], 237s
  [n80w80_002] n80w80_002 noLS 2/15: PF=500, cost=[8245,10329], sat=[4.0,18.9], 216s
  [n80w80_003] n80w80_003 noLS 1/15: PF=500, cost=[7740,9990], sat=[7.0,15.9], 218s
  [n60w80_004] n60w80_004 noLS 13/15: PF=500, cost=[6889,10185], sat=[1.7,12.6], 194s
  [n60w80_005] n60w80_005 noLS 7/15: PF=500, cost=[6253,13428], sat=[1.0,19.5], 183s
  [n80w80_005] n80w80_005 noLS 12/15: PF=500, cost=[9151,11467], sat=[4.4,20.7], 233s
  [n80w80_001] n80w80_001 noLS 14/15: PF=500, cost=[7348,14901], sat=[3.0,14.0], 225s
  [n80w80_002] n80w80_002 noLS 3/15: PF=500, cost=[8395,12331], sat=[4.0,20.0], 224s
  [n80w80_004] n80w80_004 noLS 11/15: PF=500, cost=[7610,14709], sat=[9.0,40.1], 259s
  [n60w80_004] n60w80_004 noLS 14/15: PF=500, cost=[7072,10145], sat=[2.2,14.0], 196s
  [n80w80_003] n80w80_003 noLS 2/15: PF=500, cost=[7750,12631], sat=[3.0,23.6], 235s
  [n60w80_005] n60w80_005 noLS 8/15: PF=500, cost=[6298,15223], sat=[2.0,21.0], 195s
  [n80w80_001] n80w80_001 noLS 15/15: PF=500, cost=[7535,16727], sat=[1.0,13.0], 220s
  [n80w80_001] DONE n80w80_001: C(H,N)=0.8597, C(N,H)=0.0688
[02:53:57] DONE n80w80_001 (14/20): C(H,N)=0.8597, C(N,H)=0.0688, T(H)=580s, T(N)=241s, elapsed=12306s
  [n80w80_005] n80w80_005 noLS 13/15: PF=500, cost=[8422,11914], sat=[4.2,22.0], 239s
  [n60w80_004] n60w80_004 noLS 15/15: PF=500, cost=[7156,12752], sat=[1.0,21.6], 193s
  [n60w80_004] DONE n60w80_004: C(H,N)=0.6712, C(N,H)=0.1309
[02:54:40] DONE n60w80_004 (15/20): C(H,N)=0.6712, C(N,H)=0.1309, T(H)=619s, T(N)=204s, elapsed=12349s
  [n80w80_002] n80w80_002 noLS 4/15: PF=500, cost=[8341,12676], sat=[4.5,19.0], 225s
  [n60w80_005] n60w80_005 noLS 9/15: PF=500, cost=[6229,13225], sat=[2.4,20.9], 191s
  [n80w80_004] n80w80_004 noLS 12/15: PF=500, cost=[7214,15668], sat=[2.0,37.9], 236s
  [n80w80_003] n80w80_003 noLS 3/15: PF=500, cost=[7426,12648], sat=[5.7,23.8], 233s
  [n80w80_005] n80w80_005 noLS 14/15: PF=500, cost=[8943,13289], sat=[3.0,16.0], 204s
  [n60w80_005] n60w80_005 noLS 10/15: PF=500, cost=[6210,13030], sat=[2.0,20.8], 179s
  [n80w80_002] n80w80_002 noLS 5/15: PF=500, cost=[8486,12870], sat=[4.5,18.7], 210s
  [n80w80_004] n80w80_004 noLS 13/15: PF=500, cost=[7834,17624], sat=[0.0,39.0], 220s
  [n80w80_003] n80w80_003 noLS 4/15: PF=500, cost=[7354,12820], sat=[5.0,23.4], 199s
  [n60w80_005] n60w80_005 noLS 11/15: PF=500, cost=[6218,15003], sat=[1.0,22.0], 174s
  [n80w80_005] n80w80_005 noLS 15/15: PF=500, cost=[7917,11311], sat=[4.0,21.0], 215s
  [n80w80_005] DONE n80w80_005: C(H,N)=0.9216, C(N,H)=0.0723
[03:01:03] DONE n80w80_005 (16/20): C(H,N)=0.9216, C(N,H)=0.0723, T(H)=597s, T(N)=251s, elapsed=12733s
  [n80w80_002] n80w80_002 noLS 6/15: PF=500, cost=[8481,10116], sat=[4.3,18.8], 198s
  [n80w80_003] n80w80_003 noLS 5/15: PF=500, cost=[6978,11809], sat=[7.0,20.9], 191s
  [n80w80_004] n80w80_004 noLS 14/15: PF=500, cost=[7730,10179], sat=[4.0,24.6], 196s
  [n60w80_005] n60w80_005 noLS 12/15: PF=500, cost=[6485,15961], sat=[1.0,26.0], 157s
  [n80w80_002] n80w80_002 noLS 7/15: PF=500, cost=[8410,14525], sat=[2.7,16.8], 197s
  [n80w80_003] n80w80_003 noLS 6/15: PF=500, cost=[7602,11273], sat=[7.0,16.1], 182s
  [n80w80_004] n80w80_004 noLS 15/15: PF=500, cost=[7531,15033], sat=[7.0,41.0], 198s
  [n80w80_004] DONE n80w80_004: C(H,N)=0.9141, C(N,H)=0.0021
[03:05:28] DONE n80w80_004 (17/20): C(H,N)=0.9141, C(N,H)=0.0021, T(H)=626s, T(N)=241s, elapsed=12997s
  [n60w80_005] n60w80_005 noLS 13/15: PF=500, cost=[6324,17091], sat=[0.0,24.0], 158s
  [n80w80_003] n80w80_003 noLS 7/15: PF=500, cost=[7113,11249], sat=[6.0,15.6], 167s
  [n80w80_002] n80w80_002 noLS 8/15: PF=500, cost=[8140,15656], sat=[5.0,21.4], 181s
  [n60w80_005] n60w80_005 noLS 14/15: PF=500, cost=[6154,15172], sat=[4.0,19.4], 143s
  [n80w80_003] n80w80_003 noLS 8/15: PF=500, cost=[7528,17793], sat=[4.0,30.4], 191s
  [n60w80_005] n60w80_005 noLS 15/15: PF=500, cost=[6417,14574], sat=[0.0,21.4], 161s
  [n60w80_005] DONE n60w80_005: C(H,N)=0.7088, C(N,H)=0.2800
[03:11:11] DONE n60w80_005 (18/20): C(H,N)=0.7088, C(N,H)=0.2800, T(H)=707s, T(N)=182s, elapsed=13341s
  [n80w80_002] n80w80_002 noLS 9/15: PF=500, cost=[8881,15255], sat=[5.6,23.8], 193s
  [n80w80_003] n80w80_003 noLS 9/15: PF=500, cost=[7451,13359], sat=[7.6,18.8], 173s
  [n80w80_002] n80w80_002 noLS 10/15: PF=500, cost=[8595,14122], sat=[9.5,24.0], 180s
  [n80w80_003] n80w80_003 noLS 10/15: PF=500, cost=[7587,11481], sat=[6.7,15.3], 183s
  [n80w80_002] n80w80_002 noLS 11/15: PF=500, cost=[8414,11818], sat=[0.0,21.0], 169s
  [n80w80_003] n80w80_003 noLS 11/15: PF=500, cost=[7575,14958], sat=[11.0,23.4], 167s
  [n80w80_002] n80w80_002 noLS 12/15: PF=500, cost=[8795,13398], sat=[6.0,23.0], 182s
  [n80w80_003] n80w80_003 noLS 12/15: PF=500, cost=[7171,15538], sat=[2.0,21.0], 178s
  [n80w80_002] n80w80_002 noLS 13/15: PF=500, cost=[8149,13900], sat=[2.8,22.0], 188s
  [n80w80_003] n80w80_003 noLS 13/15: PF=500, cost=[7646,14255], sat=[8.0,25.0], 174s
  [n80w80_002] n80w80_002 noLS 14/15: PF=500, cost=[8315,12142], sat=[2.5,24.0], 189s
  [n80w80_003] n80w80_003 noLS 14/15: PF=500, cost=[7411,16007], sat=[7.0,23.0], 173s
  [n80w80_002] n80w80_002 noLS 15/15: PF=500, cost=[8391,16096], sat=[4.0,25.2], 186s
  [n80w80_002] DONE n80w80_002: C(H,N)=0.7267, C(N,H)=0.0872
[03:29:30] DONE n80w80_002 (19/20): C(H,N)=0.7267, C(N,H)=0.0872, T(H)=765s, T(N)=197s, elapsed=14439s
  [n80w80_003] n80w80_003 noLS 15/15: PF=500, cost=[7640,14984], sat=[4.7,27.2], 182s
  [n80w80_003] DONE n80w80_003: C(H,N)=0.9115, C(N,H)=0.0835
[03:31:38] DONE n80w80_003 (20/20): C(H,N)=0.9115, C(N,H)=0.0835, T(H)=781s, T(N)=190s, elapsed=14568s

==========================================================================================
  FINAL RESULTS
  Completed: 20  Failed: 0  Time: 14568s (4.0h)
==========================================================================================
Instance       C(H,N)         C(N,H)         W      HV(H)        HV(N)        T(H)     T(N)    
------------------------------------------------------------------------------------------
n20w80_001     0.9859±0.015 0.0077±0.008 HMOA   3.1±1  2.5±1  257s     212s
n20w80_002     0.9291±0.247 0.0683±0.244 HMOA   3.9±3  2.5±2  291s     213s
n20w80_003     0.7992±0.392 0.0696±0.245 HMOA   3.6±2  6.1±7  241s     199s
n20w80_004     0.9971±0.007 0.0008±0.002 HMOA   2.3±2  4.1±1  322s     218s
n20w80_005     0.4080±0.455 0.5139±0.459 noLS   1.4±0  1.3±0  311s     200s
n40w80_001     0.9344±0.244 0.0000±0.000 HMOA   2530.3±9423  5.9±9  265s     262s
n40w80_002     0.8008±0.387 0.0051±0.009 HMOA   7.6±4  7.2±4  342s     247s
n40w80_003     0.8664±0.340 0.1331±0.339 HMOA   383.2±1376  2.7±2  198s     226s
n40w80_004     0.5995±0.479 0.1355±0.335 HMOA   13.2±17  3.1±2  292s     262s
n40w80_005     0.6851±0.442 0.0019±0.004 HMOA   18.1±15  6.5±5  369s     248s
n60w80_001     0.9155±0.245 0.0115±0.017 HMOA   9.7±11  5.2±5  524s     224s
n60w80_002     0.9163±0.243 0.0704±0.244 HMOA   6.1±3  6.7±8  456s     249s
n60w80_003     0.9861±0.017 0.0043±0.007 HMOA   4.4±3  2.5±1  493s     230s
n60w80_004     0.6712±0.430 0.1309±0.303 HMOA   9.5±15  5.1±2  619s     204s
n60w80_005     0.7088±0.395 0.2800±0.405 HMOA   1.8±1  1.6±0  707s     182s
n80w80_001     0.8597±0.331 0.0688±0.241 HMOA   4.3±4  2.0±1  580s     241s
n80w80_002     0.7267±0.408 0.0872±0.242 HMOA   6.2±8  4.5±2  765s     197s
n80w80_003     0.9115±0.235 0.0835±0.242 HMOA   5.6±5  3.0±2  781s     190s
n80w80_004     0.9141±0.240 0.0021±0.004 HMOA   18.0±42  4.0±6  626s     241s
n80w80_005     0.9216±0.245 0.0723±0.241 HMOA   8.4±11  1.9±1  597s     251s
  n=20: C(H,N)=0.8238  C(N,H)=0.1321  → HMOA wins
  n=40: C(H,N)=0.7772  C(N,H)=0.0551  → HMOA wins
  n=60: C(H,N)=0.8396  C(N,H)=0.0994  → HMOA wins
  n=80: C(H,N)=0.8667  C(N,H)=0.0628  → HMOA wins

Completed: 2026-06-29 03:31:38
