SKIP n20w80_001 (already done)
SKIP n20w80_002 (already done)
SKIP n20w80_003 (already done)
SKIP n20w80_004 (already done)
SKIP n20w80_005 (already done)
SKIP n40w80_001 (already done)
SKIP n40w80_002 (already done)
SKIP n40w80_004 (already done)
SKIP n40w80_005 (already done)
======================================================================
  HMOA EXPERIMENT — pop=200, iter=2000, kmax=5, drones=3, wbl=0.2
  Workers: 15  |  Pending: 11
  Started: 2026-06-27 13:39:02
======================================================================
  [n40w80_003] n40w80_003 HMOA 1/15: PF=500, cost=[4634,6241], sat=[0.0,1.0], 178s
  [n40w80_003] n40w80_003 HMOA 2/15: PF=500, cost=[4706,5681], sat=[0.0,1.0], 232s
  [n60w80_001] n60w80_001 HMOA 1/15: PF=500, cost=[6163,13033], sat=[8.7,15.7], 410s
  [n80w80_002] n80w80_002 HMOA 1/15: PF=500, cost=[8561,10533], sat=[10.0,24.6], 457s
  [n60w80_004] n60w80_004 HMOA 1/15: PF=500, cost=[7032,9133], sat=[2.0,15.0], 468s
  [n80w80_004] n80w80_004 HMOA 1/15: PF=500, cost=[6818,7796], sat=[18.8,28.0], 488s
  [n80w80_003] n80w80_003 HMOA 1/15: PF=500, cost=[7058,10216], sat=[11.0,19.9], 506s
  [n80w80_001] n80w80_001 HMOA 1/15: PF=500, cost=[7152,10548], sat=[4.0,15.3], 510s
  [n60w80_002] n60w80_002 HMOA 1/15: PF=500, cost=[6089,8665], sat=[4.6,8.2], 513s
  [n80w80_005] n80w80_005 HMOA 1/15: PF=500, cost=[7664,11579], sat=[17.1,23.0], 590s
  [n40w80_003] n40w80_003 HMOA 3/15: PF=500, cost=[4644,4802], sat=[0.0,1.0], 228s
  [n60w80_003] n60w80_003 HMOA 1/15: PF=500, cost=[6477,14406], sat=[0.0,22.7], 669s
  [n60w80_005] n60w80_005 HMOA 1/15: PF=500, cost=[6507,12941], sat=[3.1,20.3], 755s
  [n40w80_003] n40w80_003 HMOA 4/15: PF=500, cost=[5045,6029], sat=[0.0,1.0], 251s
  [n60w80_002] n60w80_002 HMOA 2/15: PF=500, cost=[6428,7399], sat=[1.6,6.8], 532s
  [n80w80_005] n80w80_005 HMOA 2/15: PF=500, cost=[7385,10856], sat=[23.7,26.2], 471s
  [n60w80_001] n60w80_001 HMOA 2/15: PF=500, cost=[6266,11700], sat=[13.8,18.3], 677s
  [n40w80_003] n40w80_003 HMOA 5/15: PF=500, cost=[4715,4957], sat=[0.0,1.0], 217s
  [n80w80_001] n80w80_001 HMOA 2/15: PF=500, cost=[7667,12070], sat=[3.0,14.9], 603s
  [n80w80_004] n80w80_004 HMOA 2/15: PF=500, cost=[7219,9211], sat=[18.6,26.0], 630s
  [n80w80_003] n80w80_003 HMOA 2/15: PF=500, cost=[6587,10554], sat=[10.0,17.6], 614s
  [n60w80_003] n60w80_003 HMOA 2/15: PF=500, cost=[7028,9605], sat=[9.0,19.0], 490s
  [n60w80_004] n60w80_004 HMOA 2/15: PF=500, cost=[7080,9266], sat=[2.4,13.9], 746s
  [n40w80_003] n40w80_003 HMOA 6/15: PF=500, cost=[4731,5491], sat=[0.0,1.0], 238s
  [n80w80_002] n80w80_002 HMOA 2/15: PF=500, cost=[7699,12330], sat=[7.6,23.7], 911s
  [n60w80_001] n60w80_001 HMOA 3/15: PF=500, cost=[6495,6567], sat=[14.6,15.9], 384s
  [n60w80_002] n60w80_002 HMOA 3/15: PF=500, cost=[6114,7645], sat=[1.6,6.8], 431s
  [n40w80_003] n40w80_003 HMOA 7/15: PF=500, cost=[4656,6298], sat=[0.0,1.0], 240s
  [n60w80_003] n60w80_003 HMOA 3/15: PF=500, cost=[6937,10094], sat=[11.8,16.0], 462s
  [n60w80_004] n60w80_004 HMOA 3/15: PF=500, cost=[7043,9738], sat=[5.7,14.6], 496s
  [n80w80_004] n80w80_004 HMOA 3/15: PF=500, cost=[7009,10967], sat=[28.0,36.0], 635s
  [n80w80_005] n80w80_005 HMOA 3/15: PF=500, cost=[7045,12867], sat=[8.0,20.3], 716s
  [n80w80_001] n80w80_001 HMOA 3/15: PF=500, cost=[7319,14570], sat=[4.0,13.0], 702s
  [n60w80_005] n60w80_005 HMOA 2/15: PF=500, cost=[6084,12560], sat=[1.0,21.2], 1073s
  [n40w80_003] n40w80_003 HMOA 8/15: PF=500, cost=[4645,5638], sat=[0.0,1.0], 255s
  [n60w80_002] n60w80_002 HMOA 4/15: PF=500, cost=[6241,7018], sat=[3.6,7.0], 413s
  [n80w80_003] n80w80_003 HMOA 3/15: PF=500, cost=[6793,14715], sat=[8.0,24.0], 917s
  [n40w80_003] n40w80_003 HMOA 9/15: PF=500, cost=[4679,5002], sat=[0.0,1.0], 224s
  [n80w80_002] n80w80_002 HMOA 3/15: PF=500, cost=[7744,11843], sat=[3.0,25.9], 712s
  [n60w80_003] n60w80_003 HMOA 4/15: PF=500, cost=[6615,8575], sat=[1.0,18.0], 467s
  [n60w80_001] n60w80_001 HMOA 4/15: PF=500, cost=[6114,16900], sat=[5.2,19.0], 721s
  [n60w80_004] n60w80_004 HMOA 4/15: PF=500, cost=[6841,11126], sat=[8.0,12.0], 492s
  [n40w80_003] n40w80_003 HMOA 10/15: PF=500, cost=[4709,4709], sat=[0.0,0.0], 207s
  [n80w80_004] n80w80_004 HMOA 4/15: PF=500, cost=[5663,9104], sat=[17.0,30.0], 517s
  [n80w80_005] n80w80_005 HMOA 4/15: PF=500, cost=[7329,8537], sat=[5.0,24.6], 495s
  [n60w80_002] n60w80_002 HMOA 5/15: PF=500, cost=[6427,9969], sat=[3.6,7.0], 452s
  [n80w80_001] n80w80_001 HMOA 4/15: PF=500, cost=[7252,11963], sat=[2.0,15.1], 675s
  [n40w80_003] n40w80_003 HMOA 11/15: PF=500, cost=[4839,6927], sat=[0.0,1.0], 256s
  [n60w80_003] n60w80_003 HMOA 5/15: PF=500, cost=[6826,9491], sat=[2.8,15.0], 486s
  [n80w80_002] n80w80_002 HMOA 4/15: PF=500, cost=[7543,11043], sat=[14.7,25.0], 529s
  [n60w80_005] n60w80_005 HMOA 3/15: PF=500, cost=[6395,14576], sat=[4.0,21.5], 867s
  [n80w80_003] n80w80_003 HMOA 4/15: PF=500, cost=[7320,10674], sat=[12.3,23.4], 668s
  [n80w80_004] n80w80_004 HMOA 5/15: PF=500, cost=[5321,7184], sat=[15.0,26.5], 458s
  [n60w80_001] n60w80_001 HMOA 5/15: PF=500, cost=[6547,11035], sat=[8.0,14.0], 563s
  [n40w80_003] n40w80_003 HMOA 12/15: PF=500, cost=[4834,4874], sat=[0.0,1.0], 243s
  [n60w80_002] n60w80_002 HMOA 6/15: PF=500, cost=[6139,7145], sat=[3.6,7.9], 451s
  [n60w80_004] n60w80_004 HMOA 5/15: PF=500, cost=[7020,11806], sat=[6.6,16.2], 635s
  [n80w80_005] n80w80_005 HMOA 5/15: PF=500, cost=[8017,14652], sat=[11.3,18.7], 705s
  [n80w80_001] n80w80_001 HMOA 5/15: PF=500, cost=[7262,9158], sat=[4.0,13.7], 544s
  [n40w80_003] n40w80_003 HMOA 13/15: PF=500, cost=[4650,6753], sat=[0.0,1.0], 274s
  [n60w80_003] n60w80_003 HMOA 6/15: PF=500, cost=[6537,10426], sat=[0.8,15.6], 560s
  [n80w80_003] n80w80_003 HMOA 5/15: PF=500, cost=[6996,10528], sat=[12.6,19.3], 563s
  [n40w80_003] n40w80_003 HMOA 14/15: PF=500, cost=[4904,4904], sat=[1.0,1.0], 227s
  [n60w80_004] n60w80_004 HMOA 6/15: PF=500, cost=[6938,7805], sat=[9.0,17.0], 470s
  [n60w80_001] n60w80_001 HMOA 6/15: PF=500, cost=[6600,13456], sat=[9.0,20.0], 561s
  [n60w80_002] n60w80_002 HMOA 7/15: PF=500, cost=[6385,8797], sat=[2.6,8.7], 587s
  [n80w80_005] n80w80_005 HMOA 6/15: PF=500, cost=[7750,10505], sat=[19.8,25.8], 495s
  [n40w80_003] n40w80_003 HMOA 15/15: PF=500, cost=[4665,4895], sat=[0.0,1.0], 242s
  [n80w80_001] n80w80_001 HMOA 6/15: PF=500, cost=[7566,12405], sat=[3.0,15.7], 547s
  [n80w80_002] n80w80_002 HMOA 5/15: PF=500, cost=[8476,13851], sat=[6.0,20.7], 992s
  [n40w80_003] n40w80_003 noLS 1/15: PF=500, cost=[4992,6325], sat=[0.0,1.0], 243s
  [n60w80_004] n60w80_004 HMOA 7/15: PF=500, cost=[7036,7997], sat=[8.0,15.8], 513s
  [n60w80_002] n60w80_002 HMOA 8/15: PF=500, cost=[6206,7245], sat=[3.6,6.9], 491s
  [n60w80_003] n60w80_003 HMOA 7/15: PF=500, cost=[6569,12510], sat=[0.8,18.9], 751s
  [n60w80_001] n60w80_001 HMOA 7/15: PF=500, cost=[6333,9294], sat=[10.0,15.0], 585s
  [n40w80_003] n40w80_003 noLS 2/15: PF=500, cost=[5040,5040], sat=[0.0,0.0], 222s
  [n60w80_005] n60w80_005 HMOA 4/15: PF=500, cost=[6465,18519], sat=[2.0,26.2], 1290s
  [n80w80_004] n80w80_004 HMOA 6/15: PF=500, cost=[6455,15371], sat=[20.0,26.5], 1324s
  [n80w80_001] n80w80_001 HMOA 7/15: PF=500, cost=[7222,10225], sat=[3.0,14.7], 563s
  [n80w80_003] n80w80_003 HMOA 6/15: PF=500, cost=[7637,17478], sat=[6.5,21.0], 936s
  [n40w80_003] n40w80_003 noLS 3/15: PF=500, cost=[5085,6204], sat=[0.0,1.0], 250s
  [n80w80_002] n80w80_002 HMOA 6/15: PF=500, cost=[7776,15511], sat=[9.3,19.8], 652s
  [n60w80_004] n60w80_004 HMOA 8/15: PF=500, cost=[6910,10196], sat=[9.0,15.0], 446s
  [n60w80_002] n60w80_002 HMOA 9/15: PF=500, cost=[6483,6806], sat=[5.6,7.6], 425s
  [n60w80_001] n60w80_001 HMOA 8/15: PF=500, cost=[6269,9339], sat=[9.0,13.0], 449s
  [n60w80_003] n60w80_003 HMOA 8/15: PF=500, cost=[6511,8858], sat=[0.0,16.5], 542s
  [n40w80_003] n40w80_003 noLS 4/15: PF=500, cost=[5010,7336], sat=[0.0,1.0], 249s
  [n80w80_005] n80w80_005 HMOA 7/15: PF=500, cost=[7211,13555], sat=[5.0,25.9], 1161s
  [n40w80_003] n40w80_003 noLS 5/15: PF=500, cost=[5111,6760], sat=[0.0,1.0], 274s
  [n60w80_001] n60w80_001 HMOA 9/15: PF=500, cost=[6360,6811], sat=[9.0,11.9], 439s
  [n60w80_004] n60w80_004 HMOA 9/15: PF=500, cost=[6940,10323], sat=[2.0,15.0], 524s
  [n80w80_004] n80w80_004 HMOA 7/15: PF=500, cost=[5994,13206], sat=[7.1,28.1], 763s
  [n80w80_001] n80w80_001 HMOA 8/15: PF=500, cost=[7296,13695], sat=[4.0,15.8], 683s
  [n60w80_005] n60w80_005 HMOA 5/15: PF=500, cost=[5959,16032], sat=[5.0,20.4], 875s
  [n80w80_003] n80w80_003 HMOA 7/15: PF=500, cost=[7237,11128], sat=[12.1,19.0], 712s
  [n60w80_002] n60w80_002 HMOA 10/15: PF=500, cost=[6293,8062], sat=[3.6,8.0], 622s
  [n40w80_003] n40w80_003 noLS 6/15: PF=500, cost=[5051,6127], sat=[0.0,1.0], 276s
  [n60w80_003] n60w80_003 HMOA 9/15: PF=500, cost=[6479,13186], sat=[0.0,17.3], 641s
  [n80w80_002] n80w80_002 HMOA 7/15: PF=500, cost=[7400,14443], sat=[6.0,25.9], 823s
  [n60w80_001] n60w80_001 HMOA 10/15: PF=500, cost=[6442,9093], sat=[12.8,15.4], 451s
  [n80w80_005] n80w80_005 HMOA 8/15: PF=500, cost=[7002,9409], sat=[23.3,30.7], 619s
  [n40w80_003] n40w80_003 noLS 7/15: PF=500, cost=[5220,5220], sat=[0.0,0.0], 242s
  [n80w80_004] n80w80_004 HMOA 8/15: PF=500, cost=[7145,8211], sat=[11.0,26.4], 518s
  [n60w80_002] n60w80_002 HMOA 11/15: PF=500, cost=[6413,7214], sat=[3.6,6.8], 457s
  [n60w80_004] n60w80_004 HMOA 10/15: PF=500, cost=[6956,14472], sat=[2.0,14.0], 627s
  [n80w80_001] n80w80_001 HMOA 9/15: PF=500, cost=[7227,9492], sat=[5.0,15.5], 655s
  [n40w80_003] n40w80_003 noLS 8/15: PF=500, cost=[5122,6234], sat=[0.0,1.0], 275s
  [n60w80_005] n60w80_005 HMOA 6/15: PF=500, cost=[6619,12521], sat=[4.0,22.3], 788s
  [n60w80_003] n60w80_003 HMOA 10/15: PF=500, cost=[6861,12195], sat=[0.8,20.9], 638s
  [n40w80_003] n40w80_003 noLS 9/15: PF=500, cost=[5027,5027], sat=[0.0,0.0], 255s
  [n60w80_001] n60w80_001 HMOA 11/15: PF=500, cost=[6248,17602], sat=[11.9,18.2], 658s
  [n80w80_003] n80w80_003 HMOA 8/15: PF=500, cost=[7351,13131], sat=[5.0,21.0], 993s
  [n80w80_001] n80w80_001 HMOA 10/15: PF=500, cost=[7765,9012], sat=[9.0,12.0], 491s
  [n40w80_003] n40w80_003 noLS 10/15: PF=500, cost=[5139,5139], sat=[0.0,0.0], 261s
  [n60w80_002] n60w80_002 HMOA 12/15: PF=500, cost=[6159,10843], sat=[2.6,8.0], 710s
  [n60w80_004] n60w80_004 HMOA 11/15: PF=500, cost=[7111,10988], sat=[5.0,14.7], 679s
  [n80w80_002] n80w80_002 HMOA 8/15: PF=500, cost=[8009,14674], sat=[2.7,26.3], 1142s
  [n60w80_003] n60w80_003 HMOA 11/15: PF=500, cost=[6608,11733], sat=[0.8,18.0], 549s
  [n40w80_003] n40w80_003 noLS 11/15: PF=500, cost=[5108,6250], sat=[0.0,1.0], 282s
  [n80w80_005] n80w80_005 HMOA 9/15: PF=500, cost=[7092,13184], sat=[12.4,23.9], 1096s
  [n60w80_005] n60w80_005 HMOA 7/15: PF=500, cost=[6233,11857], sat=[1.0,16.0], 823s
  [n60w80_002] n60w80_002 HMOA 13/15: PF=500, cost=[6167,6944], sat=[3.6,8.0], 495s
  [n40w80_003] n40w80_003 noLS 12/15: PF=500, cost=[5006,5476], sat=[0.0,1.0], 274s
  [n80w80_001] n80w80_001 HMOA 11/15: PF=500, cost=[7175,10479], sat=[4.0,16.5], 645s
  [n60w80_003] n60w80_003 HMOA 12/15: PF=500, cost=[6406,10136], sat=[0.0,16.0], 539s
  [n60w80_004] n60w80_004 HMOA 12/15: PF=500, cost=[6949,11727], sat=[7.4,17.4], 774s
  [n40w80_003] n40w80_003 noLS 13/15: PF=500, cost=[5088,6275], sat=[0.0,1.0], 285s
  [n80w80_005] n80w80_005 HMOA 10/15: PF=500, cost=[7820,9219], sat=[14.2,30.6], 552s
  [n60w80_001] n60w80_001 HMOA 12/15: PF=500, cost=[6146,19909], sat=[4.0,20.0], 1012s
  [n80w80_003] n80w80_003 HMOA 9/15: PF=500, cost=[7585,13664], sat=[7.0,22.7], 1070s
  [n60w80_002] n60w80_002 HMOA 14/15: PF=500, cost=[6152,7909], sat=[3.6,7.7], 558s
  [n80w80_001] n80w80_001 HMOA 12/15: PF=500, cost=[7976,12370], sat=[5.0,17.0], 568s
  [n40w80_003] n40w80_003 noLS 14/15: PF=500, cost=[5107,7834], sat=[0.0,1.0], 290s
  [n80w80_002] n80w80_002 HMOA 9/15: PF=500, cost=[7721,11766], sat=[4.8,19.2], 1083s
  [n60w80_005] n60w80_005 HMOA 8/15: PF=500, cost=[6237,14554], sat=[3.8,18.9], 880s
  [n60w80_003] n60w80_003 HMOA 13/15: PF=500, cost=[6530,11583], sat=[1.0,21.5], 612s
  [n60w80_001] n60w80_001 HMOA 13/15: PF=500, cost=[6595,11076], sat=[11.8,17.2], 554s
  [n40w80_003] n40w80_003 noLS 15/15: PF=500, cost=[5029,7330], sat=[0.0,1.0], 287s
  [n40w80_003] DONE n40w80_003: C(H,N)=0.9331, C(N,H)=0.0669
[15:43:41] DONE n40w80_003 (1/11): C(H,N)=0.9331, C(N,H)=0.0669, T(H)=234s, T(N)=264s, elapsed=7479s
  [n60w80_002] n60w80_002 HMOA 15/15: PF=500, cost=[6398,6778], sat=[4.7,7.0], 455s
  [n60w80_004] n60w80_004 HMOA 13/15: PF=500, cost=[6995,12314], sat=[1.0,14.0], 751s
  [n80w80_001] n80w80_001 HMOA 13/15: PF=500, cost=[7558,14080], sat=[4.0,15.0], 616s
  [n60w80_003] n60w80_003 HMOA 14/15: PF=500, cost=[6603,16353], sat=[1.8,22.2], 563s
  [n60w80_002] n60w80_002 noLS 1/15: PF=500, cost=[6426,8502], sat=[3.6,8.6], 391s
  [n80w80_003] n80w80_003 HMOA 10/15: PF=500, cost=[7316,17593], sat=[10.9,27.8], 1009s
  [n80w80_005] n80w80_005 HMOA 11/15: PF=500, cost=[7928,13472], sat=[5.7,28.0], 1146s
  [n60w80_001] n60w80_001 HMOA 14/15: PF=500, cost=[6397,11678], sat=[11.8,17.8], 605s
  [n80w80_002] n80w80_002 HMOA 10/15: PF=500, cost=[8877,14582], sat=[7.0,18.0], 778s
  [n60w80_004] n60w80_004 HMOA 14/15: PF=500, cost=[6846,9413], sat=[1.6,20.0], 666s
  [n60w80_002] n60w80_002 noLS 2/15: PF=500, cost=[6306,8103], sat=[1.6,7.0], 409s
  [n80w80_001] n80w80_001 HMOA 14/15: PF=500, cost=[7229,13326], sat=[4.0,12.0], 657s
  [n80w80_004] n80w80_004 HMOA 9/15: PF=500, cost=[7273,14761], sat=[19.0,35.5], 3127s
  [n60w80_003] n60w80_003 HMOA 15/15: PF=500, cost=[6610,8201], sat=[0.0,18.1], 550s
  [n60w80_005] n60w80_005 HMOA 9/15: PF=500, cost=[6398,13820], sat=[2.1,26.6], 1210s
  [n60w80_001] n60w80_001 HMOA 15/15: PF=500, cost=[6338,11295], sat=[11.5,17.0], 574s
  [n60w80_004] n60w80_004 HMOA 15/15: PF=500, cost=[6887,8336], sat=[5.5,12.6], 496s
  [n60w80_002] n60w80_002 noLS 3/15: PF=500, cost=[6452,7431], sat=[3.6,6.0], 398s
  [n60w80_003] n60w80_003 noLS 1/15: PF=500, cost=[6948,10425], sat=[0.0,17.0], 365s
  [n80w80_003] n80w80_003 HMOA 11/15: PF=500, cost=[6948,10590], sat=[7.0,32.0], 899s
  [n80w80_004] n80w80_004 HMOA 10/15: PF=500, cost=[6610,7411], sat=[20.5,27.2], 479s
  [n80w80_005] n80w80_005 HMOA 12/15: PF=500, cost=[6897,10871], sat=[2.3,25.2], 935s
  [n80w80_001] n80w80_001 HMOA 15/15: PF=500, cost=[7526,12173], sat=[4.0,9.0], 523s
  [n60w80_001] n60w80_001 noLS 1/15: PF=500, cost=[6545,10891], sat=[6.0,17.0], 379s
  [n60w80_004] n60w80_004 noLS 1/15: PF=500, cost=[7046,10587], sat=[1.0,12.0], 396s
  [n60w80_002] n60w80_002 noLS 4/15: PF=500, cost=[6499,8553], sat=[3.6,7.9], 391s
  [n60w80_003] n60w80_003 noLS 2/15: PF=500, cost=[7147,9667], sat=[0.0,17.0], 368s
  [n80w80_002] n80w80_002 HMOA 11/15: PF=500, cost=[8318,10592], sat=[6.6,27.0], 1177s
  [n60w80_001] n60w80_001 noLS 2/15: PF=500, cost=[6759,11166], sat=[4.0,13.4], 370s
  [n80w80_001] n80w80_001 noLS 1/15: PF=500, cost=[7751,12861], sat=[1.0,10.8], 431s
  [n60w80_005] n60w80_005 HMOA 10/15: PF=500, cost=[6068,13273], sat=[2.0,18.3], 859s
  [n80w80_004] n80w80_004 HMOA 11/15: PF=500, cost=[5693,6775], sat=[16.0,25.9], 574s
  [n60w80_004] n60w80_004 noLS 2/15: PF=500, cost=[6969,12146], sat=[2.0,15.2], 383s
  [n60w80_002] n60w80_002 noLS 5/15: PF=500, cost=[6567,8925], sat=[1.6,8.0], 381s
  [n60w80_003] n60w80_003 noLS 3/15: PF=500, cost=[7004,10146], sat=[0.0,16.0], 373s
  [n80w80_005] n80w80_005 HMOA 13/15: PF=500, cost=[7362,10958], sat=[8.5,17.0], 650s
  [n60w80_001] n60w80_001 noLS 3/15: PF=500, cost=[6744,11541], sat=[6.1,15.0], 367s
  [n80w80_002] n80w80_002 HMOA 12/15: PF=500, cost=[7923,10139], sat=[13.0,21.3], 564s
  [n80w80_003] n80w80_003 HMOA 12/15: PF=500, cost=[6794,15478], sat=[7.0,27.7], 943s
  [n80w80_001] n80w80_001 noLS 2/15: PF=500, cost=[7616,15464], sat=[3.0,15.9], 432s
  [n60w80_004] n60w80_004 noLS 3/15: PF=500, cost=[6985,10287], sat=[2.0,14.0], 345s
  [n60w80_002] n60w80_002 noLS 6/15: PF=500, cost=[6268,10368], sat=[3.6,8.4], 353s
  [n60w80_003] n60w80_003 noLS 4/15: PF=500, cost=[6952,13129], sat=[0.0,17.0], 333s
  [n60w80_005] n60w80_005 HMOA 11/15: PF=500, cost=[5976,14978], sat=[5.0,21.0], 607s
  [n60w80_001] n60w80_001 noLS 4/15: PF=500, cost=[6631,10646], sat=[3.0,15.0], 317s
  [n80w80_001] n80w80_001 noLS 3/15: PF=500, cost=[7991,13528], sat=[4.0,11.9], 377s
  [n60w80_004] n60w80_004 noLS 4/15: PF=500, cost=[6932,12045], sat=[1.0,15.8], 332s
  [n60w80_002] n60w80_002 noLS 7/15: PF=500, cost=[6536,8234], sat=[2.6,8.0], 342s
  [n80w80_005] n80w80_005 HMOA 14/15: PF=500, cost=[6333,9984], sat=[14.6,21.0], 630s
  [n60w80_003] n60w80_003 noLS 5/15: PF=500, cost=[6839,13713], sat=[0.0,20.7], 324s
  [n80w80_002] n80w80_002 HMOA 13/15: PF=500, cost=[7590,9236], sat=[15.0,26.0], 477s
  [n80w80_004] n80w80_004 HMOA 12/15: PF=500, cost=[6581,9598], sat=[20.0,44.1], 850s
  [n60w80_001] n60w80_001 noLS 5/15: PF=500, cost=[6502,10110], sat=[5.9,13.3], 335s
  [n80w80_003] n80w80_003 HMOA 13/15: PF=500, cost=[6801,12315], sat=[5.9,20.0], 707s
  [n60w80_004] n60w80_004 noLS 5/15: PF=500, cost=[6976,13312], sat=[1.0,14.7], 316s
  [n60w80_002] n60w80_002 noLS 8/15: PF=500, cost=[6442,7243], sat=[0.6,6.0], 313s
  [n60w80_003] n60w80_003 noLS 6/15: PF=500, cost=[7049,10065], sat=[2.0,21.0], 310s
  [n80w80_001] n80w80_001 noLS 4/15: PF=500, cost=[7897,14552], sat=[5.0,10.9], 373s
  [n80w80_005] n80w80_005 HMOA 15/15: PF=500, cost=[7787,10393], sat=[14.9,23.0], 423s
  [n60w80_001] n60w80_001 noLS 6/15: PF=500, cost=[6778,12245], sat=[5.7,15.4], 323s
  [n60w80_005] n60w80_005 HMOA 12/15: PF=500, cost=[5992,13386], sat=[5.0,24.8], 710s
  [n60w80_004] n60w80_004 noLS 6/15: PF=500, cost=[7008,10088], sat=[1.6,14.0], 354s
  [n60w80_003] n60w80_003 noLS 7/15: PF=500, cost=[6811,10695], sat=[0.0,16.0], 320s
  [n60w80_002] n60w80_002 noLS 9/15: PF=500, cost=[6555,8701], sat=[2.6,7.9], 350s
  [n80w80_001] n80w80_001 noLS 5/15: PF=500, cost=[7500,14556], sat=[4.0,11.7], 404s
  [n80w80_004] n80w80_004 HMOA 13/15: PF=500, cost=[6631,12425], sat=[24.4,42.9], 682s
  [n80w80_002] n80w80_002 HMOA 14/15: PF=500, cost=[7800,15313], sat=[9.4,21.8], 775s
  [n60w80_001] n60w80_001 noLS 7/15: PF=500, cost=[6533,10968], sat=[7.5,16.0], 392s
  [n80w80_005] n80w80_005 noLS 1/15: PF=500, cost=[8442,12839], sat=[5.1,25.6], 464s
  [n80w80_003] n80w80_003 HMOA 14/15: PF=500, cost=[7344,11649], sat=[5.7,22.6], 753s
  [n60w80_003] n60w80_003 noLS 8/15: PF=500, cost=[6837,12706], sat=[0.0,16.0], 378s
  [n60w80_004] n60w80_004 noLS 7/15: PF=500, cost=[6851,9664], sat=[1.7,14.6], 390s
  [n60w80_002] n60w80_002 noLS 10/15: PF=500, cost=[6487,7316], sat=[0.6,5.9], 387s
  [n60w80_005] n60w80_005 HMOA 13/15: PF=500, cost=[6239,9346], sat=[3.0,28.0], 674s
  [n80w80_001] n80w80_001 noLS 6/15: PF=500, cost=[7598,16450], sat=[0.0,16.0], 417s
  [n60w80_001] n60w80_001 noLS 8/15: PF=500, cost=[6675,14638], sat=[4.4,17.0], 397s
  [n80w80_005] n80w80_005 noLS 2/15: PF=500, cost=[8586,14615], sat=[2.0,20.6], 449s
  [n60w80_003] n60w80_003 noLS 9/15: PF=500, cost=[7449,11003], sat=[5.0,17.9], 354s
  [n60w80_004] n60w80_004 noLS 8/15: PF=500, cost=[6942,11333], sat=[1.0,13.0], 357s
  [n60w80_002] n60w80_002 noLS 11/15: PF=500, cost=[6509,8221], sat=[3.6,6.6], 359s
  [n80w80_001] n80w80_001 noLS 7/15: PF=500, cost=[7442,12296], sat=[2.0,12.0], 434s
  [n60w80_001] n60w80_001 noLS 9/15: PF=500, cost=[6436,11497], sat=[3.0,17.0], 378s
  [n60w80_003] n60w80_003 noLS 10/15: PF=500, cost=[7168,10284], sat=[0.0,15.0], 344s
  [n60w80_004] n60w80_004 noLS 9/15: PF=500, cost=[7249,9423], sat=[2.0,11.0], 336s
  [n80w80_004] n80w80_004 HMOA 14/15: PF=500, cost=[5383,13078], sat=[13.0,44.3], 945s
  [n60w80_002] n60w80_002 noLS 12/15: PF=500, cost=[6475,8127], sat=[4.6,6.9], 347s
  [n80w80_005] n80w80_005 noLS 3/15: PF=500, cost=[8170,12728], sat=[5.0,22.2], 443s
  [n80w80_001] n80w80_001 noLS 8/15: PF=500, cost=[7659,14728], sat=[3.0,13.3], 391s
  [n60w80_001] n60w80_001 noLS 10/15: PF=500, cost=[6557,12040], sat=[6.5,15.9], 360s
  [n60w80_003] n60w80_003 noLS 11/15: PF=500, cost=[7201,10082], sat=[0.0,15.0], 319s
  [n60w80_004] n60w80_004 noLS 10/15: PF=500, cost=[6981,8986], sat=[0.0,12.0], 334s
  [n60w80_002] n60w80_002 noLS 13/15: PF=500, cost=[6307,7521], sat=[1.6,6.9], 350s
  [n80w80_004] n80w80_004 HMOA 15/15: PF=500, cost=[6383,7256], sat=[15.5,33.1], 418s
  [n80w80_005] n80w80_005 noLS 4/15: PF=500, cost=[8487,14577], sat=[3.1,21.3], 442s
  [n80w80_003] n80w80_003 HMOA 15/15: PF=500, cost=[7159,17456], sat=[6.4,24.4], 1234s
  [n60w80_001] n60w80_001 noLS 11/15: PF=500, cost=[6937,13250], sat=[8.4,18.2], 336s
  [n60w80_003] n60w80_003 noLS 12/15: PF=500, cost=[7174,9235], sat=[0.0,14.6], 310s
  [n80w80_001] n80w80_001 noLS 9/15: PF=500, cost=[7254,12281], sat=[4.0,11.7], 387s
  [n80w80_002] n80w80_002 HMOA 15/15: PF=500, cost=[7524,19051], sat=[3.0,30.3], 1557s
  [n60w80_004] n60w80_004 noLS 11/15: PF=500, cost=[6963,9290], sat=[1.7,16.0], 348s
  [n60w80_002] n60w80_002 noLS 14/15: PF=500, cost=[6380,8194], sat=[2.6,7.7], 323s
  [n60w80_005] n60w80_005 HMOA 14/15: PF=500, cost=[5949,16387], sat=[5.0,23.3], 1354s
  [n80w80_004] n80w80_004 noLS 1/15: PF=500, cost=[7046,16761], sat=[5.0,33.6], 424s
  [n80w80_005] n80w80_005 noLS 5/15: PF=500, cost=[7711,13123], sat=[4.3,18.2], 436s
  [n60w80_003] n60w80_003 noLS 13/15: PF=500, cost=[6852,9218], sat=[0.0,14.0], 305s
  [n80w80_003] n80w80_003 noLS 1/15: PF=500, cost=[7233,11739], sat=[1.8,22.0], 416s
  [n60w80_001] n60w80_001 noLS 12/15: PF=500, cost=[6477,15981], sat=[7.5,17.7], 349s
  [n60w80_002] n60w80_002 noLS 15/15: PF=500, cost=[6585,9351], sat=[2.6,9.0], 324s
  [n60w80_002] DONE n60w80_002: C(H,N)=0.9243, C(N,H)=0.0683
[17:15:56] DONE n60w80_002 (2/11): C(H,N)=0.9243, C(N,H)=0.0683, T(H)=506s, T(N)=361s, elapsed=13014s
  [n60w80_004] n60w80_004 noLS 12/15: PF=500, cost=[6933,8940], sat=[2.6,14.8], 347s
  [n80w80_001] n80w80_001 noLS 10/15: PF=500, cost=[7937,17299], sat=[4.0,16.9], 392s
  [n80w80_002] n80w80_002 noLS 1/15: PF=500, cost=[8512,12874], sat=[8.1,23.3], 403s
  [n80w80_004] n80w80_004 noLS 2/15: PF=500, cost=[7644,9500], sat=[0.8,22.0], 393s
  [n60w80_003] n60w80_003 noLS 14/15: PF=500, cost=[6883,10591], sat=[1.0,20.5], 322s
  [n60w80_001] n60w80_001 noLS 13/15: PF=500, cost=[6382,10737], sat=[4.9,17.0], 329s
  [n80w80_003] n80w80_003 noLS 2/15: PF=500, cost=[7349,12935], sat=[2.0,21.9], 396s
  [n60w80_004] n60w80_004 noLS 13/15: PF=500, cost=[6935,9085], sat=[1.6,12.9], 323s
  [n80w80_005] n80w80_005 noLS 6/15: PF=500, cost=[8523,14044], sat=[5.4,28.0], 426s
  [n80w80_001] n80w80_001 noLS 11/15: PF=500, cost=[7358,14118], sat=[1.0,13.0], 382s
  [n80w80_002] n80w80_002 noLS 2/15: PF=500, cost=[8956,14293], sat=[3.8,18.6], 399s
  [n60w80_005] n60w80_005 HMOA 15/15: PF=500, cost=[6139,16413], sat=[1.0,19.8], 692s
  [n60w80_003] n60w80_003 noLS 15/15: PF=500, cost=[7129,8666], sat=[0.0,15.0], 306s
  [n60w80_003] DONE n60w80_003: C(H,N)=0.9899, C(N,H)=0.0053
[17:24:56] DONE n60w80_003 (3/11): C(H,N)=0.9899, C(N,H)=0.0053, T(H)=568s, T(N)=335s, elapsed=13554s
  [n60w80_001] n60w80_001 noLS 14/15: PF=500, cost=[6634,11207], sat=[6.1,14.6], 328s
  [n80w80_004] n80w80_004 noLS 3/15: PF=500, cost=[7452,19239], sat=[0.0,27.3], 412s
  [n60w80_004] n60w80_004 noLS 14/15: PF=500, cost=[7086,9224], sat=[2.0,14.0], 316s
  [n80w80_003] n80w80_003 noLS 3/15: PF=500, cost=[7427,16853], sat=[4.0,24.9], 399s
  [n80w80_005] n80w80_005 noLS 7/15: PF=500, cost=[7830,13756], sat=[1.8,16.3], 397s
  [n60w80_005] n60w80_005 noLS 1/15: PF=500, cost=[6205,13936], sat=[3.0,20.0], 311s
  [n80w80_001] n80w80_001 noLS 12/15: PF=500, cost=[7674,19825], sat=[3.0,12.5], 372s
  [n80w80_002] n80w80_002 noLS 3/15: PF=500, cost=[8102,13474], sat=[0.8,19.7], 405s
  [n60w80_001] n60w80_001 noLS 15/15: PF=500, cost=[6957,11269], sat=[5.0,15.2], 298s
  [n60w80_001] DONE n60w80_001: C(H,N)=0.8523, C(N,H)=0.0096
[17:30:44] DONE n60w80_001 (4/11): C(H,N)=0.8523, C(N,H)=0.0096, T(H)=576s, T(N)=351s, elapsed=13902s
  [n60w80_004] n60w80_004 noLS 15/15: PF=500, cost=[7129,9465], sat=[2.0,12.0], 285s
  [n60w80_004] DONE n60w80_004: C(H,N)=0.5603, C(N,H)=0.1285
[17:31:27] DONE n60w80_004 (5/11): C(H,N)=0.5603, C(N,H)=0.1285, T(H)=585s, T(N)=344s, elapsed=13945s
  [n80w80_004] n80w80_004 noLS 4/15: PF=500, cost=[7596,13034], sat=[8.0,29.0], 387s
  [n60w80_005] n60w80_005 noLS 2/15: PF=500, cost=[6347,16800], sat=[0.0,23.4], 292s
  [n80w80_003] n80w80_003 noLS 4/15: PF=500, cost=[7197,15026], sat=[4.0,23.9], 331s
  [n80w80_001] n80w80_001 noLS 13/15: PF=500, cost=[7405,13381], sat=[3.0,9.0], 312s
  [n80w80_005] n80w80_005 noLS 8/15: PF=500, cost=[8521,11345], sat=[2.9,19.4], 348s
  [n80w80_002] n80w80_002 noLS 4/15: PF=500, cost=[8512,15974], sat=[4.8,25.1], 343s
  [n80w80_004] n80w80_004 noLS 5/15: PF=500, cost=[7371,10602], sat=[16.0,24.3], 273s
  [n60w80_005] n60w80_005 noLS 3/15: PF=500, cost=[6058,16767], sat=[2.1,17.6], 261s
  [n80w80_003] n80w80_003 noLS 5/15: PF=500, cost=[7474,16443], sat=[2.0,25.8], 301s
  [n80w80_001] n80w80_001 noLS 14/15: PF=500, cost=[7874,13009], sat=[3.0,13.0], 288s
  [n80w80_005] n80w80_005 noLS 9/15: PF=500, cost=[8298,14318], sat=[2.0,18.0], 313s
  [n80w80_002] n80w80_002 noLS 5/15: PF=500, cost=[7537,13372], sat=[0.0,25.0], 300s
  [n60w80_005] n60w80_005 noLS 4/15: PF=500, cost=[6425,15363], sat=[1.0,18.0], 242s
  [n80w80_004] n80w80_004 noLS 6/15: PF=500, cost=[7649,8962], sat=[14.6,28.0], 288s
  [n80w80_001] n80w80_001 noLS 15/15: PF=500, cost=[7648,12088], sat=[3.0,12.0], 280s
  [n80w80_001] DONE n80w80_001: C(H,N)=0.7395, C(N,H)=0.1325
[17:43:19] DONE n80w80_001 (6/11): C(H,N)=0.7395, C(N,H)=0.1325, T(H)=599s, T(N)=378s, elapsed=14657s
  [n80w80_003] n80w80_003 noLS 6/15: PF=500, cost=[7596,17092], sat=[6.0,29.6], 306s
  [n80w80_005] n80w80_005 noLS 10/15: PF=500, cost=[8378,14466], sat=[2.0,22.0], 310s
  [n80w80_002] n80w80_002 noLS 6/15: PF=500, cost=[8269,11473], sat=[2.8,20.8], 300s
  [n60w80_005] n60w80_005 noLS 5/15: PF=500, cost=[6294,15687], sat=[1.0,25.2], 233s
  [n80w80_004] n80w80_004 noLS 7/15: PF=500, cost=[7118,10115], sat=[4.0,32.0], 279s
  [n80w80_003] n80w80_003 noLS 7/15: PF=500, cost=[7122,12052], sat=[3.0,19.0], 262s
  [n80w80_005] n80w80_005 noLS 11/15: PF=500, cost=[7997,15058], sat=[4.2,29.8], 304s
  [n60w80_005] n60w80_005 noLS 6/15: PF=500, cost=[6311,13522], sat=[1.0,16.5], 223s
  [n80w80_002] n80w80_002 noLS 7/15: PF=500, cost=[8457,11163], sat=[1.0,16.0], 267s
  [n80w80_004] n80w80_004 noLS 8/15: PF=500, cost=[6980,10123], sat=[4.0,24.0], 251s
  [n80w80_003] n80w80_003 noLS 8/15: PF=500, cost=[7499,13160], sat=[4.0,21.0], 274s
  [n60w80_005] n60w80_005 noLS 7/15: PF=500, cost=[6625,12700], sat=[1.0,20.0], 223s
  [n80w80_005] n80w80_005 noLS 12/15: PF=500, cost=[7447,13423], sat=[7.0,25.5], 272s
  [n80w80_002] n80w80_002 noLS 8/15: PF=500, cost=[8143,16847], sat=[1.0,18.0], 282s
  [n80w80_004] n80w80_004 noLS 9/15: PF=500, cost=[7624,12578], sat=[10.3,26.0], 283s
  [n60w80_005] n60w80_005 noLS 8/15: PF=500, cost=[6141,16468], sat=[2.0,21.0], 234s
  [n80w80_003] n80w80_003 noLS 9/15: PF=500, cost=[7364,12988], sat=[5.0,20.6], 267s
  [n80w80_005] n80w80_005 noLS 13/15: PF=500, cost=[7299,13684], sat=[4.7,24.4], 302s
  [n80w80_002] n80w80_002 noLS 9/15: PF=500, cost=[8519,12296], sat=[1.0,30.0], 297s
  [n80w80_004] n80w80_004 noLS 10/15: PF=500, cost=[7359,11840], sat=[3.6,24.0], 306s
  [n60w80_005] n60w80_005 noLS 9/15: PF=500, cost=[6196,12655], sat=[3.0,22.4], 250s
  [n80w80_003] n80w80_003 noLS 10/15: PF=500, cost=[7673,17685], sat=[7.0,26.2], 300s
  [n80w80_005] n80w80_005 noLS 14/15: PF=500, cost=[8618,14213], sat=[3.0,24.5], 306s
  [n80w80_002] n80w80_002 noLS 10/15: PF=500, cost=[8471,11754], sat=[2.6,19.9], 290s
  [n60w80_005] n60w80_005 noLS 10/15: PF=500, cost=[6510,15986], sat=[2.0,26.6], 236s
  [n80w80_004] n80w80_004 noLS 11/15: PF=500, cost=[7662,12299], sat=[17.9,26.9], 283s
  [n80w80_003] n80w80_003 noLS 11/15: PF=500, cost=[7365,18051], sat=[7.0,23.9], 267s
  [n60w80_005] n60w80_005 noLS 11/15: PF=500, cost=[6225,15054], sat=[1.0,23.0], 229s
  [n80w80_005] n80w80_005 noLS 15/15: PF=500, cost=[8057,15344], sat=[3.0,24.5], 300s
  [n80w80_005] DONE n80w80_005: C(H,N)=0.8619, C(N,H)=0.0045
[18:09:02] DONE n80w80_005 (7/11): C(H,N)=0.8619, C(N,H)=0.0045, T(H)=712s, T(N)=368s, elapsed=16200s
  [n80w80_002] n80w80_002 noLS 11/15: PF=500, cost=[8702,15342], sat=[5.3,25.1], 292s
  [n80w80_004] n80w80_004 noLS 12/15: PF=500, cost=[7424,13777], sat=[6.0,39.2], 282s
  [n80w80_003] n80w80_003 noLS 12/15: PF=500, cost=[7845,18764], sat=[6.0,24.0], 270s
  [n60w80_005] n60w80_005 noLS 12/15: PF=500, cost=[6375,14152], sat=[0.0,20.2], 215s
  [n80w80_002] n80w80_002 noLS 12/15: PF=500, cost=[8439,17874], sat=[7.8,27.0], 269s
  [n80w80_004] n80w80_004 noLS 13/15: PF=500, cost=[7440,9745], sat=[8.0,24.0], 264s
  [n80w80_003] n80w80_003 noLS 13/15: PF=500, cost=[7286,13008], sat=[6.0,28.0], 259s
  [n60w80_005] n60w80_005 noLS 13/15: PF=500, cost=[6315,14309], sat=[2.0,22.3], 213s
  [n80w80_002] n80w80_002 noLS 13/15: PF=500, cost=[8479,16159], sat=[4.0,31.8], 275s
  [n80w80_004] n80w80_004 noLS 14/15: PF=500, cost=[6849,15702], sat=[6.0,35.7], 277s
  [n80w80_003] n80w80_003 noLS 14/15: PF=500, cost=[7714,9721], sat=[7.0,15.0], 240s
  [n60w80_005] n60w80_005 noLS 14/15: PF=500, cost=[6366,13746], sat=[1.0,20.0], 217s
  [n80w80_002] n80w80_002 noLS 14/15: PF=500, cost=[8026,13129], sat=[2.0,19.0], 256s
  [n60w80_005] n60w80_005 noLS 15/15: PF=500, cost=[6579,7373], sat=[2.2,13.0], 213s
  [n60w80_005] DONE n60w80_005: C(H,N)=0.5936, C(N,H)=0.3907
[18:23:13] DONE n60w80_005 (8/11): C(H,N)=0.5936, C(N,H)=0.3907, T(H)=897s, T(N)=240s, elapsed=17051s
  [n80w80_004] n80w80_004 noLS 15/15: PF=500, cost=[7792,14259], sat=[1.0,26.8], 258s
  [n80w80_004] DONE n80w80_004: C(H,N)=0.9272, C(N,H)=0.0067
[18:23:32] DONE n80w80_004 (9/11): C(H,N)=0.9272, C(N,H)=0.0067, T(H)=827s, T(N)=311s, elapsed=17070s
  [n80w80_003] n80w80_003 noLS 15/15: PF=500, cost=[7517,15892], sat=[7.7,33.2], 277s
  [n80w80_003] DONE n80w80_003: C(H,N)=0.7208, C(N,H)=0.0147
[18:23:54] DONE n80w80_003 (10/11): C(H,N)=0.7208, C(N,H)=0.0147, T(H)=835s, T(N)=304s, elapsed=17092s
  [n80w80_002] n80w80_002 noLS 15/15: PF=500, cost=[8339,14234], sat=[7.0,22.0], 212s
  [n80w80_002] DONE n80w80_002: C(H,N)=0.7949, C(N,H)=0.0771
[18:26:03] DONE n80w80_002 (11/11): C(H,N)=0.7949, C(N,H)=0.0771, T(H)=842s, T(N)=306s, elapsed=17221s

==========================================================================================
  FINAL RESULTS
  Completed: 11  Failed: 0  Time: 17221s (4.8h)
==========================================================================================
Instance       C(H,N)         C(N,H)         W      HV(H)        HV(N)        T(H)     T(N)    
------------------------------------------------------------------------------------------
n20w80_001     0.9877±0.008 0.0053±0.006 HMOA   2.1±1  1.9±0  208s     164s
n20w80_002     0.9963±0.006 0.0027±0.005 HMOA   2.2±1  3.1±2  235s     191s
n20w80_003     0.7256±0.433 0.1376±0.338 HMOA   4.9±5  2.7±2  179s     150s
n20w80_004     0.9984±0.004 0.0000±0.000 HMOA   2.3±1  2.9±1  228s     195s
n20w80_005     0.5240±0.471 0.4635±0.465 HMOA   1.6±0  1.9±1  229s     173s
n40w80_001     0.7400±0.431 0.0669±0.248 HMOA   4838.2±12290  2.5±2  209s     225s
n40w80_002     0.9272±0.237 0.0685±0.238 HMOA   8.3±7  4.9±3  287s     247s
n40w80_003     0.9331±0.248 0.0669±0.248 HMOA   234.2±831  2.0±2  234s     264s
n40w80_004     0.7971±0.394 0.1379±0.334 HMOA   4126.2±15408  3.7±1  268s     220s
n40w80_005     0.9304±0.230 0.0027±0.007 HMOA   19.1±15  5.6±4  297s     405s
n60w80_001     0.8523±0.322 0.0096±0.013 HMOA   158.7±537  3.7±1  576s     351s
n60w80_002     0.9243±0.246 0.0683±0.245 HMOA   12.7±15  5.0±3  506s     361s
n60w80_003     0.9899±0.022 0.0053±0.012 HMOA   4.1±3  3.4±1  568s     335s
n60w80_004     0.5603±0.462 0.1285±0.322 HMOA   6.4±6  3.3±1  585s     344s
n60w80_005     0.5936±0.450 0.3907±0.443 HMOA   2.0±1  2.8±5  897s     240s
n80w80_001     0.7395±0.411 0.1325±0.327 HMOA   7.5±10  2.6±1  599s     378s
n80w80_002     0.7949±0.382 0.0771±0.248 HMOA   5.9±5  2.7±1  842s     306s
n80w80_003     0.7208±0.405 0.0147±0.031 HMOA   4.4±3  2.4±2  835s     304s
n80w80_004     0.9272±0.236 0.0067±0.018 HMOA   20.4±19  5.7±5  827s     311s
n80w80_005     0.8619±0.320 0.0045±0.009 HMOA   8.0±7  1.5±0  712s     368s
  n=20: C(H,N)=0.8464  C(N,H)=0.1218  → HMOA wins
  n=40: C(H,N)=0.8655  C(N,H)=0.0686  → HMOA wins
  n=60: C(H,N)=0.7841  C(N,H)=0.1205  → HMOA wins
  n=80: C(H,N)=0.8089  C(N,H)=0.0471  → HMOA wins

Completed: 2026-06-27 18:26:03
